<?xml version="1.0" encoding="UTF-8"?>
<testsuite xmlns:xsi="http://www.w3.org/2001/XMLSchema-instance" xsi:noNamespaceSchemaLocation="https://maven.apache.org/surefire/maven-failsafe-plugin/xsd/failsafe-test-report-3.0.xsd" version="3.0" name="starter.CucumberTestSuite" time="55.844" tests="6" errors="0" skipped="0" failures="0">
  <properties>
    <property name="sun.desktop" value="windows"/>
    <property name="awt.toolkit" value="sun.awt.windows.WToolkit"/>
    <property name="file.encoding.pkg" value="sun.io"/>
    <property name="java.specification.version" value="1.8"/>
    <property name="webdriver.chrome.driver" value="C:\Users\ASUS\.cache\selenium\chromedriver\win32\112.0.5615.49\chromedriver.exe"/>
    <property name="sun.cpu.isalist" value="amd64"/>
    <property name="sun.jnu.encoding" value="Cp1252"/>
    <property name="java.class.path" value="E:\SEMESTER VI\ALTA\web-automation-saucedemo\target\test-classes;E:\SEMESTER VI\ALTA\web-automation-saucedemo\target\web-automation-saucedemo-1.0-SNAPSHOT.jar;C:\Users\ASUS\.m2\repository\net\serenity-bdd\serenity-core\3.6.12\serenity-core-3.6.12.jar;C:\Users\ASUS\.m2\repository\net\serenity-bdd\serenity-model\3.6.12\serenity-model-3.6.12.jar;C:\Users\ASUS\.m2\repository\org\apache\commons\commons-text\1.10.0\commons-text-1.10.0.jar;C:\Users\ASUS\.m2\repository\commons-net\commons-net\3.9.0\commons-net-3.9.0.jar;C:\Users\ASUS\.m2\repository\com\google\guava\guava\31.1-jre\guava-31.1-jre.jar;C:\Users\ASUS\.m2\repository\com\google\guava\failureaccess\1.0.1\failureaccess-1.0.1.jar;C:\Users\ASUS\.m2\repository\com\google\guava\listenablefuture\9999.0-empty-to-avoid-conflict-with-guava\listenablefuture-9999.0-empty-to-avoid-conflict-with-guava.jar;C:\Users\ASUS\.m2\repository\com\google\code\findbugs\jsr305\3.0.2\jsr305-3.0.2.jar;C:\Users\ASUS\.m2\repository\org\checkerframework\checker-qual\3.12.0\checker-qual-3.12.0.jar;C:\Users\ASUS\.m2\repository\com\google\errorprone\error_prone_annotations\2.11.0\error_prone_annotations-2.11.0.jar;C:\Users\ASUS\.m2\repository\com\google\j2objc\j2objc-annotations\1.3\j2objc-annotations-1.3.jar;C:\Users\ASUS\.m2\repository\com\google\inject\guice\5.1.0\guice-5.1.0.jar;C:\Users\ASUS\.m2\repository\javax\inject\javax.inject\1\javax.inject-1.jar;C:\Users\ASUS\.m2\repository\aopalliance\aopalliance\1.0\aopalliance-1.0.jar;C:\Users\ASUS\.m2\repository\org\jsoup\jsoup\1.14.3\jsoup-1.14.3.jar;C:\Users\ASUS\.m2\repository\com\thoughtworks\xstream\xstream\1.4.20\xstream-1.4.20.jar;C:\Users\ASUS\.m2\repository\io\github\x-stream\mxparser\1.2.2\mxparser-1.2.2.jar;C:\Users\ASUS\.m2\repository\xmlpull\xmlpull\1.1.3.1\xmlpull-1.1.3.1.jar;C:\Users\ASUS\.m2\repository\com\typesafe\config\1.4.2\config-1.4.2.jar;C:\Users\ASUS\.m2\repository\org\imgscalr\imgscalr-lib\4.2\imgscalr-lib-4.2.jar;C:\Users\ASUS\.m2\repository\org\awaitility\awaitility\4.2.0\awaitility-4.2.0.jar;C:\Users\ASUS\.m2\repository\org\freemarker\freemarker\2.3.31\freemarker-2.3.31.jar;C:\Users\ASUS\.m2\repository\io\github\classgraph\classgraph\4.8.138\classgraph-4.8.138.jar;C:\Users\ASUS\.m2\repository\net\sourceforge\jexcelapi\jxl\2.6.12\jxl-2.6.12.jar;C:\Users\ASUS\.m2\repository\net\bytebuddy\byte-buddy-agent\1.12.22\byte-buddy-agent-1.12.22.jar;C:\Users\ASUS\.m2\repository\org\objenesis\objenesis\3.1\objenesis-3.1.jar;C:\Users\ASUS\.m2\repository\net\serenity-bdd\serenity-reports\3.6.12\serenity-reports-3.6.12.jar;C:\Users\ASUS\.m2\repository\net\serenity-bdd\serenity-stats\3.6.12\serenity-stats-3.6.12.jar;C:\Users\ASUS\.m2\repository\net\serenity-bdd\serenity-reports-configuration\3.6.12\serenity-reports-configuration-3.6.12.jar;C:\Users\ASUS\.m2\repository\com\vladsch\flexmark\flexmark-all\0.34.30\flexmark-all-0.34.30.jar;C:\Users\ASUS\.m2\repository\com\vladsch\flexmark\flexmark\0.34.30\flexmark-0.34.30.jar;C:\Users\ASUS\.m2\repository\com\vladsch\flexmark\flexmark-ext-abbreviation\0.34.30\flexmark-ext-abbreviation-0.34.30.jar;C:\Users\ASUS\.m2\repository\com\vladsch\flexmark\flexmark-ext-admonition\0.34.30\flexmark-ext-admonition-0.34.30.jar;C:\Users\ASUS\.m2\repository\com\vladsch\flexmark\flexmark-ext-anchorlink\0.34.30\flexmark-ext-anchorlink-0.34.30.jar;C:\Users\ASUS\.m2\repository\com\vladsch\flexmark\flexmark-ext-aside\0.34.30\flexmark-ext-aside-0.34.30.jar;C:\Users\ASUS\.m2\repository\com\vladsch\flexmark\flexmark-ext-attributes\0.34.30\flexmark-ext-attributes-0.34.30.jar;C:\Users\ASUS\.m2\repository\com\vladsch\flexmark\flexmark-ext-autolink\0.34.30\flexmark-ext-autolink-0.34.30.jar;C:\Users\ASUS\.m2\repository\org\nibor\autolink\autolink\0.6.0\autolink-0.6.0.jar;C:\Users\ASUS\.m2\repository\com\vladsch\flexmark\flexmark-ext-definition\0.34.30\flexmark-ext-definition-0.34.30.jar;C:\Users\ASUS\.m2\repository\com\vladsch\flexmark\flexmark-ext-emoji\0.34.30\flexmark-ext-emoji-0.34.30.jar;C:\Users\ASUS\.m2\repository\com\vladsch\flexmark\flexmark-ext-enumerated-reference\0.34.30\flexmark-ext-enumerated-reference-0.34.30.jar;C:\Users\ASUS\.m2\repository\com\vladsch\flexmark\flexmark-ext-escaped-character\0.34.30\flexmark-ext-escaped-character-0.34.30.jar;C:\Users\ASUS\.m2\repository\com\vladsch\flexmark\flexmark-ext-footnotes\0.34.30\flexmark-ext-footnotes-0.34.30.jar;C:\Users\ASUS\.m2\repository\com\vladsch\flexmark\flexmark-ext-gfm-issues\0.34.30\flexmark-ext-gfm-issues-0.34.30.jar;C:\Users\ASUS\.m2\repository\com\vladsch\flexmark\flexmark-ext-gfm-strikethrough\0.34.30\flexmark-ext-gfm-strikethrough-0.34.30.jar;C:\Users\ASUS\.m2\repository\com\vladsch\flexmark\flexmark-ext-gfm-tables\0.34.30\flexmark-ext-gfm-tables-0.34.30.jar;C:\Users\ASUS\.m2\repository\com\vladsch\flexmark\flexmark-ext-gfm-tasklist\0.34.30\flexmark-ext-gfm-tasklist-0.34.30.jar;C:\Users\ASUS\.m2\repository\com\vladsch\flexmark\flexmark-ext-gfm-users\0.34.30\flexmark-ext-gfm-users-0.34.30.jar;C:\Users\ASUS\.m2\repository\com\vladsch\flexmark\flexmark-ext-gitlab\0.34.30\flexmark-ext-gitlab-0.34.30.jar;C:\Users\ASUS\.m2\repository\com\vladsch\flexmark\flexmark-ext-jekyll-front-matter\0.34.30\flexmark-ext-jekyll-front-matter-0.34.30.jar;C:\Users\ASUS\.m2\repository\com\vladsch\flexmark\flexmark-ext-jekyll-tag\0.34.30\flexmark-ext-jekyll-tag-0.34.30.jar;C:\Users\ASUS\.m2\repository\com\vladsch\flexmark\flexmark-ext-media-tags\0.34.30\flexmark-ext-media-tags-0.34.30.jar;C:\Users\ASUS\.m2\repository\com\vladsch\flexmark\flexmark-test-util\0.34.30\flexmark-test-util-0.34.30.jar;C:\Users\ASUS\.m2\repository\com\vladsch\flexmark\flexmark-ext-ins\0.34.30\flexmark-ext-ins-0.34.30.jar;C:\Users\ASUS\.m2\repository\com\vladsch\flexmark\flexmark-ext-xwiki-macros\0.34.30\flexmark-ext-xwiki-macros-0.34.30.jar;C:\Users\ASUS\.m2\repository\com\vladsch\flexmark\flexmark-ext-superscript\0.34.30\flexmark-ext-superscript-0.34.30.jar;C:\Users\ASUS\.m2\repository\com\vladsch\flexmark\flexmark-ext-tables\0.34.30\flexmark-ext-tables-0.34.30.jar;C:\Users\ASUS\.m2\repository\com\vladsch\flexmark\flexmark-ext-toc\0.34.30\flexmark-ext-toc-0.34.30.jar;C:\Users\ASUS\.m2\repository\com\vladsch\flexmark\flexmark-ext-typographic\0.34.30\flexmark-ext-typographic-0.34.30.jar;C:\Users\ASUS\.m2\repository\com\vladsch\flexmark\flexmark-ext-wikilink\0.34.30\flexmark-ext-wikilink-0.34.30.jar;C:\Users\ASUS\.m2\repository\com\vladsch\flexmark\flexmark-ext-yaml-front-matter\0.34.30\flexmark-ext-yaml-front-matter-0.34.30.jar;C:\Users\ASUS\.m2\repository\com\vladsch\flexmark\flexmark-ext-youtube-embedded\0.34.30\flexmark-ext-youtube-embedded-0.34.30.jar;C:\Users\ASUS\.m2\repository\com\vladsch\flexmark\flexmark-formatter\0.34.30\flexmark-formatter-0.34.30.jar;C:\Users\ASUS\.m2\repository\com\vladsch\flexmark\flexmark-html-parser\0.34.30\flexmark-html-parser-0.34.30.jar;C:\Users\ASUS\.m2\repository\com\vladsch\flexmark\flexmark-jira-converter\0.34.30\flexmark-jira-converter-0.34.30.jar;C:\Users\ASUS\.m2\repository\com\vladsch\flexmark\flexmark-pdf-converter\0.34.30\flexmark-pdf-converter-0.34.30.jar;C:\Users\ASUS\.m2\repository\com\openhtmltopdf\openhtmltopdf-core\0.0.1-RC13\openhtmltopdf-core-0.0.1-RC13.jar;C:\Users\ASUS\.m2\repository\com\openhtmltopdf\openhtmltopdf-pdfbox\0.0.1-RC13\openhtmltopdf-pdfbox-0.0.1-RC13.jar;C:\Users\ASUS\.m2\repository\org\apache\pdfbox\pdfbox\2.0.8\pdfbox-2.0.8.jar;C:\Users\ASUS\.m2\repository\org\apache\pdfbox\fontbox\2.0.8\fontbox-2.0.8.jar;C:\Users\ASUS\.m2\repository\org\apache\pdfbox\xmpbox\2.0.8\xmpbox-2.0.8.jar;C:\Users\ASUS\.m2\repository\de\rototor\pdfbox\graphics2d\0.12\graphics2d-0.12.jar;C:\Users\ASUS\.m2\repository\com\openhtmltopdf\openhtmltopdf-rtl-support\0.0.1-RC13\openhtmltopdf-rtl-support-0.0.1-RC13.jar;C:\Users\ASUS\.m2\repository\com\ibm\icu\icu4j\59.1\icu4j-59.1.jar;C:\Users\ASUS\.m2\repository\com\openhtmltopdf\openhtmltopdf-jsoup-dom-converter\0.0.1-RC13\openhtmltopdf-jsoup-dom-converter-0.0.1-RC13.jar;C:\Users\ASUS\.m2\repository\com\vladsch\flexmark\flexmark-profile-pegdown\0.34.30\flexmark-profile-pegdown-0.34.30.jar;C:\Users\ASUS\.m2\repository\com\vladsch\flexmark\flexmark-util\0.34.30\flexmark-util-0.34.30.jar;C:\Users\ASUS\.m2\repository\com\vladsch\flexmark\flexmark-youtrack-converter\0.34.30\flexmark-youtrack-converter-0.34.30.jar;C:\Users\ASUS\.m2\repository\es\nitaur\markdown\txtmark\0.16\txtmark-0.16.jar;C:\Users\ASUS\.m2\repository\net\serenity-bdd\serenity-report-resources\3.6.12\serenity-report-resources-3.6.12.jar;C:\Users\ASUS\.m2\repository\com\google\code\gson\gson\2.9.0\gson-2.9.0.jar;C:\Users\ASUS\.m2\repository\com\fasterxml\jackson\core\jackson-core\2.14.2\jackson-core-2.14.2.jar;C:\Users\ASUS\.m2\repository\com\fasterxml\jackson\core\jackson-databind\2.14.2\jackson-databind-2.14.2.jar;C:\Users\ASUS\.m2\repository\com\fasterxml\jackson\core\jackson-annotations\2.14.2\jackson-annotations-2.14.2.jar;C:\Users\ASUS\.m2\repository\commons-codec\commons-codec\1.15\commons-codec-1.15.jar;C:\Users\ASUS\.m2\repository\commons-io\commons-io\2.11.0\commons-io-2.11.0.jar;C:\Users\ASUS\.m2\repository\org\apache\httpcomponents\httpclient\4.5.13\httpclient-4.5.13.jar;C:\Users\ASUS\.m2\repository\org\apache\httpcomponents\httpcore\4.4.13\httpcore-4.4.13.jar;C:\Users\ASUS\.m2\repository\commons-logging\commons-logging\1.2\commons-logging-1.2.jar;C:\Users\ASUS\.m2\repository\org\seleniumhq\selenium\selenium-java\4.8.0\selenium-java-4.8.0.jar;C:\Users\ASUS\.m2\repository\org\seleniumhq\selenium\selenium-devtools-v107\4.8.0\selenium-devtools-v107-4.8.0.jar;C:\Users\ASUS\.m2\repository\org\seleniumhq\selenium\selenium-devtools-v108\4.8.0\selenium-devtools-v108-4.8.0.jar;C:\Users\ASUS\.m2\repository\org\seleniumhq\selenium\selenium-devtools-v109\4.8.0\selenium-devtools-v109-4.8.0.jar;C:\Users\ASUS\.m2\repository\org\seleniumhq\selenium\selenium-devtools-v85\4.8.0\selenium-devtools-v85-4.8.0.jar;C:\Users\ASUS\.m2\repository\org\seleniumhq\selenium\selenium-remote-driver\4.8.0\selenium-remote-driver-4.8.0.jar;C:\Users\ASUS\.m2\repository\com\beust\jcommander\1.82\jcommander-1.82.jar;C:\Users\ASUS\.m2\repository\io\netty\netty-buffer\4.1.87.Final\netty-buffer-4.1.87.Final.jar;C:\Users\ASUS\.m2\repository\io\netty\netty-codec-http\4.1.87.Final\netty-codec-http-4.1.87.Final.jar;C:\Users\ASUS\.m2\repository\io\netty\netty-codec\4.1.87.Final\netty-codec-4.1.87.Final.jar;C:\Users\ASUS\.m2\repository\io\netty\netty-handler\4.1.87.Final\netty-handler-4.1.87.Final.jar;C:\Users\ASUS\.m2\repository\io\netty\netty-common\4.1.87.Final\netty-common-4.1.87.Final.jar;C:\Users\ASUS\.m2\repository\io\netty\netty-transport-classes-epoll\4.1.87.Final\netty-transport-classes-epoll-4.1.87.Final.jar;C:\Users\ASUS\.m2\repository\io\netty\netty-transport-classes-kqueue\4.1.87.Final\netty-transport-classes-kqueue-4.1.87.Final.jar;C:\Users\ASUS\.m2\repository\io\netty\netty-transport-native-epoll\4.1.87.Final\netty-transport-native-epoll-4.1.87.Final.jar;C:\Users\ASUS\.m2\repository\io\netty\netty-transport-native-kqueue\4.1.87.Final\netty-transport-native-kqueue-4.1.87.Final.jar;C:\Users\ASUS\.m2\repository\io\netty\netty-transport-native-unix-common\4.1.87.Final\netty-transport-native-unix-common-4.1.87.Final.jar;C:\Users\ASUS\.m2\repository\io\netty\netty-transport\4.1.87.Final\netty-transport-4.1.87.Final.jar;C:\Users\ASUS\.m2\repository\io\netty\netty-resolver\4.1.87.Final\netty-resolver-4.1.87.Final.jar;C:\Users\ASUS\.m2\repository\io\opentelemetry\opentelemetry-api\1.22.0\opentelemetry-api-1.22.0.jar;C:\Users\ASUS\.m2\repository\io\opentelemetry\opentelemetry-context\1.22.0\opentelemetry-context-1.22.0.jar;C:\Users\ASUS\.m2\repository\io\opentelemetry\opentelemetry-exporter-logging\1.22.0\opentelemetry-exporter-logging-1.22.0.jar;C:\Users\ASUS\.m2\repository\io\opentelemetry\opentelemetry-sdk-metrics\1.22.0\opentelemetry-sdk-metrics-1.22.0.jar;C:\Users\ASUS\.m2\repository\io\opentelemetry\opentelemetry-sdk-logs\1.22.0-alpha\opentelemetry-sdk-logs-1.22.0-alpha.jar;C:\Users\ASUS\.m2\repository\io\opentelemetry\opentelemetry-api-logs\1.22.0-alpha\opentelemetry-api-logs-1.22.0-alpha.jar;C:\Users\ASUS\.m2\repository\io\opentelemetry\opentelemetry-sdk-common\1.22.0\opentelemetry-sdk-common-1.22.0.jar;C:\Users\ASUS\.m2\repository\io\opentelemetry\opentelemetry-sdk-extension-autoconfigure-spi\1.22.0\opentelemetry-sdk-extension-autoconfigure-spi-1.22.0.jar;C:\Users\ASUS\.m2\repository\io\opentelemetry\opentelemetry-sdk-extension-autoconfigure\1.22.0-alpha\opentelemetry-sdk-extension-autoconfigure-1.22.0-alpha.jar;C:\Users\ASUS\.m2\repository\io\opentelemetry\opentelemetry-sdk-trace\1.22.0\opentelemetry-sdk-trace-1.22.0.jar;C:\Users\ASUS\.m2\repository\io\opentelemetry\opentelemetry-sdk\1.22.0\opentelemetry-sdk-1.22.0.jar;C:\Users\ASUS\.m2\repository\io\opentelemetry\opentelemetry-semconv\1.22.0-alpha\opentelemetry-semconv-1.22.0-alpha.jar;C:\Users\ASUS\.m2\repository\io\ous\jtoml\2.0.0\jtoml-2.0.0.jar;C:\Users\ASUS\.m2\repository\org\apache\commons\commons-exec\1.3\commons-exec-1.3.jar;C:\Users\ASUS\.m2\repository\org\asynchttpclient\async-http-client\2.12.3\async-http-client-2.12.3.jar;C:\Users\ASUS\.m2\repository\org\asynchttpclient\async-http-client-netty-utils\2.12.3\async-http-client-netty-utils-2.12.3.jar;C:\Users\ASUS\.m2\repository\io\netty\netty-codec-socks\4.1.60.Final\netty-codec-socks-4.1.60.Final.jar;C:\Users\ASUS\.m2\repository\io\netty\netty-handler-proxy\4.1.60.Final\netty-handler-proxy-4.1.60.Final.jar;C:\Users\ASUS\.m2\repository\io\netty\netty-transport-native-epoll\4.1.60.Final\netty-transport-native-epoll-4.1.60.Final-linux-x86_64.jar;C:\Users\ASUS\.m2\repository\io\netty\netty-transport-native-kqueue\4.1.60.Final\netty-transport-native-kqueue-4.1.60.Final-osx-x86_64.jar;C:\Users\ASUS\.m2\repository\org\reactivestreams\reactive-streams\1.0.3\reactive-streams-1.0.3.jar;C:\Users\ASUS\.m2\repository\com\typesafe\netty\netty-reactive-streams\2.0.4\netty-reactive-streams-2.0.4.jar;C:\Users\ASUS\.m2\repository\org\seleniumhq\selenium\selenium-manager\4.8.0\selenium-manager-4.8.0.jar;C:\Users\ASUS\.m2\repository\org\seleniumhq\selenium\selenium-safari-driver\4.8.0\selenium-safari-driver-4.8.0.jar;C:\Users\ASUS\.m2\repository\org\seleniumhq\selenium\selenium-api\4.8.0\selenium-api-4.8.0.jar;C:\Users\ASUS\.m2\repository\org\seleniumhq\selenium\selenium-support\4.8.0\selenium-support-4.8.0.jar;C:\Users\ASUS\.m2\repository\com\google\auto\service\auto-service-annotations\1.0.1\auto-service-annotations-1.0.1.jar;C:\Users\ASUS\.m2\repository\com\google\auto\service\auto-service\1.0.1\auto-service-1.0.1.jar;C:\Users\ASUS\.m2\repository\com\google\auto\auto-common\1.2\auto-common-1.2.jar;C:\Users\ASUS\.m2\repository\org\seleniumhq\selenium\selenium-json\4.8.0\selenium-json-4.8.0.jar;C:\Users\ASUS\.m2\repository\org\seleniumhq\selenium\selenium-chrome-driver\4.8.0\selenium-chrome-driver-4.8.0.jar;C:\Users\ASUS\.m2\repository\org\seleniumhq\selenium\selenium-chromium-driver\4.8.0\selenium-chromium-driver-4.8.0.jar;C:\Users\ASUS\.m2\repository\org\seleniumhq\selenium\selenium-firefox-driver\4.8.0\selenium-firefox-driver-4.8.0.jar;C:\Users\ASUS\.m2\repository\org\seleniumhq\selenium\selenium-http\4.8.0\selenium-http-4.8.0.jar;C:\Users\ASUS\.m2\repository\dev\failsafe\failsafe\3.3.0\failsafe-3.3.0.jar;C:\Users\ASUS\.m2\repository\org\seleniumhq\selenium\selenium-edge-driver\4.8.0\selenium-edge-driver-4.8.0.jar;C:\Users\ASUS\.m2\repository\org\seleniumhq\selenium\selenium-ie-driver\4.8.0\selenium-ie-driver-4.8.0.jar;C:\Users\ASUS\.m2\repository\org\projectlombok\lombok\1.18.20\lombok-1.18.20.jar;C:\Users\ASUS\.m2\repository\io\appium\java-client\8.3.0\java-client-8.3.0.jar;C:\Users\ASUS\.m2\repository\commons-validator\commons-validator\1.7\commons-validator-1.7.jar;C:\Users\ASUS\.m2\repository\commons-digester\commons-digester\2.1\commons-digester-2.1.jar;C:\Users\ASUS\.m2\repository\org\apache\groovy\groovy\4.0.6\groovy-4.0.6.jar;C:\Users\ASUS\.m2\repository\net\sf\opencsv\opencsv\2.0\opencsv-2.0.jar;C:\Users\ASUS\.m2\repository\commons-beanutils\commons-beanutils\1.9.4\commons-beanutils-1.9.4.jar;C:\Users\ASUS\.m2\repository\org\apache\commons\commons-lang3\3.12.0\commons-lang3-3.12.0.jar;C:\Users\ASUS\.m2\repository\commons-collections\commons-collections\3.2.2\commons-collections-3.2.2.jar;C:\Users\ASUS\.m2\repository\org\fluentlenium\fluentlenium-core\0.10.2\fluentlenium-core-0.10.2.jar;C:\Users\ASUS\.m2\repository\io\github\bonigarcia\webdrivermanager\5.3.0\webdrivermanager-5.3.0.jar;C:\Users\ASUS\.m2\repository\com\github\docker-java\docker-java\3.2.13\docker-java-3.2.13.jar;C:\Users\ASUS\.m2\repository\com\github\docker-java\docker-java-core\3.2.13\docker-java-core-3.2.13.jar;C:\Users\ASUS\.m2\repository\com\github\docker-java\docker-java-api\3.2.13\docker-java-api-3.2.13.jar;C:\Users\ASUS\.m2\repository\org\apache\commons\commons-compress\1.21\commons-compress-1.21.jar;C:\Users\ASUS\.m2\repository\org\bouncycastle\bcpkix-jdk15on\1.64\bcpkix-jdk15on-1.64.jar;C:\Users\ASUS\.m2\repository\org\bouncycastle\bcprov-jdk15on\1.64\bcprov-jdk15on-1.64.jar;C:\Users\ASUS\.m2\repository\org\slf4j\jcl-over-slf4j\1.7.30\jcl-over-slf4j-1.7.30.jar;C:\Users\ASUS\.m2\repository\com\github\docker-java\docker-java-transport-httpclient5\3.2.13\docker-java-transport-httpclient5-3.2.13.jar;C:\Users\ASUS\.m2\repository\com\github\docker-java\docker-java-transport\3.2.13\docker-java-transport-3.2.13.jar;C:\Users\ASUS\.m2\repository\net\java\dev\jna\jna\5.8.0\jna-5.8.0.jar;C:\Users\ASUS\.m2\repository\org\brotli\dec\0.1.2\dec-0.1.2.jar;C:\Users\ASUS\.m2\repository\org\apache\httpcomponents\client5\httpclient5\5.1.3\httpclient5-5.1.3.jar;C:\Users\ASUS\.m2\repository\org\apache\httpcomponents\core5\httpcore5\5.1.3\httpcore5-5.1.3.jar;C:\Users\ASUS\.m2\repository\org\apache\httpcomponents\core5\httpcore5-h2\5.1.3\httpcore5-h2-5.1.3.jar;C:\Users\ASUS\.m2\repository\com\jhlabs\filters\2.0.235\filters-2.0.235.jar;C:\Users\ASUS\.m2\repository\com\paulhammant\ngwebdriver\1.1.6\ngwebdriver-1.1.6.jar;C:\Users\ASUS\.m2\repository\joda-time\joda-time\2.8.2\joda-time-2.8.2.jar;C:\Users\ASUS\.m2\repository\org\hamcrest\hamcrest\2.2\hamcrest-2.2.jar;C:\Users\ASUS\.m2\repository\com\google\jimfs\jimfs\1.2\jimfs-1.2.jar;C:\Users\ASUS\.m2\repository\org\mockito\mockito-core\3.3.3\mockito-core-3.3.3.jar;C:\Users\ASUS\.m2\repository\javax\xml\bind\jaxb-api\2.3.1\jaxb-api-2.3.1.jar;C:\Users\ASUS\.m2\repository\javax\activation\javax.activation-api\1.2.0\javax.activation-api-1.2.0.jar;C:\Users\ASUS\.m2\repository\com\sun\xml\bind\jaxb-core\2.3.0.1\jaxb-core-2.3.0.1.jar;C:\Users\ASUS\.m2\repository\com\sun\xml\bind\jaxb-impl\2.3.3\jaxb-impl-2.3.3.jar;C:\Users\ASUS\.m2\repository\jakarta\xml\bind\jakarta.xml.bind-api\2.3.3\jakarta.xml.bind-api-2.3.3.jar;C:\Users\ASUS\.m2\repository\com\sun\activation\jakarta.activation\1.2.2\jakarta.activation-1.2.2.jar;C:\Users\ASUS\.m2\repository\javax\activation\activation\1.1.1\activation-1.1.1.jar;C:\Users\ASUS\.m2\repository\net\serenity-bdd\serenity-cucumber\3.6.12\serenity-cucumber-3.6.12.jar;C:\Users\ASUS\.m2\repository\io\cucumber\cucumber-core\7.11.0\cucumber-core-7.11.0.jar;C:\Users\ASUS\.m2\repository\io\cucumber\cucumber-gherkin\7.11.0\cucumber-gherkin-7.11.0.jar;C:\Users\ASUS\.m2\repository\io\cucumber\cucumber-gherkin-messages\7.11.0\cucumber-gherkin-messages-7.11.0.jar;C:\Users\ASUS\.m2\repository\io\cucumber\gherkin\26.0.3\gherkin-26.0.3.jar;C:\Users\ASUS\.m2\repository\io\cucumber\messages\21.0.1\messages-21.0.1.jar;C:\Users\ASUS\.m2\repository\io\cucumber\tag-expressions\5.0.1\tag-expressions-5.0.1.jar;C:\Users\ASUS\.m2\repository\io\cucumber\cucumber-expressions\16.1.1\cucumber-expressions-16.1.1.jar;C:\Users\ASUS\.m2\repository\io\cucumber\datatable\7.11.0\datatable-7.11.0.jar;C:\Users\ASUS\.m2\repository\io\cucumber\cucumber-plugin\7.11.0\cucumber-plugin-7.11.0.jar;C:\Users\ASUS\.m2\repository\io\cucumber\docstring\7.11.0\docstring-7.11.0.jar;C:\Users\ASUS\.m2\repository\io\cucumber\html-formatter\20.2.1\html-formatter-20.2.1.jar;C:\Users\ASUS\.m2\repository\io\cucumber\junit-xml-formatter\0.1.0\junit-xml-formatter-0.1.0.jar;C:\Users\ASUS\.m2\repository\io\cucumber\ci-environment\9.1.0\ci-environment-9.1.0.jar;C:\Users\ASUS\.m2\repository\io\cucumber\cucumber-java\7.11.0\cucumber-java-7.11.0.jar;C:\Users\ASUS\.m2\repository\io\cucumber\cucumber-junit\7.11.0\cucumber-junit-7.11.0.jar;C:\Users\ASUS\.m2\repository\org\apache\commons\commons-csv\1.5\commons-csv-1.5.jar;C:\Users\ASUS\.m2\repository\net\serenity-bdd\serenity-screenplay\3.6.12\serenity-screenplay-3.6.12.jar;C:\Users\ASUS\.m2\repository\net\serenity-bdd\serenity-screenplay-webdriver\3.6.12\serenity-screenplay-webdriver-3.6.12.jar;C:\Users\ASUS\.m2\repository\net\serenity-bdd\serenity-ensure\3.6.12\serenity-ensure-3.6.12.jar;C:\Users\ASUS\.m2\repository\net\serenity-bdd\serenity-junit\3.6.12\serenity-junit-3.6.12.jar;C:\Users\ASUS\.m2\repository\org\jetbrains\kotlin\kotlin-stdlib\1.7.21\kotlin-stdlib-1.7.21.jar;C:\Users\ASUS\.m2\repository\org\jetbrains\kotlin\kotlin-stdlib-common\1.7.21\kotlin-stdlib-common-1.7.21.jar;C:\Users\ASUS\.m2\repository\org\jetbrains\annotations\13.0\annotations-13.0.jar;C:\Users\ASUS\.m2\repository\org\junit\platform\junit-platform-launcher\1.8.2\junit-platform-launcher-1.8.2.jar;C:\Users\ASUS\.m2\repository\org\junit\platform\junit-platform-engine\1.8.2\junit-platform-engine-1.8.2.jar;C:\Users\ASUS\.m2\repository\org\opentest4j\opentest4j\1.2.0\opentest4j-1.2.0.jar;C:\Users\ASUS\.m2\repository\org\junit\platform\junit-platform-commons\1.8.2\junit-platform-commons-1.8.2.jar;C:\Users\ASUS\.m2\repository\org\apiguardian\apiguardian-api\1.1.2\apiguardian-api-1.1.2.jar;C:\Users\ASUS\.m2\repository\org\junit\jupiter\junit-jupiter-engine\5.8.2\junit-jupiter-engine-5.8.2.jar;C:\Users\ASUS\.m2\repository\org\junit\jupiter\junit-jupiter-api\5.8.2\junit-jupiter-api-5.8.2.jar;C:\Users\ASUS\.m2\repository\org\junit\vintage\junit-vintage-engine\5.8.2\junit-vintage-engine-5.8.2.jar;C:\Users\ASUS\.m2\repository\junit\junit\4.13.2\junit-4.13.2.jar;C:\Users\ASUS\.m2\repository\org\hamcrest\hamcrest-core\1.3\hamcrest-core-1.3.jar;C:\Users\ASUS\.m2\repository\ch\qos\logback\logback-classic\1.2.10\logback-classic-1.2.10.jar;C:\Users\ASUS\.m2\repository\ch\qos\logback\logback-core\1.2.10\logback-core-1.2.10.jar;C:\Users\ASUS\.m2\repository\org\slf4j\slf4j-api\1.7.32\slf4j-api-1.7.32.jar;C:\Users\ASUS\.m2\repository\org\assertj\assertj-core\3.23.1\assertj-core-3.23.1.jar;C:\Users\ASUS\.m2\repository\net\bytebuddy\byte-buddy\1.12.10\byte-buddy-1.12.10.jar;"/>
    <property name="java.vm.vendor" value="Oracle Corporation"/>
    <property name="sun.arch.data.model" value="64"/>
    <property name="user.variant" value=""/>
    <property name="java.vendor.url" value="http://java.oracle.com/"/>
    <property name="user.timezone" value="Asia/Bangkok"/>
    <property name="java.vm.specification.version" value="1.8"/>
    <property name="os.name" value="Windows 10"/>
    <property name="user.country" value="ID"/>
    <property name="sun.java.launcher" value="SUN_STANDARD"/>
    <property name="sun.boot.library.path" value="C:\Program Files\Java\jdk1.8.0_351\jre\bin"/>
    <property name="sun.java.command" value="C:\Users\ASUS\AppData\Local\Temp\surefire8264401561621206243\surefirebooter7128147294520618060.jar C:\Users\ASUS\AppData\Local\Temp\surefire8264401561621206243 2023-04-08T10-55-51_108-jvmRun1 surefire8617863155576069133tmp surefire_02381769394527294669tmp"/>
    <property name="surefire.test.class.path" value="E:\SEMESTER VI\ALTA\web-automation-saucedemo\target\test-classes;E:\SEMESTER VI\ALTA\web-automation-saucedemo\target\web-automation-saucedemo-1.0-SNAPSHOT.jar;C:\Users\ASUS\.m2\repository\net\serenity-bdd\serenity-core\3.6.12\serenity-core-3.6.12.jar;C:\Users\ASUS\.m2\repository\net\serenity-bdd\serenity-model\3.6.12\serenity-model-3.6.12.jar;C:\Users\ASUS\.m2\repository\org\apache\commons\commons-text\1.10.0\commons-text-1.10.0.jar;C:\Users\ASUS\.m2\repository\commons-net\commons-net\3.9.0\commons-net-3.9.0.jar;C:\Users\ASUS\.m2\repository\com\google\guava\guava\31.1-jre\guava-31.1-jre.jar;C:\Users\ASUS\.m2\repository\com\google\guava\failureaccess\1.0.1\failureaccess-1.0.1.jar;C:\Users\ASUS\.m2\repository\com\google\guava\listenablefuture\9999.0-empty-to-avoid-conflict-with-guava\listenablefuture-9999.0-empty-to-avoid-conflict-with-guava.jar;C:\Users\ASUS\.m2\repository\com\google\code\findbugs\jsr305\3.0.2\jsr305-3.0.2.jar;C:\Users\ASUS\.m2\repository\org\checkerframework\checker-qual\3.12.0\checker-qual-3.12.0.jar;C:\Users\ASUS\.m2\repository\com\google\errorprone\error_prone_annotations\2.11.0\error_prone_annotations-2.11.0.jar;C:\Users\ASUS\.m2\repository\com\google\j2objc\j2objc-annotations\1.3\j2objc-annotations-1.3.jar;C:\Users\ASUS\.m2\repository\com\google\inject\guice\5.1.0\guice-5.1.0.jar;C:\Users\ASUS\.m2\repository\javax\inject\javax.inject\1\javax.inject-1.jar;C:\Users\ASUS\.m2\repository\aopalliance\aopalliance\1.0\aopalliance-1.0.jar;C:\Users\ASUS\.m2\repository\org\jsoup\jsoup\1.14.3\jsoup-1.14.3.jar;C:\Users\ASUS\.m2\repository\com\thoughtworks\xstream\xstream\1.4.20\xstream-1.4.20.jar;C:\Users\ASUS\.m2\repository\io\github\x-stream\mxparser\1.2.2\mxparser-1.2.2.jar;C:\Users\ASUS\.m2\repository\xmlpull\xmlpull\1.1.3.1\xmlpull-1.1.3.1.jar;C:\Users\ASUS\.m2\repository\com\typesafe\config\1.4.2\config-1.4.2.jar;C:\Users\ASUS\.m2\repository\org\imgscalr\imgscalr-lib\4.2\imgscalr-lib-4.2.jar;C:\Users\ASUS\.m2\repository\org\awaitility\awaitility\4.2.0\awaitility-4.2.0.jar;C:\Users\ASUS\.m2\repository\org\freemarker\freemarker\2.3.31\freemarker-2.3.31.jar;C:\Users\ASUS\.m2\repository\io\github\classgraph\classgraph\4.8.138\classgraph-4.8.138.jar;C:\Users\ASUS\.m2\repository\net\sourceforge\jexcelapi\jxl\2.6.12\jxl-2.6.12.jar;C:\Users\ASUS\.m2\repository\net\bytebuddy\byte-buddy-agent\1.12.22\byte-buddy-agent-1.12.22.jar;C:\Users\ASUS\.m2\repository\org\objenesis\objenesis\3.1\objenesis-3.1.jar;C:\Users\ASUS\.m2\repository\net\serenity-bdd\serenity-reports\3.6.12\serenity-reports-3.6.12.jar;C:\Users\ASUS\.m2\repository\net\serenity-bdd\serenity-stats\3.6.12\serenity-stats-3.6.12.jar;C:\Users\ASUS\.m2\repository\net\serenity-bdd\serenity-reports-configuration\3.6.12\serenity-reports-configuration-3.6.12.jar;C:\Users\ASUS\.m2\repository\com\vladsch\flexmark\flexmark-all\0.34.30\flexmark-all-0.34.30.jar;C:\Users\ASUS\.m2\repository\com\vladsch\flexmark\flexmark\0.34.30\flexmark-0.34.30.jar;C:\Users\ASUS\.m2\repository\com\vladsch\flexmark\flexmark-ext-abbreviation\0.34.30\flexmark-ext-abbreviation-0.34.30.jar;C:\Users\ASUS\.m2\repository\com\vladsch\flexmark\flexmark-ext-admonition\0.34.30\flexmark-ext-admonition-0.34.30.jar;C:\Users\ASUS\.m2\repository\com\vladsch\flexmark\flexmark-ext-anchorlink\0.34.30\flexmark-ext-anchorlink-0.34.30.jar;C:\Users\ASUS\.m2\repository\com\vladsch\flexmark\flexmark-ext-aside\0.34.30\flexmark-ext-aside-0.34.30.jar;C:\Users\ASUS\.m2\repository\com\vladsch\flexmark\flexmark-ext-attributes\0.34.30\flexmark-ext-attributes-0.34.30.jar;C:\Users\ASUS\.m2\repository\com\vladsch\flexmark\flexmark-ext-autolink\0.34.30\flexmark-ext-autolink-0.34.30.jar;C:\Users\ASUS\.m2\repository\org\nibor\autolink\autolink\0.6.0\autolink-0.6.0.jar;C:\Users\ASUS\.m2\repository\com\vladsch\flexmark\flexmark-ext-definition\0.34.30\flexmark-ext-definition-0.34.30.jar;C:\Users\ASUS\.m2\repository\com\vladsch\flexmark\flexmark-ext-emoji\0.34.30\flexmark-ext-emoji-0.34.30.jar;C:\Users\ASUS\.m2\repository\com\vladsch\flexmark\flexmark-ext-enumerated-reference\0.34.30\flexmark-ext-enumerated-reference-0.34.30.jar;C:\Users\ASUS\.m2\repository\com\vladsch\flexmark\flexmark-ext-escaped-character\0.34.30\flexmark-ext-escaped-character-0.34.30.jar;C:\Users\ASUS\.m2\repository\com\vladsch\flexmark\flexmark-ext-footnotes\0.34.30\flexmark-ext-footnotes-0.34.30.jar;C:\Users\ASUS\.m2\repository\com\vladsch\flexmark\flexmark-ext-gfm-issues\0.34.30\flexmark-ext-gfm-issues-0.34.30.jar;C:\Users\ASUS\.m2\repository\com\vladsch\flexmark\flexmark-ext-gfm-strikethrough\0.34.30\flexmark-ext-gfm-strikethrough-0.34.30.jar;C:\Users\ASUS\.m2\repository\com\vladsch\flexmark\flexmark-ext-gfm-tables\0.34.30\flexmark-ext-gfm-tables-0.34.30.jar;C:\Users\ASUS\.m2\repository\com\vladsch\flexmark\flexmark-ext-gfm-tasklist\0.34.30\flexmark-ext-gfm-tasklist-0.34.30.jar;C:\Users\ASUS\.m2\repository\com\vladsch\flexmark\flexmark-ext-gfm-users\0.34.30\flexmark-ext-gfm-users-0.34.30.jar;C:\Users\ASUS\.m2\repository\com\vladsch\flexmark\flexmark-ext-gitlab\0.34.30\flexmark-ext-gitlab-0.34.30.jar;C:\Users\ASUS\.m2\repository\com\vladsch\flexmark\flexmark-ext-jekyll-front-matter\0.34.30\flexmark-ext-jekyll-front-matter-0.34.30.jar;C:\Users\ASUS\.m2\repository\com\vladsch\flexmark\flexmark-ext-jekyll-tag\0.34.30\flexmark-ext-jekyll-tag-0.34.30.jar;C:\Users\ASUS\.m2\repository\com\vladsch\flexmark\flexmark-ext-media-tags\0.34.30\flexmark-ext-media-tags-0.34.30.jar;C:\Users\ASUS\.m2\repository\com\vladsch\flexmark\flexmark-test-util\0.34.30\flexmark-test-util-0.34.30.jar;C:\Users\ASUS\.m2\repository\com\vladsch\flexmark\flexmark-ext-ins\0.34.30\flexmark-ext-ins-0.34.30.jar;C:\Users\ASUS\.m2\repository\com\vladsch\flexmark\flexmark-ext-xwiki-macros\0.34.30\flexmark-ext-xwiki-macros-0.34.30.jar;C:\Users\ASUS\.m2\repository\com\vladsch\flexmark\flexmark-ext-superscript\0.34.30\flexmark-ext-superscript-0.34.30.jar;C:\Users\ASUS\.m2\repository\com\vladsch\flexmark\flexmark-ext-tables\0.34.30\flexmark-ext-tables-0.34.30.jar;C:\Users\ASUS\.m2\repository\com\vladsch\flexmark\flexmark-ext-toc\0.34.30\flexmark-ext-toc-0.34.30.jar;C:\Users\ASUS\.m2\repository\com\vladsch\flexmark\flexmark-ext-typographic\0.34.30\flexmark-ext-typographic-0.34.30.jar;C:\Users\ASUS\.m2\repository\com\vladsch\flexmark\flexmark-ext-wikilink\0.34.30\flexmark-ext-wikilink-0.34.30.jar;C:\Users\ASUS\.m2\repository\com\vladsch\flexmark\flexmark-ext-yaml-front-matter\0.34.30\flexmark-ext-yaml-front-matter-0.34.30.jar;C:\Users\ASUS\.m2\repository\com\vladsch\flexmark\flexmark-ext-youtube-embedded\0.34.30\flexmark-ext-youtube-embedded-0.34.30.jar;C:\Users\ASUS\.m2\repository\com\vladsch\flexmark\flexmark-formatter\0.34.30\flexmark-formatter-0.34.30.jar;C:\Users\ASUS\.m2\repository\com\vladsch\flexmark\flexmark-html-parser\0.34.30\flexmark-html-parser-0.34.30.jar;C:\Users\ASUS\.m2\repository\com\vladsch\flexmark\flexmark-jira-converter\0.34.30\flexmark-jira-converter-0.34.30.jar;C:\Users\ASUS\.m2\repository\com\vladsch\flexmark\flexmark-pdf-converter\0.34.30\flexmark-pdf-converter-0.34.30.jar;C:\Users\ASUS\.m2\repository\com\openhtmltopdf\openhtmltopdf-core\0.0.1-RC13\openhtmltopdf-core-0.0.1-RC13.jar;C:\Users\ASUS\.m2\repository\com\openhtmltopdf\openhtmltopdf-pdfbox\0.0.1-RC13\openhtmltopdf-pdfbox-0.0.1-RC13.jar;C:\Users\ASUS\.m2\repository\org\apache\pdfbox\pdfbox\2.0.8\pdfbox-2.0.8.jar;C:\Users\ASUS\.m2\repository\org\apache\pdfbox\fontbox\2.0.8\fontbox-2.0.8.jar;C:\Users\ASUS\.m2\repository\org\apache\pdfbox\xmpbox\2.0.8\xmpbox-2.0.8.jar;C:\Users\ASUS\.m2\repository\de\rototor\pdfbox\graphics2d\0.12\graphics2d-0.12.jar;C:\Users\ASUS\.m2\repository\com\openhtmltopdf\openhtmltopdf-rtl-support\0.0.1-RC13\openhtmltopdf-rtl-support-0.0.1-RC13.jar;C:\Users\ASUS\.m2\repository\com\ibm\icu\icu4j\59.1\icu4j-59.1.jar;C:\Users\ASUS\.m2\repository\com\openhtmltopdf\openhtmltopdf-jsoup-dom-converter\0.0.1-RC13\openhtmltopdf-jsoup-dom-converter-0.0.1-RC13.jar;C:\Users\ASUS\.m2\repository\com\vladsch\flexmark\flexmark-profile-pegdown\0.34.30\flexmark-profile-pegdown-0.34.30.jar;C:\Users\ASUS\.m2\repository\com\vladsch\flexmark\flexmark-util\0.34.30\flexmark-util-0.34.30.jar;C:\Users\ASUS\.m2\repository\com\vladsch\flexmark\flexmark-youtrack-converter\0.34.30\flexmark-youtrack-converter-0.34.30.jar;C:\Users\ASUS\.m2\repository\es\nitaur\markdown\txtmark\0.16\txtmark-0.16.jar;C:\Users\ASUS\.m2\repository\net\serenity-bdd\serenity-report-resources\3.6.12\serenity-report-resources-3.6.12.jar;C:\Users\ASUS\.m2\repository\com\google\code\gson\gson\2.9.0\gson-2.9.0.jar;C:\Users\ASUS\.m2\repository\com\fasterxml\jackson\core\jackson-core\2.14.2\jackson-core-2.14.2.jar;C:\Users\ASUS\.m2\repository\com\fasterxml\jackson\core\jackson-databind\2.14.2\jackson-databind-2.14.2.jar;C:\Users\ASUS\.m2\repository\com\fasterxml\jackson\core\jackson-annotations\2.14.2\jackson-annotations-2.14.2.jar;C:\Users\ASUS\.m2\repository\commons-codec\commons-codec\1.15\commons-codec-1.15.jar;C:\Users\ASUS\.m2\repository\commons-io\commons-io\2.11.0\commons-io-2.11.0.jar;C:\Users\ASUS\.m2\repository\org\apache\httpcomponents\httpclient\4.5.13\httpclient-4.5.13.jar;C:\Users\ASUS\.m2\repository\org\apache\httpcomponents\httpcore\4.4.13\httpcore-4.4.13.jar;C:\Users\ASUS\.m2\repository\commons-logging\commons-logging\1.2\commons-logging-1.2.jar;C:\Users\ASUS\.m2\repository\org\seleniumhq\selenium\selenium-java\4.8.0\selenium-java-4.8.0.jar;C:\Users\ASUS\.m2\repository\org\seleniumhq\selenium\selenium-devtools-v107\4.8.0\selenium-devtools-v107-4.8.0.jar;C:\Users\ASUS\.m2\repository\org\seleniumhq\selenium\selenium-devtools-v108\4.8.0\selenium-devtools-v108-4.8.0.jar;C:\Users\ASUS\.m2\repository\org\seleniumhq\selenium\selenium-devtools-v109\4.8.0\selenium-devtools-v109-4.8.0.jar;C:\Users\ASUS\.m2\repository\org\seleniumhq\selenium\selenium-devtools-v85\4.8.0\selenium-devtools-v85-4.8.0.jar;C:\Users\ASUS\.m2\repository\org\seleniumhq\selenium\selenium-remote-driver\4.8.0\selenium-remote-driver-4.8.0.jar;C:\Users\ASUS\.m2\repository\com\beust\jcommander\1.82\jcommander-1.82.jar;C:\Users\ASUS\.m2\repository\io\netty\netty-buffer\4.1.87.Final\netty-buffer-4.1.87.Final.jar;C:\Users\ASUS\.m2\repository\io\netty\netty-codec-http\4.1.87.Final\netty-codec-http-4.1.87.Final.jar;C:\Users\ASUS\.m2\repository\io\netty\netty-codec\4.1.87.Final\netty-codec-4.1.87.Final.jar;C:\Users\ASUS\.m2\repository\io\netty\netty-handler\4.1.87.Final\netty-handler-4.1.87.Final.jar;C:\Users\ASUS\.m2\repository\io\netty\netty-common\4.1.87.Final\netty-common-4.1.87.Final.jar;C:\Users\ASUS\.m2\repository\io\netty\netty-transport-classes-epoll\4.1.87.Final\netty-transport-classes-epoll-4.1.87.Final.jar;C:\Users\ASUS\.m2\repository\io\netty\netty-transport-classes-kqueue\4.1.87.Final\netty-transport-classes-kqueue-4.1.87.Final.jar;C:\Users\ASUS\.m2\repository\io\netty\netty-transport-native-epoll\4.1.87.Final\netty-transport-native-epoll-4.1.87.Final.jar;C:\Users\ASUS\.m2\repository\io\netty\netty-transport-native-kqueue\4.1.87.Final\netty-transport-native-kqueue-4.1.87.Final.jar;C:\Users\ASUS\.m2\repository\io\netty\netty-transport-native-unix-common\4.1.87.Final\netty-transport-native-unix-common-4.1.87.Final.jar;C:\Users\ASUS\.m2\repository\io\netty\netty-transport\4.1.87.Final\netty-transport-4.1.87.Final.jar;C:\Users\ASUS\.m2\repository\io\netty\netty-resolver\4.1.87.Final\netty-resolver-4.1.87.Final.jar;C:\Users\ASUS\.m2\repository\io\opentelemetry\opentelemetry-api\1.22.0\opentelemetry-api-1.22.0.jar;C:\Users\ASUS\.m2\repository\io\opentelemetry\opentelemetry-context\1.22.0\opentelemetry-context-1.22.0.jar;C:\Users\ASUS\.m2\repository\io\opentelemetry\opentelemetry-exporter-logging\1.22.0\opentelemetry-exporter-logging-1.22.0.jar;C:\Users\ASUS\.m2\repository\io\opentelemetry\opentelemetry-sdk-metrics\1.22.0\opentelemetry-sdk-metrics-1.22.0.jar;C:\Users\ASUS\.m2\repository\io\opentelemetry\opentelemetry-sdk-logs\1.22.0-alpha\opentelemetry-sdk-logs-1.22.0-alpha.jar;C:\Users\ASUS\.m2\repository\io\opentelemetry\opentelemetry-api-logs\1.22.0-alpha\opentelemetry-api-logs-1.22.0-alpha.jar;C:\Users\ASUS\.m2\repository\io\opentelemetry\opentelemetry-sdk-common\1.22.0\opentelemetry-sdk-common-1.22.0.jar;C:\Users\ASUS\.m2\repository\io\opentelemetry\opentelemetry-sdk-extension-autoconfigure-spi\1.22.0\opentelemetry-sdk-extension-autoconfigure-spi-1.22.0.jar;C:\Users\ASUS\.m2\repository\io\opentelemetry\opentelemetry-sdk-extension-autoconfigure\1.22.0-alpha\opentelemetry-sdk-extension-autoconfigure-1.22.0-alpha.jar;C:\Users\ASUS\.m2\repository\io\opentelemetry\opentelemetry-sdk-trace\1.22.0\opentelemetry-sdk-trace-1.22.0.jar;C:\Users\ASUS\.m2\repository\io\opentelemetry\opentelemetry-sdk\1.22.0\opentelemetry-sdk-1.22.0.jar;C:\Users\ASUS\.m2\repository\io\opentelemetry\opentelemetry-semconv\1.22.0-alpha\opentelemetry-semconv-1.22.0-alpha.jar;C:\Users\ASUS\.m2\repository\io\ous\jtoml\2.0.0\jtoml-2.0.0.jar;C:\Users\ASUS\.m2\repository\org\apache\commons\commons-exec\1.3\commons-exec-1.3.jar;C:\Users\ASUS\.m2\repository\org\asynchttpclient\async-http-client\2.12.3\async-http-client-2.12.3.jar;C:\Users\ASUS\.m2\repository\org\asynchttpclient\async-http-client-netty-utils\2.12.3\async-http-client-netty-utils-2.12.3.jar;C:\Users\ASUS\.m2\repository\io\netty\netty-codec-socks\4.1.60.Final\netty-codec-socks-4.1.60.Final.jar;C:\Users\ASUS\.m2\repository\io\netty\netty-handler-proxy\4.1.60.Final\netty-handler-proxy-4.1.60.Final.jar;C:\Users\ASUS\.m2\repository\io\netty\netty-transport-native-epoll\4.1.60.Final\netty-transport-native-epoll-4.1.60.Final-linux-x86_64.jar;C:\Users\ASUS\.m2\repository\io\netty\netty-transport-native-kqueue\4.1.60.Final\netty-transport-native-kqueue-4.1.60.Final-osx-x86_64.jar;C:\Users\ASUS\.m2\repository\org\reactivestreams\reactive-streams\1.0.3\reactive-streams-1.0.3.jar;C:\Users\ASUS\.m2\repository\com\typesafe\netty\netty-reactive-streams\2.0.4\netty-reactive-streams-2.0.4.jar;C:\Users\ASUS\.m2\repository\org\seleniumhq\selenium\selenium-manager\4.8.0\selenium-manager-4.8.0.jar;C:\Users\ASUS\.m2\repository\org\seleniumhq\selenium\selenium-safari-driver\4.8.0\selenium-safari-driver-4.8.0.jar;C:\Users\ASUS\.m2\repository\org\seleniumhq\selenium\selenium-api\4.8.0\selenium-api-4.8.0.jar;C:\Users\ASUS\.m2\repository\org\seleniumhq\selenium\selenium-support\4.8.0\selenium-support-4.8.0.jar;C:\Users\ASUS\.m2\repository\com\google\auto\service\auto-service-annotations\1.0.1\auto-service-annotations-1.0.1.jar;C:\Users\ASUS\.m2\repository\com\google\auto\service\auto-service\1.0.1\auto-service-1.0.1.jar;C:\Users\ASUS\.m2\repository\com\google\auto\auto-common\1.2\auto-common-1.2.jar;C:\Users\ASUS\.m2\repository\org\seleniumhq\selenium\selenium-json\4.8.0\selenium-json-4.8.0.jar;C:\Users\ASUS\.m2\repository\org\seleniumhq\selenium\selenium-chrome-driver\4.8.0\selenium-chrome-driver-4.8.0.jar;C:\Users\ASUS\.m2\repository\org\seleniumhq\selenium\selenium-chromium-driver\4.8.0\selenium-chromium-driver-4.8.0.jar;C:\Users\ASUS\.m2\repository\org\seleniumhq\selenium\selenium-firefox-driver\4.8.0\selenium-firefox-driver-4.8.0.jar;C:\Users\ASUS\.m2\repository\org\seleniumhq\selenium\selenium-http\4.8.0\selenium-http-4.8.0.jar;C:\Users\ASUS\.m2\repository\dev\failsafe\failsafe\3.3.0\failsafe-3.3.0.jar;C:\Users\ASUS\.m2\repository\org\seleniumhq\selenium\selenium-edge-driver\4.8.0\selenium-edge-driver-4.8.0.jar;C:\Users\ASUS\.m2\repository\org\seleniumhq\selenium\selenium-ie-driver\4.8.0\selenium-ie-driver-4.8.0.jar;C:\Users\ASUS\.m2\repository\org\projectlombok\lombok\1.18.20\lombok-1.18.20.jar;C:\Users\ASUS\.m2\repository\io\appium\java-client\8.3.0\java-client-8.3.0.jar;C:\Users\ASUS\.m2\repository\commons-validator\commons-validator\1.7\commons-validator-1.7.jar;C:\Users\ASUS\.m2\repository\commons-digester\commons-digester\2.1\commons-digester-2.1.jar;C:\Users\ASUS\.m2\repository\org\apache\groovy\groovy\4.0.6\groovy-4.0.6.jar;C:\Users\ASUS\.m2\repository\net\sf\opencsv\opencsv\2.0\opencsv-2.0.jar;C:\Users\ASUS\.m2\repository\commons-beanutils\commons-beanutils\1.9.4\commons-beanutils-1.9.4.jar;C:\Users\ASUS\.m2\repository\org\apache\commons\commons-lang3\3.12.0\commons-lang3-3.12.0.jar;C:\Users\ASUS\.m2\repository\commons-collections\commons-collections\3.2.2\commons-collections-3.2.2.jar;C:\Users\ASUS\.m2\repository\org\fluentlenium\fluentlenium-core\0.10.2\fluentlenium-core-0.10.2.jar;C:\Users\ASUS\.m2\repository\io\github\bonigarcia\webdrivermanager\5.3.0\webdrivermanager-5.3.0.jar;C:\Users\ASUS\.m2\repository\com\github\docker-java\docker-java\3.2.13\docker-java-3.2.13.jar;C:\Users\ASUS\.m2\repository\com\github\docker-java\docker-java-core\3.2.13\docker-java-core-3.2.13.jar;C:\Users\ASUS\.m2\repository\com\github\docker-java\docker-java-api\3.2.13\docker-java-api-3.2.13.jar;C:\Users\ASUS\.m2\repository\org\apache\commons\commons-compress\1.21\commons-compress-1.21.jar;C:\Users\ASUS\.m2\repository\org\bouncycastle\bcpkix-jdk15on\1.64\bcpkix-jdk15on-1.64.jar;C:\Users\ASUS\.m2\repository\org\bouncycastle\bcprov-jdk15on\1.64\bcprov-jdk15on-1.64.jar;C:\Users\ASUS\.m2\repository\org\slf4j\jcl-over-slf4j\1.7.30\jcl-over-slf4j-1.7.30.jar;C:\Users\ASUS\.m2\repository\com\github\docker-java\docker-java-transport-httpclient5\3.2.13\docker-java-transport-httpclient5-3.2.13.jar;C:\Users\ASUS\.m2\repository\com\github\docker-java\docker-java-transport\3.2.13\docker-java-transport-3.2.13.jar;C:\Users\ASUS\.m2\repository\net\java\dev\jna\jna\5.8.0\jna-5.8.0.jar;C:\Users\ASUS\.m2\repository\org\brotli\dec\0.1.2\dec-0.1.2.jar;C:\Users\ASUS\.m2\repository\org\apache\httpcomponents\client5\httpclient5\5.1.3\httpclient5-5.1.3.jar;C:\Users\ASUS\.m2\repository\org\apache\httpcomponents\core5\httpcore5\5.1.3\httpcore5-5.1.3.jar;C:\Users\ASUS\.m2\repository\org\apache\httpcomponents\core5\httpcore5-h2\5.1.3\httpcore5-h2-5.1.3.jar;C:\Users\ASUS\.m2\repository\com\jhlabs\filters\2.0.235\filters-2.0.235.jar;C:\Users\ASUS\.m2\repository\com\paulhammant\ngwebdriver\1.1.6\ngwebdriver-1.1.6.jar;C:\Users\ASUS\.m2\repository\joda-time\joda-time\2.8.2\joda-time-2.8.2.jar;C:\Users\ASUS\.m2\repository\org\hamcrest\hamcrest\2.2\hamcrest-2.2.jar;C:\Users\ASUS\.m2\repository\com\google\jimfs\jimfs\1.2\jimfs-1.2.jar;C:\Users\ASUS\.m2\repository\org\mockito\mockito-core\3.3.3\mockito-core-3.3.3.jar;C:\Users\ASUS\.m2\repository\javax\xml\bind\jaxb-api\2.3.1\jaxb-api-2.3.1.jar;C:\Users\ASUS\.m2\repository\javax\activation\javax.activation-api\1.2.0\javax.activation-api-1.2.0.jar;C:\Users\ASUS\.m2\repository\com\sun\xml\bind\jaxb-core\2.3.0.1\jaxb-core-2.3.0.1.jar;C:\Users\ASUS\.m2\repository\com\sun\xml\bind\jaxb-impl\2.3.3\jaxb-impl-2.3.3.jar;C:\Users\ASUS\.m2\repository\jakarta\xml\bind\jakarta.xml.bind-api\2.3.3\jakarta.xml.bind-api-2.3.3.jar;C:\Users\ASUS\.m2\repository\com\sun\activation\jakarta.activation\1.2.2\jakarta.activation-1.2.2.jar;C:\Users\ASUS\.m2\repository\javax\activation\activation\1.1.1\activation-1.1.1.jar;C:\Users\ASUS\.m2\repository\net\serenity-bdd\serenity-cucumber\3.6.12\serenity-cucumber-3.6.12.jar;C:\Users\ASUS\.m2\repository\io\cucumber\cucumber-core\7.11.0\cucumber-core-7.11.0.jar;C:\Users\ASUS\.m2\repository\io\cucumber\cucumber-gherkin\7.11.0\cucumber-gherkin-7.11.0.jar;C:\Users\ASUS\.m2\repository\io\cucumber\cucumber-gherkin-messages\7.11.0\cucumber-gherkin-messages-7.11.0.jar;C:\Users\ASUS\.m2\repository\io\cucumber\gherkin\26.0.3\gherkin-26.0.3.jar;C:\Users\ASUS\.m2\repository\io\cucumber\messages\21.0.1\messages-21.0.1.jar;C:\Users\ASUS\.m2\repository\io\cucumber\tag-expressions\5.0.1\tag-expressions-5.0.1.jar;C:\Users\ASUS\.m2\repository\io\cucumber\cucumber-expressions\16.1.1\cucumber-expressions-16.1.1.jar;C:\Users\ASUS\.m2\repository\io\cucumber\datatable\7.11.0\datatable-7.11.0.jar;C:\Users\ASUS\.m2\repository\io\cucumber\cucumber-plugin\7.11.0\cucumber-plugin-7.11.0.jar;C:\Users\ASUS\.m2\repository\io\cucumber\docstring\7.11.0\docstring-7.11.0.jar;C:\Users\ASUS\.m2\repository\io\cucumber\html-formatter\20.2.1\html-formatter-20.2.1.jar;C:\Users\ASUS\.m2\repository\io\cucumber\junit-xml-formatter\0.1.0\junit-xml-formatter-0.1.0.jar;C:\Users\ASUS\.m2\repository\io\cucumber\ci-environment\9.1.0\ci-environment-9.1.0.jar;C:\Users\ASUS\.m2\repository\io\cucumber\cucumber-java\7.11.0\cucumber-java-7.11.0.jar;C:\Users\ASUS\.m2\repository\io\cucumber\cucumber-junit\7.11.0\cucumber-junit-7.11.0.jar;C:\Users\ASUS\.m2\repository\org\apache\commons\commons-csv\1.5\commons-csv-1.5.jar;C:\Users\ASUS\.m2\repository\net\serenity-bdd\serenity-screenplay\3.6.12\serenity-screenplay-3.6.12.jar;C:\Users\ASUS\.m2\repository\net\serenity-bdd\serenity-screenplay-webdriver\3.6.12\serenity-screenplay-webdriver-3.6.12.jar;C:\Users\ASUS\.m2\repository\net\serenity-bdd\serenity-ensure\3.6.12\serenity-ensure-3.6.12.jar;C:\Users\ASUS\.m2\repository\net\serenity-bdd\serenity-junit\3.6.12\serenity-junit-3.6.12.jar;C:\Users\ASUS\.m2\repository\org\jetbrains\kotlin\kotlin-stdlib\1.7.21\kotlin-stdlib-1.7.21.jar;C:\Users\ASUS\.m2\repository\org\jetbrains\kotlin\kotlin-stdlib-common\1.7.21\kotlin-stdlib-common-1.7.21.jar;C:\Users\ASUS\.m2\repository\org\jetbrains\annotations\13.0\annotations-13.0.jar;C:\Users\ASUS\.m2\repository\org\junit\platform\junit-platform-launcher\1.8.2\junit-platform-launcher-1.8.2.jar;C:\Users\ASUS\.m2\repository\org\junit\platform\junit-platform-engine\1.8.2\junit-platform-engine-1.8.2.jar;C:\Users\ASUS\.m2\repository\org\opentest4j\opentest4j\1.2.0\opentest4j-1.2.0.jar;C:\Users\ASUS\.m2\repository\org\junit\platform\junit-platform-commons\1.8.2\junit-platform-commons-1.8.2.jar;C:\Users\ASUS\.m2\repository\org\apiguardian\apiguardian-api\1.1.2\apiguardian-api-1.1.2.jar;C:\Users\ASUS\.m2\repository\org\junit\jupiter\junit-jupiter-engine\5.8.2\junit-jupiter-engine-5.8.2.jar;C:\Users\ASUS\.m2\repository\org\junit\jupiter\junit-jupiter-api\5.8.2\junit-jupiter-api-5.8.2.jar;C:\Users\ASUS\.m2\repository\org\junit\vintage\junit-vintage-engine\5.8.2\junit-vintage-engine-5.8.2.jar;C:\Users\ASUS\.m2\repository\junit\junit\4.13.2\junit-4.13.2.jar;C:\Users\ASUS\.m2\repository\org\hamcrest\hamcrest-core\1.3\hamcrest-core-1.3.jar;C:\Users\ASUS\.m2\repository\ch\qos\logback\logback-classic\1.2.10\logback-classic-1.2.10.jar;C:\Users\ASUS\.m2\repository\ch\qos\logback\logback-core\1.2.10\logback-core-1.2.10.jar;C:\Users\ASUS\.m2\repository\org\slf4j\slf4j-api\1.7.32\slf4j-api-1.7.32.jar;C:\Users\ASUS\.m2\repository\org\assertj\assertj-core\3.23.1\assertj-core-3.23.1.jar;C:\Users\ASUS\.m2\repository\net\bytebuddy\byte-buddy\1.12.10\byte-buddy-1.12.10.jar;"/>
    <property name="sun.cpu.endian" value="little"/>
    <property name="user.home" value="C:\Users\ASUS"/>
    <property name="user.language" value="en"/>
    <property name="java.specification.vendor" value="Oracle Corporation"/>
    <property name="java.home" value="C:\Program Files\Java\jdk1.8.0_351\jre"/>
    <property name="basedir" value="E:\SEMESTER VI\ALTA\web-automation-saucedemo"/>
    <property name="file.separator" value="\"/>
    <property name="line.separator" value="&#10;"/>
    <property name="java.vm.specification.vendor" value="Oracle Corporation"/>
    <property name="java.specification.name" value="Java Platform API Specification"/>
    <property name="java.awt.graphicsenv" value="sun.awt.Win32GraphicsEnvironment"/>
    <property name="surefire.real.class.path" value="C:\Users\ASUS\AppData\Local\Temp\surefire8264401561621206243\surefirebooter7128147294520618060.jar"/>
    <property name="sun.boot.class.path" value="C:\Program Files\Java\jdk1.8.0_351\jre\lib\resources.jar;C:\Program Files\Java\jdk1.8.0_351\jre\lib\rt.jar;C:\Program Files\Java\jdk1.8.0_351\jre\lib\jsse.jar;C:\Program Files\Java\jdk1.8.0_351\jre\lib\jce.jar;C:\Program Files\Java\jdk1.8.0_351\jre\lib\charsets.jar;C:\Program Files\Java\jdk1.8.0_351\jre\lib\jfr.jar;C:\Program Files\Java\jdk1.8.0_351\jre\classes"/>
    <property name="user.script" value=""/>
    <property name="sun.management.compiler" value="HotSpot 64-Bit Tiered Compilers"/>
    <property name="java.runtime.version" value="1.8.0_351-b10"/>
    <property name="user.name" value="ASUS"/>
    <property name="path.separator" value=";"/>
    <property name="os.version" value="10.0"/>
    <property name="java.endorsed.dirs" value="C:\Program Files\Java\jdk1.8.0_351\jre\lib\endorsed"/>
    <property name="java.runtime.name" value="Java(TM) SE Runtime Environment"/>
    <property name="file.encoding" value="Cp1252"/>
    <property name="webdriver.base.url" value=""/>
    <property name="java.vm.name" value="Java HotSpot(TM) 64-Bit Server VM"/>
    <property name="localRepository" value="C:\Users\ASUS\.m2\repository"/>
    <property name="java.vendor.url.bug" value="http://bugreport.sun.com/bugreport/"/>
    <property name="java.io.tmpdir" value="C:\Users\ASUS\AppData\Local\Temp\"/>
    <property name="java.version" value="1.8.0_351"/>
    <property name="user.dir" value="E:\SEMESTER VI\ALTA\web-automation-saucedemo"/>
    <property name="os.arch" value="amd64"/>
    <property name="java.vm.specification.name" value="Java Virtual Machine Specification"/>
    <property name="java.awt.printerjob" value="sun.awt.windows.WPrinterJob"/>
    <property name="sun.os.patch.level" value=""/>
    <property name="java.library.path" value="C:\Program Files\Java\jdk1.8.0_351\jre\bin;C:\WINDOWS\Sun\Java\bin;C:\WINDOWS\system32;C:\WINDOWS;C:\Program Files (x86)\Common Files\Oracle\Java\javapath;C:\WINDOWS\system32;C:\WINDOWS;C:\WINDOWS\System32\Wbem;C:\WINDOWS\System32\WindowsPowerShell\v1.0\;C:\WINDOWS\System32\OpenSSH\;C:\Program Files\Git\cmd;C:\xampp\php;C:\ProgramData\ComposerSetup\bin;C:\Program Files\nodejs\;C:\Program Files\PuTTY\;C:\Program Files\Docker\Docker\resources\bin;E:\SEMESTER VI\apache-maven-3.9.1\bin;C:\Program Files\Java\jdk1.8.0_351\bin;C:\Program Files\Java\jdk1.8.0_351\bin;C:\Users\ASUS\AppData\Local\Microsoft\WindowsApps;C:\Users\ASUS\AppData\Local\Programs\Microsoft VS Code\bin;C:\flutter\bin;C:\Users\ASUS\AppData\Roaming\Composer\vendor\bin;C:\Users\ASUS\AppData\Roaming\npm;E:\SEMESTER V\Mobile\flutter\bin;;."/>
    <property name="java.vm.info" value="mixed mode"/>
    <property name="java.vendor" value="Oracle Corporation"/>
    <property name="java.vm.version" value="25.351-b10"/>
    <property name="java.specification.maintenance.version" value="4"/>
    <property name="java.ext.dirs" value="C:\Program Files\Java\jdk1.8.0_351\jre\lib\ext;C:\WINDOWS\Sun\Java\lib\ext"/>
    <property name="sun.io.unicode.encoding" value="UnicodeLittle"/>
    <property name="java.class.version" value="52.0"/>
  </properties>
  <testcase name="as user i want to input valid to then i can see success login" classname="As a user" time="9.935">
    <system-out><![CDATA[10:55:53.937 [main] DEBUG net.thucydides.core.guice.Injectors - Created injector for module net.thucydides.core.guice.ThucydidesModule
10:55:54.318 [main] INFO io.cucumber.core.plugin.SerenityReporter - Running feature from file:///E:/SEMESTER%20VI/ALTA/web-automation-saucedemo/src/test/resources/features/web/Login.feature
10:55:54.596 [main] DEBUG net.thucydides.core.guice.Injectors - Created injector for module net.thucydides.core.guice.webdriver.WebDriverModule
10:55:54.627 [main] INFO  - 

-------------------------------------------------------------------------------------
     _______. _______ .______       _______ .__   __.  __  .___________.____    ____ 
    /       ||   ____||   _  \     |   ____||  \ |  | |  | |           |\   \  /   / 
   |   (----`|  |__   |  |_)  |    |  |__   |   \|  | |  | `---|  |----` \   \/   /  
    \   \    |   __|  |      /     |   __|  |  . `  | |  |     |  |       \_    _/   
.----)   |   |  |____ |  |\  \----.|  |____ |  |\   | |  |     |  |         |  |     
|_______/    |_______|| _| `._____||_______||__| \__| |__|     |__|         |__|    
                                                                                     
 News and tutorials at http://www.serenity-bdd.info                                  
 Documentation at https://wakaleo.gitbooks.io/the-serenity-book/content/             
 Join the Serenity Community on Gitter: https://gitter.im/serenity-bdd/serenity-core 
 Serenity BDD Support and Training at http://serenity-bdd.info/#/trainingandsupport  
-------------------------------------------------------------------------------------

10:55:54.630 [main] DEBUG net.thucydides.core.steps.StepEventBus - Test suite started for story net.thucydides.core.model.Story@8b9d5064
10:55:54.632 [main] INFO  - Test Suite Started: As a user
10:55:54.648 [main] INFO io.cucumber.core.plugin.SerenityReporter - Running feature from file:///E:/SEMESTER%20VI/ALTA/web-automation-saucedemo/src/test/resources/features/web/Login.feature
10:55:54.651 [main] DEBUG net.thucydides.core.steps.StepEventBus - Test suite started for story net.thucydides.core.model.Story@8b9d5064
10:55:54.652 [main] INFO  - Test Suite Started: As a user

@PositiveLogin
Scenario: as user i want to input valid to then i can see success login &amp#27;[90m# src/test/resources/features/web/Login.feature:6&amp#27;[0m
10:55:54.777 [main] INFO io.cucumber.core.plugin.SerenityReporter - Running feature from file:///E:/SEMESTER%20VI/ALTA/web-automation-saucedemo/src/test/resources/features/web/Login.feature
10:55:54.931 [main] INFO  - 
  _____   ___   ___   _____     ___   _____     _     ___   _____   ___   ___  
 |_   _| | __| / __| |_   _|   / __| |_   _|   /_\   | _ \ |_   _| | __| |   \ 
   | |   | _|  \__ \   | |     \__ \   | |    / _ \  |   /   | |   | _|  | |) |
   |_|   |___| |___/   |_|     |___/   |_|   /_/ \_\ |_|_\   |_|   |___| |___/ 

as user i want to input valid to then i can see success login(as-a-user;as-user-i-want-to-input-valid-to-then-i-can-see-success-login)
--------------------------------------------------------------------------------
10:55:55.004 [main] DEBUG net.thucydides.core.requirements.FileSystemRequirementsTagProvider - Loading requirements from directory: E:\SEMESTER VI\ALTA\web-automation-saucedemo\src\test\resources\features\web (E:\SEMESTER VI\ALTA\web-automation-saucedemo\src\test\resources\features\web)
10:55:55.004 [main] DEBUG net.thucydides.core.requirements.FileSystemRequirementsTagProvider - Get requirements type for: E:\SEMESTER VI\ALTA\web-automation-saucedemo\src\test\resources\features\web (E:\SEMESTER VI\ALTA\web-automation-saucedemo\src\test\resources\features\web)
10:55:56.008 [main] DEBUG net.thucydides.core.steps.StepInterceptor - STARTING STEP: LoginSteps.userOnLoginPage - onLoginPage
10:55:56.048 [main] INFO net.serenitybdd.core.webdriver.driverproviders.DriverProvider - Using WebDriverManager configuration for chrome
10:55:56.667 [main] DEBUG io.github.bonigarcia.wdm.cache.ResolutionCache - Resolution chrome=112 in cache (valid until 11:00:43 08/04/2023 ICT)
10:55:56.668 [main] DEBUG io.github.bonigarcia.wdm.cache.ResolutionCache - Resolution chrome112=112.0.5615.49 in cache (valid until 03:22:15 09/04/2023 ICT)
10:55:56.668 [main] INFO io.github.bonigarcia.wdm.WebDriverManager - Using chromedriver 112.0.5615.49 (resolved driver for Chrome 112)
10:55:56.688 [main] DEBUG io.github.bonigarcia.wdm.WebDriverManager - Driver chromedriver 112.0.5615.49 found in cache
10:55:56.689 [main] INFO io.github.bonigarcia.wdm.WebDriverManager - Exporting webdriver.chrome.driver as C:\Users\ASUS\.cache\selenium\chromedriver\win32\112.0.5615.49\chromedriver.exe
10:55:56.774 [main] INFO net.serenitybdd.core.webdriver.driverproviders.ChromeDriverProvider - Starting Chrome driver instance with capabilities:
10:55:56.782 [main] INFO net.serenitybdd.core.webdriver.driverproviders.ChromeDriverProvider - Capabilities {acceptInsecureCerts: true, browserName: chrome, goog:chromeOptions: {args: [remote-allow-origins=*, test-type, no-sandbox, ignore-certificate-errors, start-maximized, incognito, disable-infobars, disable-gpu, disable-default-apps, disable-popup-blocking, remote-allow-origins=*, test-type, no-sandbox, ignore-certificate-errors, start-maximized, incognito, disable-infobars, disable-gpu, disable-default-apps, disable-popup-blocking], extensions: []}}
10:55:56.880 [main] DEBUG io.netty.util.internal.logging.InternalLoggerFactory - Using SLF4J as the default logging framework
10:55:56.884 [main] DEBUG io.netty.util.ResourceLeakDetector - -Dio.netty.leakDetection.level: simple
10:55:56.884 [main] DEBUG io.netty.util.ResourceLeakDetector - -Dio.netty.leakDetection.targetRecords: 4
10:55:56.889 [main] DEBUG io.netty.util.ResourceLeakDetectorFactory - Loaded default ResourceLeakDetector: io.netty.util.ResourceLeakDetector@1acb74ad
10:55:56.910 [main] DEBUG io.netty.util.internal.PlatformDependent0 - -Dio.netty.noUnsafe: false
10:55:56.911 [main] DEBUG io.netty.util.internal.PlatformDependent0 - Java version: 8
10:55:56.912 [main] DEBUG io.netty.util.internal.PlatformDependent0 - sun.misc.Unsafe.theUnsafe: available
10:55:56.912 [main] DEBUG io.netty.util.internal.PlatformDependent0 - sun.misc.Unsafe.copyMemory: available
10:55:56.913 [main] DEBUG io.netty.util.internal.PlatformDependent0 - sun.misc.Unsafe.storeFence: available
10:55:56.913 [main] DEBUG io.netty.util.internal.PlatformDependent0 - java.nio.Buffer.address: available
10:55:56.914 [main] DEBUG io.netty.util.internal.PlatformDependent0 - direct buffer constructor: available
10:55:56.915 [main] DEBUG io.netty.util.internal.PlatformDependent0 - java.nio.Bits.unaligned: available, true
10:55:56.915 [main] DEBUG io.netty.util.internal.PlatformDependent0 - jdk.internal.misc.Unsafe.allocateUninitializedArray(int): unavailable prior to Java9
10:55:56.915 [main] DEBUG io.netty.util.internal.PlatformDependent0 - java.nio.DirectByteBuffer.<init>(long, int): available
10:55:56.915 [main] DEBUG io.netty.util.internal.PlatformDependent - sun.misc.Unsafe: available
10:55:56.916 [main] DEBUG io.netty.util.internal.PlatformDependent - -Dio.netty.tmpdir: C:\Users\ASUS\AppData\Local\Temp (java.io.tmpdir)
10:55:56.916 [main] DEBUG io.netty.util.internal.PlatformDependent - -Dio.netty.bitMode: 64 (sun.arch.data.model)
10:55:56.916 [main] DEBUG io.netty.util.internal.PlatformDependent - Platform: Windows
10:55:56.917 [main] DEBUG io.netty.util.internal.PlatformDependent - -Dio.netty.maxDirectMemory: 2375024640 bytes
10:55:56.918 [main] DEBUG io.netty.util.internal.PlatformDependent - -Dio.netty.uninitializedArrayAllocationThreshold: -1
10:55:56.919 [main] DEBUG io.netty.util.internal.CleanerJava6 - java.nio.ByteBuffer.cleaner(): available
10:55:56.919 [main] DEBUG io.netty.util.internal.PlatformDependent - -Dio.netty.noPreferDirect: false
10:55:56.928 [main] DEBUG io.netty.util.internal.PlatformDependent - org.jctools-core.MpscChunkedArrayQueue: available
10:55:56.956 [main] DEBUG io.netty.util.internal.InternalThreadLocalMap - -Dio.netty.threadLocalMap.stringBuilder.initialSize: 1024
10:55:56.956 [main] DEBUG io.netty.util.internal.InternalThreadLocalMap - -Dio.netty.threadLocalMap.stringBuilder.maxSize: 4096
10:55:57.071 [main] DEBUG io.netty.handler.ssl.JdkSslContext - Default protocols (JDK): [TLSv1.3, TLSv1.2] 
10:55:57.071 [main] DEBUG io.netty.handler.ssl.JdkSslContext - Default cipher suites (JDK): [TLS_ECDHE_ECDSA_WITH_AES_256_GCM_SHA384, TLS_ECDHE_ECDSA_WITH_AES_128_GCM_SHA256, TLS_ECDHE_RSA_WITH_AES_128_GCM_SHA256, TLS_ECDHE_RSA_WITH_AES_256_GCM_SHA384, TLS_ECDHE_RSA_WITH_AES_128_CBC_SHA, TLS_ECDHE_RSA_WITH_AES_256_CBC_SHA, TLS_RSA_WITH_AES_128_GCM_SHA256, TLS_RSA_WITH_AES_128_CBC_SHA, TLS_RSA_WITH_AES_256_CBC_SHA, TLS_AES_128_GCM_SHA256, TLS_AES_256_GCM_SHA384]
10:55:57.106 [main] DEBUG io.netty.channel.MultithreadEventLoopGroup - -Dio.netty.eventLoopThreads: 4
10:55:57.116 [main] DEBUG io.netty.channel.nio.NioEventLoop - -Dio.netty.noKeySetOptimization: false
10:55:57.116 [main] DEBUG io.netty.channel.nio.NioEventLoop - -Dio.netty.selectorAutoRebuildThreshold: 512
10:55:57.155 [main] DEBUG io.netty.buffer.PooledByteBufAllocator - -Dio.netty.allocator.numHeapArenas: 4
10:55:57.155 [main] DEBUG io.netty.buffer.PooledByteBufAllocator - -Dio.netty.allocator.numDirectArenas: 4
10:55:57.156 [main] DEBUG io.netty.buffer.PooledByteBufAllocator - -Dio.netty.allocator.pageSize: 8192
10:55:57.156 [main] DEBUG io.netty.buffer.PooledByteBufAllocator - -Dio.netty.allocator.maxOrder: 9
10:55:57.156 [main] DEBUG io.netty.buffer.PooledByteBufAllocator - -Dio.netty.allocator.chunkSize: 4194304
10:55:57.156 [main] DEBUG io.netty.buffer.PooledByteBufAllocator - -Dio.netty.allocator.smallCacheSize: 256
10:55:57.156 [main] DEBUG io.netty.buffer.PooledByteBufAllocator - -Dio.netty.allocator.normalCacheSize: 64
10:55:57.156 [main] DEBUG io.netty.buffer.PooledByteBufAllocator - -Dio.netty.allocator.maxCachedBufferCapacity: 32768
10:55:57.156 [main] DEBUG io.netty.buffer.PooledByteBufAllocator - -Dio.netty.allocator.cacheTrimInterval: 8192
10:55:57.156 [main] DEBUG io.netty.buffer.PooledByteBufAllocator - -Dio.netty.allocator.cacheTrimIntervalMillis: 0
10:55:57.156 [main] DEBUG io.netty.buffer.PooledByteBufAllocator - -Dio.netty.allocator.useCacheForAllThreads: false
10:55:57.156 [main] DEBUG io.netty.buffer.PooledByteBufAllocator - -Dio.netty.allocator.maxCachedByteBuffersPerChunk: 1023
10:55:57.169 [main] DEBUG io.netty.buffer.ByteBufUtil - -Dio.netty.allocator.type: pooled
10:55:57.169 [main] DEBUG io.netty.buffer.ByteBufUtil - -Dio.netty.threadLocalDirectBufferSize: 0
10:55:57.169 [main] DEBUG io.netty.buffer.ByteBufUtil - -Dio.netty.maxThreadLocalCharBufferSize: 16384
10:55:57.499 [Forwarding newSession on session null to remote] DEBUG io.netty.channel.DefaultChannelId - -Dio.netty.processId: 8800 (auto-detected)
10:55:57.502 [Forwarding newSession on session null to remote] DEBUG io.netty.util.NetUtil - -Djava.net.preferIPv4Stack: false
10:55:57.502 [Forwarding newSession on session null to remote] DEBUG io.netty.util.NetUtil - -Djava.net.preferIPv6Addresses: false
10:55:57.612 [Forwarding newSession on session null to remote] DEBUG io.netty.util.NetUtilInitializations - Loopback interface: lo (Software Loopback Interface 1, 127.0.0.1)
10:55:57.613 [Forwarding newSession on session null to remote] DEBUG io.netty.util.NetUtil - Failed to get SOMAXCONN from sysctl and file \proc\sys\net\core\somaxconn. Default: 200
10:55:57.622 [Forwarding newSession on session null to remote] DEBUG io.netty.channel.DefaultChannelId - -Dio.netty.machineId: 54:8d:5a:ff:fe:ae:8d:f5 (auto-detected)
10:55:57.686 [AsyncHttpClient-1-2] DEBUG io.netty.buffer.AbstractByteBuf - -Dio.netty.buffer.checkAccessible: true
10:55:57.686 [AsyncHttpClient-1-2] DEBUG io.netty.buffer.AbstractByteBuf - -Dio.netty.buffer.checkBounds: true
10:55:57.686 [AsyncHttpClient-1-2] DEBUG io.netty.util.ResourceLeakDetectorFactory - Loaded default ResourceLeakDetector: io.netty.util.ResourceLeakDetector@19f43e37
10:55:57.703 [AsyncHttpClient-1-2] DEBUG org.asynchttpclient.netty.channel.NettyConnectListener - Using new Channel '[id: 0xf468d3c8, L:/127.0.0.1:51828 - R:localhost/127.0.0.1:37975]' for 'POST' to '/session'
10:55:57.724 [AsyncHttpClient-1-2] DEBUG io.netty.util.Recycler - -Dio.netty.recycler.maxCapacityPerThread: 4096
10:55:57.724 [AsyncHttpClient-1-2] DEBUG io.netty.util.Recycler - -Dio.netty.recycler.ratio: 8
10:55:57.724 [AsyncHttpClient-1-2] DEBUG io.netty.util.Recycler - -Dio.netty.recycler.chunkSize: 32
10:55:57.724 [AsyncHttpClient-1-2] DEBUG io.netty.util.Recycler - -Dio.netty.recycler.blocking: false
10:55:58.706 [AsyncHttpClient-1-2] DEBUG io.netty.handler.codec.compression.Brotli - brotli4j not in the classpath; Brotli support will be unavailable.
10:55:58.707 [AsyncHttpClient-1-2] DEBUG org.asynchttpclient.netty.handler.HttpHandler - 

Request DefaultHttpRequest(decodeResult: success, version: HTTP/1.1)
POST /session HTTP/1.1
User-Agent: selenium/4.8.0 (java windows)
Content-Length: 1629
Content-Type: application/json; charset=utf-8
host: localhost:37975
accept: */*

Response DefaultHttpResponse(decodeResult: success, version: HTTP/1.1)
HTTP/1.1 200 OK
Content-Length: 857
Content-Type: application/json; charset=utf-8
cache-control: no-cache

10:55:58.716 [AsyncHttpClient-1-2] DEBUG org.asynchttpclient.netty.channel.ChannelManager - Adding key: http://localhost:37975 for channel [id: 0xf468d3c8, L:/127.0.0.1:51828 - R:localhost/127.0.0.1:37975]
10:55:58.799 [AsyncHttpClient-1-3] DEBUG org.asynchttpclient.netty.channel.NettyConnectListener - Using new Channel '[id: 0x432b31bd, L:/127.0.0.1:51836 - R:localhost/127.0.0.1:51830]' for 'GET' to '/json/version'
10:55:58.802 [AsyncHttpClient-1-3] DEBUG org.asynchttpclient.netty.handler.HttpHandler - 

Request DefaultFullHttpRequest(decodeResult: success, version: HTTP/1.1, content: EmptyByteBufBE)
GET /json/version HTTP/1.1
User-Agent: selenium/4.8.0 (java windows)
host: localhost:51830
accept: */*

Response DefaultHttpResponse(decodeResult: success, version: HTTP/1.1)
HTTP/1.1 200 OK
Content-Security-Policy: frame-ancestors 'none'
Content-Length: 422
Content-Type: application/json; charset=UTF-8

10:55:58.802 [AsyncHttpClient-1-3] DEBUG org.asynchttpclient.netty.channel.ChannelManager - Adding key: http://localhost:51830 for channel [id: 0x432b31bd, L:/127.0.0.1:51836 - R:localhost/127.0.0.1:51830]
10:55:58.813 [main] DEBUG io.netty.util.internal.ThreadLocalRandom - -Dio.netty.initialSeedUniquifier: 0xc7790dde71390229
10:55:58.821 [AsyncHttpClient-1-4] DEBUG org.asynchttpclient.netty.channel.NettyConnectListener - Using new Channel '[id: 0x18f1fe1d, L:/127.0.0.1:51837 - R:localhost/127.0.0.1:51830]' for 'GET' to '/devtools/browser/4c4da629-df8c-4fbe-876c-36361bd9836c'
10:55:58.827 [AsyncHttpClient-1-4] DEBUG org.asynchttpclient.netty.handler.WebSocketHandler - 

Request DefaultFullHttpRequest(decodeResult: success, version: HTTP/1.1, content: EmptyByteBufBE)
GET /devtools/browser/4c4da629-df8c-4fbe-876c-36361bd9836c HTTP/1.1
upgrade: websocket
connection: upgrade
sec-websocket-key: Ux/LUvBGI0M1xGqs7gaOrQ==
sec-websocket-version: 13
origin: http://localhost:51830
host: localhost:51830
accept: */*
user-agent: AHC/2.1

Response DefaultHttpResponse(decodeResult: success, version: HTTP/1.1)
HTTP/1.1 101 WebSocket Protocol Handshake
Upgrade: WebSocket
Connection: Upgrade
Sec-WebSocket-Accept: SRWHBDT4W+EcLcJ/AxqWtrdKphQ=

10:55:58.933 [Forwarding get on session 8b12d78cbe4338026ac35fb8f0accbf5 to remote] DEBUG org.asynchttpclient.netty.request.NettyRequestSender - Using pooled Channel '[id: 0xf468d3c8, L:/127.0.0.1:51828 - R:localhost/127.0.0.1:37975]' for 'POST' to 'http://localhost:37975/session/8b12d78cbe4338026ac35fb8f0accbf5/url'
10:55:58.933 [Forwarding get on session 8b12d78cbe4338026ac35fb8f0accbf5 to remote] DEBUG org.asynchttpclient.netty.request.NettyRequestSender - Using open Channel [id: 0xf468d3c8, L:/127.0.0.1:51828 - R:localhost/127.0.0.1:37975] for POST '/session/8b12d78cbe4338026ac35fb8f0accbf5/url'
10:55:59.265 [AsyncHttpClient-1-1] DEBUG org.asynchttpclient.netty.channel.DefaultChannelPool - Entry count for : http://localhost:51830 : 1
10:55:59.508 [AsyncHttpClient-1-2] DEBUG org.asynchttpclient.netty.handler.HttpHandler - 

Request DefaultHttpRequest(decodeResult: success, version: HTTP/1.1)
POST /session/8b12d78cbe4338026ac35fb8f0accbf5/url HTTP/1.1
User-Agent: selenium/4.8.0 (java windows)
Content-Length: 56
Content-Type: application/json; charset=utf-8
host: localhost:37975
accept: */*

Response DefaultHttpResponse(decodeResult: success, version: HTTP/1.1)
HTTP/1.1 200 OK
Content-Length: 14
Content-Type: application/json; charset=utf-8
cache-control: no-cache

10:55:59.508 [AsyncHttpClient-1-2] DEBUG org.asynchttpclient.netty.channel.ChannelManager - Adding key: http://localhost:37975 for channel [id: 0xf468d3c8, L:/127.0.0.1:51828 - R:localhost/127.0.0.1:37975]
10:55:59.515 [Forwarding setTimeout on session 8b12d78cbe4338026ac35fb8f0accbf5 to remote] DEBUG org.asynchttpclient.netty.request.NettyRequestSender - Using pooled Channel '[id: 0xf468d3c8, L:/127.0.0.1:51828 - R:localhost/127.0.0.1:37975]' for 'POST' to 'http://localhost:37975/session/8b12d78cbe4338026ac35fb8f0accbf5/timeouts'
10:55:59.516 [Forwarding setTimeout on session 8b12d78cbe4338026ac35fb8f0accbf5 to remote] DEBUG org.asynchttpclient.netty.request.NettyRequestSender - Using open Channel [id: 0xf468d3c8, L:/127.0.0.1:51828 - R:localhost/127.0.0.1:37975] for POST '/session/8b12d78cbe4338026ac35fb8f0accbf5/timeouts'
10:55:59.518 [AsyncHttpClient-1-2] DEBUG org.asynchttpclient.netty.handler.HttpHandler - 

Request DefaultHttpRequest(decodeResult: success, version: HTTP/1.1)
POST /session/8b12d78cbe4338026ac35fb8f0accbf5/timeouts HTTP/1.1
User-Agent: selenium/4.8.0 (java windows)
Content-Length: 22
Content-Type: application/json; charset=utf-8
host: localhost:37975
accept: */*

Response DefaultHttpResponse(decodeResult: success, version: HTTP/1.1)
HTTP/1.1 200 OK
Content-Length: 14
Content-Type: application/json; charset=utf-8
cache-control: no-cache

10:55:59.521 [AsyncHttpClient-1-2] DEBUG org.asynchttpclient.netty.channel.ChannelManager - Adding key: http://localhost:37975 for channel [id: 0xf468d3c8, L:/127.0.0.1:51828 - R:localhost/127.0.0.1:37975]
10:55:59.535 [Forwarding getCurrentUrl on session 8b12d78cbe4338026ac35fb8f0accbf5 to remote] DEBUG org.asynchttpclient.netty.request.NettyRequestSender - Using pooled Channel '[id: 0xf468d3c8, L:/127.0.0.1:51828 - R:localhost/127.0.0.1:37975]' for 'GET' to 'http://localhost:37975/session/8b12d78cbe4338026ac35fb8f0accbf5/url'
10:55:59.535 [Forwarding getCurrentUrl on session 8b12d78cbe4338026ac35fb8f0accbf5 to remote] DEBUG org.asynchttpclient.netty.request.NettyRequestSender - Using open Channel [id: 0xf468d3c8, L:/127.0.0.1:51828 - R:localhost/127.0.0.1:37975] for GET '/session/8b12d78cbe4338026ac35fb8f0accbf5/url'
10:55:59.548 [AsyncHttpClient-1-2] DEBUG org.asynchttpclient.netty.handler.HttpHandler - 

Request DefaultFullHttpRequest(decodeResult: success, version: HTTP/1.1, content: EmptyByteBufBE)
GET /session/8b12d78cbe4338026ac35fb8f0accbf5/url HTTP/1.1
User-Agent: selenium/4.8.0 (java windows)
Cache-Control: no-cache
Content-Type: application/json; charset=utf-8
host: localhost:37975
accept: */*

Response DefaultHttpResponse(decodeResult: success, version: HTTP/1.1)
HTTP/1.1 200 OK
Content-Length: 38
Content-Type: application/json; charset=utf-8
cache-control: no-cache

10:55:59.549 [AsyncHttpClient-1-2] DEBUG org.asynchttpclient.netty.channel.ChannelManager - Adding key: http://localhost:37975 for channel [id: 0xf468d3c8, L:/127.0.0.1:51828 - R:localhost/127.0.0.1:37975]
10:55:59.558 [Forwarding getCurrentUrl on session 8b12d78cbe4338026ac35fb8f0accbf5 to remote] DEBUG org.asynchttpclient.netty.request.NettyRequestSender - Using pooled Channel '[id: 0xf468d3c8, L:/127.0.0.1:51828 - R:localhost/127.0.0.1:37975]' for 'GET' to 'http://localhost:37975/session/8b12d78cbe4338026ac35fb8f0accbf5/url'
10:55:59.558 [Forwarding getCurrentUrl on session 8b12d78cbe4338026ac35fb8f0accbf5 to remote] DEBUG org.asynchttpclient.netty.request.NettyRequestSender - Using open Channel [id: 0xf468d3c8, L:/127.0.0.1:51828 - R:localhost/127.0.0.1:37975] for GET '/session/8b12d78cbe4338026ac35fb8f0accbf5/url'
10:55:59.567 [AsyncHttpClient-1-2] DEBUG org.asynchttpclient.netty.handler.HttpHandler - 

Request DefaultFullHttpRequest(decodeResult: success, version: HTTP/1.1, content: EmptyByteBufBE)
GET /session/8b12d78cbe4338026ac35fb8f0accbf5/url HTTP/1.1
User-Agent: selenium/4.8.0 (java windows)
Cache-Control: no-cache
Content-Type: application/json; charset=utf-8
host: localhost:37975
accept: */*

Response DefaultHttpResponse(decodeResult: success, version: HTTP/1.1)
HTTP/1.1 200 OK
Content-Length: 38
Content-Type: application/json; charset=utf-8
cache-control: no-cache

10:55:59.568 [AsyncHttpClient-1-2] DEBUG org.asynchttpclient.netty.channel.ChannelManager - Adding key: http://localhost:37975 for channel [id: 0xf468d3c8, L:/127.0.0.1:51828 - R:localhost/127.0.0.1:37975]
10:55:59.589 [Forwarding findElement on session 8b12d78cbe4338026ac35fb8f0accbf5 to remote] DEBUG org.asynchttpclient.netty.request.NettyRequestSender - Using pooled Channel '[id: 0xf468d3c8, L:/127.0.0.1:51828 - R:localhost/127.0.0.1:37975]' for 'POST' to 'http://localhost:37975/session/8b12d78cbe4338026ac35fb8f0accbf5/element'
10:55:59.589 [Forwarding findElement on session 8b12d78cbe4338026ac35fb8f0accbf5 to remote] DEBUG org.asynchttpclient.netty.request.NettyRequestSender - Using open Channel [id: 0xf468d3c8, L:/127.0.0.1:51828 - R:localhost/127.0.0.1:37975] for POST '/session/8b12d78cbe4338026ac35fb8f0accbf5/element'
10:55:59.604 [AsyncHttpClient-1-2] DEBUG org.asynchttpclient.netty.handler.HttpHandler - 

Request DefaultHttpRequest(decodeResult: success, version: HTTP/1.1)
POST /session/8b12d78cbe4338026ac35fb8f0accbf5/element HTTP/1.1
User-Agent: selenium/4.8.0 (java windows)
Content-Length: 59
Content-Type: application/json; charset=utf-8
host: localhost:37975
accept: */*

Response DefaultHttpResponse(decodeResult: success, version: HTTP/1.1)
HTTP/1.1 200 OK
Content-Length: 88
Content-Type: application/json; charset=utf-8
cache-control: no-cache

10:55:59.605 [AsyncHttpClient-1-2] DEBUG org.asynchttpclient.netty.channel.ChannelManager - Adding key: http://localhost:37975 for channel [id: 0xf468d3c8, L:/127.0.0.1:51828 - R:localhost/127.0.0.1:37975]
10:55:59.628 [Forwarding isElementDisplayed on session 8b12d78cbe4338026ac35fb8f0accbf5 to remote] DEBUG org.asynchttpclient.netty.request.NettyRequestSender - Using pooled Channel '[id: 0xf468d3c8, L:/127.0.0.1:51828 - R:localhost/127.0.0.1:37975]' for 'POST' to 'http://localhost:37975/session/8b12d78cbe4338026ac35fb8f0accbf5/execute/sync'
10:55:59.628 [Forwarding isElementDisplayed on session 8b12d78cbe4338026ac35fb8f0accbf5 to remote] DEBUG org.asynchttpclient.netty.request.NettyRequestSender - Using open Channel [id: 0xf468d3c8, L:/127.0.0.1:51828 - R:localhost/127.0.0.1:37975] for POST '/session/8b12d78cbe4338026ac35fb8f0accbf5/execute/sync'
10:55:59.647 [AsyncHttpClient-1-2] DEBUG org.asynchttpclient.netty.handler.HttpHandler - 

Request DefaultHttpRequest(decodeResult: success, version: HTTP/1.1)
POST /session/8b12d78cbe4338026ac35fb8f0accbf5/execute/sync HTTP/1.1
User-Agent: selenium/4.8.0 (java windows)
Content-Length: 48807
Content-Type: application/json; charset=utf-8
host: localhost:37975
accept: */*

Response DefaultHttpResponse(decodeResult: success, version: HTTP/1.1)
HTTP/1.1 200 OK
Content-Length: 14
Content-Type: application/json; charset=utf-8
cache-control: no-cache

10:55:59.647 [AsyncHttpClient-1-2] DEBUG org.asynchttpclient.netty.channel.ChannelManager - Adding key: http://localhost:37975 for channel [id: 0xf468d3c8, L:/127.0.0.1:51828 - R:localhost/127.0.0.1:37975]
10:55:59.654 [Forwarding isElementDisplayed on session 8b12d78cbe4338026ac35fb8f0accbf5 to remote] DEBUG org.asynchttpclient.netty.request.NettyRequestSender - Using pooled Channel '[id: 0xf468d3c8, L:/127.0.0.1:51828 - R:localhost/127.0.0.1:37975]' for 'POST' to 'http://localhost:37975/session/8b12d78cbe4338026ac35fb8f0accbf5/execute/sync'
10:55:59.654 [Forwarding isElementDisplayed on session 8b12d78cbe4338026ac35fb8f0accbf5 to remote] DEBUG org.asynchttpclient.netty.request.NettyRequestSender - Using open Channel [id: 0xf468d3c8, L:/127.0.0.1:51828 - R:localhost/127.0.0.1:37975] for POST '/session/8b12d78cbe4338026ac35fb8f0accbf5/execute/sync'
10:55:59.670 [AsyncHttpClient-1-2] DEBUG org.asynchttpclient.netty.handler.HttpHandler - 

Request DefaultHttpRequest(decodeResult: success, version: HTTP/1.1)
POST /session/8b12d78cbe4338026ac35fb8f0accbf5/execute/sync HTTP/1.1
User-Agent: selenium/4.8.0 (java windows)
Content-Length: 48807
Content-Type: application/json; charset=utf-8
host: localhost:37975
accept: */*

Response DefaultHttpResponse(decodeResult: success, version: HTTP/1.1)
HTTP/1.1 200 OK
Content-Length: 14
Content-Type: application/json; charset=utf-8
cache-control: no-cache

10:55:59.670 [AsyncHttpClient-1-2] DEBUG org.asynchttpclient.netty.channel.ChannelManager - Adding key: http://localhost:37975 for channel [id: 0xf468d3c8, L:/127.0.0.1:51828 - R:localhost/127.0.0.1:37975]
10:55:59.704 [main] DEBUG net.thucydides.core.steps.StepInterceptor - STEP DONE: onLoginPage
  &amp#27;[32mGiven &amp#27;[0m&amp#27;[32muser on login page&amp#27;[0m                                              &amp#27;[90m# starter.stepdefinitions.LoginSteps.userOnLoginPage()&amp#27;[0m
10:55:59.738 [main] DEBUG net.thucydides.core.steps.StepInterceptor - STARTING STEP: LoginSteps.userInputValidUsername - inputUserName
10:55:59.747 [Forwarding findElement on session 8b12d78cbe4338026ac35fb8f0accbf5 to remote] DEBUG org.asynchttpclient.netty.request.NettyRequestSender - Using pooled Channel '[id: 0xf468d3c8, L:/127.0.0.1:51828 - R:localhost/127.0.0.1:37975]' for 'POST' to 'http://localhost:37975/session/8b12d78cbe4338026ac35fb8f0accbf5/element'
10:55:59.748 [Forwarding findElement on session 8b12d78cbe4338026ac35fb8f0accbf5 to remote] DEBUG org.asynchttpclient.netty.request.NettyRequestSender - Using open Channel [id: 0xf468d3c8, L:/127.0.0.1:51828 - R:localhost/127.0.0.1:37975] for POST '/session/8b12d78cbe4338026ac35fb8f0accbf5/element'
10:55:59.757 [AsyncHttpClient-1-2] DEBUG org.asynchttpclient.netty.handler.HttpHandler - 

Request DefaultHttpRequest(decodeResult: success, version: HTTP/1.1)
POST /session/8b12d78cbe4338026ac35fb8f0accbf5/element HTTP/1.1
User-Agent: selenium/4.8.0 (java windows)
Content-Length: 56
Content-Type: application/json; charset=utf-8
host: localhost:37975
accept: */*

Response DefaultHttpResponse(decodeResult: success, version: HTTP/1.1)
HTTP/1.1 200 OK
Content-Length: 88
Content-Type: application/json; charset=utf-8
cache-control: no-cache

10:55:59.758 [AsyncHttpClient-1-2] DEBUG org.asynchttpclient.netty.channel.ChannelManager - Adding key: http://localhost:37975 for channel [id: 0xf468d3c8, L:/127.0.0.1:51828 - R:localhost/127.0.0.1:37975]
10:55:59.764 [Forwarding clearElement on session 8b12d78cbe4338026ac35fb8f0accbf5 to remote] DEBUG org.asynchttpclient.netty.request.NettyRequestSender - Using pooled Channel '[id: 0xf468d3c8, L:/127.0.0.1:51828 - R:localhost/127.0.0.1:37975]' for 'POST' to 'http://localhost:37975/session/8b12d78cbe4338026ac35fb8f0accbf5/element/8be6b730-0e1f-42de-a406-a9f6e5b6d0d8/clear'
10:55:59.765 [Forwarding clearElement on session 8b12d78cbe4338026ac35fb8f0accbf5 to remote] DEBUG org.asynchttpclient.netty.request.NettyRequestSender - Using open Channel [id: 0xf468d3c8, L:/127.0.0.1:51828 - R:localhost/127.0.0.1:37975] for POST '/session/8b12d78cbe4338026ac35fb8f0accbf5/element/8be6b730-0e1f-42de-a406-a9f6e5b6d0d8/clear'
10:55:59.800 [AsyncHttpClient-1-2] DEBUG org.asynchttpclient.netty.handler.HttpHandler - 

Request DefaultHttpRequest(decodeResult: success, version: HTTP/1.1)
POST /session/8b12d78cbe4338026ac35fb8f0accbf5/element/8be6b730-0e1f-42de-a406-a9f6e5b6d0d8/clear HTTP/1.1
User-Agent: selenium/4.8.0 (java windows)
Content-Length: 50
Content-Type: application/json; charset=utf-8
host: localhost:37975
accept: */*

Response DefaultHttpResponse(decodeResult: success, version: HTTP/1.1)
HTTP/1.1 200 OK
Content-Length: 14
Content-Type: application/json; charset=utf-8
cache-control: no-cache

10:55:59.800 [AsyncHttpClient-1-2] DEBUG org.asynchttpclient.netty.channel.ChannelManager - Adding key: http://localhost:37975 for channel [id: 0xf468d3c8, L:/127.0.0.1:51828 - R:localhost/127.0.0.1:37975]
10:55:59.805 [Forwarding sendKeysToElement on session 8b12d78cbe4338026ac35fb8f0accbf5 to remote] DEBUG org.asynchttpclient.netty.request.NettyRequestSender - Using pooled Channel '[id: 0xf468d3c8, L:/127.0.0.1:51828 - R:localhost/127.0.0.1:37975]' for 'POST' to 'http://localhost:37975/session/8b12d78cbe4338026ac35fb8f0accbf5/element/8be6b730-0e1f-42de-a406-a9f6e5b6d0d8/value'
10:55:59.805 [Forwarding sendKeysToElement on session 8b12d78cbe4338026ac35fb8f0accbf5 to remote] DEBUG org.asynchttpclient.netty.request.NettyRequestSender - Using open Channel [id: 0xf468d3c8, L:/127.0.0.1:51828 - R:localhost/127.0.0.1:37975] for POST '/session/8b12d78cbe4338026ac35fb8f0accbf5/element/8be6b730-0e1f-42de-a406-a9f6e5b6d0d8/value'
10:55:59.894 [AsyncHttpClient-1-2] DEBUG org.asynchttpclient.netty.handler.HttpHandler - 

Request DefaultHttpRequest(decodeResult: success, version: HTTP/1.1)
POST /session/8b12d78cbe4338026ac35fb8f0accbf5/element/8be6b730-0e1f-42de-a406-a9f6e5b6d0d8/value HTTP/1.1
User-Agent: selenium/4.8.0 (java windows)
Content-Length: 211
Content-Type: application/json; charset=utf-8
host: localhost:37975
accept: */*

Response DefaultHttpResponse(decodeResult: success, version: HTTP/1.1)
HTTP/1.1 200 OK
Content-Length: 14
Content-Type: application/json; charset=utf-8
cache-control: no-cache

10:55:59.894 [AsyncHttpClient-1-2] DEBUG org.asynchttpclient.netty.channel.ChannelManager - Adding key: http://localhost:37975 for channel [id: 0xf468d3c8, L:/127.0.0.1:51828 - R:localhost/127.0.0.1:37975]
10:55:59.908 [main] DEBUG net.thucydides.core.steps.StepInterceptor - STEP DONE: inputUserName
  &amp#27;[32mWhen &amp#27;[0m&amp#27;[32muser input valid username&amp#27;[0m                                        &amp#27;[90m# starter.stepdefinitions.LoginSteps.userInputValidUsername()&amp#27;[0m
10:55:59.927 [main] DEBUG net.thucydides.core.steps.StepInterceptor - STARTING STEP: LoginSteps.userInputValidPassword - inputPassword
10:55:59.935 [Forwarding findElement on session 8b12d78cbe4338026ac35fb8f0accbf5 to remote] DEBUG org.asynchttpclient.netty.request.NettyRequestSender - Using pooled Channel '[id: 0xf468d3c8, L:/127.0.0.1:51828 - R:localhost/127.0.0.1:37975]' for 'POST' to 'http://localhost:37975/session/8b12d78cbe4338026ac35fb8f0accbf5/element'
10:55:59.935 [Forwarding findElement on session 8b12d78cbe4338026ac35fb8f0accbf5 to remote] DEBUG org.asynchttpclient.netty.request.NettyRequestSender - Using open Channel [id: 0xf468d3c8, L:/127.0.0.1:51828 - R:localhost/127.0.0.1:37975] for POST '/session/8b12d78cbe4338026ac35fb8f0accbf5/element'
10:55:59.976 [AsyncHttpClient-1-2] DEBUG org.asynchttpclient.netty.handler.HttpHandler - 

Request DefaultHttpRequest(decodeResult: success, version: HTTP/1.1)
POST /session/8b12d78cbe4338026ac35fb8f0accbf5/element HTTP/1.1
User-Agent: selenium/4.8.0 (java windows)
Content-Length: 53
Content-Type: application/json; charset=utf-8
host: localhost:37975
accept: */*

Response DefaultHttpResponse(decodeResult: success, version: HTTP/1.1)
HTTP/1.1 200 OK
Content-Length: 88
Content-Type: application/json; charset=utf-8
cache-control: no-cache

10:55:59.976 [AsyncHttpClient-1-2] DEBUG org.asynchttpclient.netty.channel.ChannelManager - Adding key: http://localhost:37975 for channel [id: 0xf468d3c8, L:/127.0.0.1:51828 - R:localhost/127.0.0.1:37975]
10:55:59.980 [Forwarding clearElement on session 8b12d78cbe4338026ac35fb8f0accbf5 to remote] DEBUG org.asynchttpclient.netty.request.NettyRequestSender - Using pooled Channel '[id: 0xf468d3c8, L:/127.0.0.1:51828 - R:localhost/127.0.0.1:37975]' for 'POST' to 'http://localhost:37975/session/8b12d78cbe4338026ac35fb8f0accbf5/element/5f555f22-b627-461a-981a-ef82860b1291/clear'
10:55:59.980 [Forwarding clearElement on session 8b12d78cbe4338026ac35fb8f0accbf5 to remote] DEBUG org.asynchttpclient.netty.request.NettyRequestSender - Using open Channel [id: 0xf468d3c8, L:/127.0.0.1:51828 - R:localhost/127.0.0.1:37975] for POST '/session/8b12d78cbe4338026ac35fb8f0accbf5/element/5f555f22-b627-461a-981a-ef82860b1291/clear'
10:56:00.022 [AsyncHttpClient-1-2] DEBUG org.asynchttpclient.netty.handler.HttpHandler - 

Request DefaultHttpRequest(decodeResult: success, version: HTTP/1.1)
POST /session/8b12d78cbe4338026ac35fb8f0accbf5/element/5f555f22-b627-461a-981a-ef82860b1291/clear HTTP/1.1
User-Agent: selenium/4.8.0 (java windows)
Content-Length: 50
Content-Type: application/json; charset=utf-8
host: localhost:37975
accept: */*

Response DefaultHttpResponse(decodeResult: success, version: HTTP/1.1)
HTTP/1.1 200 OK
Content-Length: 14
Content-Type: application/json; charset=utf-8
cache-control: no-cache

10:56:00.022 [AsyncHttpClient-1-2] DEBUG org.asynchttpclient.netty.channel.ChannelManager - Adding key: http://localhost:37975 for channel [id: 0xf468d3c8, L:/127.0.0.1:51828 - R:localhost/127.0.0.1:37975]
10:56:00.025 [Forwarding sendKeysToElement on session 8b12d78cbe4338026ac35fb8f0accbf5 to remote] DEBUG org.asynchttpclient.netty.request.NettyRequestSender - Using pooled Channel '[id: 0xf468d3c8, L:/127.0.0.1:51828 - R:localhost/127.0.0.1:37975]' for 'POST' to 'http://localhost:37975/session/8b12d78cbe4338026ac35fb8f0accbf5/element/5f555f22-b627-461a-981a-ef82860b1291/value'
10:56:00.025 [Forwarding sendKeysToElement on session 8b12d78cbe4338026ac35fb8f0accbf5 to remote] DEBUG org.asynchttpclient.netty.request.NettyRequestSender - Using open Channel [id: 0xf468d3c8, L:/127.0.0.1:51828 - R:localhost/127.0.0.1:37975] for POST '/session/8b12d78cbe4338026ac35fb8f0accbf5/element/5f555f22-b627-461a-981a-ef82860b1291/value'
10:56:00.105 [AsyncHttpClient-1-2] DEBUG org.asynchttpclient.netty.handler.HttpHandler - 

Request DefaultHttpRequest(decodeResult: success, version: HTTP/1.1)
POST /session/8b12d78cbe4338026ac35fb8f0accbf5/element/5f555f22-b627-461a-981a-ef82860b1291/value HTTP/1.1
User-Agent: selenium/4.8.0 (java windows)
Content-Length: 201
Content-Type: application/json; charset=utf-8
host: localhost:37975
accept: */*

Response DefaultHttpResponse(decodeResult: success, version: HTTP/1.1)
HTTP/1.1 200 OK
Content-Length: 14
Content-Type: application/json; charset=utf-8
cache-control: no-cache

10:56:00.106 [AsyncHttpClient-1-2] DEBUG org.asynchttpclient.netty.channel.ChannelManager - Adding key: http://localhost:37975 for channel [id: 0xf468d3c8, L:/127.0.0.1:51828 - R:localhost/127.0.0.1:37975]
10:56:00.110 [main] DEBUG net.thucydides.core.steps.StepInterceptor - STEP DONE: inputPassword
  &amp#27;[32mAnd &amp#27;[0m&amp#27;[32muser input valid password&amp#27;[0m                                         &amp#27;[90m# starter.stepdefinitions.LoginSteps.userInputValidPassword()&amp#27;[0m
10:56:00.122 [main] DEBUG net.thucydides.core.steps.StepInterceptor - STARTING STEP: LoginSteps.userClickLoginButton - clickLoginButton
10:56:00.131 [Forwarding findElement on session 8b12d78cbe4338026ac35fb8f0accbf5 to remote] DEBUG org.asynchttpclient.netty.request.NettyRequestSender - Using pooled Channel '[id: 0xf468d3c8, L:/127.0.0.1:51828 - R:localhost/127.0.0.1:37975]' for 'POST' to 'http://localhost:37975/session/8b12d78cbe4338026ac35fb8f0accbf5/element'
10:56:00.131 [Forwarding findElement on session 8b12d78cbe4338026ac35fb8f0accbf5 to remote] DEBUG org.asynchttpclient.netty.request.NettyRequestSender - Using open Channel [id: 0xf468d3c8, L:/127.0.0.1:51828 - R:localhost/127.0.0.1:37975] for POST '/session/8b12d78cbe4338026ac35fb8f0accbf5/element'
10:56:00.140 [AsyncHttpClient-1-2] DEBUG org.asynchttpclient.netty.handler.HttpHandler - 

Request DefaultHttpRequest(decodeResult: success, version: HTTP/1.1)
POST /session/8b12d78cbe4338026ac35fb8f0accbf5/element HTTP/1.1
User-Agent: selenium/4.8.0 (java windows)
Content-Length: 59
Content-Type: application/json; charset=utf-8
host: localhost:37975
accept: */*

Response DefaultHttpResponse(decodeResult: success, version: HTTP/1.1)
HTTP/1.1 200 OK
Content-Length: 88
Content-Type: application/json; charset=utf-8
cache-control: no-cache

10:56:00.141 [AsyncHttpClient-1-2] DEBUG org.asynchttpclient.netty.channel.ChannelManager - Adding key: http://localhost:37975 for channel [id: 0xf468d3c8, L:/127.0.0.1:51828 - R:localhost/127.0.0.1:37975]
10:56:00.143 [Forwarding getElementTagName on session 8b12d78cbe4338026ac35fb8f0accbf5 to remote] DEBUG org.asynchttpclient.netty.request.NettyRequestSender - Using pooled Channel '[id: 0xf468d3c8, L:/127.0.0.1:51828 - R:localhost/127.0.0.1:37975]' for 'GET' to 'http://localhost:37975/session/8b12d78cbe4338026ac35fb8f0accbf5/element/06ca25d0-da81-4def-96bb-0484f8509c78/name'
10:56:00.143 [Forwarding getElementTagName on session 8b12d78cbe4338026ac35fb8f0accbf5 to remote] DEBUG org.asynchttpclient.netty.request.NettyRequestSender - Using open Channel [id: 0xf468d3c8, L:/127.0.0.1:51828 - R:localhost/127.0.0.1:37975] for GET '/session/8b12d78cbe4338026ac35fb8f0accbf5/element/06ca25d0-da81-4def-96bb-0484f8509c78/name'
10:56:00.149 [AsyncHttpClient-1-2] DEBUG org.asynchttpclient.netty.handler.HttpHandler - 

Request DefaultFullHttpRequest(decodeResult: success, version: HTTP/1.1, content: EmptyByteBufBE)
GET /session/8b12d78cbe4338026ac35fb8f0accbf5/element/06ca25d0-da81-4def-96bb-0484f8509c78/name HTTP/1.1
User-Agent: selenium/4.8.0 (java windows)
Cache-Control: no-cache
Content-Type: application/json; charset=utf-8
host: localhost:37975
accept: */*

Response DefaultHttpResponse(decodeResult: success, version: HTTP/1.1)
HTTP/1.1 200 OK
Content-Length: 17
Content-Type: application/json; charset=utf-8
cache-control: no-cache

10:56:00.150 [AsyncHttpClient-1-2] DEBUG org.asynchttpclient.netty.channel.ChannelManager - Adding key: http://localhost:37975 for channel [id: 0xf468d3c8, L:/127.0.0.1:51828 - R:localhost/127.0.0.1:37975]
10:56:00.153 [Forwarding getElementTagName on session 8b12d78cbe4338026ac35fb8f0accbf5 to remote] DEBUG org.asynchttpclient.netty.request.NettyRequestSender - Using pooled Channel '[id: 0xf468d3c8, L:/127.0.0.1:51828 - R:localhost/127.0.0.1:37975]' for 'GET' to 'http://localhost:37975/session/8b12d78cbe4338026ac35fb8f0accbf5/element/06ca25d0-da81-4def-96bb-0484f8509c78/name'
10:56:00.153 [Forwarding getElementTagName on session 8b12d78cbe4338026ac35fb8f0accbf5 to remote] DEBUG org.asynchttpclient.netty.request.NettyRequestSender - Using open Channel [id: 0xf468d3c8, L:/127.0.0.1:51828 - R:localhost/127.0.0.1:37975] for GET '/session/8b12d78cbe4338026ac35fb8f0accbf5/element/06ca25d0-da81-4def-96bb-0484f8509c78/name'
10:56:00.157 [AsyncHttpClient-1-2] DEBUG org.asynchttpclient.netty.handler.HttpHandler - 

Request DefaultFullHttpRequest(decodeResult: success, version: HTTP/1.1, content: EmptyByteBufBE)
GET /session/8b12d78cbe4338026ac35fb8f0accbf5/element/06ca25d0-da81-4def-96bb-0484f8509c78/name HTTP/1.1
User-Agent: selenium/4.8.0 (java windows)
Cache-Control: no-cache
Content-Type: application/json; charset=utf-8
host: localhost:37975
accept: */*

Response DefaultHttpResponse(decodeResult: success, version: HTTP/1.1)
HTTP/1.1 200 OK
Content-Length: 17
Content-Type: application/json; charset=utf-8
cache-control: no-cache

10:56:00.158 [AsyncHttpClient-1-2] DEBUG org.asynchttpclient.netty.channel.ChannelManager - Adding key: http://localhost:37975 for channel [id: 0xf468d3c8, L:/127.0.0.1:51828 - R:localhost/127.0.0.1:37975]
10:56:00.164 [Forwarding isElementEnabled on session 8b12d78cbe4338026ac35fb8f0accbf5 to remote] DEBUG org.asynchttpclient.netty.request.NettyRequestSender - Using pooled Channel '[id: 0xf468d3c8, L:/127.0.0.1:51828 - R:localhost/127.0.0.1:37975]' for 'GET' to 'http://localhost:37975/session/8b12d78cbe4338026ac35fb8f0accbf5/element/06ca25d0-da81-4def-96bb-0484f8509c78/enabled'
10:56:00.164 [Forwarding isElementEnabled on session 8b12d78cbe4338026ac35fb8f0accbf5 to remote] DEBUG org.asynchttpclient.netty.request.NettyRequestSender - Using open Channel [id: 0xf468d3c8, L:/127.0.0.1:51828 - R:localhost/127.0.0.1:37975] for GET '/session/8b12d78cbe4338026ac35fb8f0accbf5/element/06ca25d0-da81-4def-96bb-0484f8509c78/enabled'
10:56:00.173 [AsyncHttpClient-1-2] DEBUG org.asynchttpclient.netty.handler.HttpHandler - 

Request DefaultFullHttpRequest(decodeResult: success, version: HTTP/1.1, content: EmptyByteBufBE)
GET /session/8b12d78cbe4338026ac35fb8f0accbf5/element/06ca25d0-da81-4def-96bb-0484f8509c78/enabled HTTP/1.1
User-Agent: selenium/4.8.0 (java windows)
Cache-Control: no-cache
Content-Type: application/json; charset=utf-8
host: localhost:37975
accept: */*

Response DefaultHttpResponse(decodeResult: success, version: HTTP/1.1)
HTTP/1.1 200 OK
Content-Length: 14
Content-Type: application/json; charset=utf-8
cache-control: no-cache

10:56:00.173 [AsyncHttpClient-1-2] DEBUG org.asynchttpclient.netty.channel.ChannelManager - Adding key: http://localhost:37975 for channel [id: 0xf468d3c8, L:/127.0.0.1:51828 - R:localhost/127.0.0.1:37975]
10:56:00.176 [Forwarding isElementEnabled on session 8b12d78cbe4338026ac35fb8f0accbf5 to remote] DEBUG org.asynchttpclient.netty.request.NettyRequestSender - Using pooled Channel '[id: 0xf468d3c8, L:/127.0.0.1:51828 - R:localhost/127.0.0.1:37975]' for 'GET' to 'http://localhost:37975/session/8b12d78cbe4338026ac35fb8f0accbf5/element/06ca25d0-da81-4def-96bb-0484f8509c78/enabled'
10:56:00.176 [Forwarding isElementEnabled on session 8b12d78cbe4338026ac35fb8f0accbf5 to remote] DEBUG org.asynchttpclient.netty.request.NettyRequestSender - Using open Channel [id: 0xf468d3c8, L:/127.0.0.1:51828 - R:localhost/127.0.0.1:37975] for GET '/session/8b12d78cbe4338026ac35fb8f0accbf5/element/06ca25d0-da81-4def-96bb-0484f8509c78/enabled'
10:56:00.182 [AsyncHttpClient-1-2] DEBUG org.asynchttpclient.netty.handler.HttpHandler - 

Request DefaultFullHttpRequest(decodeResult: success, version: HTTP/1.1, content: EmptyByteBufBE)
GET /session/8b12d78cbe4338026ac35fb8f0accbf5/element/06ca25d0-da81-4def-96bb-0484f8509c78/enabled HTTP/1.1
User-Agent: selenium/4.8.0 (java windows)
Cache-Control: no-cache
Content-Type: application/json; charset=utf-8
host: localhost:37975
accept: */*

Response DefaultHttpResponse(decodeResult: success, version: HTTP/1.1)
HTTP/1.1 200 OK
Content-Length: 14
Content-Type: application/json; charset=utf-8
cache-control: no-cache

10:56:00.183 [AsyncHttpClient-1-2] DEBUG org.asynchttpclient.netty.channel.ChannelManager - Adding key: http://localhost:37975 for channel [id: 0xf468d3c8, L:/127.0.0.1:51828 - R:localhost/127.0.0.1:37975]
10:56:00.187 [Forwarding findElement on session 8b12d78cbe4338026ac35fb8f0accbf5 to remote] DEBUG org.asynchttpclient.netty.request.NettyRequestSender - Using pooled Channel '[id: 0xf468d3c8, L:/127.0.0.1:51828 - R:localhost/127.0.0.1:37975]' for 'POST' to 'http://localhost:37975/session/8b12d78cbe4338026ac35fb8f0accbf5/element'
10:56:00.187 [Forwarding findElement on session 8b12d78cbe4338026ac35fb8f0accbf5 to remote] DEBUG org.asynchttpclient.netty.request.NettyRequestSender - Using open Channel [id: 0xf468d3c8, L:/127.0.0.1:51828 - R:localhost/127.0.0.1:37975] for POST '/session/8b12d78cbe4338026ac35fb8f0accbf5/element'
10:56:00.194 [AsyncHttpClient-1-2] DEBUG org.asynchttpclient.netty.handler.HttpHandler - 

Request DefaultHttpRequest(decodeResult: success, version: HTTP/1.1)
POST /session/8b12d78cbe4338026ac35fb8f0accbf5/element HTTP/1.1
User-Agent: selenium/4.8.0 (java windows)
Content-Length: 59
Content-Type: application/json; charset=utf-8
host: localhost:37975
accept: */*

Response DefaultHttpResponse(decodeResult: success, version: HTTP/1.1)
HTTP/1.1 200 OK
Content-Length: 88
Content-Type: application/json; charset=utf-8
cache-control: no-cache

10:56:00.195 [AsyncHttpClient-1-2] DEBUG org.asynchttpclient.netty.channel.ChannelManager - Adding key: http://localhost:37975 for channel [id: 0xf468d3c8, L:/127.0.0.1:51828 - R:localhost/127.0.0.1:37975]
10:56:00.197 [Forwarding clickElement on session 8b12d78cbe4338026ac35fb8f0accbf5 to remote] DEBUG org.asynchttpclient.netty.request.NettyRequestSender - Using pooled Channel '[id: 0xf468d3c8, L:/127.0.0.1:51828 - R:localhost/127.0.0.1:37975]' for 'POST' to 'http://localhost:37975/session/8b12d78cbe4338026ac35fb8f0accbf5/element/06ca25d0-da81-4def-96bb-0484f8509c78/click'
10:56:00.198 [Forwarding clickElement on session 8b12d78cbe4338026ac35fb8f0accbf5 to remote] DEBUG org.asynchttpclient.netty.request.NettyRequestSender - Using open Channel [id: 0xf468d3c8, L:/127.0.0.1:51828 - R:localhost/127.0.0.1:37975] for POST '/session/8b12d78cbe4338026ac35fb8f0accbf5/element/06ca25d0-da81-4def-96bb-0484f8509c78/click'
10:56:00.322 [AsyncHttpClient-1-2] DEBUG org.asynchttpclient.netty.handler.HttpHandler - 

Request DefaultHttpRequest(decodeResult: success, version: HTTP/1.1)
POST /session/8b12d78cbe4338026ac35fb8f0accbf5/element/06ca25d0-da81-4def-96bb-0484f8509c78/click HTTP/1.1
User-Agent: selenium/4.8.0 (java windows)
Content-Length: 50
Content-Type: application/json; charset=utf-8
host: localhost:37975
accept: */*

Response DefaultHttpResponse(decodeResult: success, version: HTTP/1.1)
HTTP/1.1 200 OK
Content-Length: 14
Content-Type: application/json; charset=utf-8
cache-control: no-cache

10:56:00.323 [AsyncHttpClient-1-2] DEBUG org.asynchttpclient.netty.channel.ChannelManager - Adding key: http://localhost:37975 for channel [id: 0xf468d3c8, L:/127.0.0.1:51828 - R:localhost/127.0.0.1:37975]
10:56:00.328 [main] DEBUG net.thucydides.core.steps.StepInterceptor - STEP DONE: clickLoginButton
  &amp#27;[32mAnd &amp#27;[0m&amp#27;[32muser click login button&amp#27;[0m                                           &amp#27;[90m# starter.stepdefinitions.LoginSteps.userClickLoginButton()&amp#27;[0m
10:56:00.352 [main] DEBUG net.thucydides.core.steps.StepInterceptor - STARTING STEP: LoginSteps.userOnProductsPage - userOnProductPage
10:56:00.358 [Forwarding findElement on session 8b12d78cbe4338026ac35fb8f0accbf5 to remote] DEBUG org.asynchttpclient.netty.request.NettyRequestSender - Using pooled Channel '[id: 0xf468d3c8, L:/127.0.0.1:51828 - R:localhost/127.0.0.1:37975]' for 'POST' to 'http://localhost:37975/session/8b12d78cbe4338026ac35fb8f0accbf5/element'
10:56:00.358 [Forwarding findElement on session 8b12d78cbe4338026ac35fb8f0accbf5 to remote] DEBUG org.asynchttpclient.netty.request.NettyRequestSender - Using open Channel [id: 0xf468d3c8, L:/127.0.0.1:51828 - R:localhost/127.0.0.1:37975] for POST '/session/8b12d78cbe4338026ac35fb8f0accbf5/element'
10:56:00.375 [AsyncHttpClient-1-1] DEBUG org.asynchttpclient.netty.channel.DefaultChannelPool - Entry count for : http://localhost:51830 : 1
10:56:00.392 [AsyncHttpClient-1-2] DEBUG org.asynchttpclient.netty.handler.HttpHandler - 

Request DefaultHttpRequest(decodeResult: success, version: HTTP/1.1)
POST /session/8b12d78cbe4338026ac35fb8f0accbf5/element HTTP/1.1
User-Agent: selenium/4.8.0 (java windows)
Content-Length: 72
Content-Type: application/json; charset=utf-8
host: localhost:37975
accept: */*

Response DefaultHttpResponse(decodeResult: success, version: HTTP/1.1)
HTTP/1.1 200 OK
Content-Length: 88
Content-Type: application/json; charset=utf-8
cache-control: no-cache

10:56:00.392 [AsyncHttpClient-1-2] DEBUG org.asynchttpclient.netty.channel.ChannelManager - Adding key: http://localhost:37975 for channel [id: 0xf468d3c8, L:/127.0.0.1:51828 - R:localhost/127.0.0.1:37975]
10:56:00.399 [Forwarding isElementDisplayed on session 8b12d78cbe4338026ac35fb8f0accbf5 to remote] DEBUG org.asynchttpclient.netty.request.NettyRequestSender - Using pooled Channel '[id: 0xf468d3c8, L:/127.0.0.1:51828 - R:localhost/127.0.0.1:37975]' for 'POST' to 'http://localhost:37975/session/8b12d78cbe4338026ac35fb8f0accbf5/execute/sync'
10:56:00.400 [Forwarding isElementDisplayed on session 8b12d78cbe4338026ac35fb8f0accbf5 to remote] DEBUG org.asynchttpclient.netty.request.NettyRequestSender - Using open Channel [id: 0xf468d3c8, L:/127.0.0.1:51828 - R:localhost/127.0.0.1:37975] for POST '/session/8b12d78cbe4338026ac35fb8f0accbf5/execute/sync'
10:56:00.413 [AsyncHttpClient-1-2] DEBUG org.asynchttpclient.netty.handler.HttpHandler - 

Request DefaultHttpRequest(decodeResult: success, version: HTTP/1.1)
POST /session/8b12d78cbe4338026ac35fb8f0accbf5/execute/sync HTTP/1.1
User-Agent: selenium/4.8.0 (java windows)
Content-Length: 48807
Content-Type: application/json; charset=utf-8
host: localhost:37975
accept: */*

Response DefaultHttpResponse(decodeResult: success, version: HTTP/1.1)
HTTP/1.1 200 OK
Content-Length: 14
Content-Type: application/json; charset=utf-8
cache-control: no-cache

10:56:00.414 [AsyncHttpClient-1-2] DEBUG org.asynchttpclient.netty.channel.ChannelManager - Adding key: http://localhost:37975 for channel [id: 0xf468d3c8, L:/127.0.0.1:51828 - R:localhost/127.0.0.1:37975]
10:56:00.420 [main] DEBUG net.thucydides.core.steps.StepInterceptor - STEP DONE: userOnProductPage
  &amp#27;[32mThen &amp#27;[0m&amp#27;[32muser on products page&amp#27;[0m                                            &amp#27;[90m# starter.stepdefinitions.LoginSteps.userOnProductsPage()&amp#27;[0m
10:56:00.429 [main] INFO  - 
  _____   ___   ___   _____     ___     _     ___   ___   ___   ___  
 |_   _| | __| / __| |_   _|   | _ \   /_\   / __| / __| | __| |   \ 
   | |   | _|  \__ \   | |     |  _/  / _ \  \__ \ \__ \ | _|  | |) |
   |_|   |___| |___/   |_|     |_|   /_/ \_\ |___/ |___/ |___| |___/ 

as user i want to input valid to then i can see success login
----------------------------------------------------------------------
10:56:00.496 [Driver Command Executor] DEBUG org.asynchttpclient.netty.request.NettyRequestSender - Using pooled Channel '[id: 0xf468d3c8, L:/127.0.0.1:51828 - R:localhost/127.0.0.1:37975]' for 'DELETE' to 'http://localhost:37975/session/8b12d78cbe4338026ac35fb8f0accbf5'
10:56:00.496 [Driver Command Executor] DEBUG org.asynchttpclient.netty.request.NettyRequestSender - Using open Channel [id: 0xf468d3c8, L:/127.0.0.1:51828 - R:localhost/127.0.0.1:37975] for DELETE '/session/8b12d78cbe4338026ac35fb8f0accbf5'
10:56:00.497 [AsyncHttpClient-1-4] DEBUG org.asynchttpclient.netty.handler.WebSocketHandler - Channel Closed: [id: 0x18f1fe1d, L:/127.0.0.1:51837 ! R:localhost/127.0.0.1:51830] with attribute NettyResponseFuture{currentRetry=0,
	isDone=1,
	isCancelled=0,
	asyncHandler=org.asynchttpclient.ws.WebSocketUpgradeHandler@1e8a5bc4,
	nettyRequest=org.asynchttpclient.netty.request.NettyRequest@663fbe03,
	future=java.util.concurrent.CompletableFuture@6a816fde[Completed normally],
	uri=ws://localhost:51830/devtools/browser/4c4da629-df8c-4fbe-876c-36361bd9836c,
	keepAlive=true,
	redirectCount=0,
	timeoutsHolder=null,
	inAuth=0,
	touch=1680926158840}
10:56:00.497 [AsyncHttpClient-1-4] DEBUG org.asynchttpclient.netty.channel.ChannelManager - Closing Channel [id: 0x18f1fe1d, L:/127.0.0.1:51837 ! R:localhost/127.0.0.1:51830] 
10:56:01.032 [AsyncHttpClient-1-3] DEBUG org.asynchttpclient.netty.handler.HttpHandler - Unexpected I/O exception on channel [id: 0x432b31bd, L:/127.0.0.1:51836 - R:localhost/127.0.0.1:51830]
java.io.IOException: An existing connection was forcibly closed by the remote host
	at sun.nio.ch.SocketDispatcher.read0(Native Method)
	at sun.nio.ch.SocketDispatcher.read(SocketDispatcher.java:43)
	at sun.nio.ch.IOUtil.readIntoNativeBuffer(IOUtil.java:223)
	at sun.nio.ch.IOUtil.read(IOUtil.java:192)
	at sun.nio.ch.SocketChannelImpl.read(SocketChannelImpl.java:378)
	at io.netty.buffer.PooledByteBuf.setBytes(PooledByteBuf.java:259)
	at io.netty.buffer.AbstractByteBuf.writeBytes(AbstractByteBuf.java:1132)
	at io.netty.channel.socket.nio.NioSocketChannel.doReadBytes(NioSocketChannel.java:357)
	at io.netty.channel.nio.AbstractNioByteChannel$NioByteUnsafe.read(AbstractNioByteChannel.java:151)
	at io.netty.channel.nio.NioEventLoop.processSelectedKey(NioEventLoop.java:788)
	at io.netty.channel.nio.NioEventLoop.processSelectedKeysOptimized(NioEventLoop.java:724)
	at io.netty.channel.nio.NioEventLoop.processSelectedKeys(NioEventLoop.java:650)
	at io.netty.channel.nio.NioEventLoop.run(NioEventLoop.java:562)
	at io.netty.util.concurrent.SingleThreadEventExecutor$4.run(SingleThreadEventExecutor.java:997)
	at io.netty.util.internal.ThreadExecutorMap$2.run(ThreadExecutorMap.java:74)
	at io.netty.util.concurrent.FastThreadLocalRunnable.run(FastThreadLocalRunnable.java:30)
	at java.lang.Thread.run(Thread.java:750)
10:56:01.033 [AsyncHttpClient-1-3] DEBUG org.asynchttpclient.netty.channel.ChannelManager - Closing Channel [id: 0x432b31bd, L:/127.0.0.1:51836 - R:localhost/127.0.0.1:51830] 
10:56:01.035 [AsyncHttpClient-1-3] DEBUG org.asynchttpclient.netty.handler.HttpHandler - Channel Closed: [id: 0x432b31bd, L:/127.0.0.1:51836 ! R:localhost/127.0.0.1:51830] with attribute DISCARD
10:56:01.062 [AsyncHttpClient-1-2] DEBUG org.asynchttpclient.netty.handler.HttpHandler - 

Request DefaultFullHttpRequest(decodeResult: success, version: HTTP/1.1, content: EmptyByteBufBE)
DELETE /session/8b12d78cbe4338026ac35fb8f0accbf5 HTTP/1.1
User-Agent: selenium/4.8.0 (java windows)
Content-Type: application/json; charset=utf-8
host: localhost:37975
accept: */*

Response DefaultHttpResponse(decodeResult: success, version: HTTP/1.1)
HTTP/1.1 200 OK
Content-Length: 14
Content-Type: application/json; charset=utf-8
cache-control: no-cache

10:56:01.062 [AsyncHttpClient-1-2] DEBUG org.asynchttpclient.netty.channel.ChannelManager - Adding key: http://localhost:37975 for channel [id: 0xf468d3c8, L:/127.0.0.1:51828 - R:localhost/127.0.0.1:37975]
10:56:01.938 [AsyncHttpClient-1-1] DEBUG org.asynchttpclient.netty.channel.DefaultChannelPool - Entry count for : http://localhost:51830 : 1
10:56:01.938 [AsyncHttpClient-1-1] DEBUG org.asynchttpclient.netty.channel.DefaultChannelPool - Entry count for : http://localhost:37975 : 1
10:56:01.938 [AsyncHttpClient-1-1] DEBUG org.asynchttpclient.netty.channel.DefaultChannelPool - Adding Candidate expired Channel [id: 0x432b31bd, L:/127.0.0.1:51836 ! R:localhost/127.0.0.1:51830] isIdleTimeoutExpired=false isRemotelyClosed=true isTtlExpired=false
10:56:01.938 [AsyncHttpClient-1-1] DEBUG org.asynchttpclient.netty.channel.DefaultChannelPool - Closing Idle Channel [id: 0x432b31bd, L:/127.0.0.1:51836 ! R:localhost/127.0.0.1:51830]
10:56:01.938 [AsyncHttpClient-1-1] DEBUG org.asynchttpclient.netty.channel.DefaultChannelPool - Closed 1 connections out of 2 in 0 ms
10:56:03.201 [AsyncHttpClient-1-1] DEBUG org.asynchttpclient.netty.channel.DefaultChannelPool - Entry count for : http://localhost:37975 : 1
10:56:04.312 [AsyncHttpClient-1-1] DEBUG org.asynchttpclient.netty.channel.DefaultChannelPool - Entry count for : http://localhost:37975 : 1
10:56:04.531 [AsyncHttpClient-1-2] DEBUG org.asynchttpclient.netty.handler.HttpHandler - Unexpected I/O exception on channel [id: 0xf468d3c8, L:/127.0.0.1:51828 - R:localhost/127.0.0.1:37975]
java.io.IOException: An existing connection was forcibly closed by the remote host
	at sun.nio.ch.SocketDispatcher.read0(Native Method)
	at sun.nio.ch.SocketDispatcher.read(SocketDispatcher.java:43)
	at sun.nio.ch.IOUtil.readIntoNativeBuffer(IOUtil.java:223)
	at sun.nio.ch.IOUtil.read(IOUtil.java:192)
	at sun.nio.ch.SocketChannelImpl.read(SocketChannelImpl.java:378)
	at io.netty.buffer.PooledByteBuf.setBytes(PooledByteBuf.java:259)
	at io.netty.buffer.AbstractByteBuf.writeBytes(AbstractByteBuf.java:1132)
	at io.netty.channel.socket.nio.NioSocketChannel.doReadBytes(NioSocketChannel.java:357)
	at io.netty.channel.nio.AbstractNioByteChannel$NioByteUnsafe.read(AbstractNioByteChannel.java:151)
	at io.netty.channel.nio.NioEventLoop.processSelectedKey(NioEventLoop.java:788)
	at io.netty.channel.nio.NioEventLoop.processSelectedKeysOptimized(NioEventLoop.java:724)
	at io.netty.channel.nio.NioEventLoop.processSelectedKeys(NioEventLoop.java:650)
	at io.netty.channel.nio.NioEventLoop.run(NioEventLoop.java:562)
	at io.netty.util.concurrent.SingleThreadEventExecutor$4.run(SingleThreadEventExecutor.java:997)
	at io.netty.util.internal.ThreadExecutorMap$2.run(ThreadExecutorMap.java:74)
	at io.netty.util.concurrent.FastThreadLocalRunnable.run(FastThreadLocalRunnable.java:30)
	at java.lang.Thread.run(Thread.java:750)
10:56:04.531 [AsyncHttpClient-1-2] DEBUG org.asynchttpclient.netty.channel.ChannelManager - Closing Channel [id: 0xf468d3c8, L:/127.0.0.1:51828 - R:localhost/127.0.0.1:37975] 
10:56:04.531 [AsyncHttpClient-1-2] DEBUG org.asynchttpclient.netty.handler.HttpHandler - Channel Closed: [id: 0xf468d3c8, L:/127.0.0.1:51828 ! R:localhost/127.0.0.1:37975] with attribute DISCARD
]]></system-out>
    <system-err><![CDATA[Starting ChromeDriver 112.0.5615.49 (bd2a7bcb881c11e8cfe3078709382934e3916914-refs/branch-heads/5615@{#936}) on port 37975
Only local connections are allowed.
Please see https://chromedriver.chromium.org/security-considerations for suggestions on keeping ChromeDriver safe.
ChromeDriver was started successfully.
Apr 08, 2023 10:55:58 AM org.openqa.selenium.devtools.CdpVersionFinder findNearestMatch
WARNING: Unable to find an exact match for CDP version 112, so returning the closest version found: 109
Apr 08, 2023 10:56:04 AM org.openqa.selenium.os.OsProcess destroy
SEVERE: Unable to kill process java.lang.ProcessImpl@5939e24
]]></system-err>
  </testcase>
  <testcase name="as user i want to input invalid username then get error message" classname="As a user" time="8.418">
    <system-out><![CDATA[
@NegativeLogin
Scenario: as user i want to input invalid username then get error message                   &amp#27;[90m# src/test/resources/features/web/Login.feature:14&amp#27;[0m
10:56:04.638 [main] INFO io.cucumber.core.plugin.SerenityReporter - Running feature from file:///E:/SEMESTER%20VI/ALTA/web-automation-saucedemo/src/test/resources/features/web/Login.feature
10:56:04.642 [main] INFO  - 
  _____   ___   ___   _____     ___   _____     _     ___   _____   ___   ___  
 |_   _| | __| / __| |_   _|   / __| |_   _|   /_\   | _ \ |_   _| | __| |   \ 
   | |   | _|  \__ \   | |     \__ \   | |    / _ \  |   /   | |   | _|  | |) |
   |_|   |___| |___/   |_|     |___/   |_|   /_/ \_\ |_|_\   |_|   |___| |___/ 

as user i want to input invalid username then get error message(as-a-user;as-user-i-want-to-input-invalid-username-then-get-error-message)
--------------------------------------------------------------------------------
10:56:04.671 [main] DEBUG net.thucydides.core.steps.StepInterceptor - STARTING STEP: LoginSteps.userOnLoginPage - onLoginPage
10:56:04.739 [main] INFO net.serenitybdd.core.webdriver.driverproviders.ChromeDriverProvider - Starting Chrome driver instance with capabilities:
10:56:04.739 [main] INFO net.serenitybdd.core.webdriver.driverproviders.ChromeDriverProvider - Capabilities {acceptInsecureCerts: true, browserName: chrome, goog:chromeOptions: {args: [remote-allow-origins=*, test-type, no-sandbox, ignore-certificate-errors, start-maximized, incognito, disable-infobars, disable-gpu, disable-default-apps, disable-popup-blocking, remote-allow-origins=*, test-type, no-sandbox, ignore-certificate-errors, start-maximized, incognito, disable-infobars, disable-gpu, disable-default-apps, disable-popup-blocking], extensions: []}}
10:56:05.336 [AsyncHttpClient-1-1] DEBUG org.asynchttpclient.netty.channel.DefaultChannelPool - Entry count for : http://localhost:37975 : 1
10:56:05.336 [AsyncHttpClient-1-1] DEBUG org.asynchttpclient.netty.channel.DefaultChannelPool - Adding Candidate expired Channel [id: 0xf468d3c8, L:/127.0.0.1:51828 ! R:localhost/127.0.0.1:37975] isIdleTimeoutExpired=false isRemotelyClosed=true isTtlExpired=false
10:56:05.336 [AsyncHttpClient-1-1] DEBUG org.asynchttpclient.netty.channel.DefaultChannelPool - Closing Idle Channel [id: 0xf468d3c8, L:/127.0.0.1:51828 ! R:localhost/127.0.0.1:37975]
10:56:05.336 [AsyncHttpClient-1-1] DEBUG org.asynchttpclient.netty.channel.DefaultChannelPool - Closed 1 connections out of 1 in 0 ms
10:56:05.385 [AsyncHttpClient-1-5] DEBUG org.asynchttpclient.netty.channel.NettyConnectListener - Using new Channel '[id: 0x074a72b0, L:/127.0.0.1:51850 - R:localhost/127.0.0.1:38677]' for 'POST' to '/session'
10:56:06.527 [AsyncHttpClient-1-5] DEBUG org.asynchttpclient.netty.handler.HttpHandler - 

Request DefaultHttpRequest(decodeResult: success, version: HTTP/1.1)
POST /session HTTP/1.1
User-Agent: selenium/4.8.0 (java windows)
Content-Length: 1629
Content-Type: application/json; charset=utf-8
host: localhost:38677
accept: */*

Response DefaultHttpResponse(decodeResult: success, version: HTTP/1.1)
HTTP/1.1 200 OK
Content-Length: 855
Content-Type: application/json; charset=utf-8
cache-control: no-cache

10:56:06.528 [AsyncHttpClient-1-5] DEBUG org.asynchttpclient.netty.channel.ChannelManager - Adding key: http://localhost:38677 for channel [id: 0x074a72b0, L:/127.0.0.1:51850 - R:localhost/127.0.0.1:38677]
10:56:06.669 [AsyncHttpClient-1-2] DEBUG org.asynchttpclient.netty.channel.NettyConnectListener - Using new Channel '[id: 0x71f90fa9, L:/127.0.0.1:51857 - R:localhost/127.0.0.1:51852]' for 'GET' to '/json/version'
10:56:06.670 [AsyncHttpClient-1-2] DEBUG org.asynchttpclient.netty.handler.HttpHandler - 

Request DefaultFullHttpRequest(decodeResult: success, version: HTTP/1.1, content: EmptyByteBufBE)
GET /json/version HTTP/1.1
User-Agent: selenium/4.8.0 (java windows)
host: localhost:51852
accept: */*

Response DefaultHttpResponse(decodeResult: success, version: HTTP/1.1)
HTTP/1.1 200 OK
Content-Security-Policy: frame-ancestors 'none'
Content-Length: 422
Content-Type: application/json; charset=UTF-8

10:56:06.671 [AsyncHttpClient-1-2] DEBUG org.asynchttpclient.netty.channel.ChannelManager - Adding key: http://localhost:51852 for channel [id: 0x71f90fa9, L:/127.0.0.1:51857 - R:localhost/127.0.0.1:51852]
10:56:06.674 [AsyncHttpClient-1-3] DEBUG org.asynchttpclient.netty.channel.NettyConnectListener - Using new Channel '[id: 0xc5fc8d30, L:/127.0.0.1:51858 - R:localhost/127.0.0.1:51852]' for 'GET' to '/devtools/browser/9312567e-cba2-40f4-83c2-9c98d1c8829f'
10:56:06.675 [AsyncHttpClient-1-3] DEBUG org.asynchttpclient.netty.handler.WebSocketHandler - 

Request DefaultFullHttpRequest(decodeResult: success, version: HTTP/1.1, content: EmptyByteBufBE)
GET /devtools/browser/9312567e-cba2-40f4-83c2-9c98d1c8829f HTTP/1.1
upgrade: websocket
connection: upgrade
sec-websocket-key: g90HHT4ZW6B1yu4Cljlfmg==
sec-websocket-version: 13
origin: http://localhost:51852
host: localhost:51852
accept: */*
user-agent: AHC/2.1

Response DefaultHttpResponse(decodeResult: success, version: HTTP/1.1)
HTTP/1.1 101 WebSocket Protocol Handshake
Upgrade: WebSocket
Connection: Upgrade
Sec-WebSocket-Accept: n6gBq56aGXxHYBZxCqSLOivotKE=

10:56:06.685 [Forwarding get on session 3f37abd30a9a2582682cb895a103f48f to remote] DEBUG org.asynchttpclient.netty.request.NettyRequestSender - Using pooled Channel '[id: 0x074a72b0, L:/127.0.0.1:51850 - R:localhost/127.0.0.1:38677]' for 'POST' to 'http://localhost:38677/session/3f37abd30a9a2582682cb895a103f48f/url'
10:56:06.685 [Forwarding get on session 3f37abd30a9a2582682cb895a103f48f to remote] DEBUG org.asynchttpclient.netty.request.NettyRequestSender - Using open Channel [id: 0x074a72b0, L:/127.0.0.1:51850 - R:localhost/127.0.0.1:38677] for POST '/session/3f37abd30a9a2582682cb895a103f48f/url'
10:56:07.537 [AsyncHttpClient-1-1] DEBUG org.asynchttpclient.netty.channel.DefaultChannelPool - Entry count for : http://localhost:51852 : 1
10:56:08.537 [AsyncHttpClient-1-5] DEBUG org.asynchttpclient.netty.handler.HttpHandler - 

Request DefaultHttpRequest(decodeResult: success, version: HTTP/1.1)
POST /session/3f37abd30a9a2582682cb895a103f48f/url HTTP/1.1
User-Agent: selenium/4.8.0 (java windows)
Content-Length: 56
Content-Type: application/json; charset=utf-8
host: localhost:38677
accept: */*

Response DefaultHttpResponse(decodeResult: success, version: HTTP/1.1)
HTTP/1.1 200 OK
Content-Length: 14
Content-Type: application/json; charset=utf-8
cache-control: no-cache

10:56:08.538 [AsyncHttpClient-1-5] DEBUG org.asynchttpclient.netty.channel.ChannelManager - Adding key: http://localhost:38677 for channel [id: 0x074a72b0, L:/127.0.0.1:51850 - R:localhost/127.0.0.1:38677]
10:56:08.542 [Forwarding setTimeout on session 3f37abd30a9a2582682cb895a103f48f to remote] DEBUG org.asynchttpclient.netty.request.NettyRequestSender - Using pooled Channel '[id: 0x074a72b0, L:/127.0.0.1:51850 - R:localhost/127.0.0.1:38677]' for 'POST' to 'http://localhost:38677/session/3f37abd30a9a2582682cb895a103f48f/timeouts'
10:56:08.542 [Forwarding setTimeout on session 3f37abd30a9a2582682cb895a103f48f to remote] DEBUG org.asynchttpclient.netty.request.NettyRequestSender - Using open Channel [id: 0x074a72b0, L:/127.0.0.1:51850 - R:localhost/127.0.0.1:38677] for POST '/session/3f37abd30a9a2582682cb895a103f48f/timeouts'
10:56:08.544 [AsyncHttpClient-1-5] DEBUG org.asynchttpclient.netty.handler.HttpHandler - 

Request DefaultHttpRequest(decodeResult: success, version: HTTP/1.1)
POST /session/3f37abd30a9a2582682cb895a103f48f/timeouts HTTP/1.1
User-Agent: selenium/4.8.0 (java windows)
Content-Length: 22
Content-Type: application/json; charset=utf-8
host: localhost:38677
accept: */*

Response DefaultHttpResponse(decodeResult: success, version: HTTP/1.1)
HTTP/1.1 200 OK
Content-Length: 14
Content-Type: application/json; charset=utf-8
cache-control: no-cache

10:56:08.544 [AsyncHttpClient-1-5] DEBUG org.asynchttpclient.netty.channel.ChannelManager - Adding key: http://localhost:38677 for channel [id: 0x074a72b0, L:/127.0.0.1:51850 - R:localhost/127.0.0.1:38677]
10:56:08.551 [Forwarding getCurrentUrl on session 3f37abd30a9a2582682cb895a103f48f to remote] DEBUG org.asynchttpclient.netty.request.NettyRequestSender - Using pooled Channel '[id: 0x074a72b0, L:/127.0.0.1:51850 - R:localhost/127.0.0.1:38677]' for 'GET' to 'http://localhost:38677/session/3f37abd30a9a2582682cb895a103f48f/url'
10:56:08.551 [Forwarding getCurrentUrl on session 3f37abd30a9a2582682cb895a103f48f to remote] DEBUG org.asynchttpclient.netty.request.NettyRequestSender - Using open Channel [id: 0x074a72b0, L:/127.0.0.1:51850 - R:localhost/127.0.0.1:38677] for GET '/session/3f37abd30a9a2582682cb895a103f48f/url'
10:56:08.556 [AsyncHttpClient-1-5] DEBUG org.asynchttpclient.netty.handler.HttpHandler - 

Request DefaultFullHttpRequest(decodeResult: success, version: HTTP/1.1, content: EmptyByteBufBE)
GET /session/3f37abd30a9a2582682cb895a103f48f/url HTTP/1.1
User-Agent: selenium/4.8.0 (java windows)
Cache-Control: no-cache
Content-Type: application/json; charset=utf-8
host: localhost:38677
accept: */*

Response DefaultHttpResponse(decodeResult: success, version: HTTP/1.1)
HTTP/1.1 200 OK
Content-Length: 38
Content-Type: application/json; charset=utf-8
cache-control: no-cache

10:56:08.557 [AsyncHttpClient-1-5] DEBUG org.asynchttpclient.netty.channel.ChannelManager - Adding key: http://localhost:38677 for channel [id: 0x074a72b0, L:/127.0.0.1:51850 - R:localhost/127.0.0.1:38677]
10:56:08.560 [Forwarding getCurrentUrl on session 3f37abd30a9a2582682cb895a103f48f to remote] DEBUG org.asynchttpclient.netty.request.NettyRequestSender - Using pooled Channel '[id: 0x074a72b0, L:/127.0.0.1:51850 - R:localhost/127.0.0.1:38677]' for 'GET' to 'http://localhost:38677/session/3f37abd30a9a2582682cb895a103f48f/url'
10:56:08.560 [Forwarding getCurrentUrl on session 3f37abd30a9a2582682cb895a103f48f to remote] DEBUG org.asynchttpclient.netty.request.NettyRequestSender - Using open Channel [id: 0x074a72b0, L:/127.0.0.1:51850 - R:localhost/127.0.0.1:38677] for GET '/session/3f37abd30a9a2582682cb895a103f48f/url'
10:56:08.565 [AsyncHttpClient-1-5] DEBUG org.asynchttpclient.netty.handler.HttpHandler - 

Request DefaultFullHttpRequest(decodeResult: success, version: HTTP/1.1, content: EmptyByteBufBE)
GET /session/3f37abd30a9a2582682cb895a103f48f/url HTTP/1.1
User-Agent: selenium/4.8.0 (java windows)
Cache-Control: no-cache
Content-Type: application/json; charset=utf-8
host: localhost:38677
accept: */*

Response DefaultHttpResponse(decodeResult: success, version: HTTP/1.1)
HTTP/1.1 200 OK
Content-Length: 38
Content-Type: application/json; charset=utf-8
cache-control: no-cache

10:56:08.565 [AsyncHttpClient-1-5] DEBUG org.asynchttpclient.netty.channel.ChannelManager - Adding key: http://localhost:38677 for channel [id: 0x074a72b0, L:/127.0.0.1:51850 - R:localhost/127.0.0.1:38677]
10:56:08.570 [Forwarding findElement on session 3f37abd30a9a2582682cb895a103f48f to remote] DEBUG org.asynchttpclient.netty.request.NettyRequestSender - Using pooled Channel '[id: 0x074a72b0, L:/127.0.0.1:51850 - R:localhost/127.0.0.1:38677]' for 'POST' to 'http://localhost:38677/session/3f37abd30a9a2582682cb895a103f48f/element'
10:56:08.570 [Forwarding findElement on session 3f37abd30a9a2582682cb895a103f48f to remote] DEBUG org.asynchttpclient.netty.request.NettyRequestSender - Using open Channel [id: 0x074a72b0, L:/127.0.0.1:51850 - R:localhost/127.0.0.1:38677] for POST '/session/3f37abd30a9a2582682cb895a103f48f/element'
10:56:08.587 [AsyncHttpClient-1-5] DEBUG org.asynchttpclient.netty.handler.HttpHandler - 

Request DefaultHttpRequest(decodeResult: success, version: HTTP/1.1)
POST /session/3f37abd30a9a2582682cb895a103f48f/element HTTP/1.1
User-Agent: selenium/4.8.0 (java windows)
Content-Length: 59
Content-Type: application/json; charset=utf-8
host: localhost:38677
accept: */*

Response DefaultHttpResponse(decodeResult: success, version: HTTP/1.1)
HTTP/1.1 200 OK
Content-Length: 88
Content-Type: application/json; charset=utf-8
cache-control: no-cache

10:56:08.587 [AsyncHttpClient-1-5] DEBUG org.asynchttpclient.netty.channel.ChannelManager - Adding key: http://localhost:38677 for channel [id: 0x074a72b0, L:/127.0.0.1:51850 - R:localhost/127.0.0.1:38677]
10:56:08.593 [Forwarding isElementDisplayed on session 3f37abd30a9a2582682cb895a103f48f to remote] DEBUG org.asynchttpclient.netty.request.NettyRequestSender - Using pooled Channel '[id: 0x074a72b0, L:/127.0.0.1:51850 - R:localhost/127.0.0.1:38677]' for 'POST' to 'http://localhost:38677/session/3f37abd30a9a2582682cb895a103f48f/execute/sync'
10:56:08.593 [Forwarding isElementDisplayed on session 3f37abd30a9a2582682cb895a103f48f to remote] DEBUG org.asynchttpclient.netty.request.NettyRequestSender - Using open Channel [id: 0x074a72b0, L:/127.0.0.1:51850 - R:localhost/127.0.0.1:38677] for POST '/session/3f37abd30a9a2582682cb895a103f48f/execute/sync'
10:56:08.607 [AsyncHttpClient-1-5] DEBUG org.asynchttpclient.netty.handler.HttpHandler - 

Request DefaultHttpRequest(decodeResult: success, version: HTTP/1.1)
POST /session/3f37abd30a9a2582682cb895a103f48f/execute/sync HTTP/1.1
User-Agent: selenium/4.8.0 (java windows)
Content-Length: 48807
Content-Type: application/json; charset=utf-8
host: localhost:38677
accept: */*

Response DefaultHttpResponse(decodeResult: success, version: HTTP/1.1)
HTTP/1.1 200 OK
Content-Length: 14
Content-Type: application/json; charset=utf-8
cache-control: no-cache

10:56:08.607 [AsyncHttpClient-1-5] DEBUG org.asynchttpclient.netty.channel.ChannelManager - Adding key: http://localhost:38677 for channel [id: 0x074a72b0, L:/127.0.0.1:51850 - R:localhost/127.0.0.1:38677]
10:56:08.611 [Forwarding isElementDisplayed on session 3f37abd30a9a2582682cb895a103f48f to remote] DEBUG org.asynchttpclient.netty.request.NettyRequestSender - Using pooled Channel '[id: 0x074a72b0, L:/127.0.0.1:51850 - R:localhost/127.0.0.1:38677]' for 'POST' to 'http://localhost:38677/session/3f37abd30a9a2582682cb895a103f48f/execute/sync'
10:56:08.611 [Forwarding isElementDisplayed on session 3f37abd30a9a2582682cb895a103f48f to remote] DEBUG org.asynchttpclient.netty.request.NettyRequestSender - Using open Channel [id: 0x074a72b0, L:/127.0.0.1:51850 - R:localhost/127.0.0.1:38677] for POST '/session/3f37abd30a9a2582682cb895a103f48f/execute/sync'
10:56:08.625 [AsyncHttpClient-1-5] DEBUG org.asynchttpclient.netty.handler.HttpHandler - 

Request DefaultHttpRequest(decodeResult: success, version: HTTP/1.1)
POST /session/3f37abd30a9a2582682cb895a103f48f/execute/sync HTTP/1.1
User-Agent: selenium/4.8.0 (java windows)
Content-Length: 48807
Content-Type: application/json; charset=utf-8
host: localhost:38677
accept: */*

Response DefaultHttpResponse(decodeResult: success, version: HTTP/1.1)
HTTP/1.1 200 OK
Content-Length: 14
Content-Type: application/json; charset=utf-8
cache-control: no-cache

10:56:08.626 [AsyncHttpClient-1-5] DEBUG org.asynchttpclient.netty.channel.ChannelManager - Adding key: http://localhost:38677 for channel [id: 0x074a72b0, L:/127.0.0.1:51850 - R:localhost/127.0.0.1:38677]
10:56:08.628 [main] DEBUG net.thucydides.core.steps.StepInterceptor - STEP DONE: onLoginPage
  &amp#27;[32mGiven &amp#27;[0m&amp#27;[32muser on login page&amp#27;[0m                                                                  &amp#27;[90m# starter.stepdefinitions.LoginSteps.userOnLoginPage()&amp#27;[0m
10:56:08.637 [main] DEBUG net.thucydides.core.steps.StepInterceptor - STARTING STEP: LoginSteps.userInputInvalidUsername - inputUserName
10:56:08.644 [Forwarding findElement on session 3f37abd30a9a2582682cb895a103f48f to remote] DEBUG org.asynchttpclient.netty.request.NettyRequestSender - Using pooled Channel '[id: 0x074a72b0, L:/127.0.0.1:51850 - R:localhost/127.0.0.1:38677]' for 'POST' to 'http://localhost:38677/session/3f37abd30a9a2582682cb895a103f48f/element'
10:56:08.644 [Forwarding findElement on session 3f37abd30a9a2582682cb895a103f48f to remote] DEBUG org.asynchttpclient.netty.request.NettyRequestSender - Using open Channel [id: 0x074a72b0, L:/127.0.0.1:51850 - R:localhost/127.0.0.1:38677] for POST '/session/3f37abd30a9a2582682cb895a103f48f/element'
10:56:08.645 [AsyncHttpClient-1-1] DEBUG org.asynchttpclient.netty.channel.DefaultChannelPool - Entry count for : http://localhost:51852 : 1
10:56:08.654 [AsyncHttpClient-1-5] DEBUG org.asynchttpclient.netty.handler.HttpHandler - 

Request DefaultHttpRequest(decodeResult: success, version: HTTP/1.1)
POST /session/3f37abd30a9a2582682cb895a103f48f/element HTTP/1.1
User-Agent: selenium/4.8.0 (java windows)
Content-Length: 56
Content-Type: application/json; charset=utf-8
host: localhost:38677
accept: */*

Response DefaultHttpResponse(decodeResult: success, version: HTTP/1.1)
HTTP/1.1 200 OK
Content-Length: 88
Content-Type: application/json; charset=utf-8
cache-control: no-cache

10:56:08.655 [AsyncHttpClient-1-5] DEBUG org.asynchttpclient.netty.channel.ChannelManager - Adding key: http://localhost:38677 for channel [id: 0x074a72b0, L:/127.0.0.1:51850 - R:localhost/127.0.0.1:38677]
10:56:08.658 [Forwarding clearElement on session 3f37abd30a9a2582682cb895a103f48f to remote] DEBUG org.asynchttpclient.netty.request.NettyRequestSender - Using pooled Channel '[id: 0x074a72b0, L:/127.0.0.1:51850 - R:localhost/127.0.0.1:38677]' for 'POST' to 'http://localhost:38677/session/3f37abd30a9a2582682cb895a103f48f/element/46364bb8-aff9-46f4-afca-d6a8da00073c/clear'
10:56:08.658 [Forwarding clearElement on session 3f37abd30a9a2582682cb895a103f48f to remote] DEBUG org.asynchttpclient.netty.request.NettyRequestSender - Using open Channel [id: 0x074a72b0, L:/127.0.0.1:51850 - R:localhost/127.0.0.1:38677] for POST '/session/3f37abd30a9a2582682cb895a103f48f/element/46364bb8-aff9-46f4-afca-d6a8da00073c/clear'
10:56:08.688 [AsyncHttpClient-1-5] DEBUG org.asynchttpclient.netty.handler.HttpHandler - 

Request DefaultHttpRequest(decodeResult: success, version: HTTP/1.1)
POST /session/3f37abd30a9a2582682cb895a103f48f/element/46364bb8-aff9-46f4-afca-d6a8da00073c/clear HTTP/1.1
User-Agent: selenium/4.8.0 (java windows)
Content-Length: 50
Content-Type: application/json; charset=utf-8
host: localhost:38677
accept: */*

Response DefaultHttpResponse(decodeResult: success, version: HTTP/1.1)
HTTP/1.1 200 OK
Content-Length: 14
Content-Type: application/json; charset=utf-8
cache-control: no-cache

10:56:08.688 [AsyncHttpClient-1-5] DEBUG org.asynchttpclient.netty.channel.ChannelManager - Adding key: http://localhost:38677 for channel [id: 0x074a72b0, L:/127.0.0.1:51850 - R:localhost/127.0.0.1:38677]
10:56:08.691 [Forwarding sendKeysToElement on session 3f37abd30a9a2582682cb895a103f48f to remote] DEBUG org.asynchttpclient.netty.request.NettyRequestSender - Using pooled Channel '[id: 0x074a72b0, L:/127.0.0.1:51850 - R:localhost/127.0.0.1:38677]' for 'POST' to 'http://localhost:38677/session/3f37abd30a9a2582682cb895a103f48f/element/46364bb8-aff9-46f4-afca-d6a8da00073c/value'
10:56:08.691 [Forwarding sendKeysToElement on session 3f37abd30a9a2582682cb895a103f48f to remote] DEBUG org.asynchttpclient.netty.request.NettyRequestSender - Using open Channel [id: 0x074a72b0, L:/127.0.0.1:51850 - R:localhost/127.0.0.1:38677] for POST '/session/3f37abd30a9a2582682cb895a103f48f/element/46364bb8-aff9-46f4-afca-d6a8da00073c/value'
10:56:08.770 [AsyncHttpClient-1-5] DEBUG org.asynchttpclient.netty.handler.HttpHandler - 

Request DefaultHttpRequest(decodeResult: success, version: HTTP/1.1)
POST /session/3f37abd30a9a2582682cb895a103f48f/element/46364bb8-aff9-46f4-afca-d6a8da00073c/value HTTP/1.1
User-Agent: selenium/4.8.0 (java windows)
Content-Length: 131
Content-Type: application/json; charset=utf-8
host: localhost:38677
accept: */*

Response DefaultHttpResponse(decodeResult: success, version: HTTP/1.1)
HTTP/1.1 200 OK
Content-Length: 14
Content-Type: application/json; charset=utf-8
cache-control: no-cache

10:56:08.770 [AsyncHttpClient-1-5] DEBUG org.asynchttpclient.netty.channel.ChannelManager - Adding key: http://localhost:38677 for channel [id: 0x074a72b0, L:/127.0.0.1:51850 - R:localhost/127.0.0.1:38677]
10:56:08.774 [main] DEBUG net.thucydides.core.steps.StepInterceptor - STEP DONE: inputUserName
  &amp#27;[32mWhen &amp#27;[0m&amp#27;[32muser input invalid username&amp#27;[0m                                                          &amp#27;[90m# starter.stepdefinitions.LoginSteps.userInputInvalidUsername()&amp#27;[0m
10:56:08.785 [main] DEBUG net.thucydides.core.steps.StepInterceptor - STARTING STEP: LoginSteps.userInputValidPassword - inputPassword
10:56:08.788 [Forwarding findElement on session 3f37abd30a9a2582682cb895a103f48f to remote] DEBUG org.asynchttpclient.netty.request.NettyRequestSender - Using pooled Channel '[id: 0x074a72b0, L:/127.0.0.1:51850 - R:localhost/127.0.0.1:38677]' for 'POST' to 'http://localhost:38677/session/3f37abd30a9a2582682cb895a103f48f/element'
10:56:08.788 [Forwarding findElement on session 3f37abd30a9a2582682cb895a103f48f to remote] DEBUG org.asynchttpclient.netty.request.NettyRequestSender - Using open Channel [id: 0x074a72b0, L:/127.0.0.1:51850 - R:localhost/127.0.0.1:38677] for POST '/session/3f37abd30a9a2582682cb895a103f48f/element'
10:56:08.800 [AsyncHttpClient-1-5] DEBUG org.asynchttpclient.netty.handler.HttpHandler - 

Request DefaultHttpRequest(decodeResult: success, version: HTTP/1.1)
POST /session/3f37abd30a9a2582682cb895a103f48f/element HTTP/1.1
User-Agent: selenium/4.8.0 (java windows)
Content-Length: 53
Content-Type: application/json; charset=utf-8
host: localhost:38677
accept: */*

Response DefaultHttpResponse(decodeResult: success, version: HTTP/1.1)
HTTP/1.1 200 OK
Content-Length: 88
Content-Type: application/json; charset=utf-8
cache-control: no-cache

10:56:08.800 [AsyncHttpClient-1-5] DEBUG org.asynchttpclient.netty.channel.ChannelManager - Adding key: http://localhost:38677 for channel [id: 0x074a72b0, L:/127.0.0.1:51850 - R:localhost/127.0.0.1:38677]
10:56:08.802 [Forwarding clearElement on session 3f37abd30a9a2582682cb895a103f48f to remote] DEBUG org.asynchttpclient.netty.request.NettyRequestSender - Using pooled Channel '[id: 0x074a72b0, L:/127.0.0.1:51850 - R:localhost/127.0.0.1:38677]' for 'POST' to 'http://localhost:38677/session/3f37abd30a9a2582682cb895a103f48f/element/02564bc3-563b-4721-8474-4cda1be338ed/clear'
10:56:08.802 [Forwarding clearElement on session 3f37abd30a9a2582682cb895a103f48f to remote] DEBUG org.asynchttpclient.netty.request.NettyRequestSender - Using open Channel [id: 0x074a72b0, L:/127.0.0.1:51850 - R:localhost/127.0.0.1:38677] for POST '/session/3f37abd30a9a2582682cb895a103f48f/element/02564bc3-563b-4721-8474-4cda1be338ed/clear'
10:56:08.836 [AsyncHttpClient-1-5] DEBUG org.asynchttpclient.netty.handler.HttpHandler - 

Request DefaultHttpRequest(decodeResult: success, version: HTTP/1.1)
POST /session/3f37abd30a9a2582682cb895a103f48f/element/02564bc3-563b-4721-8474-4cda1be338ed/clear HTTP/1.1
User-Agent: selenium/4.8.0 (java windows)
Content-Length: 50
Content-Type: application/json; charset=utf-8
host: localhost:38677
accept: */*

Response DefaultHttpResponse(decodeResult: success, version: HTTP/1.1)
HTTP/1.1 200 OK
Content-Length: 14
Content-Type: application/json; charset=utf-8
cache-control: no-cache

10:56:08.837 [AsyncHttpClient-1-5] DEBUG org.asynchttpclient.netty.channel.ChannelManager - Adding key: http://localhost:38677 for channel [id: 0x074a72b0, L:/127.0.0.1:51850 - R:localhost/127.0.0.1:38677]
10:56:08.840 [Forwarding sendKeysToElement on session 3f37abd30a9a2582682cb895a103f48f to remote] DEBUG org.asynchttpclient.netty.request.NettyRequestSender - Using pooled Channel '[id: 0x074a72b0, L:/127.0.0.1:51850 - R:localhost/127.0.0.1:38677]' for 'POST' to 'http://localhost:38677/session/3f37abd30a9a2582682cb895a103f48f/element/02564bc3-563b-4721-8474-4cda1be338ed/value'
10:56:08.841 [Forwarding sendKeysToElement on session 3f37abd30a9a2582682cb895a103f48f to remote] DEBUG org.asynchttpclient.netty.request.NettyRequestSender - Using open Channel [id: 0x074a72b0, L:/127.0.0.1:51850 - R:localhost/127.0.0.1:38677] for POST '/session/3f37abd30a9a2582682cb895a103f48f/element/02564bc3-563b-4721-8474-4cda1be338ed/value'
10:56:08.915 [AsyncHttpClient-1-5] DEBUG org.asynchttpclient.netty.handler.HttpHandler - 

Request DefaultHttpRequest(decodeResult: success, version: HTTP/1.1)
POST /session/3f37abd30a9a2582682cb895a103f48f/element/02564bc3-563b-4721-8474-4cda1be338ed/value HTTP/1.1
User-Agent: selenium/4.8.0 (java windows)
Content-Length: 201
Content-Type: application/json; charset=utf-8
host: localhost:38677
accept: */*

Response DefaultHttpResponse(decodeResult: success, version: HTTP/1.1)
HTTP/1.1 200 OK
Content-Length: 14
Content-Type: application/json; charset=utf-8
cache-control: no-cache

10:56:08.915 [AsyncHttpClient-1-5] DEBUG org.asynchttpclient.netty.channel.ChannelManager - Adding key: http://localhost:38677 for channel [id: 0x074a72b0, L:/127.0.0.1:51850 - R:localhost/127.0.0.1:38677]
10:56:08.919 [main] DEBUG net.thucydides.core.steps.StepInterceptor - STEP DONE: inputPassword
  &amp#27;[32mAnd &amp#27;[0m&amp#27;[32muser input valid password&amp#27;[0m                                                             &amp#27;[90m# starter.stepdefinitions.LoginSteps.userInputValidPassword()&amp#27;[0m
10:56:08.929 [main] DEBUG net.thucydides.core.steps.StepInterceptor - STARTING STEP: LoginSteps.userClickLoginButton - clickLoginButton
10:56:08.935 [Forwarding findElement on session 3f37abd30a9a2582682cb895a103f48f to remote] DEBUG org.asynchttpclient.netty.request.NettyRequestSender - Using pooled Channel '[id: 0x074a72b0, L:/127.0.0.1:51850 - R:localhost/127.0.0.1:38677]' for 'POST' to 'http://localhost:38677/session/3f37abd30a9a2582682cb895a103f48f/element'
10:56:08.935 [Forwarding findElement on session 3f37abd30a9a2582682cb895a103f48f to remote] DEBUG org.asynchttpclient.netty.request.NettyRequestSender - Using open Channel [id: 0x074a72b0, L:/127.0.0.1:51850 - R:localhost/127.0.0.1:38677] for POST '/session/3f37abd30a9a2582682cb895a103f48f/element'
10:56:08.944 [AsyncHttpClient-1-5] DEBUG org.asynchttpclient.netty.handler.HttpHandler - 

Request DefaultHttpRequest(decodeResult: success, version: HTTP/1.1)
POST /session/3f37abd30a9a2582682cb895a103f48f/element HTTP/1.1
User-Agent: selenium/4.8.0 (java windows)
Content-Length: 59
Content-Type: application/json; charset=utf-8
host: localhost:38677
accept: */*

Response DefaultHttpResponse(decodeResult: success, version: HTTP/1.1)
HTTP/1.1 200 OK
Content-Length: 88
Content-Type: application/json; charset=utf-8
cache-control: no-cache

10:56:08.944 [AsyncHttpClient-1-5] DEBUG org.asynchttpclient.netty.channel.ChannelManager - Adding key: http://localhost:38677 for channel [id: 0x074a72b0, L:/127.0.0.1:51850 - R:localhost/127.0.0.1:38677]
10:56:08.947 [Forwarding getElementTagName on session 3f37abd30a9a2582682cb895a103f48f to remote] DEBUG org.asynchttpclient.netty.request.NettyRequestSender - Using pooled Channel '[id: 0x074a72b0, L:/127.0.0.1:51850 - R:localhost/127.0.0.1:38677]' for 'GET' to 'http://localhost:38677/session/3f37abd30a9a2582682cb895a103f48f/element/db5491ac-6169-4535-8be4-8c2ff75ed036/name'
10:56:08.947 [Forwarding getElementTagName on session 3f37abd30a9a2582682cb895a103f48f to remote] DEBUG org.asynchttpclient.netty.request.NettyRequestSender - Using open Channel [id: 0x074a72b0, L:/127.0.0.1:51850 - R:localhost/127.0.0.1:38677] for GET '/session/3f37abd30a9a2582682cb895a103f48f/element/db5491ac-6169-4535-8be4-8c2ff75ed036/name'
10:56:08.952 [AsyncHttpClient-1-5] DEBUG org.asynchttpclient.netty.handler.HttpHandler - 

Request DefaultFullHttpRequest(decodeResult: success, version: HTTP/1.1, content: EmptyByteBufBE)
GET /session/3f37abd30a9a2582682cb895a103f48f/element/db5491ac-6169-4535-8be4-8c2ff75ed036/name HTTP/1.1
User-Agent: selenium/4.8.0 (java windows)
Cache-Control: no-cache
Content-Type: application/json; charset=utf-8
host: localhost:38677
accept: */*

Response DefaultHttpResponse(decodeResult: success, version: HTTP/1.1)
HTTP/1.1 200 OK
Content-Length: 17
Content-Type: application/json; charset=utf-8
cache-control: no-cache

10:56:08.952 [AsyncHttpClient-1-5] DEBUG org.asynchttpclient.netty.channel.ChannelManager - Adding key: http://localhost:38677 for channel [id: 0x074a72b0, L:/127.0.0.1:51850 - R:localhost/127.0.0.1:38677]
10:56:08.954 [Forwarding getElementTagName on session 3f37abd30a9a2582682cb895a103f48f to remote] DEBUG org.asynchttpclient.netty.request.NettyRequestSender - Using pooled Channel '[id: 0x074a72b0, L:/127.0.0.1:51850 - R:localhost/127.0.0.1:38677]' for 'GET' to 'http://localhost:38677/session/3f37abd30a9a2582682cb895a103f48f/element/db5491ac-6169-4535-8be4-8c2ff75ed036/name'
10:56:08.954 [Forwarding getElementTagName on session 3f37abd30a9a2582682cb895a103f48f to remote] DEBUG org.asynchttpclient.netty.request.NettyRequestSender - Using open Channel [id: 0x074a72b0, L:/127.0.0.1:51850 - R:localhost/127.0.0.1:38677] for GET '/session/3f37abd30a9a2582682cb895a103f48f/element/db5491ac-6169-4535-8be4-8c2ff75ed036/name'
10:56:08.958 [AsyncHttpClient-1-5] DEBUG org.asynchttpclient.netty.handler.HttpHandler - 

Request DefaultFullHttpRequest(decodeResult: success, version: HTTP/1.1, content: EmptyByteBufBE)
GET /session/3f37abd30a9a2582682cb895a103f48f/element/db5491ac-6169-4535-8be4-8c2ff75ed036/name HTTP/1.1
User-Agent: selenium/4.8.0 (java windows)
Cache-Control: no-cache
Content-Type: application/json; charset=utf-8
host: localhost:38677
accept: */*

Response DefaultHttpResponse(decodeResult: success, version: HTTP/1.1)
HTTP/1.1 200 OK
Content-Length: 17
Content-Type: application/json; charset=utf-8
cache-control: no-cache

10:56:08.958 [AsyncHttpClient-1-5] DEBUG org.asynchttpclient.netty.channel.ChannelManager - Adding key: http://localhost:38677 for channel [id: 0x074a72b0, L:/127.0.0.1:51850 - R:localhost/127.0.0.1:38677]
10:56:08.961 [Forwarding isElementEnabled on session 3f37abd30a9a2582682cb895a103f48f to remote] DEBUG org.asynchttpclient.netty.request.NettyRequestSender - Using pooled Channel '[id: 0x074a72b0, L:/127.0.0.1:51850 - R:localhost/127.0.0.1:38677]' for 'GET' to 'http://localhost:38677/session/3f37abd30a9a2582682cb895a103f48f/element/db5491ac-6169-4535-8be4-8c2ff75ed036/enabled'
10:56:08.961 [Forwarding isElementEnabled on session 3f37abd30a9a2582682cb895a103f48f to remote] DEBUG org.asynchttpclient.netty.request.NettyRequestSender - Using open Channel [id: 0x074a72b0, L:/127.0.0.1:51850 - R:localhost/127.0.0.1:38677] for GET '/session/3f37abd30a9a2582682cb895a103f48f/element/db5491ac-6169-4535-8be4-8c2ff75ed036/enabled'
10:56:09.006 [AsyncHttpClient-1-5] DEBUG org.asynchttpclient.netty.handler.HttpHandler - 

Request DefaultFullHttpRequest(decodeResult: success, version: HTTP/1.1, content: EmptyByteBufBE)
GET /session/3f37abd30a9a2582682cb895a103f48f/element/db5491ac-6169-4535-8be4-8c2ff75ed036/enabled HTTP/1.1
User-Agent: selenium/4.8.0 (java windows)
Cache-Control: no-cache
Content-Type: application/json; charset=utf-8
host: localhost:38677
accept: */*

Response DefaultHttpResponse(decodeResult: success, version: HTTP/1.1)
HTTP/1.1 200 OK
Content-Length: 14
Content-Type: application/json; charset=utf-8
cache-control: no-cache

10:56:09.007 [AsyncHttpClient-1-5] DEBUG org.asynchttpclient.netty.channel.ChannelManager - Adding key: http://localhost:38677 for channel [id: 0x074a72b0, L:/127.0.0.1:51850 - R:localhost/127.0.0.1:38677]
10:56:09.046 [Forwarding isElementEnabled on session 3f37abd30a9a2582682cb895a103f48f to remote] DEBUG org.asynchttpclient.netty.request.NettyRequestSender - Using pooled Channel '[id: 0x074a72b0, L:/127.0.0.1:51850 - R:localhost/127.0.0.1:38677]' for 'GET' to 'http://localhost:38677/session/3f37abd30a9a2582682cb895a103f48f/element/db5491ac-6169-4535-8be4-8c2ff75ed036/enabled'
10:56:09.046 [Forwarding isElementEnabled on session 3f37abd30a9a2582682cb895a103f48f to remote] DEBUG org.asynchttpclient.netty.request.NettyRequestSender - Using open Channel [id: 0x074a72b0, L:/127.0.0.1:51850 - R:localhost/127.0.0.1:38677] for GET '/session/3f37abd30a9a2582682cb895a103f48f/element/db5491ac-6169-4535-8be4-8c2ff75ed036/enabled'
10:56:09.062 [AsyncHttpClient-1-5] DEBUG org.asynchttpclient.netty.handler.HttpHandler - 

Request DefaultFullHttpRequest(decodeResult: success, version: HTTP/1.1, content: EmptyByteBufBE)
GET /session/3f37abd30a9a2582682cb895a103f48f/element/db5491ac-6169-4535-8be4-8c2ff75ed036/enabled HTTP/1.1
User-Agent: selenium/4.8.0 (java windows)
Cache-Control: no-cache
Content-Type: application/json; charset=utf-8
host: localhost:38677
accept: */*

Response DefaultHttpResponse(decodeResult: success, version: HTTP/1.1)
HTTP/1.1 200 OK
Content-Length: 14
Content-Type: application/json; charset=utf-8
cache-control: no-cache

10:56:09.063 [AsyncHttpClient-1-5] DEBUG org.asynchttpclient.netty.channel.ChannelManager - Adding key: http://localhost:38677 for channel [id: 0x074a72b0, L:/127.0.0.1:51850 - R:localhost/127.0.0.1:38677]
10:56:09.067 [Forwarding findElement on session 3f37abd30a9a2582682cb895a103f48f to remote] DEBUG org.asynchttpclient.netty.request.NettyRequestSender - Using pooled Channel '[id: 0x074a72b0, L:/127.0.0.1:51850 - R:localhost/127.0.0.1:38677]' for 'POST' to 'http://localhost:38677/session/3f37abd30a9a2582682cb895a103f48f/element'
10:56:09.068 [Forwarding findElement on session 3f37abd30a9a2582682cb895a103f48f to remote] DEBUG org.asynchttpclient.netty.request.NettyRequestSender - Using open Channel [id: 0x074a72b0, L:/127.0.0.1:51850 - R:localhost/127.0.0.1:38677] for POST '/session/3f37abd30a9a2582682cb895a103f48f/element'
10:56:09.076 [AsyncHttpClient-1-5] DEBUG org.asynchttpclient.netty.handler.HttpHandler - 

Request DefaultHttpRequest(decodeResult: success, version: HTTP/1.1)
POST /session/3f37abd30a9a2582682cb895a103f48f/element HTTP/1.1
User-Agent: selenium/4.8.0 (java windows)
Content-Length: 59
Content-Type: application/json; charset=utf-8
host: localhost:38677
accept: */*

Response DefaultHttpResponse(decodeResult: success, version: HTTP/1.1)
HTTP/1.1 200 OK
Content-Length: 88
Content-Type: application/json; charset=utf-8
cache-control: no-cache

10:56:09.077 [AsyncHttpClient-1-5] DEBUG org.asynchttpclient.netty.channel.ChannelManager - Adding key: http://localhost:38677 for channel [id: 0x074a72b0, L:/127.0.0.1:51850 - R:localhost/127.0.0.1:38677]
10:56:09.082 [Forwarding clickElement on session 3f37abd30a9a2582682cb895a103f48f to remote] DEBUG org.asynchttpclient.netty.request.NettyRequestSender - Using pooled Channel '[id: 0x074a72b0, L:/127.0.0.1:51850 - R:localhost/127.0.0.1:38677]' for 'POST' to 'http://localhost:38677/session/3f37abd30a9a2582682cb895a103f48f/element/db5491ac-6169-4535-8be4-8c2ff75ed036/click'
10:56:09.082 [Forwarding clickElement on session 3f37abd30a9a2582682cb895a103f48f to remote] DEBUG org.asynchttpclient.netty.request.NettyRequestSender - Using open Channel [id: 0x074a72b0, L:/127.0.0.1:51850 - R:localhost/127.0.0.1:38677] for POST '/session/3f37abd30a9a2582682cb895a103f48f/element/db5491ac-6169-4535-8be4-8c2ff75ed036/click'
10:56:09.166 [AsyncHttpClient-1-5] DEBUG org.asynchttpclient.netty.handler.HttpHandler - 

Request DefaultHttpRequest(decodeResult: success, version: HTTP/1.1)
POST /session/3f37abd30a9a2582682cb895a103f48f/element/db5491ac-6169-4535-8be4-8c2ff75ed036/click HTTP/1.1
User-Agent: selenium/4.8.0 (java windows)
Content-Length: 50
Content-Type: application/json; charset=utf-8
host: localhost:38677
accept: */*

Response DefaultHttpResponse(decodeResult: success, version: HTTP/1.1)
HTTP/1.1 200 OK
Content-Length: 14
Content-Type: application/json; charset=utf-8
cache-control: no-cache

10:56:09.166 [AsyncHttpClient-1-5] DEBUG org.asynchttpclient.netty.channel.ChannelManager - Adding key: http://localhost:38677 for channel [id: 0x074a72b0, L:/127.0.0.1:51850 - R:localhost/127.0.0.1:38677]
10:56:09.171 [main] DEBUG net.thucydides.core.steps.StepInterceptor - STEP DONE: clickLoginButton
  &amp#27;[32mAnd &amp#27;[0m&amp#27;[32muser click login button&amp#27;[0m                                                               &amp#27;[90m# starter.stepdefinitions.LoginSteps.userClickLoginButton()&amp#27;[0m
10:56:09.183 [main] DEBUG net.thucydides.core.steps.StepInterceptor - STARTING STEP: LoginSteps.userSeeErrorMessage - userSeeErrorMessage
10:56:09.186 [Forwarding findElement on session 3f37abd30a9a2582682cb895a103f48f to remote] DEBUG org.asynchttpclient.netty.request.NettyRequestSender - Using pooled Channel '[id: 0x074a72b0, L:/127.0.0.1:51850 - R:localhost/127.0.0.1:38677]' for 'POST' to 'http://localhost:38677/session/3f37abd30a9a2582682cb895a103f48f/element'
10:56:09.186 [Forwarding findElement on session 3f37abd30a9a2582682cb895a103f48f to remote] DEBUG org.asynchttpclient.netty.request.NettyRequestSender - Using open Channel [id: 0x074a72b0, L:/127.0.0.1:51850 - R:localhost/127.0.0.1:38677] for POST '/session/3f37abd30a9a2582682cb895a103f48f/element'
10:56:09.203 [AsyncHttpClient-1-5] DEBUG org.asynchttpclient.netty.handler.HttpHandler - 

Request DefaultHttpRequest(decodeResult: success, version: HTTP/1.1)
POST /session/3f37abd30a9a2582682cb895a103f48f/element HTTP/1.1
User-Agent: selenium/4.8.0 (java windows)
Content-Length: 71
Content-Type: application/json; charset=utf-8
host: localhost:38677
accept: */*

Response DefaultHttpResponse(decodeResult: success, version: HTTP/1.1)
HTTP/1.1 200 OK
Content-Length: 88
Content-Type: application/json; charset=utf-8
cache-control: no-cache

10:56:09.203 [AsyncHttpClient-1-5] DEBUG org.asynchttpclient.netty.channel.ChannelManager - Adding key: http://localhost:38677 for channel [id: 0x074a72b0, L:/127.0.0.1:51850 - R:localhost/127.0.0.1:38677]
10:56:09.207 [Forwarding isElementDisplayed on session 3f37abd30a9a2582682cb895a103f48f to remote] DEBUG org.asynchttpclient.netty.request.NettyRequestSender - Using pooled Channel '[id: 0x074a72b0, L:/127.0.0.1:51850 - R:localhost/127.0.0.1:38677]' for 'POST' to 'http://localhost:38677/session/3f37abd30a9a2582682cb895a103f48f/execute/sync'
10:56:09.207 [Forwarding isElementDisplayed on session 3f37abd30a9a2582682cb895a103f48f to remote] DEBUG org.asynchttpclient.netty.request.NettyRequestSender - Using open Channel [id: 0x074a72b0, L:/127.0.0.1:51850 - R:localhost/127.0.0.1:38677] for POST '/session/3f37abd30a9a2582682cb895a103f48f/execute/sync'
10:56:09.217 [AsyncHttpClient-1-5] DEBUG org.asynchttpclient.netty.handler.HttpHandler - 

Request DefaultHttpRequest(decodeResult: success, version: HTTP/1.1)
POST /session/3f37abd30a9a2582682cb895a103f48f/execute/sync HTTP/1.1
User-Agent: selenium/4.8.0 (java windows)
Content-Length: 48807
Content-Type: application/json; charset=utf-8
host: localhost:38677
accept: */*

Response DefaultHttpResponse(decodeResult: success, version: HTTP/1.1)
HTTP/1.1 200 OK
Content-Length: 14
Content-Type: application/json; charset=utf-8
cache-control: no-cache

10:56:09.218 [AsyncHttpClient-1-5] DEBUG org.asynchttpclient.netty.channel.ChannelManager - Adding key: http://localhost:38677 for channel [id: 0x074a72b0, L:/127.0.0.1:51850 - R:localhost/127.0.0.1:38677]
10:56:09.220 [main] DEBUG net.thucydides.core.steps.StepInterceptor - STEP DONE: userSeeErrorMessage
10:56:09.224 [main] DEBUG net.thucydides.core.steps.StepInterceptor - STARTING STEP: LoginSteps.userSeeErrorMessage - validateEqualErrorMessage
10:56:09.228 [Forwarding findElement on session 3f37abd30a9a2582682cb895a103f48f to remote] DEBUG org.asynchttpclient.netty.request.NettyRequestSender - Using pooled Channel '[id: 0x074a72b0, L:/127.0.0.1:51850 - R:localhost/127.0.0.1:38677]' for 'POST' to 'http://localhost:38677/session/3f37abd30a9a2582682cb895a103f48f/element'
10:56:09.228 [Forwarding findElement on session 3f37abd30a9a2582682cb895a103f48f to remote] DEBUG org.asynchttpclient.netty.request.NettyRequestSender - Using open Channel [id: 0x074a72b0, L:/127.0.0.1:51850 - R:localhost/127.0.0.1:38677] for POST '/session/3f37abd30a9a2582682cb895a103f48f/element'
10:56:09.236 [AsyncHttpClient-1-5] DEBUG org.asynchttpclient.netty.handler.HttpHandler - 

Request DefaultHttpRequest(decodeResult: success, version: HTTP/1.1)
POST /session/3f37abd30a9a2582682cb895a103f48f/element HTTP/1.1
User-Agent: selenium/4.8.0 (java windows)
Content-Length: 71
Content-Type: application/json; charset=utf-8
host: localhost:38677
accept: */*

Response DefaultHttpResponse(decodeResult: success, version: HTTP/1.1)
HTTP/1.1 200 OK
Content-Length: 88
Content-Type: application/json; charset=utf-8
cache-control: no-cache

10:56:09.236 [AsyncHttpClient-1-5] DEBUG org.asynchttpclient.netty.channel.ChannelManager - Adding key: http://localhost:38677 for channel [id: 0x074a72b0, L:/127.0.0.1:51850 - R:localhost/127.0.0.1:38677]
10:56:09.238 [Forwarding getElementText on session 3f37abd30a9a2582682cb895a103f48f to remote] DEBUG org.asynchttpclient.netty.request.NettyRequestSender - Using pooled Channel '[id: 0x074a72b0, L:/127.0.0.1:51850 - R:localhost/127.0.0.1:38677]' for 'GET' to 'http://localhost:38677/session/3f37abd30a9a2582682cb895a103f48f/element/59c4e7c6-1773-471a-a941-becbe51f4bd7/text'
10:56:09.238 [Forwarding getElementText on session 3f37abd30a9a2582682cb895a103f48f to remote] DEBUG org.asynchttpclient.netty.request.NettyRequestSender - Using open Channel [id: 0x074a72b0, L:/127.0.0.1:51850 - R:localhost/127.0.0.1:38677] for GET '/session/3f37abd30a9a2582682cb895a103f48f/element/59c4e7c6-1773-471a-a941-becbe51f4bd7/text'
10:56:09.254 [AsyncHttpClient-1-5] DEBUG org.asynchttpclient.netty.handler.HttpHandler - 

Request DefaultFullHttpRequest(decodeResult: success, version: HTTP/1.1, content: EmptyByteBufBE)
GET /session/3f37abd30a9a2582682cb895a103f48f/element/59c4e7c6-1773-471a-a941-becbe51f4bd7/text HTTP/1.1
User-Agent: selenium/4.8.0 (java windows)
Cache-Control: no-cache
Content-Type: application/json; charset=utf-8
host: localhost:38677
accept: */*

Response DefaultHttpResponse(decodeResult: success, version: HTTP/1.1)
HTTP/1.1 200 OK
Content-Length: 85
Content-Type: application/json; charset=utf-8
cache-control: no-cache

10:56:09.254 [AsyncHttpClient-1-5] DEBUG org.asynchttpclient.netty.channel.ChannelManager - Adding key: http://localhost:38677 for channel [id: 0x074a72b0, L:/127.0.0.1:51850 - R:localhost/127.0.0.1:38677]
10:56:09.257 [main] DEBUG net.thucydides.core.steps.StepInterceptor - STEP DONE: validateEqualErrorMessage
  &amp#27;[32mThen &amp#27;[0m&amp#27;[32muser see error message &amp#27;[0m&amp#27;[32m&amp#27;[1m"Username and password do not match any user in this service"&amp#27;[0m &amp#27;[90m# starter.stepdefinitions.LoginSteps.userSeeErrorMessage(java.lang.String)&amp#27;[0m
10:56:09.261 [main] INFO  - 
  _____   ___   ___   _____     ___     _     ___   ___   ___   ___  
 |_   _| | __| / __| |_   _|   | _ \   /_\   / __| / __| | __| |   \ 
   | |   | _|  \__ \   | |     |  _/  / _ \  \__ \ \__ \ | _|  | |) |
   |_|   |___| |___/   |_|     |_|   /_/ \_\ |___/ |___/ |___| |___/ 

as user i want to input invalid username then get error message
----------------------------------------------------------------------
10:56:09.263 [AsyncHttpClient-1-3] DEBUG org.asynchttpclient.netty.handler.WebSocketHandler - Channel Closed: [id: 0xc5fc8d30, L:/127.0.0.1:51858 ! R:localhost/127.0.0.1:51852] with attribute NettyResponseFuture{currentRetry=0,
	isDone=1,
	isCancelled=0,
	asyncHandler=org.asynchttpclient.ws.WebSocketUpgradeHandler@766a4b00,
	nettyRequest=org.asynchttpclient.netty.request.NettyRequest@648eb254,
	future=java.util.concurrent.CompletableFuture@74fc516b[Completed normally],
	uri=ws://localhost:51852/devtools/browser/9312567e-cba2-40f4-83c2-9c98d1c8829f,
	keepAlive=true,
	redirectCount=0,
	timeoutsHolder=null,
	inAuth=0,
	touch=1680926166676}
10:56:09.264 [AsyncHttpClient-1-3] DEBUG org.asynchttpclient.netty.channel.ChannelManager - Closing Channel [id: 0xc5fc8d30, L:/127.0.0.1:51858 ! R:localhost/127.0.0.1:51852] 
10:56:09.266 [Driver Command Executor] DEBUG org.asynchttpclient.netty.request.NettyRequestSender - Using pooled Channel '[id: 0x074a72b0, L:/127.0.0.1:51850 - R:localhost/127.0.0.1:38677]' for 'DELETE' to 'http://localhost:38677/session/3f37abd30a9a2582682cb895a103f48f'
10:56:09.266 [Driver Command Executor] DEBUG org.asynchttpclient.netty.request.NettyRequestSender - Using open Channel [id: 0x074a72b0, L:/127.0.0.1:51850 - R:localhost/127.0.0.1:38677] for DELETE '/session/3f37abd30a9a2582682cb895a103f48f'
10:56:09.739 [AsyncHttpClient-1-1] DEBUG org.asynchttpclient.netty.channel.DefaultChannelPool - Entry count for : http://localhost:51852 : 1
10:56:09.849 [AsyncHttpClient-1-2] DEBUG org.asynchttpclient.netty.handler.HttpHandler - Unexpected I/O exception on channel [id: 0x71f90fa9, L:/127.0.0.1:51857 - R:localhost/127.0.0.1:51852]
java.io.IOException: An existing connection was forcibly closed by the remote host
	at sun.nio.ch.SocketDispatcher.read0(Native Method)
	at sun.nio.ch.SocketDispatcher.read(SocketDispatcher.java:43)
	at sun.nio.ch.IOUtil.readIntoNativeBuffer(IOUtil.java:223)
	at sun.nio.ch.IOUtil.read(IOUtil.java:192)
	at sun.nio.ch.SocketChannelImpl.read(SocketChannelImpl.java:378)
	at io.netty.buffer.PooledByteBuf.setBytes(PooledByteBuf.java:259)
	at io.netty.buffer.AbstractByteBuf.writeBytes(AbstractByteBuf.java:1132)
	at io.netty.channel.socket.nio.NioSocketChannel.doReadBytes(NioSocketChannel.java:357)
	at io.netty.channel.nio.AbstractNioByteChannel$NioByteUnsafe.read(AbstractNioByteChannel.java:151)
	at io.netty.channel.nio.NioEventLoop.processSelectedKey(NioEventLoop.java:788)
	at io.netty.channel.nio.NioEventLoop.processSelectedKeysOptimized(NioEventLoop.java:724)
	at io.netty.channel.nio.NioEventLoop.processSelectedKeys(NioEventLoop.java:650)
	at io.netty.channel.nio.NioEventLoop.run(NioEventLoop.java:562)
	at io.netty.util.concurrent.SingleThreadEventExecutor$4.run(SingleThreadEventExecutor.java:997)
	at io.netty.util.internal.ThreadExecutorMap$2.run(ThreadExecutorMap.java:74)
	at io.netty.util.concurrent.FastThreadLocalRunnable.run(FastThreadLocalRunnable.java:30)
	at java.lang.Thread.run(Thread.java:750)
10:56:09.850 [AsyncHttpClient-1-2] DEBUG org.asynchttpclient.netty.channel.ChannelManager - Closing Channel [id: 0x71f90fa9, L:/127.0.0.1:51857 - R:localhost/127.0.0.1:51852] 
10:56:09.850 [AsyncHttpClient-1-2] DEBUG org.asynchttpclient.netty.handler.HttpHandler - Channel Closed: [id: 0x71f90fa9, L:/127.0.0.1:51857 ! R:localhost/127.0.0.1:51852] with attribute DISCARD
10:56:09.862 [AsyncHttpClient-1-5] DEBUG org.asynchttpclient.netty.handler.HttpHandler - 

Request DefaultFullHttpRequest(decodeResult: success, version: HTTP/1.1, content: EmptyByteBufBE)
DELETE /session/3f37abd30a9a2582682cb895a103f48f HTTP/1.1
User-Agent: selenium/4.8.0 (java windows)
Content-Type: application/json; charset=utf-8
host: localhost:38677
accept: */*

Response DefaultHttpResponse(decodeResult: success, version: HTTP/1.1)
HTTP/1.1 200 OK
Content-Length: 14
Content-Type: application/json; charset=utf-8
cache-control: no-cache

10:56:09.862 [AsyncHttpClient-1-5] DEBUG org.asynchttpclient.netty.channel.ChannelManager - Adding key: http://localhost:38677 for channel [id: 0x074a72b0, L:/127.0.0.1:51850 - R:localhost/127.0.0.1:38677]
10:56:11.222 [AsyncHttpClient-1-1] DEBUG org.asynchttpclient.netty.channel.DefaultChannelPool - Entry count for : http://localhost:51852 : 1
10:56:11.222 [AsyncHttpClient-1-1] DEBUG org.asynchttpclient.netty.channel.DefaultChannelPool - Entry count for : http://localhost:38677 : 1
10:56:11.223 [AsyncHttpClient-1-1] DEBUG org.asynchttpclient.netty.channel.DefaultChannelPool - Adding Candidate expired Channel [id: 0x71f90fa9, L:/127.0.0.1:51857 ! R:localhost/127.0.0.1:51852] isIdleTimeoutExpired=false isRemotelyClosed=true isTtlExpired=false
10:56:11.223 [AsyncHttpClient-1-1] DEBUG org.asynchttpclient.netty.channel.DefaultChannelPool - Closing Idle Channel [id: 0x71f90fa9, L:/127.0.0.1:51857 ! R:localhost/127.0.0.1:51852]
10:56:11.223 [AsyncHttpClient-1-1] DEBUG org.asynchttpclient.netty.channel.DefaultChannelPool - Closed 1 connections out of 2 in 1 ms
10:56:12.291 [AsyncHttpClient-1-1] DEBUG org.asynchttpclient.netty.channel.DefaultChannelPool - Entry count for : http://localhost:38677 : 1
10:56:13.004 [AsyncHttpClient-1-5] DEBUG org.asynchttpclient.netty.handler.HttpHandler - Unexpected I/O exception on channel [id: 0x074a72b0, L:/127.0.0.1:51850 - R:localhost/127.0.0.1:38677]
java.io.IOException: An existing connection was forcibly closed by the remote host
	at sun.nio.ch.SocketDispatcher.read0(Native Method)
	at sun.nio.ch.SocketDispatcher.read(SocketDispatcher.java:43)
	at sun.nio.ch.IOUtil.readIntoNativeBuffer(IOUtil.java:223)
	at sun.nio.ch.IOUtil.read(IOUtil.java:192)
	at sun.nio.ch.SocketChannelImpl.read(SocketChannelImpl.java:378)
	at io.netty.buffer.PooledByteBuf.setBytes(PooledByteBuf.java:259)
	at io.netty.buffer.AbstractByteBuf.writeBytes(AbstractByteBuf.java:1132)
	at io.netty.channel.socket.nio.NioSocketChannel.doReadBytes(NioSocketChannel.java:357)
	at io.netty.channel.nio.AbstractNioByteChannel$NioByteUnsafe.read(AbstractNioByteChannel.java:151)
	at io.netty.channel.nio.NioEventLoop.processSelectedKey(NioEventLoop.java:788)
	at io.netty.channel.nio.NioEventLoop.processSelectedKeysOptimized(NioEventLoop.java:724)
	at io.netty.channel.nio.NioEventLoop.processSelectedKeys(NioEventLoop.java:650)
	at io.netty.channel.nio.NioEventLoop.run(NioEventLoop.java:562)
	at io.netty.util.concurrent.SingleThreadEventExecutor$4.run(SingleThreadEventExecutor.java:997)
	at io.netty.util.internal.ThreadExecutorMap$2.run(ThreadExecutorMap.java:74)
	at io.netty.util.concurrent.FastThreadLocalRunnable.run(FastThreadLocalRunnable.java:30)
	at java.lang.Thread.run(Thread.java:750)
10:56:13.005 [AsyncHttpClient-1-5] DEBUG org.asynchttpclient.netty.channel.ChannelManager - Closing Channel [id: 0x074a72b0, L:/127.0.0.1:51850 - R:localhost/127.0.0.1:38677] 
10:56:13.005 [AsyncHttpClient-1-5] DEBUG org.asynchttpclient.netty.handler.HttpHandler - Channel Closed: [id: 0x074a72b0, L:/127.0.0.1:51850 ! R:localhost/127.0.0.1:38677] with attribute DISCARD
]]></system-out>
    <system-err><![CDATA[Starting ChromeDriver 112.0.5615.49 (bd2a7bcb881c11e8cfe3078709382934e3916914-refs/branch-heads/5615@{#936}) on port 38677
Only local connections are allowed.
Please see https://chromedriver.chromium.org/security-considerations for suggestions on keeping ChromeDriver safe.
ChromeDriver was started successfully.
Apr 08, 2023 10:56:06 AM org.openqa.selenium.devtools.CdpVersionFinder findNearestMatch
WARNING: Unable to find an exact match for CDP version 112, so returning the closest version found: 109
Apr 08, 2023 10:56:13 AM org.openqa.selenium.os.OsProcess destroy
SEVERE: Unable to kill process java.lang.ProcessImpl@3855d9b2
]]></system-err>
  </testcase>
  <testcase name="as user i can add products to my cart" classname="As a user" time="4.389">
    <system-out><![CDATA[
@PositiveAllItem
Scenario: as user i can add products to my cart               &amp#27;[90m# src/test/resources/features/web/Login.feature:22&amp#27;[0m
10:56:13.031 [main] INFO io.cucumber.core.plugin.SerenityReporter - Running feature from file:///E:/SEMESTER%20VI/ALTA/web-automation-saucedemo/src/test/resources/features/web/Login.feature
10:56:13.036 [main] INFO  - 
  _____   ___   ___   _____     ___   _____     _     ___   _____   ___   ___  
 |_   _| | __| / __| |_   _|   / __| |_   _|   /_\   | _ \ |_   _| | __| |   \ 
   | |   | _|  \__ \   | |     \__ \   | |    / _ \  |   /   | |   | _|  | |) |
   |_|   |___| |___/   |_|     |___/   |_|   /_/ \_\ |_|_\   |_|   |___| |___/ 

as user i can add products to my cart(as-a-user;as-user-i-can-add-products-to-my-cart)
--------------------------------------------------------------------------------
10:56:13.058 [main] DEBUG net.thucydides.core.steps.StepInterceptor - STARTING STEP: LoginSteps.userOnLoginPage - onLoginPage
10:56:13.126 [main] INFO net.serenitybdd.core.webdriver.driverproviders.ChromeDriverProvider - Starting Chrome driver instance with capabilities:
10:56:13.128 [main] INFO net.serenitybdd.core.webdriver.driverproviders.ChromeDriverProvider - Capabilities {acceptInsecureCerts: true, browserName: chrome, goog:chromeOptions: {args: [remote-allow-origins=*, test-type, no-sandbox, ignore-certificate-errors, start-maximized, incognito, disable-infobars, disable-gpu, disable-default-apps, disable-popup-blocking, remote-allow-origins=*, test-type, no-sandbox, ignore-certificate-errors, start-maximized, incognito, disable-infobars, disable-gpu, disable-default-apps, disable-popup-blocking], extensions: []}}
10:56:13.334 [AsyncHttpClient-1-1] DEBUG org.asynchttpclient.netty.channel.DefaultChannelPool - Entry count for : http://localhost:38677 : 1
10:56:13.334 [AsyncHttpClient-1-1] DEBUG org.asynchttpclient.netty.channel.DefaultChannelPool - Adding Candidate expired Channel [id: 0x074a72b0, L:/127.0.0.1:51850 ! R:localhost/127.0.0.1:38677] isIdleTimeoutExpired=false isRemotelyClosed=true isTtlExpired=false
10:56:13.334 [AsyncHttpClient-1-1] DEBUG org.asynchttpclient.netty.channel.DefaultChannelPool - Closing Idle Channel [id: 0x074a72b0, L:/127.0.0.1:51850 ! R:localhost/127.0.0.1:38677]
10:56:13.334 [AsyncHttpClient-1-1] DEBUG org.asynchttpclient.netty.channel.DefaultChannelPool - Closed 1 connections out of 1 in 0 ms
10:56:13.730 [AsyncHttpClient-1-4] DEBUG org.asynchttpclient.netty.channel.NettyConnectListener - Using new Channel '[id: 0x58535c3a, L:/127.0.0.1:51875 - R:localhost/127.0.0.1:11492]' for 'POST' to '/session'
10:56:14.532 [AsyncHttpClient-1-4] DEBUG org.asynchttpclient.netty.handler.HttpHandler - 

Request DefaultHttpRequest(decodeResult: success, version: HTTP/1.1)
POST /session HTTP/1.1
User-Agent: selenium/4.8.0 (java windows)
Content-Length: 1629
Content-Type: application/json; charset=utf-8
host: localhost:11492
accept: */*

Response DefaultHttpResponse(decodeResult: success, version: HTTP/1.1)
HTTP/1.1 200 OK
Content-Length: 856
Content-Type: application/json; charset=utf-8
cache-control: no-cache

10:56:14.532 [AsyncHttpClient-1-4] DEBUG org.asynchttpclient.netty.channel.ChannelManager - Adding key: http://localhost:11492 for channel [id: 0x58535c3a, L:/127.0.0.1:51875 - R:localhost/127.0.0.1:11492]
10:56:14.540 [AsyncHttpClient-1-5] DEBUG org.asynchttpclient.netty.channel.NettyConnectListener - Using new Channel '[id: 0xbd78b660, L:/127.0.0.1:51881 - R:localhost/127.0.0.1:51876]' for 'GET' to '/json/version'
10:56:14.544 [AsyncHttpClient-1-5] DEBUG org.asynchttpclient.netty.handler.HttpHandler - 

Request DefaultFullHttpRequest(decodeResult: success, version: HTTP/1.1, content: EmptyByteBufBE)
GET /json/version HTTP/1.1
User-Agent: selenium/4.8.0 (java windows)
host: localhost:51876
accept: */*

Response DefaultHttpResponse(decodeResult: success, version: HTTP/1.1)
HTTP/1.1 200 OK
Content-Security-Policy: frame-ancestors 'none'
Content-Length: 422
Content-Type: application/json; charset=UTF-8

10:56:14.544 [AsyncHttpClient-1-5] DEBUG org.asynchttpclient.netty.channel.ChannelManager - Adding key: http://localhost:51876 for channel [id: 0xbd78b660, L:/127.0.0.1:51881 - R:localhost/127.0.0.1:51876]
10:56:14.553 [AsyncHttpClient-1-2] DEBUG org.asynchttpclient.netty.channel.NettyConnectListener - Using new Channel '[id: 0x98343abb, L:/127.0.0.1:51882 - R:localhost/127.0.0.1:51876]' for 'GET' to '/devtools/browser/28781bda-82b4-4de5-b1c2-e59db8b8f826'
10:56:14.570 [AsyncHttpClient-1-2] DEBUG org.asynchttpclient.netty.handler.WebSocketHandler - 

Request DefaultFullHttpRequest(decodeResult: success, version: HTTP/1.1, content: EmptyByteBufBE)
GET /devtools/browser/28781bda-82b4-4de5-b1c2-e59db8b8f826 HTTP/1.1
upgrade: websocket
connection: upgrade
sec-websocket-key: b2AwwaIcef4RDJY17s2ppg==
sec-websocket-version: 13
origin: http://localhost:51876
host: localhost:51876
accept: */*
user-agent: AHC/2.1

Response DefaultHttpResponse(decodeResult: success, version: HTTP/1.1)
HTTP/1.1 101 WebSocket Protocol Handshake
Upgrade: WebSocket
Connection: Upgrade
Sec-WebSocket-Accept: TpHCuVGOuSkA5Rzr3KKCNq3wfNs=

10:56:14.583 [Forwarding get on session 6b7ccdefe1928198d195b6d9f18856cd to remote] DEBUG org.asynchttpclient.netty.request.NettyRequestSender - Using pooled Channel '[id: 0x58535c3a, L:/127.0.0.1:51875 - R:localhost/127.0.0.1:11492]' for 'POST' to 'http://localhost:11492/session/6b7ccdefe1928198d195b6d9f18856cd/url'
10:56:14.583 [Forwarding get on session 6b7ccdefe1928198d195b6d9f18856cd to remote] DEBUG org.asynchttpclient.netty.request.NettyRequestSender - Using open Channel [id: 0x58535c3a, L:/127.0.0.1:51875 - R:localhost/127.0.0.1:11492] for POST '/session/6b7ccdefe1928198d195b6d9f18856cd/url'
10:56:15.547 [AsyncHttpClient-1-1] DEBUG org.asynchttpclient.netty.channel.DefaultChannelPool - Entry count for : http://localhost:51876 : 1
10:56:15.576 [AsyncHttpClient-1-4] DEBUG org.asynchttpclient.netty.handler.HttpHandler - 

Request DefaultHttpRequest(decodeResult: success, version: HTTP/1.1)
POST /session/6b7ccdefe1928198d195b6d9f18856cd/url HTTP/1.1
User-Agent: selenium/4.8.0 (java windows)
Content-Length: 56
Content-Type: application/json; charset=utf-8
host: localhost:11492
accept: */*

Response DefaultHttpResponse(decodeResult: success, version: HTTP/1.1)
HTTP/1.1 200 OK
Content-Length: 14
Content-Type: application/json; charset=utf-8
cache-control: no-cache

10:56:15.576 [AsyncHttpClient-1-4] DEBUG org.asynchttpclient.netty.channel.ChannelManager - Adding key: http://localhost:11492 for channel [id: 0x58535c3a, L:/127.0.0.1:51875 - R:localhost/127.0.0.1:11492]
10:56:15.578 [Forwarding setTimeout on session 6b7ccdefe1928198d195b6d9f18856cd to remote] DEBUG org.asynchttpclient.netty.request.NettyRequestSender - Using pooled Channel '[id: 0x58535c3a, L:/127.0.0.1:51875 - R:localhost/127.0.0.1:11492]' for 'POST' to 'http://localhost:11492/session/6b7ccdefe1928198d195b6d9f18856cd/timeouts'
10:56:15.581 [Forwarding setTimeout on session 6b7ccdefe1928198d195b6d9f18856cd to remote] DEBUG org.asynchttpclient.netty.request.NettyRequestSender - Using open Channel [id: 0x58535c3a, L:/127.0.0.1:51875 - R:localhost/127.0.0.1:11492] for POST '/session/6b7ccdefe1928198d195b6d9f18856cd/timeouts'
10:56:15.584 [AsyncHttpClient-1-4] DEBUG org.asynchttpclient.netty.handler.HttpHandler - 

Request DefaultHttpRequest(decodeResult: success, version: HTTP/1.1)
POST /session/6b7ccdefe1928198d195b6d9f18856cd/timeouts HTTP/1.1
User-Agent: selenium/4.8.0 (java windows)
Content-Length: 22
Content-Type: application/json; charset=utf-8
host: localhost:11492
accept: */*

Response DefaultHttpResponse(decodeResult: success, version: HTTP/1.1)
HTTP/1.1 200 OK
Content-Length: 14
Content-Type: application/json; charset=utf-8
cache-control: no-cache

10:56:15.584 [AsyncHttpClient-1-4] DEBUG org.asynchttpclient.netty.channel.ChannelManager - Adding key: http://localhost:11492 for channel [id: 0x58535c3a, L:/127.0.0.1:51875 - R:localhost/127.0.0.1:11492]
10:56:15.591 [Forwarding getCurrentUrl on session 6b7ccdefe1928198d195b6d9f18856cd to remote] DEBUG org.asynchttpclient.netty.request.NettyRequestSender - Using pooled Channel '[id: 0x58535c3a, L:/127.0.0.1:51875 - R:localhost/127.0.0.1:11492]' for 'GET' to 'http://localhost:11492/session/6b7ccdefe1928198d195b6d9f18856cd/url'
10:56:15.591 [Forwarding getCurrentUrl on session 6b7ccdefe1928198d195b6d9f18856cd to remote] DEBUG org.asynchttpclient.netty.request.NettyRequestSender - Using open Channel [id: 0x58535c3a, L:/127.0.0.1:51875 - R:localhost/127.0.0.1:11492] for GET '/session/6b7ccdefe1928198d195b6d9f18856cd/url'
10:56:15.606 [AsyncHttpClient-1-4] DEBUG org.asynchttpclient.netty.handler.HttpHandler - 

Request DefaultFullHttpRequest(decodeResult: success, version: HTTP/1.1, content: EmptyByteBufBE)
GET /session/6b7ccdefe1928198d195b6d9f18856cd/url HTTP/1.1
User-Agent: selenium/4.8.0 (java windows)
Cache-Control: no-cache
Content-Type: application/json; charset=utf-8
host: localhost:11492
accept: */*

Response DefaultHttpResponse(decodeResult: success, version: HTTP/1.1)
HTTP/1.1 200 OK
Content-Length: 38
Content-Type: application/json; charset=utf-8
cache-control: no-cache

10:56:15.606 [AsyncHttpClient-1-4] DEBUG org.asynchttpclient.netty.channel.ChannelManager - Adding key: http://localhost:11492 for channel [id: 0x58535c3a, L:/127.0.0.1:51875 - R:localhost/127.0.0.1:11492]
10:56:15.611 [Forwarding getCurrentUrl on session 6b7ccdefe1928198d195b6d9f18856cd to remote] DEBUG org.asynchttpclient.netty.request.NettyRequestSender - Using pooled Channel '[id: 0x58535c3a, L:/127.0.0.1:51875 - R:localhost/127.0.0.1:11492]' for 'GET' to 'http://localhost:11492/session/6b7ccdefe1928198d195b6d9f18856cd/url'
10:56:15.611 [Forwarding getCurrentUrl on session 6b7ccdefe1928198d195b6d9f18856cd to remote] DEBUG org.asynchttpclient.netty.request.NettyRequestSender - Using open Channel [id: 0x58535c3a, L:/127.0.0.1:51875 - R:localhost/127.0.0.1:11492] for GET '/session/6b7ccdefe1928198d195b6d9f18856cd/url'
10:56:15.615 [AsyncHttpClient-1-4] DEBUG org.asynchttpclient.netty.handler.HttpHandler - 

Request DefaultFullHttpRequest(decodeResult: success, version: HTTP/1.1, content: EmptyByteBufBE)
GET /session/6b7ccdefe1928198d195b6d9f18856cd/url HTTP/1.1
User-Agent: selenium/4.8.0 (java windows)
Cache-Control: no-cache
Content-Type: application/json; charset=utf-8
host: localhost:11492
accept: */*

Response DefaultHttpResponse(decodeResult: success, version: HTTP/1.1)
HTTP/1.1 200 OK
Content-Length: 38
Content-Type: application/json; charset=utf-8
cache-control: no-cache

10:56:15.616 [AsyncHttpClient-1-4] DEBUG org.asynchttpclient.netty.channel.ChannelManager - Adding key: http://localhost:11492 for channel [id: 0x58535c3a, L:/127.0.0.1:51875 - R:localhost/127.0.0.1:11492]
10:56:15.622 [Forwarding findElement on session 6b7ccdefe1928198d195b6d9f18856cd to remote] DEBUG org.asynchttpclient.netty.request.NettyRequestSender - Using pooled Channel '[id: 0x58535c3a, L:/127.0.0.1:51875 - R:localhost/127.0.0.1:11492]' for 'POST' to 'http://localhost:11492/session/6b7ccdefe1928198d195b6d9f18856cd/element'
10:56:15.622 [Forwarding findElement on session 6b7ccdefe1928198d195b6d9f18856cd to remote] DEBUG org.asynchttpclient.netty.request.NettyRequestSender - Using open Channel [id: 0x58535c3a, L:/127.0.0.1:51875 - R:localhost/127.0.0.1:11492] for POST '/session/6b7ccdefe1928198d195b6d9f18856cd/element'
10:56:15.639 [AsyncHttpClient-1-4] DEBUG org.asynchttpclient.netty.handler.HttpHandler - 

Request DefaultHttpRequest(decodeResult: success, version: HTTP/1.1)
POST /session/6b7ccdefe1928198d195b6d9f18856cd/element HTTP/1.1
User-Agent: selenium/4.8.0 (java windows)
Content-Length: 59
Content-Type: application/json; charset=utf-8
host: localhost:11492
accept: */*

Response DefaultHttpResponse(decodeResult: success, version: HTTP/1.1)
HTTP/1.1 200 OK
Content-Length: 88
Content-Type: application/json; charset=utf-8
cache-control: no-cache

10:56:15.639 [AsyncHttpClient-1-4] DEBUG org.asynchttpclient.netty.channel.ChannelManager - Adding key: http://localhost:11492 for channel [id: 0x58535c3a, L:/127.0.0.1:51875 - R:localhost/127.0.0.1:11492]
10:56:15.644 [Forwarding isElementDisplayed on session 6b7ccdefe1928198d195b6d9f18856cd to remote] DEBUG org.asynchttpclient.netty.request.NettyRequestSender - Using pooled Channel '[id: 0x58535c3a, L:/127.0.0.1:51875 - R:localhost/127.0.0.1:11492]' for 'POST' to 'http://localhost:11492/session/6b7ccdefe1928198d195b6d9f18856cd/execute/sync'
10:56:15.644 [Forwarding isElementDisplayed on session 6b7ccdefe1928198d195b6d9f18856cd to remote] DEBUG org.asynchttpclient.netty.request.NettyRequestSender - Using open Channel [id: 0x58535c3a, L:/127.0.0.1:51875 - R:localhost/127.0.0.1:11492] for POST '/session/6b7ccdefe1928198d195b6d9f18856cd/execute/sync'
10:56:15.660 [AsyncHttpClient-1-4] DEBUG org.asynchttpclient.netty.handler.HttpHandler - 

Request DefaultHttpRequest(decodeResult: success, version: HTTP/1.1)
POST /session/6b7ccdefe1928198d195b6d9f18856cd/execute/sync HTTP/1.1
User-Agent: selenium/4.8.0 (java windows)
Content-Length: 48807
Content-Type: application/json; charset=utf-8
host: localhost:11492
accept: */*

Response DefaultHttpResponse(decodeResult: success, version: HTTP/1.1)
HTTP/1.1 200 OK
Content-Length: 14
Content-Type: application/json; charset=utf-8
cache-control: no-cache

10:56:15.660 [AsyncHttpClient-1-4] DEBUG org.asynchttpclient.netty.channel.ChannelManager - Adding key: http://localhost:11492 for channel [id: 0x58535c3a, L:/127.0.0.1:51875 - R:localhost/127.0.0.1:11492]
10:56:15.664 [Forwarding isElementDisplayed on session 6b7ccdefe1928198d195b6d9f18856cd to remote] DEBUG org.asynchttpclient.netty.request.NettyRequestSender - Using pooled Channel '[id: 0x58535c3a, L:/127.0.0.1:51875 - R:localhost/127.0.0.1:11492]' for 'POST' to 'http://localhost:11492/session/6b7ccdefe1928198d195b6d9f18856cd/execute/sync'
10:56:15.664 [Forwarding isElementDisplayed on session 6b7ccdefe1928198d195b6d9f18856cd to remote] DEBUG org.asynchttpclient.netty.request.NettyRequestSender - Using open Channel [id: 0x58535c3a, L:/127.0.0.1:51875 - R:localhost/127.0.0.1:11492] for POST '/session/6b7ccdefe1928198d195b6d9f18856cd/execute/sync'
10:56:15.677 [AsyncHttpClient-1-4] DEBUG org.asynchttpclient.netty.handler.HttpHandler - 

Request DefaultHttpRequest(decodeResult: success, version: HTTP/1.1)
POST /session/6b7ccdefe1928198d195b6d9f18856cd/execute/sync HTTP/1.1
User-Agent: selenium/4.8.0 (java windows)
Content-Length: 48807
Content-Type: application/json; charset=utf-8
host: localhost:11492
accept: */*

Response DefaultHttpResponse(decodeResult: success, version: HTTP/1.1)
HTTP/1.1 200 OK
Content-Length: 14
Content-Type: application/json; charset=utf-8
cache-control: no-cache

10:56:15.678 [AsyncHttpClient-1-4] DEBUG org.asynchttpclient.netty.channel.ChannelManager - Adding key: http://localhost:11492 for channel [id: 0x58535c3a, L:/127.0.0.1:51875 - R:localhost/127.0.0.1:11492]
10:56:15.680 [main] DEBUG net.thucydides.core.steps.StepInterceptor - STEP DONE: onLoginPage
  &amp#27;[32mGiven &amp#27;[0m&amp#27;[32muser on login page&amp#27;[0m                                    &amp#27;[90m# starter.stepdefinitions.LoginSteps.userOnLoginPage()&amp#27;[0m
10:56:15.687 [main] DEBUG net.thucydides.core.steps.StepInterceptor - STARTING STEP: LoginSteps.userInputValidUsername - inputUserName
10:56:15.691 [Forwarding findElement on session 6b7ccdefe1928198d195b6d9f18856cd to remote] DEBUG org.asynchttpclient.netty.request.NettyRequestSender - Using pooled Channel '[id: 0x58535c3a, L:/127.0.0.1:51875 - R:localhost/127.0.0.1:11492]' for 'POST' to 'http://localhost:11492/session/6b7ccdefe1928198d195b6d9f18856cd/element'
10:56:15.691 [Forwarding findElement on session 6b7ccdefe1928198d195b6d9f18856cd to remote] DEBUG org.asynchttpclient.netty.request.NettyRequestSender - Using open Channel [id: 0x58535c3a, L:/127.0.0.1:51875 - R:localhost/127.0.0.1:11492] for POST '/session/6b7ccdefe1928198d195b6d9f18856cd/element'
10:56:15.701 [AsyncHttpClient-1-4] DEBUG org.asynchttpclient.netty.handler.HttpHandler - 

Request DefaultHttpRequest(decodeResult: success, version: HTTP/1.1)
POST /session/6b7ccdefe1928198d195b6d9f18856cd/element HTTP/1.1
User-Agent: selenium/4.8.0 (java windows)
Content-Length: 56
Content-Type: application/json; charset=utf-8
host: localhost:11492
accept: */*

Response DefaultHttpResponse(decodeResult: success, version: HTTP/1.1)
HTTP/1.1 200 OK
Content-Length: 88
Content-Type: application/json; charset=utf-8
cache-control: no-cache

10:56:15.702 [AsyncHttpClient-1-4] DEBUG org.asynchttpclient.netty.channel.ChannelManager - Adding key: http://localhost:11492 for channel [id: 0x58535c3a, L:/127.0.0.1:51875 - R:localhost/127.0.0.1:11492]
10:56:15.703 [Forwarding clearElement on session 6b7ccdefe1928198d195b6d9f18856cd to remote] DEBUG org.asynchttpclient.netty.request.NettyRequestSender - Using pooled Channel '[id: 0x58535c3a, L:/127.0.0.1:51875 - R:localhost/127.0.0.1:11492]' for 'POST' to 'http://localhost:11492/session/6b7ccdefe1928198d195b6d9f18856cd/element/6360216e-865b-4eb3-8c04-b1a7021a9738/clear'
10:56:15.703 [Forwarding clearElement on session 6b7ccdefe1928198d195b6d9f18856cd to remote] DEBUG org.asynchttpclient.netty.request.NettyRequestSender - Using open Channel [id: 0x58535c3a, L:/127.0.0.1:51875 - R:localhost/127.0.0.1:11492] for POST '/session/6b7ccdefe1928198d195b6d9f18856cd/element/6360216e-865b-4eb3-8c04-b1a7021a9738/clear'
10:56:15.743 [AsyncHttpClient-1-4] DEBUG org.asynchttpclient.netty.handler.HttpHandler - 

Request DefaultHttpRequest(decodeResult: success, version: HTTP/1.1)
POST /session/6b7ccdefe1928198d195b6d9f18856cd/element/6360216e-865b-4eb3-8c04-b1a7021a9738/clear HTTP/1.1
User-Agent: selenium/4.8.0 (java windows)
Content-Length: 50
Content-Type: application/json; charset=utf-8
host: localhost:11492
accept: */*

Response DefaultHttpResponse(decodeResult: success, version: HTTP/1.1)
HTTP/1.1 200 OK
Content-Length: 14
Content-Type: application/json; charset=utf-8
cache-control: no-cache

10:56:15.744 [AsyncHttpClient-1-4] DEBUG org.asynchttpclient.netty.channel.ChannelManager - Adding key: http://localhost:11492 for channel [id: 0x58535c3a, L:/127.0.0.1:51875 - R:localhost/127.0.0.1:11492]
10:56:15.746 [Forwarding sendKeysToElement on session 6b7ccdefe1928198d195b6d9f18856cd to remote] DEBUG org.asynchttpclient.netty.request.NettyRequestSender - Using pooled Channel '[id: 0x58535c3a, L:/127.0.0.1:51875 - R:localhost/127.0.0.1:11492]' for 'POST' to 'http://localhost:11492/session/6b7ccdefe1928198d195b6d9f18856cd/element/6360216e-865b-4eb3-8c04-b1a7021a9738/value'
10:56:15.746 [Forwarding sendKeysToElement on session 6b7ccdefe1928198d195b6d9f18856cd to remote] DEBUG org.asynchttpclient.netty.request.NettyRequestSender - Using open Channel [id: 0x58535c3a, L:/127.0.0.1:51875 - R:localhost/127.0.0.1:11492] for POST '/session/6b7ccdefe1928198d195b6d9f18856cd/element/6360216e-865b-4eb3-8c04-b1a7021a9738/value'
10:56:15.852 [AsyncHttpClient-1-4] DEBUG org.asynchttpclient.netty.handler.HttpHandler - 

Request DefaultHttpRequest(decodeResult: success, version: HTTP/1.1)
POST /session/6b7ccdefe1928198d195b6d9f18856cd/element/6360216e-865b-4eb3-8c04-b1a7021a9738/value HTTP/1.1
User-Agent: selenium/4.8.0 (java windows)
Content-Length: 211
Content-Type: application/json; charset=utf-8
host: localhost:11492
accept: */*

Response DefaultHttpResponse(decodeResult: success, version: HTTP/1.1)
HTTP/1.1 200 OK
Content-Length: 14
Content-Type: application/json; charset=utf-8
cache-control: no-cache

10:56:15.852 [AsyncHttpClient-1-4] DEBUG org.asynchttpclient.netty.channel.ChannelManager - Adding key: http://localhost:11492 for channel [id: 0x58535c3a, L:/127.0.0.1:51875 - R:localhost/127.0.0.1:11492]
10:56:15.860 [main] DEBUG net.thucydides.core.steps.StepInterceptor - STEP DONE: inputUserName
  &amp#27;[32mWhen &amp#27;[0m&amp#27;[32muser input valid username&amp#27;[0m                              &amp#27;[90m# starter.stepdefinitions.LoginSteps.userInputValidUsername()&amp#27;[0m
10:56:15.869 [main] DEBUG net.thucydides.core.steps.StepInterceptor - STARTING STEP: LoginSteps.userInputValidPassword - inputPassword
10:56:15.872 [Forwarding findElement on session 6b7ccdefe1928198d195b6d9f18856cd to remote] DEBUG org.asynchttpclient.netty.request.NettyRequestSender - Using pooled Channel '[id: 0x58535c3a, L:/127.0.0.1:51875 - R:localhost/127.0.0.1:11492]' for 'POST' to 'http://localhost:11492/session/6b7ccdefe1928198d195b6d9f18856cd/element'
10:56:15.872 [Forwarding findElement on session 6b7ccdefe1928198d195b6d9f18856cd to remote] DEBUG org.asynchttpclient.netty.request.NettyRequestSender - Using open Channel [id: 0x58535c3a, L:/127.0.0.1:51875 - R:localhost/127.0.0.1:11492] for POST '/session/6b7ccdefe1928198d195b6d9f18856cd/element'
10:56:15.885 [AsyncHttpClient-1-4] DEBUG org.asynchttpclient.netty.handler.HttpHandler - 

Request DefaultHttpRequest(decodeResult: success, version: HTTP/1.1)
POST /session/6b7ccdefe1928198d195b6d9f18856cd/element HTTP/1.1
User-Agent: selenium/4.8.0 (java windows)
Content-Length: 53
Content-Type: application/json; charset=utf-8
host: localhost:11492
accept: */*

Response DefaultHttpResponse(decodeResult: success, version: HTTP/1.1)
HTTP/1.1 200 OK
Content-Length: 88
Content-Type: application/json; charset=utf-8
cache-control: no-cache

10:56:15.885 [AsyncHttpClient-1-4] DEBUG org.asynchttpclient.netty.channel.ChannelManager - Adding key: http://localhost:11492 for channel [id: 0x58535c3a, L:/127.0.0.1:51875 - R:localhost/127.0.0.1:11492]
10:56:15.887 [Forwarding clearElement on session 6b7ccdefe1928198d195b6d9f18856cd to remote] DEBUG org.asynchttpclient.netty.request.NettyRequestSender - Using pooled Channel '[id: 0x58535c3a, L:/127.0.0.1:51875 - R:localhost/127.0.0.1:11492]' for 'POST' to 'http://localhost:11492/session/6b7ccdefe1928198d195b6d9f18856cd/element/3c978a3e-d89b-4f51-a008-e10e2f3458a4/clear'
10:56:15.887 [Forwarding clearElement on session 6b7ccdefe1928198d195b6d9f18856cd to remote] DEBUG org.asynchttpclient.netty.request.NettyRequestSender - Using open Channel [id: 0x58535c3a, L:/127.0.0.1:51875 - R:localhost/127.0.0.1:11492] for POST '/session/6b7ccdefe1928198d195b6d9f18856cd/element/3c978a3e-d89b-4f51-a008-e10e2f3458a4/clear'
10:56:15.916 [AsyncHttpClient-1-4] DEBUG org.asynchttpclient.netty.handler.HttpHandler - 

Request DefaultHttpRequest(decodeResult: success, version: HTTP/1.1)
POST /session/6b7ccdefe1928198d195b6d9f18856cd/element/3c978a3e-d89b-4f51-a008-e10e2f3458a4/clear HTTP/1.1
User-Agent: selenium/4.8.0 (java windows)
Content-Length: 50
Content-Type: application/json; charset=utf-8
host: localhost:11492
accept: */*

Response DefaultHttpResponse(decodeResult: success, version: HTTP/1.1)
HTTP/1.1 200 OK
Content-Length: 14
Content-Type: application/json; charset=utf-8
cache-control: no-cache

10:56:15.916 [AsyncHttpClient-1-4] DEBUG org.asynchttpclient.netty.channel.ChannelManager - Adding key: http://localhost:11492 for channel [id: 0x58535c3a, L:/127.0.0.1:51875 - R:localhost/127.0.0.1:11492]
10:56:15.921 [Forwarding sendKeysToElement on session 6b7ccdefe1928198d195b6d9f18856cd to remote] DEBUG org.asynchttpclient.netty.request.NettyRequestSender - Using pooled Channel '[id: 0x58535c3a, L:/127.0.0.1:51875 - R:localhost/127.0.0.1:11492]' for 'POST' to 'http://localhost:11492/session/6b7ccdefe1928198d195b6d9f18856cd/element/3c978a3e-d89b-4f51-a008-e10e2f3458a4/value'
10:56:15.921 [Forwarding sendKeysToElement on session 6b7ccdefe1928198d195b6d9f18856cd to remote] DEBUG org.asynchttpclient.netty.request.NettyRequestSender - Using open Channel [id: 0x58535c3a, L:/127.0.0.1:51875 - R:localhost/127.0.0.1:11492] for POST '/session/6b7ccdefe1928198d195b6d9f18856cd/element/3c978a3e-d89b-4f51-a008-e10e2f3458a4/value'
10:56:15.997 [AsyncHttpClient-1-4] DEBUG org.asynchttpclient.netty.handler.HttpHandler - 

Request DefaultHttpRequest(decodeResult: success, version: HTTP/1.1)
POST /session/6b7ccdefe1928198d195b6d9f18856cd/element/3c978a3e-d89b-4f51-a008-e10e2f3458a4/value HTTP/1.1
User-Agent: selenium/4.8.0 (java windows)
Content-Length: 201
Content-Type: application/json; charset=utf-8
host: localhost:11492
accept: */*

Response DefaultHttpResponse(decodeResult: success, version: HTTP/1.1)
HTTP/1.1 200 OK
Content-Length: 14
Content-Type: application/json; charset=utf-8
cache-control: no-cache

10:56:15.997 [AsyncHttpClient-1-4] DEBUG org.asynchttpclient.netty.channel.ChannelManager - Adding key: http://localhost:11492 for channel [id: 0x58535c3a, L:/127.0.0.1:51875 - R:localhost/127.0.0.1:11492]
10:56:16.001 [main] DEBUG net.thucydides.core.steps.StepInterceptor - STEP DONE: inputPassword
  &amp#27;[32mAnd &amp#27;[0m&amp#27;[32muser input valid password&amp#27;[0m                               &amp#27;[90m# starter.stepdefinitions.LoginSteps.userInputValidPassword()&amp#27;[0m
10:56:16.011 [main] DEBUG net.thucydides.core.steps.StepInterceptor - STARTING STEP: LoginSteps.userClickLoginButton - clickLoginButton
10:56:16.015 [Forwarding findElement on session 6b7ccdefe1928198d195b6d9f18856cd to remote] DEBUG org.asynchttpclient.netty.request.NettyRequestSender - Using pooled Channel '[id: 0x58535c3a, L:/127.0.0.1:51875 - R:localhost/127.0.0.1:11492]' for 'POST' to 'http://localhost:11492/session/6b7ccdefe1928198d195b6d9f18856cd/element'
10:56:16.015 [Forwarding findElement on session 6b7ccdefe1928198d195b6d9f18856cd to remote] DEBUG org.asynchttpclient.netty.request.NettyRequestSender - Using open Channel [id: 0x58535c3a, L:/127.0.0.1:51875 - R:localhost/127.0.0.1:11492] for POST '/session/6b7ccdefe1928198d195b6d9f18856cd/element'
10:56:16.021 [AsyncHttpClient-1-4] DEBUG org.asynchttpclient.netty.handler.HttpHandler - 

Request DefaultHttpRequest(decodeResult: success, version: HTTP/1.1)
POST /session/6b7ccdefe1928198d195b6d9f18856cd/element HTTP/1.1
User-Agent: selenium/4.8.0 (java windows)
Content-Length: 59
Content-Type: application/json; charset=utf-8
host: localhost:11492
accept: */*

Response DefaultHttpResponse(decodeResult: success, version: HTTP/1.1)
HTTP/1.1 200 OK
Content-Length: 88
Content-Type: application/json; charset=utf-8
cache-control: no-cache

10:56:16.022 [AsyncHttpClient-1-4] DEBUG org.asynchttpclient.netty.channel.ChannelManager - Adding key: http://localhost:11492 for channel [id: 0x58535c3a, L:/127.0.0.1:51875 - R:localhost/127.0.0.1:11492]
10:56:16.024 [Forwarding getElementTagName on session 6b7ccdefe1928198d195b6d9f18856cd to remote] DEBUG org.asynchttpclient.netty.request.NettyRequestSender - Using pooled Channel '[id: 0x58535c3a, L:/127.0.0.1:51875 - R:localhost/127.0.0.1:11492]' for 'GET' to 'http://localhost:11492/session/6b7ccdefe1928198d195b6d9f18856cd/element/b3935af4-de1c-4d14-98f0-dd74e98e3233/name'
10:56:16.024 [Forwarding getElementTagName on session 6b7ccdefe1928198d195b6d9f18856cd to remote] DEBUG org.asynchttpclient.netty.request.NettyRequestSender - Using open Channel [id: 0x58535c3a, L:/127.0.0.1:51875 - R:localhost/127.0.0.1:11492] for GET '/session/6b7ccdefe1928198d195b6d9f18856cd/element/b3935af4-de1c-4d14-98f0-dd74e98e3233/name'
10:56:16.028 [AsyncHttpClient-1-4] DEBUG org.asynchttpclient.netty.handler.HttpHandler - 

Request DefaultFullHttpRequest(decodeResult: success, version: HTTP/1.1, content: EmptyByteBufBE)
GET /session/6b7ccdefe1928198d195b6d9f18856cd/element/b3935af4-de1c-4d14-98f0-dd74e98e3233/name HTTP/1.1
User-Agent: selenium/4.8.0 (java windows)
Cache-Control: no-cache
Content-Type: application/json; charset=utf-8
host: localhost:11492
accept: */*

Response DefaultHttpResponse(decodeResult: success, version: HTTP/1.1)
HTTP/1.1 200 OK
Content-Length: 17
Content-Type: application/json; charset=utf-8
cache-control: no-cache

10:56:16.029 [AsyncHttpClient-1-4] DEBUG org.asynchttpclient.netty.channel.ChannelManager - Adding key: http://localhost:11492 for channel [id: 0x58535c3a, L:/127.0.0.1:51875 - R:localhost/127.0.0.1:11492]
10:56:16.031 [Forwarding getElementTagName on session 6b7ccdefe1928198d195b6d9f18856cd to remote] DEBUG org.asynchttpclient.netty.request.NettyRequestSender - Using pooled Channel '[id: 0x58535c3a, L:/127.0.0.1:51875 - R:localhost/127.0.0.1:11492]' for 'GET' to 'http://localhost:11492/session/6b7ccdefe1928198d195b6d9f18856cd/element/b3935af4-de1c-4d14-98f0-dd74e98e3233/name'
10:56:16.031 [Forwarding getElementTagName on session 6b7ccdefe1928198d195b6d9f18856cd to remote] DEBUG org.asynchttpclient.netty.request.NettyRequestSender - Using open Channel [id: 0x58535c3a, L:/127.0.0.1:51875 - R:localhost/127.0.0.1:11492] for GET '/session/6b7ccdefe1928198d195b6d9f18856cd/element/b3935af4-de1c-4d14-98f0-dd74e98e3233/name'
10:56:16.034 [AsyncHttpClient-1-4] DEBUG org.asynchttpclient.netty.handler.HttpHandler - 

Request DefaultFullHttpRequest(decodeResult: success, version: HTTP/1.1, content: EmptyByteBufBE)
GET /session/6b7ccdefe1928198d195b6d9f18856cd/element/b3935af4-de1c-4d14-98f0-dd74e98e3233/name HTTP/1.1
User-Agent: selenium/4.8.0 (java windows)
Cache-Control: no-cache
Content-Type: application/json; charset=utf-8
host: localhost:11492
accept: */*

Response DefaultHttpResponse(decodeResult: success, version: HTTP/1.1)
HTTP/1.1 200 OK
Content-Length: 17
Content-Type: application/json; charset=utf-8
cache-control: no-cache

10:56:16.034 [AsyncHttpClient-1-4] DEBUG org.asynchttpclient.netty.channel.ChannelManager - Adding key: http://localhost:11492 for channel [id: 0x58535c3a, L:/127.0.0.1:51875 - R:localhost/127.0.0.1:11492]
10:56:16.037 [Forwarding isElementEnabled on session 6b7ccdefe1928198d195b6d9f18856cd to remote] DEBUG org.asynchttpclient.netty.request.NettyRequestSender - Using pooled Channel '[id: 0x58535c3a, L:/127.0.0.1:51875 - R:localhost/127.0.0.1:11492]' for 'GET' to 'http://localhost:11492/session/6b7ccdefe1928198d195b6d9f18856cd/element/b3935af4-de1c-4d14-98f0-dd74e98e3233/enabled'
10:56:16.037 [Forwarding isElementEnabled on session 6b7ccdefe1928198d195b6d9f18856cd to remote] DEBUG org.asynchttpclient.netty.request.NettyRequestSender - Using open Channel [id: 0x58535c3a, L:/127.0.0.1:51875 - R:localhost/127.0.0.1:11492] for GET '/session/6b7ccdefe1928198d195b6d9f18856cd/element/b3935af4-de1c-4d14-98f0-dd74e98e3233/enabled'
10:56:16.046 [AsyncHttpClient-1-4] DEBUG org.asynchttpclient.netty.handler.HttpHandler - 

Request DefaultFullHttpRequest(decodeResult: success, version: HTTP/1.1, content: EmptyByteBufBE)
GET /session/6b7ccdefe1928198d195b6d9f18856cd/element/b3935af4-de1c-4d14-98f0-dd74e98e3233/enabled HTTP/1.1
User-Agent: selenium/4.8.0 (java windows)
Cache-Control: no-cache
Content-Type: application/json; charset=utf-8
host: localhost:11492
accept: */*

Response DefaultHttpResponse(decodeResult: success, version: HTTP/1.1)
HTTP/1.1 200 OK
Content-Length: 14
Content-Type: application/json; charset=utf-8
cache-control: no-cache

10:56:16.046 [AsyncHttpClient-1-4] DEBUG org.asynchttpclient.netty.channel.ChannelManager - Adding key: http://localhost:11492 for channel [id: 0x58535c3a, L:/127.0.0.1:51875 - R:localhost/127.0.0.1:11492]
10:56:16.051 [Forwarding isElementEnabled on session 6b7ccdefe1928198d195b6d9f18856cd to remote] DEBUG org.asynchttpclient.netty.request.NettyRequestSender - Using pooled Channel '[id: 0x58535c3a, L:/127.0.0.1:51875 - R:localhost/127.0.0.1:11492]' for 'GET' to 'http://localhost:11492/session/6b7ccdefe1928198d195b6d9f18856cd/element/b3935af4-de1c-4d14-98f0-dd74e98e3233/enabled'
10:56:16.051 [Forwarding isElementEnabled on session 6b7ccdefe1928198d195b6d9f18856cd to remote] DEBUG org.asynchttpclient.netty.request.NettyRequestSender - Using open Channel [id: 0x58535c3a, L:/127.0.0.1:51875 - R:localhost/127.0.0.1:11492] for GET '/session/6b7ccdefe1928198d195b6d9f18856cd/element/b3935af4-de1c-4d14-98f0-dd74e98e3233/enabled'
10:56:16.057 [AsyncHttpClient-1-4] DEBUG org.asynchttpclient.netty.handler.HttpHandler - 

Request DefaultFullHttpRequest(decodeResult: success, version: HTTP/1.1, content: EmptyByteBufBE)
GET /session/6b7ccdefe1928198d195b6d9f18856cd/element/b3935af4-de1c-4d14-98f0-dd74e98e3233/enabled HTTP/1.1
User-Agent: selenium/4.8.0 (java windows)
Cache-Control: no-cache
Content-Type: application/json; charset=utf-8
host: localhost:11492
accept: */*

Response DefaultHttpResponse(decodeResult: success, version: HTTP/1.1)
HTTP/1.1 200 OK
Content-Length: 14
Content-Type: application/json; charset=utf-8
cache-control: no-cache

10:56:16.057 [AsyncHttpClient-1-4] DEBUG org.asynchttpclient.netty.channel.ChannelManager - Adding key: http://localhost:11492 for channel [id: 0x58535c3a, L:/127.0.0.1:51875 - R:localhost/127.0.0.1:11492]
10:56:16.059 [Forwarding findElement on session 6b7ccdefe1928198d195b6d9f18856cd to remote] DEBUG org.asynchttpclient.netty.request.NettyRequestSender - Using pooled Channel '[id: 0x58535c3a, L:/127.0.0.1:51875 - R:localhost/127.0.0.1:11492]' for 'POST' to 'http://localhost:11492/session/6b7ccdefe1928198d195b6d9f18856cd/element'
10:56:16.059 [Forwarding findElement on session 6b7ccdefe1928198d195b6d9f18856cd to remote] DEBUG org.asynchttpclient.netty.request.NettyRequestSender - Using open Channel [id: 0x58535c3a, L:/127.0.0.1:51875 - R:localhost/127.0.0.1:11492] for POST '/session/6b7ccdefe1928198d195b6d9f18856cd/element'
10:56:16.065 [AsyncHttpClient-1-4] DEBUG org.asynchttpclient.netty.handler.HttpHandler - 

Request DefaultHttpRequest(decodeResult: success, version: HTTP/1.1)
POST /session/6b7ccdefe1928198d195b6d9f18856cd/element HTTP/1.1
User-Agent: selenium/4.8.0 (java windows)
Content-Length: 59
Content-Type: application/json; charset=utf-8
host: localhost:11492
accept: */*

Response DefaultHttpResponse(decodeResult: success, version: HTTP/1.1)
HTTP/1.1 200 OK
Content-Length: 88
Content-Type: application/json; charset=utf-8
cache-control: no-cache

10:56:16.065 [AsyncHttpClient-1-4] DEBUG org.asynchttpclient.netty.channel.ChannelManager - Adding key: http://localhost:11492 for channel [id: 0x58535c3a, L:/127.0.0.1:51875 - R:localhost/127.0.0.1:11492]
10:56:16.066 [Forwarding clickElement on session 6b7ccdefe1928198d195b6d9f18856cd to remote] DEBUG org.asynchttpclient.netty.request.NettyRequestSender - Using pooled Channel '[id: 0x58535c3a, L:/127.0.0.1:51875 - R:localhost/127.0.0.1:11492]' for 'POST' to 'http://localhost:11492/session/6b7ccdefe1928198d195b6d9f18856cd/element/b3935af4-de1c-4d14-98f0-dd74e98e3233/click'
10:56:16.066 [Forwarding clickElement on session 6b7ccdefe1928198d195b6d9f18856cd to remote] DEBUG org.asynchttpclient.netty.request.NettyRequestSender - Using open Channel [id: 0x58535c3a, L:/127.0.0.1:51875 - R:localhost/127.0.0.1:11492] for POST '/session/6b7ccdefe1928198d195b6d9f18856cd/element/b3935af4-de1c-4d14-98f0-dd74e98e3233/click'
10:56:16.193 [AsyncHttpClient-1-4] DEBUG org.asynchttpclient.netty.handler.HttpHandler - 

Request DefaultHttpRequest(decodeResult: success, version: HTTP/1.1)
POST /session/6b7ccdefe1928198d195b6d9f18856cd/element/b3935af4-de1c-4d14-98f0-dd74e98e3233/click HTTP/1.1
User-Agent: selenium/4.8.0 (java windows)
Content-Length: 50
Content-Type: application/json; charset=utf-8
host: localhost:11492
accept: */*

Response DefaultHttpResponse(decodeResult: success, version: HTTP/1.1)
HTTP/1.1 200 OK
Content-Length: 14
Content-Type: application/json; charset=utf-8
cache-control: no-cache

10:56:16.193 [AsyncHttpClient-1-4] DEBUG org.asynchttpclient.netty.channel.ChannelManager - Adding key: http://localhost:11492 for channel [id: 0x58535c3a, L:/127.0.0.1:51875 - R:localhost/127.0.0.1:11492]
10:56:16.200 [main] DEBUG net.thucydides.core.steps.StepInterceptor - STEP DONE: clickLoginButton
  &amp#27;[32mAnd &amp#27;[0m&amp#27;[32muser click login button&amp#27;[0m                                 &amp#27;[90m# starter.stepdefinitions.LoginSteps.userClickLoginButton()&amp#27;[0m
10:56:16.208 [main] DEBUG net.thucydides.core.steps.StepInterceptor - STARTING STEP: LoginSteps.userOnProductsPage - userOnProductPage
10:56:16.211 [Forwarding findElement on session 6b7ccdefe1928198d195b6d9f18856cd to remote] DEBUG org.asynchttpclient.netty.request.NettyRequestSender - Using pooled Channel '[id: 0x58535c3a, L:/127.0.0.1:51875 - R:localhost/127.0.0.1:11492]' for 'POST' to 'http://localhost:11492/session/6b7ccdefe1928198d195b6d9f18856cd/element'
10:56:16.212 [Forwarding findElement on session 6b7ccdefe1928198d195b6d9f18856cd to remote] DEBUG org.asynchttpclient.netty.request.NettyRequestSender - Using open Channel [id: 0x58535c3a, L:/127.0.0.1:51875 - R:localhost/127.0.0.1:11492] for POST '/session/6b7ccdefe1928198d195b6d9f18856cd/element'
10:56:16.249 [AsyncHttpClient-1-4] DEBUG org.asynchttpclient.netty.handler.HttpHandler - 

Request DefaultHttpRequest(decodeResult: success, version: HTTP/1.1)
POST /session/6b7ccdefe1928198d195b6d9f18856cd/element HTTP/1.1
User-Agent: selenium/4.8.0 (java windows)
Content-Length: 72
Content-Type: application/json; charset=utf-8
host: localhost:11492
accept: */*

Response DefaultHttpResponse(decodeResult: success, version: HTTP/1.1)
HTTP/1.1 200 OK
Content-Length: 88
Content-Type: application/json; charset=utf-8
cache-control: no-cache

10:56:16.250 [AsyncHttpClient-1-4] DEBUG org.asynchttpclient.netty.channel.ChannelManager - Adding key: http://localhost:11492 for channel [id: 0x58535c3a, L:/127.0.0.1:51875 - R:localhost/127.0.0.1:11492]
10:56:16.254 [Forwarding isElementDisplayed on session 6b7ccdefe1928198d195b6d9f18856cd to remote] DEBUG org.asynchttpclient.netty.request.NettyRequestSender - Using pooled Channel '[id: 0x58535c3a, L:/127.0.0.1:51875 - R:localhost/127.0.0.1:11492]' for 'POST' to 'http://localhost:11492/session/6b7ccdefe1928198d195b6d9f18856cd/execute/sync'
10:56:16.254 [Forwarding isElementDisplayed on session 6b7ccdefe1928198d195b6d9f18856cd to remote] DEBUG org.asynchttpclient.netty.request.NettyRequestSender - Using open Channel [id: 0x58535c3a, L:/127.0.0.1:51875 - R:localhost/127.0.0.1:11492] for POST '/session/6b7ccdefe1928198d195b6d9f18856cd/execute/sync'
10:56:16.266 [AsyncHttpClient-1-4] DEBUG org.asynchttpclient.netty.handler.HttpHandler - 

Request DefaultHttpRequest(decodeResult: success, version: HTTP/1.1)
POST /session/6b7ccdefe1928198d195b6d9f18856cd/execute/sync HTTP/1.1
User-Agent: selenium/4.8.0 (java windows)
Content-Length: 48807
Content-Type: application/json; charset=utf-8
host: localhost:11492
accept: */*

Response DefaultHttpResponse(decodeResult: success, version: HTTP/1.1)
HTTP/1.1 200 OK
Content-Length: 14
Content-Type: application/json; charset=utf-8
cache-control: no-cache

10:56:16.266 [AsyncHttpClient-1-4] DEBUG org.asynchttpclient.netty.channel.ChannelManager - Adding key: http://localhost:11492 for channel [id: 0x58535c3a, L:/127.0.0.1:51875 - R:localhost/127.0.0.1:11492]
10:56:16.269 [main] DEBUG net.thucydides.core.steps.StepInterceptor - STEP DONE: userOnProductPage
  &amp#27;[32mAnd &amp#27;[0m&amp#27;[32muser on products page&amp#27;[0m                                   &amp#27;[90m# starter.stepdefinitions.LoginSteps.userOnProductsPage()&amp#27;[0m
10:56:16.277 [main] DEBUG net.thucydides.core.steps.StepInterceptor - STARTING STEP: LoginSteps.userClickAddToCartButtonInOneProduct - clickAddToCartButtonOneProduct
10:56:16.281 [Forwarding findElement on session 6b7ccdefe1928198d195b6d9f18856cd to remote] DEBUG org.asynchttpclient.netty.request.NettyRequestSender - Using pooled Channel '[id: 0x58535c3a, L:/127.0.0.1:51875 - R:localhost/127.0.0.1:11492]' for 'POST' to 'http://localhost:11492/session/6b7ccdefe1928198d195b6d9f18856cd/element'
10:56:16.281 [Forwarding findElement on session 6b7ccdefe1928198d195b6d9f18856cd to remote] DEBUG org.asynchttpclient.netty.request.NettyRequestSender - Using open Channel [id: 0x58535c3a, L:/127.0.0.1:51875 - R:localhost/127.0.0.1:11492] for POST '/session/6b7ccdefe1928198d195b6d9f18856cd/element'
10:56:16.293 [AsyncHttpClient-1-4] DEBUG org.asynchttpclient.netty.handler.HttpHandler - 

Request DefaultHttpRequest(decodeResult: success, version: HTTP/1.1)
POST /session/6b7ccdefe1928198d195b6d9f18856cd/element HTTP/1.1
User-Agent: selenium/4.8.0 (java windows)
Content-Length: 77
Content-Type: application/json; charset=utf-8
host: localhost:11492
accept: */*

Response DefaultHttpResponse(decodeResult: success, version: HTTP/1.1)
HTTP/1.1 200 OK
Content-Length: 88
Content-Type: application/json; charset=utf-8
cache-control: no-cache

10:56:16.293 [AsyncHttpClient-1-4] DEBUG org.asynchttpclient.netty.channel.ChannelManager - Adding key: http://localhost:11492 for channel [id: 0x58535c3a, L:/127.0.0.1:51875 - R:localhost/127.0.0.1:11492]
10:56:16.301 [Forwarding getElementTagName on session 6b7ccdefe1928198d195b6d9f18856cd to remote] DEBUG org.asynchttpclient.netty.request.NettyRequestSender - Using pooled Channel '[id: 0x58535c3a, L:/127.0.0.1:51875 - R:localhost/127.0.0.1:11492]' for 'GET' to 'http://localhost:11492/session/6b7ccdefe1928198d195b6d9f18856cd/element/d39f0daf-f8fb-474a-af79-500211baf564/name'
10:56:16.301 [Forwarding getElementTagName on session 6b7ccdefe1928198d195b6d9f18856cd to remote] DEBUG org.asynchttpclient.netty.request.NettyRequestSender - Using open Channel [id: 0x58535c3a, L:/127.0.0.1:51875 - R:localhost/127.0.0.1:11492] for GET '/session/6b7ccdefe1928198d195b6d9f18856cd/element/d39f0daf-f8fb-474a-af79-500211baf564/name'
10:56:16.306 [AsyncHttpClient-1-4] DEBUG org.asynchttpclient.netty.handler.HttpHandler - 

Request DefaultFullHttpRequest(decodeResult: success, version: HTTP/1.1, content: EmptyByteBufBE)
GET /session/6b7ccdefe1928198d195b6d9f18856cd/element/d39f0daf-f8fb-474a-af79-500211baf564/name HTTP/1.1
User-Agent: selenium/4.8.0 (java windows)
Cache-Control: no-cache
Content-Type: application/json; charset=utf-8
host: localhost:11492
accept: */*

Response DefaultHttpResponse(decodeResult: success, version: HTTP/1.1)
HTTP/1.1 200 OK
Content-Length: 18
Content-Type: application/json; charset=utf-8
cache-control: no-cache

10:56:16.306 [AsyncHttpClient-1-4] DEBUG org.asynchttpclient.netty.channel.ChannelManager - Adding key: http://localhost:11492 for channel [id: 0x58535c3a, L:/127.0.0.1:51875 - R:localhost/127.0.0.1:11492]
10:56:16.308 [Forwarding getElementTagName on session 6b7ccdefe1928198d195b6d9f18856cd to remote] DEBUG org.asynchttpclient.netty.request.NettyRequestSender - Using pooled Channel '[id: 0x58535c3a, L:/127.0.0.1:51875 - R:localhost/127.0.0.1:11492]' for 'GET' to 'http://localhost:11492/session/6b7ccdefe1928198d195b6d9f18856cd/element/d39f0daf-f8fb-474a-af79-500211baf564/name'
10:56:16.310 [Forwarding getElementTagName on session 6b7ccdefe1928198d195b6d9f18856cd to remote] DEBUG org.asynchttpclient.netty.request.NettyRequestSender - Using open Channel [id: 0x58535c3a, L:/127.0.0.1:51875 - R:localhost/127.0.0.1:11492] for GET '/session/6b7ccdefe1928198d195b6d9f18856cd/element/d39f0daf-f8fb-474a-af79-500211baf564/name'
10:56:16.314 [AsyncHttpClient-1-4] DEBUG org.asynchttpclient.netty.handler.HttpHandler - 

Request DefaultFullHttpRequest(decodeResult: success, version: HTTP/1.1, content: EmptyByteBufBE)
GET /session/6b7ccdefe1928198d195b6d9f18856cd/element/d39f0daf-f8fb-474a-af79-500211baf564/name HTTP/1.1
User-Agent: selenium/4.8.0 (java windows)
Cache-Control: no-cache
Content-Type: application/json; charset=utf-8
host: localhost:11492
accept: */*

Response DefaultHttpResponse(decodeResult: success, version: HTTP/1.1)
HTTP/1.1 200 OK
Content-Length: 18
Content-Type: application/json; charset=utf-8
cache-control: no-cache

10:56:16.315 [AsyncHttpClient-1-4] DEBUG org.asynchttpclient.netty.channel.ChannelManager - Adding key: http://localhost:11492 for channel [id: 0x58535c3a, L:/127.0.0.1:51875 - R:localhost/127.0.0.1:11492]
10:56:16.317 [Forwarding isElementEnabled on session 6b7ccdefe1928198d195b6d9f18856cd to remote] DEBUG org.asynchttpclient.netty.request.NettyRequestSender - Using pooled Channel '[id: 0x58535c3a, L:/127.0.0.1:51875 - R:localhost/127.0.0.1:11492]' for 'GET' to 'http://localhost:11492/session/6b7ccdefe1928198d195b6d9f18856cd/element/d39f0daf-f8fb-474a-af79-500211baf564/enabled'
10:56:16.317 [Forwarding isElementEnabled on session 6b7ccdefe1928198d195b6d9f18856cd to remote] DEBUG org.asynchttpclient.netty.request.NettyRequestSender - Using open Channel [id: 0x58535c3a, L:/127.0.0.1:51875 - R:localhost/127.0.0.1:11492] for GET '/session/6b7ccdefe1928198d195b6d9f18856cd/element/d39f0daf-f8fb-474a-af79-500211baf564/enabled'
10:56:16.325 [AsyncHttpClient-1-4] DEBUG org.asynchttpclient.netty.handler.HttpHandler - 

Request DefaultFullHttpRequest(decodeResult: success, version: HTTP/1.1, content: EmptyByteBufBE)
GET /session/6b7ccdefe1928198d195b6d9f18856cd/element/d39f0daf-f8fb-474a-af79-500211baf564/enabled HTTP/1.1
User-Agent: selenium/4.8.0 (java windows)
Cache-Control: no-cache
Content-Type: application/json; charset=utf-8
host: localhost:11492
accept: */*

Response DefaultHttpResponse(decodeResult: success, version: HTTP/1.1)
HTTP/1.1 200 OK
Content-Length: 14
Content-Type: application/json; charset=utf-8
cache-control: no-cache

10:56:16.325 [AsyncHttpClient-1-4] DEBUG org.asynchttpclient.netty.channel.ChannelManager - Adding key: http://localhost:11492 for channel [id: 0x58535c3a, L:/127.0.0.1:51875 - R:localhost/127.0.0.1:11492]
10:56:16.328 [Forwarding isElementEnabled on session 6b7ccdefe1928198d195b6d9f18856cd to remote] DEBUG org.asynchttpclient.netty.request.NettyRequestSender - Using pooled Channel '[id: 0x58535c3a, L:/127.0.0.1:51875 - R:localhost/127.0.0.1:11492]' for 'GET' to 'http://localhost:11492/session/6b7ccdefe1928198d195b6d9f18856cd/element/d39f0daf-f8fb-474a-af79-500211baf564/enabled'
10:56:16.328 [Forwarding isElementEnabled on session 6b7ccdefe1928198d195b6d9f18856cd to remote] DEBUG org.asynchttpclient.netty.request.NettyRequestSender - Using open Channel [id: 0x58535c3a, L:/127.0.0.1:51875 - R:localhost/127.0.0.1:11492] for GET '/session/6b7ccdefe1928198d195b6d9f18856cd/element/d39f0daf-f8fb-474a-af79-500211baf564/enabled'
10:56:16.336 [AsyncHttpClient-1-4] DEBUG org.asynchttpclient.netty.handler.HttpHandler - 

Request DefaultFullHttpRequest(decodeResult: success, version: HTTP/1.1, content: EmptyByteBufBE)
GET /session/6b7ccdefe1928198d195b6d9f18856cd/element/d39f0daf-f8fb-474a-af79-500211baf564/enabled HTTP/1.1
User-Agent: selenium/4.8.0 (java windows)
Cache-Control: no-cache
Content-Type: application/json; charset=utf-8
host: localhost:11492
accept: */*

Response DefaultHttpResponse(decodeResult: success, version: HTTP/1.1)
HTTP/1.1 200 OK
Content-Length: 14
Content-Type: application/json; charset=utf-8
cache-control: no-cache

10:56:16.336 [AsyncHttpClient-1-4] DEBUG org.asynchttpclient.netty.channel.ChannelManager - Adding key: http://localhost:11492 for channel [id: 0x58535c3a, L:/127.0.0.1:51875 - R:localhost/127.0.0.1:11492]
10:56:16.339 [Forwarding findElement on session 6b7ccdefe1928198d195b6d9f18856cd to remote] DEBUG org.asynchttpclient.netty.request.NettyRequestSender - Using pooled Channel '[id: 0x58535c3a, L:/127.0.0.1:51875 - R:localhost/127.0.0.1:11492]' for 'POST' to 'http://localhost:11492/session/6b7ccdefe1928198d195b6d9f18856cd/element'
10:56:16.340 [Forwarding findElement on session 6b7ccdefe1928198d195b6d9f18856cd to remote] DEBUG org.asynchttpclient.netty.request.NettyRequestSender - Using open Channel [id: 0x58535c3a, L:/127.0.0.1:51875 - R:localhost/127.0.0.1:11492] for POST '/session/6b7ccdefe1928198d195b6d9f18856cd/element'
10:56:16.347 [AsyncHttpClient-1-4] DEBUG org.asynchttpclient.netty.handler.HttpHandler - 

Request DefaultHttpRequest(decodeResult: success, version: HTTP/1.1)
POST /session/6b7ccdefe1928198d195b6d9f18856cd/element HTTP/1.1
User-Agent: selenium/4.8.0 (java windows)
Content-Length: 77
Content-Type: application/json; charset=utf-8
host: localhost:11492
accept: */*

Response DefaultHttpResponse(decodeResult: success, version: HTTP/1.1)
HTTP/1.1 200 OK
Content-Length: 88
Content-Type: application/json; charset=utf-8
cache-control: no-cache

10:56:16.347 [AsyncHttpClient-1-4] DEBUG org.asynchttpclient.netty.channel.ChannelManager - Adding key: http://localhost:11492 for channel [id: 0x58535c3a, L:/127.0.0.1:51875 - R:localhost/127.0.0.1:11492]
10:56:16.349 [Forwarding clickElement on session 6b7ccdefe1928198d195b6d9f18856cd to remote] DEBUG org.asynchttpclient.netty.request.NettyRequestSender - Using pooled Channel '[id: 0x58535c3a, L:/127.0.0.1:51875 - R:localhost/127.0.0.1:11492]' for 'POST' to 'http://localhost:11492/session/6b7ccdefe1928198d195b6d9f18856cd/element/d39f0daf-f8fb-474a-af79-500211baf564/click'
10:56:16.349 [Forwarding clickElement on session 6b7ccdefe1928198d195b6d9f18856cd to remote] DEBUG org.asynchttpclient.netty.request.NettyRequestSender - Using open Channel [id: 0x58535c3a, L:/127.0.0.1:51875 - R:localhost/127.0.0.1:11492] for POST '/session/6b7ccdefe1928198d195b6d9f18856cd/element/d39f0daf-f8fb-474a-af79-500211baf564/click'
10:56:16.383 [AsyncHttpClient-1-4] DEBUG org.asynchttpclient.netty.handler.HttpHandler - 

Request DefaultHttpRequest(decodeResult: success, version: HTTP/1.1)
POST /session/6b7ccdefe1928198d195b6d9f18856cd/element/d39f0daf-f8fb-474a-af79-500211baf564/click HTTP/1.1
User-Agent: selenium/4.8.0 (java windows)
Content-Length: 50
Content-Type: application/json; charset=utf-8
host: localhost:11492
accept: */*

Response DefaultHttpResponse(decodeResult: success, version: HTTP/1.1)
HTTP/1.1 200 OK
Content-Length: 14
Content-Type: application/json; charset=utf-8
cache-control: no-cache

10:56:16.383 [AsyncHttpClient-1-4] DEBUG org.asynchttpclient.netty.channel.ChannelManager - Adding key: http://localhost:11492 for channel [id: 0x58535c3a, L:/127.0.0.1:51875 - R:localhost/127.0.0.1:11492]
10:56:16.389 [main] DEBUG net.thucydides.core.steps.StepInterceptor - STEP DONE: clickAddToCartButtonOneProduct
  &amp#27;[32mAnd &amp#27;[0m&amp#27;[32muser click add to cart button in one product&amp#27;[0m            &amp#27;[90m# starter.stepdefinitions.LoginSteps.userClickAddToCartButtonInOneProduct()&amp#27;[0m
10:56:16.400 [main] DEBUG net.thucydides.core.steps.StepInterceptor - STARTING STEP: LoginSteps.userCanSeeTheNumberOfProductsInTheCartSymbol - userCanSeeTheNumberOfProductsInTheCartSymbol
10:56:16.402 [Forwarding findElement on session 6b7ccdefe1928198d195b6d9f18856cd to remote] DEBUG org.asynchttpclient.netty.request.NettyRequestSender - Using pooled Channel '[id: 0x58535c3a, L:/127.0.0.1:51875 - R:localhost/127.0.0.1:11492]' for 'POST' to 'http://localhost:11492/session/6b7ccdefe1928198d195b6d9f18856cd/element'
10:56:16.402 [Forwarding findElement on session 6b7ccdefe1928198d195b6d9f18856cd to remote] DEBUG org.asynchttpclient.netty.request.NettyRequestSender - Using open Channel [id: 0x58535c3a, L:/127.0.0.1:51875 - R:localhost/127.0.0.1:11492] for POST '/session/6b7ccdefe1928198d195b6d9f18856cd/element'
10:56:16.408 [AsyncHttpClient-1-4] DEBUG org.asynchttpclient.netty.handler.HttpHandler - 

Request DefaultHttpRequest(decodeResult: success, version: HTTP/1.1)
POST /session/6b7ccdefe1928198d195b6d9f18856cd/element HTTP/1.1
User-Agent: selenium/4.8.0 (java windows)
Content-Length: 72
Content-Type: application/json; charset=utf-8
host: localhost:11492
accept: */*

Response DefaultHttpResponse(decodeResult: success, version: HTTP/1.1)
HTTP/1.1 200 OK
Content-Length: 88
Content-Type: application/json; charset=utf-8
cache-control: no-cache

10:56:16.409 [AsyncHttpClient-1-4] DEBUG org.asynchttpclient.netty.channel.ChannelManager - Adding key: http://localhost:11492 for channel [id: 0x58535c3a, L:/127.0.0.1:51875 - R:localhost/127.0.0.1:11492]
10:56:16.414 [Forwarding isElementDisplayed on session 6b7ccdefe1928198d195b6d9f18856cd to remote] DEBUG org.asynchttpclient.netty.request.NettyRequestSender - Using pooled Channel '[id: 0x58535c3a, L:/127.0.0.1:51875 - R:localhost/127.0.0.1:11492]' for 'POST' to 'http://localhost:11492/session/6b7ccdefe1928198d195b6d9f18856cd/execute/sync'
10:56:16.414 [Forwarding isElementDisplayed on session 6b7ccdefe1928198d195b6d9f18856cd to remote] DEBUG org.asynchttpclient.netty.request.NettyRequestSender - Using open Channel [id: 0x58535c3a, L:/127.0.0.1:51875 - R:localhost/127.0.0.1:11492] for POST '/session/6b7ccdefe1928198d195b6d9f18856cd/execute/sync'
10:56:16.422 [AsyncHttpClient-1-4] DEBUG org.asynchttpclient.netty.handler.HttpHandler - 

Request DefaultHttpRequest(decodeResult: success, version: HTTP/1.1)
POST /session/6b7ccdefe1928198d195b6d9f18856cd/execute/sync HTTP/1.1
User-Agent: selenium/4.8.0 (java windows)
Content-Length: 48807
Content-Type: application/json; charset=utf-8
host: localhost:11492
accept: */*

Response DefaultHttpResponse(decodeResult: success, version: HTTP/1.1)
HTTP/1.1 200 OK
Content-Length: 14
Content-Type: application/json; charset=utf-8
cache-control: no-cache

10:56:16.422 [AsyncHttpClient-1-4] DEBUG org.asynchttpclient.netty.channel.ChannelManager - Adding key: http://localhost:11492 for channel [id: 0x58535c3a, L:/127.0.0.1:51875 - R:localhost/127.0.0.1:11492]
10:56:16.424 [main] DEBUG net.thucydides.core.steps.StepInterceptor - STEP DONE: userCanSeeTheNumberOfProductsInTheCartSymbol
  &amp#27;[32mThen &amp#27;[0m&amp#27;[32muser can see the number of products in the cart symbol&amp#27;[0m &amp#27;[90m# starter.stepdefinitions.LoginSteps.userCanSeeTheNumberOfProductsInTheCartSymbol()&amp#27;[0m
10:56:16.429 [main] INFO  - 
  _____   ___   ___   _____     ___     _     ___   ___   ___   ___  
 |_   _| | __| / __| |_   _|   | _ \   /_\   / __| / __| | __| |   \ 
   | |   | _|  \__ \   | |     |  _/  / _ \  \__ \ \__ \ | _|  | |) |
   |_|   |___| |___/   |_|     |_|   /_/ \_\ |___/ |___/ |___| |___/ 

as user i can add products to my cart
----------------------------------------------------------------------
10:56:16.430 [AsyncHttpClient-1-2] DEBUG org.asynchttpclient.netty.handler.WebSocketHandler - Channel Closed: [id: 0x98343abb, L:/127.0.0.1:51882 ! R:localhost/127.0.0.1:51876] with attribute NettyResponseFuture{currentRetry=0,
	isDone=1,
	isCancelled=0,
	asyncHandler=org.asynchttpclient.ws.WebSocketUpgradeHandler@3543538e,
	nettyRequest=org.asynchttpclient.netty.request.NettyRequest@711c6a30,
	future=java.util.concurrent.CompletableFuture@1c439391[Completed normally],
	uri=ws://localhost:51876/devtools/browser/28781bda-82b4-4de5-b1c2-e59db8b8f826,
	keepAlive=true,
	redirectCount=0,
	timeoutsHolder=null,
	inAuth=0,
	touch=1680926174571}
10:56:16.432 [AsyncHttpClient-1-2] DEBUG org.asynchttpclient.netty.channel.ChannelManager - Closing Channel [id: 0x98343abb, L:/127.0.0.1:51882 ! R:localhost/127.0.0.1:51876] 
10:56:16.434 [Driver Command Executor] DEBUG org.asynchttpclient.netty.request.NettyRequestSender - Using pooled Channel '[id: 0x58535c3a, L:/127.0.0.1:51875 - R:localhost/127.0.0.1:11492]' for 'DELETE' to 'http://localhost:11492/session/6b7ccdefe1928198d195b6d9f18856cd'
10:56:16.435 [Driver Command Executor] DEBUG org.asynchttpclient.netty.request.NettyRequestSender - Using open Channel [id: 0x58535c3a, L:/127.0.0.1:51875 - R:localhost/127.0.0.1:11492] for DELETE '/session/6b7ccdefe1928198d195b6d9f18856cd'
10:56:16.704 [AsyncHttpClient-1-1] DEBUG org.asynchttpclient.netty.channel.DefaultChannelPool - Entry count for : http://localhost:51876 : 1
10:56:16.780 [AsyncHttpClient-1-5] DEBUG org.asynchttpclient.netty.handler.HttpHandler - Unexpected I/O exception on channel [id: 0xbd78b660, L:/127.0.0.1:51881 - R:localhost/127.0.0.1:51876]
java.io.IOException: An existing connection was forcibly closed by the remote host
	at sun.nio.ch.SocketDispatcher.read0(Native Method)
	at sun.nio.ch.SocketDispatcher.read(SocketDispatcher.java:43)
	at sun.nio.ch.IOUtil.readIntoNativeBuffer(IOUtil.java:223)
	at sun.nio.ch.IOUtil.read(IOUtil.java:192)
	at sun.nio.ch.SocketChannelImpl.read(SocketChannelImpl.java:378)
	at io.netty.buffer.PooledByteBuf.setBytes(PooledByteBuf.java:259)
	at io.netty.buffer.AbstractByteBuf.writeBytes(AbstractByteBuf.java:1132)
	at io.netty.buffer.WrappedByteBuf.writeBytes(WrappedByteBuf.java:821)
	at io.netty.channel.socket.nio.NioSocketChannel.doReadBytes(NioSocketChannel.java:357)
	at io.netty.channel.nio.AbstractNioByteChannel$NioByteUnsafe.read(AbstractNioByteChannel.java:151)
	at io.netty.channel.nio.NioEventLoop.processSelectedKey(NioEventLoop.java:788)
	at io.netty.channel.nio.NioEventLoop.processSelectedKeysOptimized(NioEventLoop.java:724)
	at io.netty.channel.nio.NioEventLoop.processSelectedKeys(NioEventLoop.java:650)
	at io.netty.channel.nio.NioEventLoop.run(NioEventLoop.java:562)
	at io.netty.util.concurrent.SingleThreadEventExecutor$4.run(SingleThreadEventExecutor.java:997)
	at io.netty.util.internal.ThreadExecutorMap$2.run(ThreadExecutorMap.java:74)
	at io.netty.util.concurrent.FastThreadLocalRunnable.run(FastThreadLocalRunnable.java:30)
	at java.lang.Thread.run(Thread.java:750)
10:56:16.780 [AsyncHttpClient-1-5] DEBUG org.asynchttpclient.netty.channel.ChannelManager - Closing Channel [id: 0xbd78b660, L:/127.0.0.1:51881 - R:localhost/127.0.0.1:51876] 
10:56:16.780 [AsyncHttpClient-1-5] DEBUG org.asynchttpclient.netty.handler.HttpHandler - Channel Closed: [id: 0xbd78b660, L:/127.0.0.1:51881 ! R:localhost/127.0.0.1:51876] with attribute DISCARD
10:56:16.793 [AsyncHttpClient-1-4] DEBUG org.asynchttpclient.netty.handler.HttpHandler - 

Request DefaultFullHttpRequest(decodeResult: success, version: HTTP/1.1, content: EmptyByteBufBE)
DELETE /session/6b7ccdefe1928198d195b6d9f18856cd HTTP/1.1
User-Agent: selenium/4.8.0 (java windows)
Content-Type: application/json; charset=utf-8
host: localhost:11492
accept: */*

Response DefaultHttpResponse(decodeResult: success, version: HTTP/1.1)
HTTP/1.1 200 OK
Content-Length: 14
Content-Type: application/json; charset=utf-8
cache-control: no-cache

10:56:16.793 [AsyncHttpClient-1-4] DEBUG org.asynchttpclient.netty.channel.ChannelManager - Adding key: http://localhost:11492 for channel [id: 0x58535c3a, L:/127.0.0.1:51875 - R:localhost/127.0.0.1:11492]
10:56:16.866 [AsyncHttpClient-1-4] DEBUG org.asynchttpclient.netty.handler.HttpHandler - Channel Closed: [id: 0x58535c3a, L:/127.0.0.1:51875 ! R:localhost/127.0.0.1:11492] with attribute DISCARD
]]></system-out>
    <system-err><![CDATA[Starting ChromeDriver 112.0.5615.49 (bd2a7bcb881c11e8cfe3078709382934e3916914-refs/branch-heads/5615@{#936}) on port 11492
Only local connections are allowed.
Please see https://chromedriver.chromium.org/security-considerations for suggestions on keeping ChromeDriver safe.
ChromeDriver was started successfully.
Apr 08, 2023 10:56:14 AM org.openqa.selenium.devtools.CdpVersionFinder findNearestMatch
WARNING: Unable to find an exact match for CDP version 112, so returning the closest version found: 109
]]></system-err>
  </testcase>
  <testcase name="as user i can not see number products my cart" classname="As a user" time="8.201">
    <system-out><![CDATA[
@NegativeAllItem
Scenario: as user i can not see number products my cart           &amp#27;[90m# src/test/resources/features/web/Login.feature:32&amp#27;[0m
10:56:17.428 [main] INFO io.cucumber.core.plugin.SerenityReporter - Running feature from file:///E:/SEMESTER%20VI/ALTA/web-automation-saucedemo/src/test/resources/features/web/Login.feature
10:56:17.430 [main] INFO  - 
  _____   ___   ___   _____     ___   _____     _     ___   _____   ___   ___  
 |_   _| | __| / __| |_   _|   / __| |_   _|   /_\   | _ \ |_   _| | __| |   \ 
   | |   | _|  \__ \   | |     \__ \   | |    / _ \  |   /   | |   | _|  | |) |
   |_|   |___| |___/   |_|     |___/   |_|   /_/ \_\ |_|_\   |_|   |___| |___/ 

as user i can not see number products my cart(as-a-user;as-user-i-can-not-see-number-products-my-cart)
--------------------------------------------------------------------------------
10:56:17.448 [main] DEBUG net.thucydides.core.steps.StepInterceptor - STARTING STEP: LoginSteps.userOnLoginPage - onLoginPage
10:56:17.747 [AsyncHttpClient-1-1] DEBUG org.asynchttpclient.netty.channel.DefaultChannelPool - Entry count for : http://localhost:51876 : 1
10:56:17.925 [AsyncHttpClient-1-1] DEBUG org.asynchttpclient.netty.channel.DefaultChannelPool - Entry count for : http://localhost:11492 : 1
10:56:17.926 [AsyncHttpClient-1-1] DEBUG org.asynchttpclient.netty.channel.DefaultChannelPool - Adding Candidate expired Channel [id: 0xbd78b660, L:/127.0.0.1:51881 ! R:localhost/127.0.0.1:51876] isIdleTimeoutExpired=false isRemotelyClosed=true isTtlExpired=false
10:56:17.926 [AsyncHttpClient-1-1] DEBUG org.asynchttpclient.netty.channel.DefaultChannelPool - Closing Idle Channel [id: 0xbd78b660, L:/127.0.0.1:51881 ! R:localhost/127.0.0.1:51876]
10:56:17.926 [AsyncHttpClient-1-1] DEBUG org.asynchttpclient.netty.channel.DefaultChannelPool - Adding Candidate expired Channel [id: 0x58535c3a, L:/127.0.0.1:51875 ! R:localhost/127.0.0.1:11492] isIdleTimeoutExpired=false isRemotelyClosed=true isTtlExpired=false
10:56:17.926 [AsyncHttpClient-1-1] DEBUG org.asynchttpclient.netty.channel.DefaultChannelPool - Closing Idle Channel [id: 0x58535c3a, L:/127.0.0.1:51875 ! R:localhost/127.0.0.1:11492]
10:56:17.926 [AsyncHttpClient-1-1] DEBUG org.asynchttpclient.netty.channel.DefaultChannelPool - Closed 2 connections out of 2 in 1 ms
10:56:18.128 [main] INFO net.serenitybdd.core.webdriver.driverproviders.ChromeDriverProvider - Starting Chrome driver instance with capabilities:
10:56:18.129 [main] INFO net.serenitybdd.core.webdriver.driverproviders.ChromeDriverProvider - Capabilities {acceptInsecureCerts: true, browserName: chrome, goog:chromeOptions: {args: [remote-allow-origins=*, test-type, no-sandbox, ignore-certificate-errors, start-maximized, incognito, disable-infobars, disable-gpu, disable-default-apps, disable-popup-blocking, remote-allow-origins=*, test-type, no-sandbox, ignore-certificate-errors, start-maximized, incognito, disable-infobars, disable-gpu, disable-default-apps, disable-popup-blocking], extensions: []}}
10:56:19.622 [AsyncHttpClient-1-3] DEBUG org.asynchttpclient.netty.channel.NettyConnectListener - Using new Channel '[id: 0x22298372, L:/127.0.0.1:51898 - R:localhost/127.0.0.1:9412]' for 'POST' to '/session'
10:56:21.348 [AsyncHttpClient-1-3] DEBUG org.asynchttpclient.netty.handler.HttpHandler - 

Request DefaultHttpRequest(decodeResult: success, version: HTTP/1.1)
POST /session HTTP/1.1
User-Agent: selenium/4.8.0 (java windows)
Content-Length: 1629
Content-Type: application/json; charset=utf-8
host: localhost:9412
accept: */*

Response DefaultHttpResponse(decodeResult: success, version: HTTP/1.1)
HTTP/1.1 200 OK
Content-Length: 856
Content-Type: application/json; charset=utf-8
cache-control: no-cache

10:56:21.348 [AsyncHttpClient-1-3] DEBUG org.asynchttpclient.netty.channel.ChannelManager - Adding key: http://localhost:9412 for channel [id: 0x22298372, L:/127.0.0.1:51898 - R:localhost/127.0.0.1:9412]
10:56:21.379 [AsyncHttpClient-1-4] DEBUG org.asynchttpclient.netty.channel.NettyConnectListener - Using new Channel '[id: 0x3ea4bf8d, L:/127.0.0.1:51906 - R:localhost/127.0.0.1:51899]' for 'GET' to '/json/version'
10:56:21.380 [AsyncHttpClient-1-4] DEBUG org.asynchttpclient.netty.handler.HttpHandler - 

Request DefaultFullHttpRequest(decodeResult: success, version: HTTP/1.1, content: EmptyByteBufBE)
GET /json/version HTTP/1.1
User-Agent: selenium/4.8.0 (java windows)
host: localhost:51899
accept: */*

Response DefaultHttpResponse(decodeResult: success, version: HTTP/1.1)
HTTP/1.1 200 OK
Content-Security-Policy: frame-ancestors 'none'
Content-Length: 422
Content-Type: application/json; charset=UTF-8

10:56:21.380 [AsyncHttpClient-1-4] DEBUG org.asynchttpclient.netty.channel.ChannelManager - Adding key: http://localhost:51899 for channel [id: 0x3ea4bf8d, L:/127.0.0.1:51906 - R:localhost/127.0.0.1:51899]
10:56:21.388 [AsyncHttpClient-1-5] DEBUG org.asynchttpclient.netty.channel.NettyConnectListener - Using new Channel '[id: 0x79268cab, L:/127.0.0.1:51907 - R:localhost/127.0.0.1:51899]' for 'GET' to '/devtools/browser/7e89ef00-4a4e-461d-b087-ffe1a02bfc88'
10:56:21.389 [AsyncHttpClient-1-5] DEBUG org.asynchttpclient.netty.handler.WebSocketHandler - 

Request DefaultFullHttpRequest(decodeResult: success, version: HTTP/1.1, content: EmptyByteBufBE)
GET /devtools/browser/7e89ef00-4a4e-461d-b087-ffe1a02bfc88 HTTP/1.1
upgrade: websocket
connection: upgrade
sec-websocket-key: NJIiJgAtAvf2/0BKmvFwXQ==
sec-websocket-version: 13
origin: http://localhost:51899
host: localhost:51899
accept: */*
user-agent: AHC/2.1

Response DefaultHttpResponse(decodeResult: success, version: HTTP/1.1)
HTTP/1.1 101 WebSocket Protocol Handshake
Upgrade: WebSocket
Connection: Upgrade
Sec-WebSocket-Accept: 9ieF0GOxWjHRxBpERYsEKFK9xWg=

10:56:21.399 [Forwarding get on session bf3f1b93fb7fc84eca5e5231fec45912 to remote] DEBUG org.asynchttpclient.netty.request.NettyRequestSender - Using pooled Channel '[id: 0x22298372, L:/127.0.0.1:51898 - R:localhost/127.0.0.1:9412]' for 'POST' to 'http://localhost:9412/session/bf3f1b93fb7fc84eca5e5231fec45912/url'
10:56:21.399 [Forwarding get on session bf3f1b93fb7fc84eca5e5231fec45912 to remote] DEBUG org.asynchttpclient.netty.request.NettyRequestSender - Using open Channel [id: 0x22298372, L:/127.0.0.1:51898 - R:localhost/127.0.0.1:9412] for POST '/session/bf3f1b93fb7fc84eca5e5231fec45912/url'
10:56:21.443 [AsyncHttpClient-1-1] DEBUG org.asynchttpclient.netty.channel.DefaultChannelPool - Entry count for : http://localhost:51899 : 1
10:56:22.536 [AsyncHttpClient-1-1] DEBUG org.asynchttpclient.netty.channel.DefaultChannelPool - Entry count for : http://localhost:51899 : 1
10:56:23.125 [AsyncHttpClient-1-3] DEBUG org.asynchttpclient.netty.handler.HttpHandler - 

Request DefaultHttpRequest(decodeResult: success, version: HTTP/1.1)
POST /session/bf3f1b93fb7fc84eca5e5231fec45912/url HTTP/1.1
User-Agent: selenium/4.8.0 (java windows)
Content-Length: 56
Content-Type: application/json; charset=utf-8
host: localhost:9412
accept: */*

Response DefaultHttpResponse(decodeResult: success, version: HTTP/1.1)
HTTP/1.1 200 OK
Content-Length: 14
Content-Type: application/json; charset=utf-8
cache-control: no-cache

10:56:23.125 [AsyncHttpClient-1-3] DEBUG org.asynchttpclient.netty.channel.ChannelManager - Adding key: http://localhost:9412 for channel [id: 0x22298372, L:/127.0.0.1:51898 - R:localhost/127.0.0.1:9412]
10:56:23.127 [Forwarding setTimeout on session bf3f1b93fb7fc84eca5e5231fec45912 to remote] DEBUG org.asynchttpclient.netty.request.NettyRequestSender - Using pooled Channel '[id: 0x22298372, L:/127.0.0.1:51898 - R:localhost/127.0.0.1:9412]' for 'POST' to 'http://localhost:9412/session/bf3f1b93fb7fc84eca5e5231fec45912/timeouts'
10:56:23.127 [Forwarding setTimeout on session bf3f1b93fb7fc84eca5e5231fec45912 to remote] DEBUG org.asynchttpclient.netty.request.NettyRequestSender - Using open Channel [id: 0x22298372, L:/127.0.0.1:51898 - R:localhost/127.0.0.1:9412] for POST '/session/bf3f1b93fb7fc84eca5e5231fec45912/timeouts'
10:56:23.128 [AsyncHttpClient-1-3] DEBUG org.asynchttpclient.netty.handler.HttpHandler - 

Request DefaultHttpRequest(decodeResult: success, version: HTTP/1.1)
POST /session/bf3f1b93fb7fc84eca5e5231fec45912/timeouts HTTP/1.1
User-Agent: selenium/4.8.0 (java windows)
Content-Length: 22
Content-Type: application/json; charset=utf-8
host: localhost:9412
accept: */*

Response DefaultHttpResponse(decodeResult: success, version: HTTP/1.1)
HTTP/1.1 200 OK
Content-Length: 14
Content-Type: application/json; charset=utf-8
cache-control: no-cache

10:56:23.128 [AsyncHttpClient-1-3] DEBUG org.asynchttpclient.netty.channel.ChannelManager - Adding key: http://localhost:9412 for channel [id: 0x22298372, L:/127.0.0.1:51898 - R:localhost/127.0.0.1:9412]
10:56:23.135 [Forwarding getCurrentUrl on session bf3f1b93fb7fc84eca5e5231fec45912 to remote] DEBUG org.asynchttpclient.netty.request.NettyRequestSender - Using pooled Channel '[id: 0x22298372, L:/127.0.0.1:51898 - R:localhost/127.0.0.1:9412]' for 'GET' to 'http://localhost:9412/session/bf3f1b93fb7fc84eca5e5231fec45912/url'
10:56:23.135 [Forwarding getCurrentUrl on session bf3f1b93fb7fc84eca5e5231fec45912 to remote] DEBUG org.asynchttpclient.netty.request.NettyRequestSender - Using open Channel [id: 0x22298372, L:/127.0.0.1:51898 - R:localhost/127.0.0.1:9412] for GET '/session/bf3f1b93fb7fc84eca5e5231fec45912/url'
10:56:23.139 [AsyncHttpClient-1-3] DEBUG org.asynchttpclient.netty.handler.HttpHandler - 

Request DefaultFullHttpRequest(decodeResult: success, version: HTTP/1.1, content: EmptyByteBufBE)
GET /session/bf3f1b93fb7fc84eca5e5231fec45912/url HTTP/1.1
User-Agent: selenium/4.8.0 (java windows)
Cache-Control: no-cache
Content-Type: application/json; charset=utf-8
host: localhost:9412
accept: */*

Response DefaultHttpResponse(decodeResult: success, version: HTTP/1.1)
HTTP/1.1 200 OK
Content-Length: 38
Content-Type: application/json; charset=utf-8
cache-control: no-cache

10:56:23.139 [AsyncHttpClient-1-3] DEBUG org.asynchttpclient.netty.channel.ChannelManager - Adding key: http://localhost:9412 for channel [id: 0x22298372, L:/127.0.0.1:51898 - R:localhost/127.0.0.1:9412]
10:56:23.143 [Forwarding getCurrentUrl on session bf3f1b93fb7fc84eca5e5231fec45912 to remote] DEBUG org.asynchttpclient.netty.request.NettyRequestSender - Using pooled Channel '[id: 0x22298372, L:/127.0.0.1:51898 - R:localhost/127.0.0.1:9412]' for 'GET' to 'http://localhost:9412/session/bf3f1b93fb7fc84eca5e5231fec45912/url'
10:56:23.143 [Forwarding getCurrentUrl on session bf3f1b93fb7fc84eca5e5231fec45912 to remote] DEBUG org.asynchttpclient.netty.request.NettyRequestSender - Using open Channel [id: 0x22298372, L:/127.0.0.1:51898 - R:localhost/127.0.0.1:9412] for GET '/session/bf3f1b93fb7fc84eca5e5231fec45912/url'
10:56:23.150 [AsyncHttpClient-1-3] DEBUG org.asynchttpclient.netty.handler.HttpHandler - 

Request DefaultFullHttpRequest(decodeResult: success, version: HTTP/1.1, content: EmptyByteBufBE)
GET /session/bf3f1b93fb7fc84eca5e5231fec45912/url HTTP/1.1
User-Agent: selenium/4.8.0 (java windows)
Cache-Control: no-cache
Content-Type: application/json; charset=utf-8
host: localhost:9412
accept: */*

Response DefaultHttpResponse(decodeResult: success, version: HTTP/1.1)
HTTP/1.1 200 OK
Content-Length: 38
Content-Type: application/json; charset=utf-8
cache-control: no-cache

10:56:23.150 [AsyncHttpClient-1-3] DEBUG org.asynchttpclient.netty.channel.ChannelManager - Adding key: http://localhost:9412 for channel [id: 0x22298372, L:/127.0.0.1:51898 - R:localhost/127.0.0.1:9412]
10:56:23.157 [Forwarding findElement on session bf3f1b93fb7fc84eca5e5231fec45912 to remote] DEBUG org.asynchttpclient.netty.request.NettyRequestSender - Using pooled Channel '[id: 0x22298372, L:/127.0.0.1:51898 - R:localhost/127.0.0.1:9412]' for 'POST' to 'http://localhost:9412/session/bf3f1b93fb7fc84eca5e5231fec45912/element'
10:56:23.157 [Forwarding findElement on session bf3f1b93fb7fc84eca5e5231fec45912 to remote] DEBUG org.asynchttpclient.netty.request.NettyRequestSender - Using open Channel [id: 0x22298372, L:/127.0.0.1:51898 - R:localhost/127.0.0.1:9412] for POST '/session/bf3f1b93fb7fc84eca5e5231fec45912/element'
10:56:23.202 [AsyncHttpClient-1-3] DEBUG org.asynchttpclient.netty.handler.HttpHandler - 

Request DefaultHttpRequest(decodeResult: success, version: HTTP/1.1)
POST /session/bf3f1b93fb7fc84eca5e5231fec45912/element HTTP/1.1
User-Agent: selenium/4.8.0 (java windows)
Content-Length: 59
Content-Type: application/json; charset=utf-8
host: localhost:9412
accept: */*

Response DefaultHttpResponse(decodeResult: success, version: HTTP/1.1)
HTTP/1.1 200 OK
Content-Length: 88
Content-Type: application/json; charset=utf-8
cache-control: no-cache

10:56:23.202 [AsyncHttpClient-1-3] DEBUG org.asynchttpclient.netty.channel.ChannelManager - Adding key: http://localhost:9412 for channel [id: 0x22298372, L:/127.0.0.1:51898 - R:localhost/127.0.0.1:9412]
10:56:23.206 [Forwarding isElementDisplayed on session bf3f1b93fb7fc84eca5e5231fec45912 to remote] DEBUG org.asynchttpclient.netty.request.NettyRequestSender - Using pooled Channel '[id: 0x22298372, L:/127.0.0.1:51898 - R:localhost/127.0.0.1:9412]' for 'POST' to 'http://localhost:9412/session/bf3f1b93fb7fc84eca5e5231fec45912/execute/sync'
10:56:23.208 [Forwarding isElementDisplayed on session bf3f1b93fb7fc84eca5e5231fec45912 to remote] DEBUG org.asynchttpclient.netty.request.NettyRequestSender - Using open Channel [id: 0x22298372, L:/127.0.0.1:51898 - R:localhost/127.0.0.1:9412] for POST '/session/bf3f1b93fb7fc84eca5e5231fec45912/execute/sync'
10:56:23.229 [AsyncHttpClient-1-3] DEBUG org.asynchttpclient.netty.handler.HttpHandler - 

Request DefaultHttpRequest(decodeResult: success, version: HTTP/1.1)
POST /session/bf3f1b93fb7fc84eca5e5231fec45912/execute/sync HTTP/1.1
User-Agent: selenium/4.8.0 (java windows)
Content-Length: 48807
Content-Type: application/json; charset=utf-8
host: localhost:9412
accept: */*

Response DefaultHttpResponse(decodeResult: success, version: HTTP/1.1)
HTTP/1.1 200 OK
Content-Length: 14
Content-Type: application/json; charset=utf-8
cache-control: no-cache

10:56:23.229 [AsyncHttpClient-1-3] DEBUG org.asynchttpclient.netty.channel.ChannelManager - Adding key: http://localhost:9412 for channel [id: 0x22298372, L:/127.0.0.1:51898 - R:localhost/127.0.0.1:9412]
10:56:23.233 [Forwarding isElementDisplayed on session bf3f1b93fb7fc84eca5e5231fec45912 to remote] DEBUG org.asynchttpclient.netty.request.NettyRequestSender - Using pooled Channel '[id: 0x22298372, L:/127.0.0.1:51898 - R:localhost/127.0.0.1:9412]' for 'POST' to 'http://localhost:9412/session/bf3f1b93fb7fc84eca5e5231fec45912/execute/sync'
10:56:23.233 [Forwarding isElementDisplayed on session bf3f1b93fb7fc84eca5e5231fec45912 to remote] DEBUG org.asynchttpclient.netty.request.NettyRequestSender - Using open Channel [id: 0x22298372, L:/127.0.0.1:51898 - R:localhost/127.0.0.1:9412] for POST '/session/bf3f1b93fb7fc84eca5e5231fec45912/execute/sync'
10:56:23.255 [AsyncHttpClient-1-3] DEBUG org.asynchttpclient.netty.handler.HttpHandler - 

Request DefaultHttpRequest(decodeResult: success, version: HTTP/1.1)
POST /session/bf3f1b93fb7fc84eca5e5231fec45912/execute/sync HTTP/1.1
User-Agent: selenium/4.8.0 (java windows)
Content-Length: 48807
Content-Type: application/json; charset=utf-8
host: localhost:9412
accept: */*

Response DefaultHttpResponse(decodeResult: success, version: HTTP/1.1)
HTTP/1.1 200 OK
Content-Length: 14
Content-Type: application/json; charset=utf-8
cache-control: no-cache

10:56:23.255 [AsyncHttpClient-1-3] DEBUG org.asynchttpclient.netty.channel.ChannelManager - Adding key: http://localhost:9412 for channel [id: 0x22298372, L:/127.0.0.1:51898 - R:localhost/127.0.0.1:9412]
10:56:23.257 [main] DEBUG net.thucydides.core.steps.StepInterceptor - STEP DONE: onLoginPage
  &amp#27;[32mGiven &amp#27;[0m&amp#27;[32muser on login page&amp#27;[0m                                        &amp#27;[90m# starter.stepdefinitions.LoginSteps.userOnLoginPage()&amp#27;[0m
10:56:23.267 [main] DEBUG net.thucydides.core.steps.StepInterceptor - STARTING STEP: LoginSteps.userInputValidUsername - inputUserName
10:56:23.270 [Forwarding findElement on session bf3f1b93fb7fc84eca5e5231fec45912 to remote] DEBUG org.asynchttpclient.netty.request.NettyRequestSender - Using pooled Channel '[id: 0x22298372, L:/127.0.0.1:51898 - R:localhost/127.0.0.1:9412]' for 'POST' to 'http://localhost:9412/session/bf3f1b93fb7fc84eca5e5231fec45912/element'
10:56:23.270 [Forwarding findElement on session bf3f1b93fb7fc84eca5e5231fec45912 to remote] DEBUG org.asynchttpclient.netty.request.NettyRequestSender - Using open Channel [id: 0x22298372, L:/127.0.0.1:51898 - R:localhost/127.0.0.1:9412] for POST '/session/bf3f1b93fb7fc84eca5e5231fec45912/element'
10:56:23.282 [AsyncHttpClient-1-3] DEBUG org.asynchttpclient.netty.handler.HttpHandler - 

Request DefaultHttpRequest(decodeResult: success, version: HTTP/1.1)
POST /session/bf3f1b93fb7fc84eca5e5231fec45912/element HTTP/1.1
User-Agent: selenium/4.8.0 (java windows)
Content-Length: 56
Content-Type: application/json; charset=utf-8
host: localhost:9412
accept: */*

Response DefaultHttpResponse(decodeResult: success, version: HTTP/1.1)
HTTP/1.1 200 OK
Content-Length: 88
Content-Type: application/json; charset=utf-8
cache-control: no-cache

10:56:23.283 [AsyncHttpClient-1-3] DEBUG org.asynchttpclient.netty.channel.ChannelManager - Adding key: http://localhost:9412 for channel [id: 0x22298372, L:/127.0.0.1:51898 - R:localhost/127.0.0.1:9412]
10:56:23.285 [Forwarding clearElement on session bf3f1b93fb7fc84eca5e5231fec45912 to remote] DEBUG org.asynchttpclient.netty.request.NettyRequestSender - Using pooled Channel '[id: 0x22298372, L:/127.0.0.1:51898 - R:localhost/127.0.0.1:9412]' for 'POST' to 'http://localhost:9412/session/bf3f1b93fb7fc84eca5e5231fec45912/element/3d769780-d470-4995-bfe9-88eae0ac950e/clear'
10:56:23.285 [Forwarding clearElement on session bf3f1b93fb7fc84eca5e5231fec45912 to remote] DEBUG org.asynchttpclient.netty.request.NettyRequestSender - Using open Channel [id: 0x22298372, L:/127.0.0.1:51898 - R:localhost/127.0.0.1:9412] for POST '/session/bf3f1b93fb7fc84eca5e5231fec45912/element/3d769780-d470-4995-bfe9-88eae0ac950e/clear'
10:56:23.317 [AsyncHttpClient-1-3] DEBUG org.asynchttpclient.netty.handler.HttpHandler - 

Request DefaultHttpRequest(decodeResult: success, version: HTTP/1.1)
POST /session/bf3f1b93fb7fc84eca5e5231fec45912/element/3d769780-d470-4995-bfe9-88eae0ac950e/clear HTTP/1.1
User-Agent: selenium/4.8.0 (java windows)
Content-Length: 50
Content-Type: application/json; charset=utf-8
host: localhost:9412
accept: */*

Response DefaultHttpResponse(decodeResult: success, version: HTTP/1.1)
HTTP/1.1 200 OK
Content-Length: 14
Content-Type: application/json; charset=utf-8
cache-control: no-cache

10:56:23.317 [AsyncHttpClient-1-3] DEBUG org.asynchttpclient.netty.channel.ChannelManager - Adding key: http://localhost:9412 for channel [id: 0x22298372, L:/127.0.0.1:51898 - R:localhost/127.0.0.1:9412]
10:56:23.320 [Forwarding sendKeysToElement on session bf3f1b93fb7fc84eca5e5231fec45912 to remote] DEBUG org.asynchttpclient.netty.request.NettyRequestSender - Using pooled Channel '[id: 0x22298372, L:/127.0.0.1:51898 - R:localhost/127.0.0.1:9412]' for 'POST' to 'http://localhost:9412/session/bf3f1b93fb7fc84eca5e5231fec45912/element/3d769780-d470-4995-bfe9-88eae0ac950e/value'
10:56:23.320 [Forwarding sendKeysToElement on session bf3f1b93fb7fc84eca5e5231fec45912 to remote] DEBUG org.asynchttpclient.netty.request.NettyRequestSender - Using open Channel [id: 0x22298372, L:/127.0.0.1:51898 - R:localhost/127.0.0.1:9412] for POST '/session/bf3f1b93fb7fc84eca5e5231fec45912/element/3d769780-d470-4995-bfe9-88eae0ac950e/value'
10:56:23.415 [AsyncHttpClient-1-3] DEBUG org.asynchttpclient.netty.handler.HttpHandler - 

Request DefaultHttpRequest(decodeResult: success, version: HTTP/1.1)
POST /session/bf3f1b93fb7fc84eca5e5231fec45912/element/3d769780-d470-4995-bfe9-88eae0ac950e/value HTTP/1.1
User-Agent: selenium/4.8.0 (java windows)
Content-Length: 211
Content-Type: application/json; charset=utf-8
host: localhost:9412
accept: */*

Response DefaultHttpResponse(decodeResult: success, version: HTTP/1.1)
HTTP/1.1 200 OK
Content-Length: 14
Content-Type: application/json; charset=utf-8
cache-control: no-cache

10:56:23.415 [AsyncHttpClient-1-3] DEBUG org.asynchttpclient.netty.channel.ChannelManager - Adding key: http://localhost:9412 for channel [id: 0x22298372, L:/127.0.0.1:51898 - R:localhost/127.0.0.1:9412]
10:56:23.419 [main] DEBUG net.thucydides.core.steps.StepInterceptor - STEP DONE: inputUserName
  &amp#27;[32mWhen &amp#27;[0m&amp#27;[32muser input valid username&amp#27;[0m                                  &amp#27;[90m# starter.stepdefinitions.LoginSteps.userInputValidUsername()&amp#27;[0m
10:56:23.431 [main] DEBUG net.thucydides.core.steps.StepInterceptor - STARTING STEP: LoginSteps.userInputValidPassword - inputPassword
10:56:23.436 [Forwarding findElement on session bf3f1b93fb7fc84eca5e5231fec45912 to remote] DEBUG org.asynchttpclient.netty.request.NettyRequestSender - Using pooled Channel '[id: 0x22298372, L:/127.0.0.1:51898 - R:localhost/127.0.0.1:9412]' for 'POST' to 'http://localhost:9412/session/bf3f1b93fb7fc84eca5e5231fec45912/element'
10:56:23.436 [Forwarding findElement on session bf3f1b93fb7fc84eca5e5231fec45912 to remote] DEBUG org.asynchttpclient.netty.request.NettyRequestSender - Using open Channel [id: 0x22298372, L:/127.0.0.1:51898 - R:localhost/127.0.0.1:9412] for POST '/session/bf3f1b93fb7fc84eca5e5231fec45912/element'
10:56:23.451 [AsyncHttpClient-1-3] DEBUG org.asynchttpclient.netty.handler.HttpHandler - 

Request DefaultHttpRequest(decodeResult: success, version: HTTP/1.1)
POST /session/bf3f1b93fb7fc84eca5e5231fec45912/element HTTP/1.1
User-Agent: selenium/4.8.0 (java windows)
Content-Length: 53
Content-Type: application/json; charset=utf-8
host: localhost:9412
accept: */*

Response DefaultHttpResponse(decodeResult: success, version: HTTP/1.1)
HTTP/1.1 200 OK
Content-Length: 88
Content-Type: application/json; charset=utf-8
cache-control: no-cache

10:56:23.452 [AsyncHttpClient-1-3] DEBUG org.asynchttpclient.netty.channel.ChannelManager - Adding key: http://localhost:9412 for channel [id: 0x22298372, L:/127.0.0.1:51898 - R:localhost/127.0.0.1:9412]
10:56:23.453 [Forwarding clearElement on session bf3f1b93fb7fc84eca5e5231fec45912 to remote] DEBUG org.asynchttpclient.netty.request.NettyRequestSender - Using pooled Channel '[id: 0x22298372, L:/127.0.0.1:51898 - R:localhost/127.0.0.1:9412]' for 'POST' to 'http://localhost:9412/session/bf3f1b93fb7fc84eca5e5231fec45912/element/fe8810f2-a86b-4012-9082-ea0636497ef3/clear'
10:56:23.454 [Forwarding clearElement on session bf3f1b93fb7fc84eca5e5231fec45912 to remote] DEBUG org.asynchttpclient.netty.request.NettyRequestSender - Using open Channel [id: 0x22298372, L:/127.0.0.1:51898 - R:localhost/127.0.0.1:9412] for POST '/session/bf3f1b93fb7fc84eca5e5231fec45912/element/fe8810f2-a86b-4012-9082-ea0636497ef3/clear'
10:56:23.483 [AsyncHttpClient-1-3] DEBUG org.asynchttpclient.netty.handler.HttpHandler - 

Request DefaultHttpRequest(decodeResult: success, version: HTTP/1.1)
POST /session/bf3f1b93fb7fc84eca5e5231fec45912/element/fe8810f2-a86b-4012-9082-ea0636497ef3/clear HTTP/1.1
User-Agent: selenium/4.8.0 (java windows)
Content-Length: 50
Content-Type: application/json; charset=utf-8
host: localhost:9412
accept: */*

Response DefaultHttpResponse(decodeResult: success, version: HTTP/1.1)
HTTP/1.1 200 OK
Content-Length: 14
Content-Type: application/json; charset=utf-8
cache-control: no-cache

10:56:23.484 [AsyncHttpClient-1-3] DEBUG org.asynchttpclient.netty.channel.ChannelManager - Adding key: http://localhost:9412 for channel [id: 0x22298372, L:/127.0.0.1:51898 - R:localhost/127.0.0.1:9412]
10:56:23.486 [Forwarding sendKeysToElement on session bf3f1b93fb7fc84eca5e5231fec45912 to remote] DEBUG org.asynchttpclient.netty.request.NettyRequestSender - Using pooled Channel '[id: 0x22298372, L:/127.0.0.1:51898 - R:localhost/127.0.0.1:9412]' for 'POST' to 'http://localhost:9412/session/bf3f1b93fb7fc84eca5e5231fec45912/element/fe8810f2-a86b-4012-9082-ea0636497ef3/value'
10:56:23.486 [Forwarding sendKeysToElement on session bf3f1b93fb7fc84eca5e5231fec45912 to remote] DEBUG org.asynchttpclient.netty.request.NettyRequestSender - Using open Channel [id: 0x22298372, L:/127.0.0.1:51898 - R:localhost/127.0.0.1:9412] for POST '/session/bf3f1b93fb7fc84eca5e5231fec45912/element/fe8810f2-a86b-4012-9082-ea0636497ef3/value'
10:56:23.559 [AsyncHttpClient-1-3] DEBUG org.asynchttpclient.netty.handler.HttpHandler - 

Request DefaultHttpRequest(decodeResult: success, version: HTTP/1.1)
POST /session/bf3f1b93fb7fc84eca5e5231fec45912/element/fe8810f2-a86b-4012-9082-ea0636497ef3/value HTTP/1.1
User-Agent: selenium/4.8.0 (java windows)
Content-Length: 201
Content-Type: application/json; charset=utf-8
host: localhost:9412
accept: */*

Response DefaultHttpResponse(decodeResult: success, version: HTTP/1.1)
HTTP/1.1 200 OK
Content-Length: 14
Content-Type: application/json; charset=utf-8
cache-control: no-cache

10:56:23.559 [AsyncHttpClient-1-3] DEBUG org.asynchttpclient.netty.channel.ChannelManager - Adding key: http://localhost:9412 for channel [id: 0x22298372, L:/127.0.0.1:51898 - R:localhost/127.0.0.1:9412]
10:56:23.563 [main] DEBUG net.thucydides.core.steps.StepInterceptor - STEP DONE: inputPassword
  &amp#27;[32mAnd &amp#27;[0m&amp#27;[32muser input valid password&amp#27;[0m                                   &amp#27;[90m# starter.stepdefinitions.LoginSteps.userInputValidPassword()&amp#27;[0m
10:56:23.575 [main] DEBUG net.thucydides.core.steps.StepInterceptor - STARTING STEP: LoginSteps.userClickLoginButton - clickLoginButton
10:56:23.582 [Forwarding findElement on session bf3f1b93fb7fc84eca5e5231fec45912 to remote] DEBUG org.asynchttpclient.netty.request.NettyRequestSender - Using pooled Channel '[id: 0x22298372, L:/127.0.0.1:51898 - R:localhost/127.0.0.1:9412]' for 'POST' to 'http://localhost:9412/session/bf3f1b93fb7fc84eca5e5231fec45912/element'
10:56:23.582 [Forwarding findElement on session bf3f1b93fb7fc84eca5e5231fec45912 to remote] DEBUG org.asynchttpclient.netty.request.NettyRequestSender - Using open Channel [id: 0x22298372, L:/127.0.0.1:51898 - R:localhost/127.0.0.1:9412] for POST '/session/bf3f1b93fb7fc84eca5e5231fec45912/element'
10:56:23.590 [AsyncHttpClient-1-3] DEBUG org.asynchttpclient.netty.handler.HttpHandler - 

Request DefaultHttpRequest(decodeResult: success, version: HTTP/1.1)
POST /session/bf3f1b93fb7fc84eca5e5231fec45912/element HTTP/1.1
User-Agent: selenium/4.8.0 (java windows)
Content-Length: 59
Content-Type: application/json; charset=utf-8
host: localhost:9412
accept: */*

Response DefaultHttpResponse(decodeResult: success, version: HTTP/1.1)
HTTP/1.1 200 OK
Content-Length: 88
Content-Type: application/json; charset=utf-8
cache-control: no-cache

10:56:23.590 [AsyncHttpClient-1-3] DEBUG org.asynchttpclient.netty.channel.ChannelManager - Adding key: http://localhost:9412 for channel [id: 0x22298372, L:/127.0.0.1:51898 - R:localhost/127.0.0.1:9412]
10:56:23.592 [Forwarding getElementTagName on session bf3f1b93fb7fc84eca5e5231fec45912 to remote] DEBUG org.asynchttpclient.netty.request.NettyRequestSender - Using pooled Channel '[id: 0x22298372, L:/127.0.0.1:51898 - R:localhost/127.0.0.1:9412]' for 'GET' to 'http://localhost:9412/session/bf3f1b93fb7fc84eca5e5231fec45912/element/1c4f3c0c-be3f-46e7-a0e0-8d63e6885678/name'
10:56:23.592 [Forwarding getElementTagName on session bf3f1b93fb7fc84eca5e5231fec45912 to remote] DEBUG org.asynchttpclient.netty.request.NettyRequestSender - Using open Channel [id: 0x22298372, L:/127.0.0.1:51898 - R:localhost/127.0.0.1:9412] for GET '/session/bf3f1b93fb7fc84eca5e5231fec45912/element/1c4f3c0c-be3f-46e7-a0e0-8d63e6885678/name'
10:56:23.598 [AsyncHttpClient-1-3] DEBUG org.asynchttpclient.netty.handler.HttpHandler - 

Request DefaultFullHttpRequest(decodeResult: success, version: HTTP/1.1, content: EmptyByteBufBE)
GET /session/bf3f1b93fb7fc84eca5e5231fec45912/element/1c4f3c0c-be3f-46e7-a0e0-8d63e6885678/name HTTP/1.1
User-Agent: selenium/4.8.0 (java windows)
Cache-Control: no-cache
Content-Type: application/json; charset=utf-8
host: localhost:9412
accept: */*

Response DefaultHttpResponse(decodeResult: success, version: HTTP/1.1)
HTTP/1.1 200 OK
Content-Length: 17
Content-Type: application/json; charset=utf-8
cache-control: no-cache

10:56:23.598 [AsyncHttpClient-1-3] DEBUG org.asynchttpclient.netty.channel.ChannelManager - Adding key: http://localhost:9412 for channel [id: 0x22298372, L:/127.0.0.1:51898 - R:localhost/127.0.0.1:9412]
10:56:23.600 [Forwarding getElementTagName on session bf3f1b93fb7fc84eca5e5231fec45912 to remote] DEBUG org.asynchttpclient.netty.request.NettyRequestSender - Using pooled Channel '[id: 0x22298372, L:/127.0.0.1:51898 - R:localhost/127.0.0.1:9412]' for 'GET' to 'http://localhost:9412/session/bf3f1b93fb7fc84eca5e5231fec45912/element/1c4f3c0c-be3f-46e7-a0e0-8d63e6885678/name'
10:56:23.600 [Forwarding getElementTagName on session bf3f1b93fb7fc84eca5e5231fec45912 to remote] DEBUG org.asynchttpclient.netty.request.NettyRequestSender - Using open Channel [id: 0x22298372, L:/127.0.0.1:51898 - R:localhost/127.0.0.1:9412] for GET '/session/bf3f1b93fb7fc84eca5e5231fec45912/element/1c4f3c0c-be3f-46e7-a0e0-8d63e6885678/name'
10:56:23.603 [AsyncHttpClient-1-3] DEBUG org.asynchttpclient.netty.handler.HttpHandler - 

Request DefaultFullHttpRequest(decodeResult: success, version: HTTP/1.1, content: EmptyByteBufBE)
GET /session/bf3f1b93fb7fc84eca5e5231fec45912/element/1c4f3c0c-be3f-46e7-a0e0-8d63e6885678/name HTTP/1.1
User-Agent: selenium/4.8.0 (java windows)
Cache-Control: no-cache
Content-Type: application/json; charset=utf-8
host: localhost:9412
accept: */*

Response DefaultHttpResponse(decodeResult: success, version: HTTP/1.1)
HTTP/1.1 200 OK
Content-Length: 17
Content-Type: application/json; charset=utf-8
cache-control: no-cache

10:56:23.603 [AsyncHttpClient-1-3] DEBUG org.asynchttpclient.netty.channel.ChannelManager - Adding key: http://localhost:9412 for channel [id: 0x22298372, L:/127.0.0.1:51898 - R:localhost/127.0.0.1:9412]
10:56:23.606 [Forwarding isElementEnabled on session bf3f1b93fb7fc84eca5e5231fec45912 to remote] DEBUG org.asynchttpclient.netty.request.NettyRequestSender - Using pooled Channel '[id: 0x22298372, L:/127.0.0.1:51898 - R:localhost/127.0.0.1:9412]' for 'GET' to 'http://localhost:9412/session/bf3f1b93fb7fc84eca5e5231fec45912/element/1c4f3c0c-be3f-46e7-a0e0-8d63e6885678/enabled'
10:56:23.606 [Forwarding isElementEnabled on session bf3f1b93fb7fc84eca5e5231fec45912 to remote] DEBUG org.asynchttpclient.netty.request.NettyRequestSender - Using open Channel [id: 0x22298372, L:/127.0.0.1:51898 - R:localhost/127.0.0.1:9412] for GET '/session/bf3f1b93fb7fc84eca5e5231fec45912/element/1c4f3c0c-be3f-46e7-a0e0-8d63e6885678/enabled'
10:56:23.615 [AsyncHttpClient-1-3] DEBUG org.asynchttpclient.netty.handler.HttpHandler - 

Request DefaultFullHttpRequest(decodeResult: success, version: HTTP/1.1, content: EmptyByteBufBE)
GET /session/bf3f1b93fb7fc84eca5e5231fec45912/element/1c4f3c0c-be3f-46e7-a0e0-8d63e6885678/enabled HTTP/1.1
User-Agent: selenium/4.8.0 (java windows)
Cache-Control: no-cache
Content-Type: application/json; charset=utf-8
host: localhost:9412
accept: */*

Response DefaultHttpResponse(decodeResult: success, version: HTTP/1.1)
HTTP/1.1 200 OK
Content-Length: 14
Content-Type: application/json; charset=utf-8
cache-control: no-cache

10:56:23.615 [AsyncHttpClient-1-3] DEBUG org.asynchttpclient.netty.channel.ChannelManager - Adding key: http://localhost:9412 for channel [id: 0x22298372, L:/127.0.0.1:51898 - R:localhost/127.0.0.1:9412]
10:56:23.617 [Forwarding isElementEnabled on session bf3f1b93fb7fc84eca5e5231fec45912 to remote] DEBUG org.asynchttpclient.netty.request.NettyRequestSender - Using pooled Channel '[id: 0x22298372, L:/127.0.0.1:51898 - R:localhost/127.0.0.1:9412]' for 'GET' to 'http://localhost:9412/session/bf3f1b93fb7fc84eca5e5231fec45912/element/1c4f3c0c-be3f-46e7-a0e0-8d63e6885678/enabled'
10:56:23.617 [Forwarding isElementEnabled on session bf3f1b93fb7fc84eca5e5231fec45912 to remote] DEBUG org.asynchttpclient.netty.request.NettyRequestSender - Using open Channel [id: 0x22298372, L:/127.0.0.1:51898 - R:localhost/127.0.0.1:9412] for GET '/session/bf3f1b93fb7fc84eca5e5231fec45912/element/1c4f3c0c-be3f-46e7-a0e0-8d63e6885678/enabled'
10:56:23.622 [AsyncHttpClient-1-3] DEBUG org.asynchttpclient.netty.handler.HttpHandler - 

Request DefaultFullHttpRequest(decodeResult: success, version: HTTP/1.1, content: EmptyByteBufBE)
GET /session/bf3f1b93fb7fc84eca5e5231fec45912/element/1c4f3c0c-be3f-46e7-a0e0-8d63e6885678/enabled HTTP/1.1
User-Agent: selenium/4.8.0 (java windows)
Cache-Control: no-cache
Content-Type: application/json; charset=utf-8
host: localhost:9412
accept: */*

Response DefaultHttpResponse(decodeResult: success, version: HTTP/1.1)
HTTP/1.1 200 OK
Content-Length: 14
Content-Type: application/json; charset=utf-8
cache-control: no-cache

10:56:23.623 [AsyncHttpClient-1-3] DEBUG org.asynchttpclient.netty.channel.ChannelManager - Adding key: http://localhost:9412 for channel [id: 0x22298372, L:/127.0.0.1:51898 - R:localhost/127.0.0.1:9412]
10:56:23.625 [Forwarding findElement on session bf3f1b93fb7fc84eca5e5231fec45912 to remote] DEBUG org.asynchttpclient.netty.request.NettyRequestSender - Using pooled Channel '[id: 0x22298372, L:/127.0.0.1:51898 - R:localhost/127.0.0.1:9412]' for 'POST' to 'http://localhost:9412/session/bf3f1b93fb7fc84eca5e5231fec45912/element'
10:56:23.625 [Forwarding findElement on session bf3f1b93fb7fc84eca5e5231fec45912 to remote] DEBUG org.asynchttpclient.netty.request.NettyRequestSender - Using open Channel [id: 0x22298372, L:/127.0.0.1:51898 - R:localhost/127.0.0.1:9412] for POST '/session/bf3f1b93fb7fc84eca5e5231fec45912/element'
10:56:23.632 [AsyncHttpClient-1-3] DEBUG org.asynchttpclient.netty.handler.HttpHandler - 

Request DefaultHttpRequest(decodeResult: success, version: HTTP/1.1)
POST /session/bf3f1b93fb7fc84eca5e5231fec45912/element HTTP/1.1
User-Agent: selenium/4.8.0 (java windows)
Content-Length: 59
Content-Type: application/json; charset=utf-8
host: localhost:9412
accept: */*

Response DefaultHttpResponse(decodeResult: success, version: HTTP/1.1)
HTTP/1.1 200 OK
Content-Length: 88
Content-Type: application/json; charset=utf-8
cache-control: no-cache

10:56:23.632 [AsyncHttpClient-1-3] DEBUG org.asynchttpclient.netty.channel.ChannelManager - Adding key: http://localhost:9412 for channel [id: 0x22298372, L:/127.0.0.1:51898 - R:localhost/127.0.0.1:9412]
10:56:23.633 [Forwarding clickElement on session bf3f1b93fb7fc84eca5e5231fec45912 to remote] DEBUG org.asynchttpclient.netty.request.NettyRequestSender - Using pooled Channel '[id: 0x22298372, L:/127.0.0.1:51898 - R:localhost/127.0.0.1:9412]' for 'POST' to 'http://localhost:9412/session/bf3f1b93fb7fc84eca5e5231fec45912/element/1c4f3c0c-be3f-46e7-a0e0-8d63e6885678/click'
10:56:23.633 [Forwarding clickElement on session bf3f1b93fb7fc84eca5e5231fec45912 to remote] DEBUG org.asynchttpclient.netty.request.NettyRequestSender - Using open Channel [id: 0x22298372, L:/127.0.0.1:51898 - R:localhost/127.0.0.1:9412] for POST '/session/bf3f1b93fb7fc84eca5e5231fec45912/element/1c4f3c0c-be3f-46e7-a0e0-8d63e6885678/click'
10:56:23.649 [AsyncHttpClient-1-1] DEBUG org.asynchttpclient.netty.channel.DefaultChannelPool - Entry count for : http://localhost:51899 : 1
10:56:23.917 [AsyncHttpClient-1-3] DEBUG org.asynchttpclient.netty.handler.HttpHandler - 

Request DefaultHttpRequest(decodeResult: success, version: HTTP/1.1)
POST /session/bf3f1b93fb7fc84eca5e5231fec45912/element/1c4f3c0c-be3f-46e7-a0e0-8d63e6885678/click HTTP/1.1
User-Agent: selenium/4.8.0 (java windows)
Content-Length: 50
Content-Type: application/json; charset=utf-8
host: localhost:9412
accept: */*

Response DefaultHttpResponse(decodeResult: success, version: HTTP/1.1)
HTTP/1.1 200 OK
Content-Length: 14
Content-Type: application/json; charset=utf-8
cache-control: no-cache

10:56:23.918 [AsyncHttpClient-1-3] DEBUG org.asynchttpclient.netty.channel.ChannelManager - Adding key: http://localhost:9412 for channel [id: 0x22298372, L:/127.0.0.1:51898 - R:localhost/127.0.0.1:9412]
10:56:23.970 [main] DEBUG net.thucydides.core.steps.StepInterceptor - STEP DONE: clickLoginButton
  &amp#27;[32mAnd &amp#27;[0m&amp#27;[32muser click login button&amp#27;[0m                                     &amp#27;[90m# starter.stepdefinitions.LoginSteps.userClickLoginButton()&amp#27;[0m
10:56:23.985 [main] DEBUG net.thucydides.core.steps.StepInterceptor - STARTING STEP: LoginSteps.userOnProductsPage - userOnProductPage
10:56:23.987 [Forwarding findElement on session bf3f1b93fb7fc84eca5e5231fec45912 to remote] DEBUG org.asynchttpclient.netty.request.NettyRequestSender - Using pooled Channel '[id: 0x22298372, L:/127.0.0.1:51898 - R:localhost/127.0.0.1:9412]' for 'POST' to 'http://localhost:9412/session/bf3f1b93fb7fc84eca5e5231fec45912/element'
10:56:23.987 [Forwarding findElement on session bf3f1b93fb7fc84eca5e5231fec45912 to remote] DEBUG org.asynchttpclient.netty.request.NettyRequestSender - Using open Channel [id: 0x22298372, L:/127.0.0.1:51898 - R:localhost/127.0.0.1:9412] for POST '/session/bf3f1b93fb7fc84eca5e5231fec45912/element'
10:56:24.132 [AsyncHttpClient-1-3] DEBUG org.asynchttpclient.netty.handler.HttpHandler - 

Request DefaultHttpRequest(decodeResult: success, version: HTTP/1.1)
POST /session/bf3f1b93fb7fc84eca5e5231fec45912/element HTTP/1.1
User-Agent: selenium/4.8.0 (java windows)
Content-Length: 72
Content-Type: application/json; charset=utf-8
host: localhost:9412
accept: */*

Response DefaultHttpResponse(decodeResult: success, version: HTTP/1.1)
HTTP/1.1 200 OK
Content-Length: 88
Content-Type: application/json; charset=utf-8
cache-control: no-cache

10:56:24.132 [AsyncHttpClient-1-3] DEBUG org.asynchttpclient.netty.channel.ChannelManager - Adding key: http://localhost:9412 for channel [id: 0x22298372, L:/127.0.0.1:51898 - R:localhost/127.0.0.1:9412]
10:56:24.136 [Forwarding isElementDisplayed on session bf3f1b93fb7fc84eca5e5231fec45912 to remote] DEBUG org.asynchttpclient.netty.request.NettyRequestSender - Using pooled Channel '[id: 0x22298372, L:/127.0.0.1:51898 - R:localhost/127.0.0.1:9412]' for 'POST' to 'http://localhost:9412/session/bf3f1b93fb7fc84eca5e5231fec45912/execute/sync'
10:56:24.136 [Forwarding isElementDisplayed on session bf3f1b93fb7fc84eca5e5231fec45912 to remote] DEBUG org.asynchttpclient.netty.request.NettyRequestSender - Using open Channel [id: 0x22298372, L:/127.0.0.1:51898 - R:localhost/127.0.0.1:9412] for POST '/session/bf3f1b93fb7fc84eca5e5231fec45912/execute/sync'
10:56:24.237 [AsyncHttpClient-1-3] DEBUG org.asynchttpclient.netty.handler.HttpHandler - 

Request DefaultHttpRequest(decodeResult: success, version: HTTP/1.1)
POST /session/bf3f1b93fb7fc84eca5e5231fec45912/execute/sync HTTP/1.1
User-Agent: selenium/4.8.0 (java windows)
Content-Length: 48807
Content-Type: application/json; charset=utf-8
host: localhost:9412
accept: */*

Response DefaultHttpResponse(decodeResult: success, version: HTTP/1.1)
HTTP/1.1 200 OK
Content-Length: 14
Content-Type: application/json; charset=utf-8
cache-control: no-cache

10:56:24.237 [AsyncHttpClient-1-3] DEBUG org.asynchttpclient.netty.channel.ChannelManager - Adding key: http://localhost:9412 for channel [id: 0x22298372, L:/127.0.0.1:51898 - R:localhost/127.0.0.1:9412]
10:56:24.239 [main] DEBUG net.thucydides.core.steps.StepInterceptor - STEP DONE: userOnProductPage
  &amp#27;[32mAnd &amp#27;[0m&amp#27;[32muser on products page&amp#27;[0m                                       &amp#27;[90m# starter.stepdefinitions.LoginSteps.userOnProductsPage()&amp#27;[0m
10:56:24.248 [main] DEBUG net.thucydides.core.steps.StepInterceptor - STARTING STEP: LoginSteps.userClickAddToCartButtonInOneProduct - clickAddToCartButtonOneProduct
10:56:24.250 [Forwarding findElement on session bf3f1b93fb7fc84eca5e5231fec45912 to remote] DEBUG org.asynchttpclient.netty.request.NettyRequestSender - Using pooled Channel '[id: 0x22298372, L:/127.0.0.1:51898 - R:localhost/127.0.0.1:9412]' for 'POST' to 'http://localhost:9412/session/bf3f1b93fb7fc84eca5e5231fec45912/element'
10:56:24.250 [Forwarding findElement on session bf3f1b93fb7fc84eca5e5231fec45912 to remote] DEBUG org.asynchttpclient.netty.request.NettyRequestSender - Using open Channel [id: 0x22298372, L:/127.0.0.1:51898 - R:localhost/127.0.0.1:9412] for POST '/session/bf3f1b93fb7fc84eca5e5231fec45912/element'
10:56:24.294 [AsyncHttpClient-1-3] DEBUG org.asynchttpclient.netty.handler.HttpHandler - 

Request DefaultHttpRequest(decodeResult: success, version: HTTP/1.1)
POST /session/bf3f1b93fb7fc84eca5e5231fec45912/element HTTP/1.1
User-Agent: selenium/4.8.0 (java windows)
Content-Length: 77
Content-Type: application/json; charset=utf-8
host: localhost:9412
accept: */*

Response DefaultHttpResponse(decodeResult: success, version: HTTP/1.1)
HTTP/1.1 200 OK
Content-Length: 88
Content-Type: application/json; charset=utf-8
cache-control: no-cache

10:56:24.294 [AsyncHttpClient-1-3] DEBUG org.asynchttpclient.netty.channel.ChannelManager - Adding key: http://localhost:9412 for channel [id: 0x22298372, L:/127.0.0.1:51898 - R:localhost/127.0.0.1:9412]
10:56:24.296 [Forwarding getElementTagName on session bf3f1b93fb7fc84eca5e5231fec45912 to remote] DEBUG org.asynchttpclient.netty.request.NettyRequestSender - Using pooled Channel '[id: 0x22298372, L:/127.0.0.1:51898 - R:localhost/127.0.0.1:9412]' for 'GET' to 'http://localhost:9412/session/bf3f1b93fb7fc84eca5e5231fec45912/element/c2426d20-d655-4fd3-8a31-6d378365d9d8/name'
10:56:24.296 [Forwarding getElementTagName on session bf3f1b93fb7fc84eca5e5231fec45912 to remote] DEBUG org.asynchttpclient.netty.request.NettyRequestSender - Using open Channel [id: 0x22298372, L:/127.0.0.1:51898 - R:localhost/127.0.0.1:9412] for GET '/session/bf3f1b93fb7fc84eca5e5231fec45912/element/c2426d20-d655-4fd3-8a31-6d378365d9d8/name'
10:56:24.327 [AsyncHttpClient-1-3] DEBUG org.asynchttpclient.netty.handler.HttpHandler - 

Request DefaultFullHttpRequest(decodeResult: success, version: HTTP/1.1, content: EmptyByteBufBE)
GET /session/bf3f1b93fb7fc84eca5e5231fec45912/element/c2426d20-d655-4fd3-8a31-6d378365d9d8/name HTTP/1.1
User-Agent: selenium/4.8.0 (java windows)
Cache-Control: no-cache
Content-Type: application/json; charset=utf-8
host: localhost:9412
accept: */*

Response DefaultHttpResponse(decodeResult: success, version: HTTP/1.1)
HTTP/1.1 200 OK
Content-Length: 18
Content-Type: application/json; charset=utf-8
cache-control: no-cache

10:56:24.327 [AsyncHttpClient-1-3] DEBUG org.asynchttpclient.netty.channel.ChannelManager - Adding key: http://localhost:9412 for channel [id: 0x22298372, L:/127.0.0.1:51898 - R:localhost/127.0.0.1:9412]
10:56:24.331 [Forwarding getElementTagName on session bf3f1b93fb7fc84eca5e5231fec45912 to remote] DEBUG org.asynchttpclient.netty.request.NettyRequestSender - Using pooled Channel '[id: 0x22298372, L:/127.0.0.1:51898 - R:localhost/127.0.0.1:9412]' for 'GET' to 'http://localhost:9412/session/bf3f1b93fb7fc84eca5e5231fec45912/element/c2426d20-d655-4fd3-8a31-6d378365d9d8/name'
10:56:24.331 [Forwarding getElementTagName on session bf3f1b93fb7fc84eca5e5231fec45912 to remote] DEBUG org.asynchttpclient.netty.request.NettyRequestSender - Using open Channel [id: 0x22298372, L:/127.0.0.1:51898 - R:localhost/127.0.0.1:9412] for GET '/session/bf3f1b93fb7fc84eca5e5231fec45912/element/c2426d20-d655-4fd3-8a31-6d378365d9d8/name'
10:56:24.335 [AsyncHttpClient-1-3] DEBUG org.asynchttpclient.netty.handler.HttpHandler - 

Request DefaultFullHttpRequest(decodeResult: success, version: HTTP/1.1, content: EmptyByteBufBE)
GET /session/bf3f1b93fb7fc84eca5e5231fec45912/element/c2426d20-d655-4fd3-8a31-6d378365d9d8/name HTTP/1.1
User-Agent: selenium/4.8.0 (java windows)
Cache-Control: no-cache
Content-Type: application/json; charset=utf-8
host: localhost:9412
accept: */*

Response DefaultHttpResponse(decodeResult: success, version: HTTP/1.1)
HTTP/1.1 200 OK
Content-Length: 18
Content-Type: application/json; charset=utf-8
cache-control: no-cache

10:56:24.336 [AsyncHttpClient-1-3] DEBUG org.asynchttpclient.netty.channel.ChannelManager - Adding key: http://localhost:9412 for channel [id: 0x22298372, L:/127.0.0.1:51898 - R:localhost/127.0.0.1:9412]
10:56:24.339 [Forwarding isElementEnabled on session bf3f1b93fb7fc84eca5e5231fec45912 to remote] DEBUG org.asynchttpclient.netty.request.NettyRequestSender - Using pooled Channel '[id: 0x22298372, L:/127.0.0.1:51898 - R:localhost/127.0.0.1:9412]' for 'GET' to 'http://localhost:9412/session/bf3f1b93fb7fc84eca5e5231fec45912/element/c2426d20-d655-4fd3-8a31-6d378365d9d8/enabled'
10:56:24.339 [Forwarding isElementEnabled on session bf3f1b93fb7fc84eca5e5231fec45912 to remote] DEBUG org.asynchttpclient.netty.request.NettyRequestSender - Using open Channel [id: 0x22298372, L:/127.0.0.1:51898 - R:localhost/127.0.0.1:9412] for GET '/session/bf3f1b93fb7fc84eca5e5231fec45912/element/c2426d20-d655-4fd3-8a31-6d378365d9d8/enabled'
10:56:24.351 [AsyncHttpClient-1-3] DEBUG org.asynchttpclient.netty.handler.HttpHandler - 

Request DefaultFullHttpRequest(decodeResult: success, version: HTTP/1.1, content: EmptyByteBufBE)
GET /session/bf3f1b93fb7fc84eca5e5231fec45912/element/c2426d20-d655-4fd3-8a31-6d378365d9d8/enabled HTTP/1.1
User-Agent: selenium/4.8.0 (java windows)
Cache-Control: no-cache
Content-Type: application/json; charset=utf-8
host: localhost:9412
accept: */*

Response DefaultHttpResponse(decodeResult: success, version: HTTP/1.1)
HTTP/1.1 200 OK
Content-Length: 14
Content-Type: application/json; charset=utf-8
cache-control: no-cache

10:56:24.351 [AsyncHttpClient-1-3] DEBUG org.asynchttpclient.netty.channel.ChannelManager - Adding key: http://localhost:9412 for channel [id: 0x22298372, L:/127.0.0.1:51898 - R:localhost/127.0.0.1:9412]
10:56:24.352 [Forwarding isElementEnabled on session bf3f1b93fb7fc84eca5e5231fec45912 to remote] DEBUG org.asynchttpclient.netty.request.NettyRequestSender - Using pooled Channel '[id: 0x22298372, L:/127.0.0.1:51898 - R:localhost/127.0.0.1:9412]' for 'GET' to 'http://localhost:9412/session/bf3f1b93fb7fc84eca5e5231fec45912/element/c2426d20-d655-4fd3-8a31-6d378365d9d8/enabled'
10:56:24.352 [Forwarding isElementEnabled on session bf3f1b93fb7fc84eca5e5231fec45912 to remote] DEBUG org.asynchttpclient.netty.request.NettyRequestSender - Using open Channel [id: 0x22298372, L:/127.0.0.1:51898 - R:localhost/127.0.0.1:9412] for GET '/session/bf3f1b93fb7fc84eca5e5231fec45912/element/c2426d20-d655-4fd3-8a31-6d378365d9d8/enabled'
10:56:24.358 [AsyncHttpClient-1-3] DEBUG org.asynchttpclient.netty.handler.HttpHandler - 

Request DefaultFullHttpRequest(decodeResult: success, version: HTTP/1.1, content: EmptyByteBufBE)
GET /session/bf3f1b93fb7fc84eca5e5231fec45912/element/c2426d20-d655-4fd3-8a31-6d378365d9d8/enabled HTTP/1.1
User-Agent: selenium/4.8.0 (java windows)
Cache-Control: no-cache
Content-Type: application/json; charset=utf-8
host: localhost:9412
accept: */*

Response DefaultHttpResponse(decodeResult: success, version: HTTP/1.1)
HTTP/1.1 200 OK
Content-Length: 14
Content-Type: application/json; charset=utf-8
cache-control: no-cache

10:56:24.358 [AsyncHttpClient-1-3] DEBUG org.asynchttpclient.netty.channel.ChannelManager - Adding key: http://localhost:9412 for channel [id: 0x22298372, L:/127.0.0.1:51898 - R:localhost/127.0.0.1:9412]
10:56:24.360 [Forwarding findElement on session bf3f1b93fb7fc84eca5e5231fec45912 to remote] DEBUG org.asynchttpclient.netty.request.NettyRequestSender - Using pooled Channel '[id: 0x22298372, L:/127.0.0.1:51898 - R:localhost/127.0.0.1:9412]' for 'POST' to 'http://localhost:9412/session/bf3f1b93fb7fc84eca5e5231fec45912/element'
10:56:24.360 [Forwarding findElement on session bf3f1b93fb7fc84eca5e5231fec45912 to remote] DEBUG org.asynchttpclient.netty.request.NettyRequestSender - Using open Channel [id: 0x22298372, L:/127.0.0.1:51898 - R:localhost/127.0.0.1:9412] for POST '/session/bf3f1b93fb7fc84eca5e5231fec45912/element'
10:56:24.367 [AsyncHttpClient-1-3] DEBUG org.asynchttpclient.netty.handler.HttpHandler - 

Request DefaultHttpRequest(decodeResult: success, version: HTTP/1.1)
POST /session/bf3f1b93fb7fc84eca5e5231fec45912/element HTTP/1.1
User-Agent: selenium/4.8.0 (java windows)
Content-Length: 77
Content-Type: application/json; charset=utf-8
host: localhost:9412
accept: */*

Response DefaultHttpResponse(decodeResult: success, version: HTTP/1.1)
HTTP/1.1 200 OK
Content-Length: 88
Content-Type: application/json; charset=utf-8
cache-control: no-cache

10:56:24.367 [AsyncHttpClient-1-3] DEBUG org.asynchttpclient.netty.channel.ChannelManager - Adding key: http://localhost:9412 for channel [id: 0x22298372, L:/127.0.0.1:51898 - R:localhost/127.0.0.1:9412]
10:56:24.368 [Forwarding clickElement on session bf3f1b93fb7fc84eca5e5231fec45912 to remote] DEBUG org.asynchttpclient.netty.request.NettyRequestSender - Using pooled Channel '[id: 0x22298372, L:/127.0.0.1:51898 - R:localhost/127.0.0.1:9412]' for 'POST' to 'http://localhost:9412/session/bf3f1b93fb7fc84eca5e5231fec45912/element/c2426d20-d655-4fd3-8a31-6d378365d9d8/click'
10:56:24.368 [Forwarding clickElement on session bf3f1b93fb7fc84eca5e5231fec45912 to remote] DEBUG org.asynchttpclient.netty.request.NettyRequestSender - Using open Channel [id: 0x22298372, L:/127.0.0.1:51898 - R:localhost/127.0.0.1:9412] for POST '/session/bf3f1b93fb7fc84eca5e5231fec45912/element/c2426d20-d655-4fd3-8a31-6d378365d9d8/click'
10:56:24.406 [AsyncHttpClient-1-3] DEBUG org.asynchttpclient.netty.handler.HttpHandler - 

Request DefaultHttpRequest(decodeResult: success, version: HTTP/1.1)
POST /session/bf3f1b93fb7fc84eca5e5231fec45912/element/c2426d20-d655-4fd3-8a31-6d378365d9d8/click HTTP/1.1
User-Agent: selenium/4.8.0 (java windows)
Content-Length: 50
Content-Type: application/json; charset=utf-8
host: localhost:9412
accept: */*

Response DefaultHttpResponse(decodeResult: success, version: HTTP/1.1)
HTTP/1.1 200 OK
Content-Length: 14
Content-Type: application/json; charset=utf-8
cache-control: no-cache

10:56:24.406 [AsyncHttpClient-1-3] DEBUG org.asynchttpclient.netty.channel.ChannelManager - Adding key: http://localhost:9412 for channel [id: 0x22298372, L:/127.0.0.1:51898 - R:localhost/127.0.0.1:9412]
10:56:24.409 [main] DEBUG net.thucydides.core.steps.StepInterceptor - STEP DONE: clickAddToCartButtonOneProduct
  &amp#27;[32mAnd &amp#27;[0m&amp#27;[32muser click add to cart button in one product&amp#27;[0m                &amp#27;[90m# starter.stepdefinitions.LoginSteps.userClickAddToCartButtonInOneProduct()&amp#27;[0m
10:56:24.420 [main] DEBUG net.thucydides.core.steps.StepInterceptor - STARTING STEP: LoginSteps.userClickRemoveButton - userClickRemoveButton
10:56:24.423 [Forwarding findElement on session bf3f1b93fb7fc84eca5e5231fec45912 to remote] DEBUG org.asynchttpclient.netty.request.NettyRequestSender - Using pooled Channel '[id: 0x22298372, L:/127.0.0.1:51898 - R:localhost/127.0.0.1:9412]' for 'POST' to 'http://localhost:9412/session/bf3f1b93fb7fc84eca5e5231fec45912/element'
10:56:24.423 [Forwarding findElement on session bf3f1b93fb7fc84eca5e5231fec45912 to remote] DEBUG org.asynchttpclient.netty.request.NettyRequestSender - Using open Channel [id: 0x22298372, L:/127.0.0.1:51898 - R:localhost/127.0.0.1:9412] for POST '/session/bf3f1b93fb7fc84eca5e5231fec45912/element'
10:56:24.434 [AsyncHttpClient-1-3] DEBUG org.asynchttpclient.netty.handler.HttpHandler - 

Request DefaultHttpRequest(decodeResult: success, version: HTTP/1.1)
POST /session/bf3f1b93fb7fc84eca5e5231fec45912/element HTTP/1.1
User-Agent: selenium/4.8.0 (java windows)
Content-Length: 72
Content-Type: application/json; charset=utf-8
host: localhost:9412
accept: */*

Response DefaultHttpResponse(decodeResult: success, version: HTTP/1.1)
HTTP/1.1 200 OK
Content-Length: 88
Content-Type: application/json; charset=utf-8
cache-control: no-cache

10:56:24.434 [AsyncHttpClient-1-3] DEBUG org.asynchttpclient.netty.channel.ChannelManager - Adding key: http://localhost:9412 for channel [id: 0x22298372, L:/127.0.0.1:51898 - R:localhost/127.0.0.1:9412]
10:56:24.435 [Forwarding getElementTagName on session bf3f1b93fb7fc84eca5e5231fec45912 to remote] DEBUG org.asynchttpclient.netty.request.NettyRequestSender - Using pooled Channel '[id: 0x22298372, L:/127.0.0.1:51898 - R:localhost/127.0.0.1:9412]' for 'GET' to 'http://localhost:9412/session/bf3f1b93fb7fc84eca5e5231fec45912/element/c325c926-566b-4ed1-bc7d-159ad29eac5b/name'
10:56:24.436 [Forwarding getElementTagName on session bf3f1b93fb7fc84eca5e5231fec45912 to remote] DEBUG org.asynchttpclient.netty.request.NettyRequestSender - Using open Channel [id: 0x22298372, L:/127.0.0.1:51898 - R:localhost/127.0.0.1:9412] for GET '/session/bf3f1b93fb7fc84eca5e5231fec45912/element/c325c926-566b-4ed1-bc7d-159ad29eac5b/name'
10:56:24.440 [AsyncHttpClient-1-3] DEBUG org.asynchttpclient.netty.handler.HttpHandler - 

Request DefaultFullHttpRequest(decodeResult: success, version: HTTP/1.1, content: EmptyByteBufBE)
GET /session/bf3f1b93fb7fc84eca5e5231fec45912/element/c325c926-566b-4ed1-bc7d-159ad29eac5b/name HTTP/1.1
User-Agent: selenium/4.8.0 (java windows)
Cache-Control: no-cache
Content-Type: application/json; charset=utf-8
host: localhost:9412
accept: */*

Response DefaultHttpResponse(decodeResult: success, version: HTTP/1.1)
HTTP/1.1 200 OK
Content-Length: 18
Content-Type: application/json; charset=utf-8
cache-control: no-cache

10:56:24.440 [AsyncHttpClient-1-3] DEBUG org.asynchttpclient.netty.channel.ChannelManager - Adding key: http://localhost:9412 for channel [id: 0x22298372, L:/127.0.0.1:51898 - R:localhost/127.0.0.1:9412]
10:56:24.442 [Forwarding getElementTagName on session bf3f1b93fb7fc84eca5e5231fec45912 to remote] DEBUG org.asynchttpclient.netty.request.NettyRequestSender - Using pooled Channel '[id: 0x22298372, L:/127.0.0.1:51898 - R:localhost/127.0.0.1:9412]' for 'GET' to 'http://localhost:9412/session/bf3f1b93fb7fc84eca5e5231fec45912/element/c325c926-566b-4ed1-bc7d-159ad29eac5b/name'
10:56:24.442 [Forwarding getElementTagName on session bf3f1b93fb7fc84eca5e5231fec45912 to remote] DEBUG org.asynchttpclient.netty.request.NettyRequestSender - Using open Channel [id: 0x22298372, L:/127.0.0.1:51898 - R:localhost/127.0.0.1:9412] for GET '/session/bf3f1b93fb7fc84eca5e5231fec45912/element/c325c926-566b-4ed1-bc7d-159ad29eac5b/name'
10:56:24.445 [AsyncHttpClient-1-3] DEBUG org.asynchttpclient.netty.handler.HttpHandler - 

Request DefaultFullHttpRequest(decodeResult: success, version: HTTP/1.1, content: EmptyByteBufBE)
GET /session/bf3f1b93fb7fc84eca5e5231fec45912/element/c325c926-566b-4ed1-bc7d-159ad29eac5b/name HTTP/1.1
User-Agent: selenium/4.8.0 (java windows)
Cache-Control: no-cache
Content-Type: application/json; charset=utf-8
host: localhost:9412
accept: */*

Response DefaultHttpResponse(decodeResult: success, version: HTTP/1.1)
HTTP/1.1 200 OK
Content-Length: 18
Content-Type: application/json; charset=utf-8
cache-control: no-cache

10:56:24.446 [AsyncHttpClient-1-3] DEBUG org.asynchttpclient.netty.channel.ChannelManager - Adding key: http://localhost:9412 for channel [id: 0x22298372, L:/127.0.0.1:51898 - R:localhost/127.0.0.1:9412]
10:56:24.452 [Forwarding isElementEnabled on session bf3f1b93fb7fc84eca5e5231fec45912 to remote] DEBUG org.asynchttpclient.netty.request.NettyRequestSender - Using pooled Channel '[id: 0x22298372, L:/127.0.0.1:51898 - R:localhost/127.0.0.1:9412]' for 'GET' to 'http://localhost:9412/session/bf3f1b93fb7fc84eca5e5231fec45912/element/c325c926-566b-4ed1-bc7d-159ad29eac5b/enabled'
10:56:24.452 [Forwarding isElementEnabled on session bf3f1b93fb7fc84eca5e5231fec45912 to remote] DEBUG org.asynchttpclient.netty.request.NettyRequestSender - Using open Channel [id: 0x22298372, L:/127.0.0.1:51898 - R:localhost/127.0.0.1:9412] for GET '/session/bf3f1b93fb7fc84eca5e5231fec45912/element/c325c926-566b-4ed1-bc7d-159ad29eac5b/enabled'
10:56:24.459 [AsyncHttpClient-1-3] DEBUG org.asynchttpclient.netty.handler.HttpHandler - 

Request DefaultFullHttpRequest(decodeResult: success, version: HTTP/1.1, content: EmptyByteBufBE)
GET /session/bf3f1b93fb7fc84eca5e5231fec45912/element/c325c926-566b-4ed1-bc7d-159ad29eac5b/enabled HTTP/1.1
User-Agent: selenium/4.8.0 (java windows)
Cache-Control: no-cache
Content-Type: application/json; charset=utf-8
host: localhost:9412
accept: */*

Response DefaultHttpResponse(decodeResult: success, version: HTTP/1.1)
HTTP/1.1 200 OK
Content-Length: 14
Content-Type: application/json; charset=utf-8
cache-control: no-cache

10:56:24.460 [AsyncHttpClient-1-3] DEBUG org.asynchttpclient.netty.channel.ChannelManager - Adding key: http://localhost:9412 for channel [id: 0x22298372, L:/127.0.0.1:51898 - R:localhost/127.0.0.1:9412]
10:56:24.463 [Forwarding isElementEnabled on session bf3f1b93fb7fc84eca5e5231fec45912 to remote] DEBUG org.asynchttpclient.netty.request.NettyRequestSender - Using pooled Channel '[id: 0x22298372, L:/127.0.0.1:51898 - R:localhost/127.0.0.1:9412]' for 'GET' to 'http://localhost:9412/session/bf3f1b93fb7fc84eca5e5231fec45912/element/c325c926-566b-4ed1-bc7d-159ad29eac5b/enabled'
10:56:24.463 [Forwarding isElementEnabled on session bf3f1b93fb7fc84eca5e5231fec45912 to remote] DEBUG org.asynchttpclient.netty.request.NettyRequestSender - Using open Channel [id: 0x22298372, L:/127.0.0.1:51898 - R:localhost/127.0.0.1:9412] for GET '/session/bf3f1b93fb7fc84eca5e5231fec45912/element/c325c926-566b-4ed1-bc7d-159ad29eac5b/enabled'
10:56:24.468 [AsyncHttpClient-1-3] DEBUG org.asynchttpclient.netty.handler.HttpHandler - 

Request DefaultFullHttpRequest(decodeResult: success, version: HTTP/1.1, content: EmptyByteBufBE)
GET /session/bf3f1b93fb7fc84eca5e5231fec45912/element/c325c926-566b-4ed1-bc7d-159ad29eac5b/enabled HTTP/1.1
User-Agent: selenium/4.8.0 (java windows)
Cache-Control: no-cache
Content-Type: application/json; charset=utf-8
host: localhost:9412
accept: */*

Response DefaultHttpResponse(decodeResult: success, version: HTTP/1.1)
HTTP/1.1 200 OK
Content-Length: 14
Content-Type: application/json; charset=utf-8
cache-control: no-cache

10:56:24.468 [AsyncHttpClient-1-3] DEBUG org.asynchttpclient.netty.channel.ChannelManager - Adding key: http://localhost:9412 for channel [id: 0x22298372, L:/127.0.0.1:51898 - R:localhost/127.0.0.1:9412]
10:56:24.470 [Forwarding findElement on session bf3f1b93fb7fc84eca5e5231fec45912 to remote] DEBUG org.asynchttpclient.netty.request.NettyRequestSender - Using pooled Channel '[id: 0x22298372, L:/127.0.0.1:51898 - R:localhost/127.0.0.1:9412]' for 'POST' to 'http://localhost:9412/session/bf3f1b93fb7fc84eca5e5231fec45912/element'
10:56:24.470 [Forwarding findElement on session bf3f1b93fb7fc84eca5e5231fec45912 to remote] DEBUG org.asynchttpclient.netty.request.NettyRequestSender - Using open Channel [id: 0x22298372, L:/127.0.0.1:51898 - R:localhost/127.0.0.1:9412] for POST '/session/bf3f1b93fb7fc84eca5e5231fec45912/element'
10:56:24.476 [AsyncHttpClient-1-3] DEBUG org.asynchttpclient.netty.handler.HttpHandler - 

Request DefaultHttpRequest(decodeResult: success, version: HTTP/1.1)
POST /session/bf3f1b93fb7fc84eca5e5231fec45912/element HTTP/1.1
User-Agent: selenium/4.8.0 (java windows)
Content-Length: 72
Content-Type: application/json; charset=utf-8
host: localhost:9412
accept: */*

Response DefaultHttpResponse(decodeResult: success, version: HTTP/1.1)
HTTP/1.1 200 OK
Content-Length: 88
Content-Type: application/json; charset=utf-8
cache-control: no-cache

10:56:24.477 [AsyncHttpClient-1-3] DEBUG org.asynchttpclient.netty.channel.ChannelManager - Adding key: http://localhost:9412 for channel [id: 0x22298372, L:/127.0.0.1:51898 - R:localhost/127.0.0.1:9412]
10:56:24.479 [Forwarding clickElement on session bf3f1b93fb7fc84eca5e5231fec45912 to remote] DEBUG org.asynchttpclient.netty.request.NettyRequestSender - Using pooled Channel '[id: 0x22298372, L:/127.0.0.1:51898 - R:localhost/127.0.0.1:9412]' for 'POST' to 'http://localhost:9412/session/bf3f1b93fb7fc84eca5e5231fec45912/element/c325c926-566b-4ed1-bc7d-159ad29eac5b/click'
10:56:24.479 [Forwarding clickElement on session bf3f1b93fb7fc84eca5e5231fec45912 to remote] DEBUG org.asynchttpclient.netty.request.NettyRequestSender - Using open Channel [id: 0x22298372, L:/127.0.0.1:51898 - R:localhost/127.0.0.1:9412] for POST '/session/bf3f1b93fb7fc84eca5e5231fec45912/element/c325c926-566b-4ed1-bc7d-159ad29eac5b/click'
10:56:24.512 [AsyncHttpClient-1-3] DEBUG org.asynchttpclient.netty.handler.HttpHandler - 

Request DefaultHttpRequest(decodeResult: success, version: HTTP/1.1)
POST /session/bf3f1b93fb7fc84eca5e5231fec45912/element/c325c926-566b-4ed1-bc7d-159ad29eac5b/click HTTP/1.1
User-Agent: selenium/4.8.0 (java windows)
Content-Length: 50
Content-Type: application/json; charset=utf-8
host: localhost:9412
accept: */*

Response DefaultHttpResponse(decodeResult: success, version: HTTP/1.1)
HTTP/1.1 200 OK
Content-Length: 14
Content-Type: application/json; charset=utf-8
cache-control: no-cache

10:56:24.512 [AsyncHttpClient-1-3] DEBUG org.asynchttpclient.netty.channel.ChannelManager - Adding key: http://localhost:9412 for channel [id: 0x22298372, L:/127.0.0.1:51898 - R:localhost/127.0.0.1:9412]
10:56:24.516 [main] DEBUG net.thucydides.core.steps.StepInterceptor - STEP DONE: userClickRemoveButton
  &amp#27;[32mAnd &amp#27;[0m&amp#27;[32muser click remove button&amp#27;[0m                                    &amp#27;[90m# starter.stepdefinitions.LoginSteps.userClickRemoveButton()&amp#27;[0m
10:56:24.523 [main] DEBUG net.thucydides.core.steps.StepInterceptor - STARTING STEP: LoginSteps.userCanNotSeeTheNumberOfProductsInTheCartSymbol - userCanNotSeeTheNumberOfProductsInTheCartSymbol
10:56:24.526 [Forwarding findElement on session bf3f1b93fb7fc84eca5e5231fec45912 to remote] DEBUG org.asynchttpclient.netty.request.NettyRequestSender - Using pooled Channel '[id: 0x22298372, L:/127.0.0.1:51898 - R:localhost/127.0.0.1:9412]' for 'POST' to 'http://localhost:9412/session/bf3f1b93fb7fc84eca5e5231fec45912/element'
10:56:24.526 [Forwarding findElement on session bf3f1b93fb7fc84eca5e5231fec45912 to remote] DEBUG org.asynchttpclient.netty.request.NettyRequestSender - Using open Channel [id: 0x22298372, L:/127.0.0.1:51898 - R:localhost/127.0.0.1:9412] for POST '/session/bf3f1b93fb7fc84eca5e5231fec45912/element'
10:56:24.534 [AsyncHttpClient-1-3] DEBUG org.asynchttpclient.netty.handler.HttpHandler - 

Request DefaultHttpRequest(decodeResult: success, version: HTTP/1.1)
POST /session/bf3f1b93fb7fc84eca5e5231fec45912/element HTTP/1.1
User-Agent: selenium/4.8.0 (java windows)
Content-Length: 72
Content-Type: application/json; charset=utf-8
host: localhost:9412
accept: */*

Response DefaultHttpResponse(decodeResult: success, version: HTTP/1.1)
HTTP/1.1 200 OK
Content-Length: 88
Content-Type: application/json; charset=utf-8
cache-control: no-cache

10:56:24.534 [AsyncHttpClient-1-3] DEBUG org.asynchttpclient.netty.channel.ChannelManager - Adding key: http://localhost:9412 for channel [id: 0x22298372, L:/127.0.0.1:51898 - R:localhost/127.0.0.1:9412]
10:56:24.539 [Forwarding isElementDisplayed on session bf3f1b93fb7fc84eca5e5231fec45912 to remote] DEBUG org.asynchttpclient.netty.request.NettyRequestSender - Using pooled Channel '[id: 0x22298372, L:/127.0.0.1:51898 - R:localhost/127.0.0.1:9412]' for 'POST' to 'http://localhost:9412/session/bf3f1b93fb7fc84eca5e5231fec45912/execute/sync'
10:56:24.539 [Forwarding isElementDisplayed on session bf3f1b93fb7fc84eca5e5231fec45912 to remote] DEBUG org.asynchttpclient.netty.request.NettyRequestSender - Using open Channel [id: 0x22298372, L:/127.0.0.1:51898 - R:localhost/127.0.0.1:9412] for POST '/session/bf3f1b93fb7fc84eca5e5231fec45912/execute/sync'
10:56:24.548 [AsyncHttpClient-1-3] DEBUG org.asynchttpclient.netty.handler.HttpHandler - 

Request DefaultHttpRequest(decodeResult: success, version: HTTP/1.1)
POST /session/bf3f1b93fb7fc84eca5e5231fec45912/execute/sync HTTP/1.1
User-Agent: selenium/4.8.0 (java windows)
Content-Length: 48807
Content-Type: application/json; charset=utf-8
host: localhost:9412
accept: */*

Response DefaultHttpResponse(decodeResult: success, version: HTTP/1.1)
HTTP/1.1 200 OK
Content-Length: 14
Content-Type: application/json; charset=utf-8
cache-control: no-cache

10:56:24.551 [AsyncHttpClient-1-3] DEBUG org.asynchttpclient.netty.channel.ChannelManager - Adding key: http://localhost:9412 for channel [id: 0x22298372, L:/127.0.0.1:51898 - R:localhost/127.0.0.1:9412]
10:56:24.553 [main] DEBUG net.thucydides.core.steps.StepInterceptor - STEP DONE: userCanNotSeeTheNumberOfProductsInTheCartSymbol
  &amp#27;[32mThen &amp#27;[0m&amp#27;[32muser can not see the number of products in the cart symbol&amp#27;[0m &amp#27;[90m# starter.stepdefinitions.LoginSteps.userCanNotSeeTheNumberOfProductsInTheCartSymbol()&amp#27;[0m
10:56:24.559 [main] INFO  - 
  _____   ___   ___   _____     ___     _     ___   ___   ___   ___  
 |_   _| | __| / __| |_   _|   | _ \   /_\   / __| / __| | __| |   \ 
   | |   | _|  \__ \   | |     |  _/  / _ \  \__ \ \__ \ | _|  | |) |
   |_|   |___| |___/   |_|     |_|   /_/ \_\ |___/ |___/ |___| |___/ 

as user i can not see number products my cart
----------------------------------------------------------------------
10:56:24.560 [AsyncHttpClient-1-5] DEBUG org.asynchttpclient.netty.handler.WebSocketHandler - Channel Closed: [id: 0x79268cab, L:/127.0.0.1:51907 ! R:localhost/127.0.0.1:51899] with attribute NettyResponseFuture{currentRetry=0,
	isDone=1,
	isCancelled=0,
	asyncHandler=org.asynchttpclient.ws.WebSocketUpgradeHandler@e9d5c87,
	nettyRequest=org.asynchttpclient.netty.request.NettyRequest@62cd0bba,
	future=java.util.concurrent.CompletableFuture@f07b0c6[Completed normally],
	uri=ws://localhost:51899/devtools/browser/7e89ef00-4a4e-461d-b087-ffe1a02bfc88,
	keepAlive=true,
	redirectCount=0,
	timeoutsHolder=null,
	inAuth=0,
	touch=1680926181390}
10:56:24.562 [AsyncHttpClient-1-5] DEBUG org.asynchttpclient.netty.channel.ChannelManager - Closing Channel [id: 0x79268cab, L:/127.0.0.1:51907 ! R:localhost/127.0.0.1:51899] 
10:56:24.564 [Driver Command Executor] DEBUG org.asynchttpclient.netty.request.NettyRequestSender - Using pooled Channel '[id: 0x22298372, L:/127.0.0.1:51898 - R:localhost/127.0.0.1:9412]' for 'DELETE' to 'http://localhost:9412/session/bf3f1b93fb7fc84eca5e5231fec45912'
10:56:24.564 [Driver Command Executor] DEBUG org.asynchttpclient.netty.request.NettyRequestSender - Using open Channel [id: 0x22298372, L:/127.0.0.1:51898 - R:localhost/127.0.0.1:9412] for DELETE '/session/bf3f1b93fb7fc84eca5e5231fec45912'
10:56:24.789 [AsyncHttpClient-1-1] DEBUG org.asynchttpclient.netty.channel.DefaultChannelPool - Entry count for : http://localhost:51899 : 1
10:56:24.910 [AsyncHttpClient-1-4] DEBUG org.asynchttpclient.netty.handler.HttpHandler - Unexpected I/O exception on channel [id: 0x3ea4bf8d, L:/127.0.0.1:51906 - R:localhost/127.0.0.1:51899]
java.io.IOException: An existing connection was forcibly closed by the remote host
	at sun.nio.ch.SocketDispatcher.read0(Native Method)
	at sun.nio.ch.SocketDispatcher.read(SocketDispatcher.java:43)
	at sun.nio.ch.IOUtil.readIntoNativeBuffer(IOUtil.java:223)
	at sun.nio.ch.IOUtil.read(IOUtil.java:192)
	at sun.nio.ch.SocketChannelImpl.read(SocketChannelImpl.java:378)
	at io.netty.buffer.PooledByteBuf.setBytes(PooledByteBuf.java:259)
	at io.netty.buffer.AbstractByteBuf.writeBytes(AbstractByteBuf.java:1132)
	at io.netty.channel.socket.nio.NioSocketChannel.doReadBytes(NioSocketChannel.java:357)
	at io.netty.channel.nio.AbstractNioByteChannel$NioByteUnsafe.read(AbstractNioByteChannel.java:151)
	at io.netty.channel.nio.NioEventLoop.processSelectedKey(NioEventLoop.java:788)
	at io.netty.channel.nio.NioEventLoop.processSelectedKeysOptimized(NioEventLoop.java:724)
	at io.netty.channel.nio.NioEventLoop.processSelectedKeys(NioEventLoop.java:650)
	at io.netty.channel.nio.NioEventLoop.run(NioEventLoop.java:562)
	at io.netty.util.concurrent.SingleThreadEventExecutor$4.run(SingleThreadEventExecutor.java:997)
	at io.netty.util.internal.ThreadExecutorMap$2.run(ThreadExecutorMap.java:74)
	at io.netty.util.concurrent.FastThreadLocalRunnable.run(FastThreadLocalRunnable.java:30)
	at java.lang.Thread.run(Thread.java:750)
10:56:24.910 [AsyncHttpClient-1-4] DEBUG org.asynchttpclient.netty.channel.ChannelManager - Closing Channel [id: 0x3ea4bf8d, L:/127.0.0.1:51906 - R:localhost/127.0.0.1:51899] 
10:56:24.910 [AsyncHttpClient-1-4] DEBUG org.asynchttpclient.netty.handler.HttpHandler - Channel Closed: [id: 0x3ea4bf8d, L:/127.0.0.1:51906 ! R:localhost/127.0.0.1:51899] with attribute DISCARD
10:56:24.923 [AsyncHttpClient-1-3] DEBUG org.asynchttpclient.netty.handler.HttpHandler - 

Request DefaultFullHttpRequest(decodeResult: success, version: HTTP/1.1, content: EmptyByteBufBE)
DELETE /session/bf3f1b93fb7fc84eca5e5231fec45912 HTTP/1.1
User-Agent: selenium/4.8.0 (java windows)
Content-Type: application/json; charset=utf-8
host: localhost:9412
accept: */*

Response DefaultHttpResponse(decodeResult: success, version: HTTP/1.1)
HTTP/1.1 200 OK
Content-Length: 14
Content-Type: application/json; charset=utf-8
cache-control: no-cache

10:56:24.924 [AsyncHttpClient-1-3] DEBUG org.asynchttpclient.netty.channel.ChannelManager - Adding key: http://localhost:9412 for channel [id: 0x22298372, L:/127.0.0.1:51898 - R:localhost/127.0.0.1:9412]
10:56:25.007 [AsyncHttpClient-1-3] DEBUG org.asynchttpclient.netty.handler.HttpHandler - Channel Closed: [id: 0x22298372, L:/127.0.0.1:51898 ! R:localhost/127.0.0.1:9412] with attribute DISCARD
]]></system-out>
    <system-err><![CDATA[Starting ChromeDriver 112.0.5615.49 (bd2a7bcb881c11e8cfe3078709382934e3916914-refs/branch-heads/5615@{#936}) on port 9412
Only local connections are allowed.
Please see https://chromedriver.chromium.org/security-considerations for suggestions on keeping ChromeDriver safe.
ChromeDriver was started successfully.
Apr 08, 2023 10:56:21 AM org.openqa.selenium.devtools.CdpVersionFinder findNearestMatch
WARNING: Unable to find an exact match for CDP version 112, so returning the closest version found: 109
]]></system-err>
  </testcase>
  <testcase name="as user i can checkout my cart" classname="As a user" time="8.758">
    <system-out><![CDATA[
@PositiveOverviewCheckout
Scenario: as user i can checkout my cart                             &amp#27;[90m# src/test/resources/features/web/Login.feature:43&amp#27;[0m
10:56:25.622 [main] INFO io.cucumber.core.plugin.SerenityReporter - Running feature from file:///E:/SEMESTER%20VI/ALTA/web-automation-saucedemo/src/test/resources/features/web/Login.feature
10:56:25.624 [main] INFO  - 
  _____   ___   ___   _____     ___   _____     _     ___   _____   ___   ___  
 |_   _| | __| / __| |_   _|   / __| |_   _|   /_\   | _ \ |_   _| | __| |   \ 
   | |   | _|  \__ \   | |     \__ \   | |    / _ \  |   /   | |   | _|  | |) |
   |_|   |___| |___/   |_|     |___/   |_|   /_/ \_\ |_|_\   |_|   |___| |___/ 

as user i can checkout my cart(as-a-user;as-user-i-can-checkout-my-cart)
--------------------------------------------------------------------------------
10:56:25.641 [main] DEBUG net.thucydides.core.steps.StepInterceptor - STARTING STEP: LoginSteps.userOnLoginPage - onLoginPage
10:56:25.869 [AsyncHttpClient-1-1] DEBUG org.asynchttpclient.netty.channel.DefaultChannelPool - Entry count for : http://localhost:51899 : 1
10:56:25.869 [AsyncHttpClient-1-1] DEBUG org.asynchttpclient.netty.channel.DefaultChannelPool - Entry count for : http://localhost:9412 : 1
10:56:25.869 [AsyncHttpClient-1-1] DEBUG org.asynchttpclient.netty.channel.DefaultChannelPool - Adding Candidate expired Channel [id: 0x3ea4bf8d, L:/127.0.0.1:51906 ! R:localhost/127.0.0.1:51899] isIdleTimeoutExpired=false isRemotelyClosed=true isTtlExpired=false
10:56:25.869 [AsyncHttpClient-1-1] DEBUG org.asynchttpclient.netty.channel.DefaultChannelPool - Closing Idle Channel [id: 0x3ea4bf8d, L:/127.0.0.1:51906 ! R:localhost/127.0.0.1:51899]
10:56:25.869 [AsyncHttpClient-1-1] DEBUG org.asynchttpclient.netty.channel.DefaultChannelPool - Adding Candidate expired Channel [id: 0x22298372, L:/127.0.0.1:51898 ! R:localhost/127.0.0.1:9412] isIdleTimeoutExpired=false isRemotelyClosed=true isTtlExpired=false
10:56:25.869 [AsyncHttpClient-1-1] DEBUG org.asynchttpclient.netty.channel.DefaultChannelPool - Closing Idle Channel [id: 0x22298372, L:/127.0.0.1:51898 ! R:localhost/127.0.0.1:9412]
10:56:25.869 [AsyncHttpClient-1-1] DEBUG org.asynchttpclient.netty.channel.DefaultChannelPool - Closed 2 connections out of 2 in 0 ms
10:56:25.875 [main] INFO net.serenitybdd.core.webdriver.driverproviders.ChromeDriverProvider - Starting Chrome driver instance with capabilities:
10:56:25.875 [main] INFO net.serenitybdd.core.webdriver.driverproviders.ChromeDriverProvider - Capabilities {acceptInsecureCerts: true, browserName: chrome, goog:chromeOptions: {args: [remote-allow-origins=*, test-type, no-sandbox, ignore-certificate-errors, start-maximized, incognito, disable-infobars, disable-gpu, disable-default-apps, disable-popup-blocking, remote-allow-origins=*, test-type, no-sandbox, ignore-certificate-errors, start-maximized, incognito, disable-infobars, disable-gpu, disable-default-apps, disable-popup-blocking], extensions: []}}
10:56:26.586 [AsyncHttpClient-1-2] DEBUG org.asynchttpclient.netty.channel.NettyConnectListener - Using new Channel '[id: 0xecac08e3, L:/127.0.0.1:51920 - R:localhost/127.0.0.1:48143]' for 'POST' to '/session'
10:56:28.805 [AsyncHttpClient-1-2] DEBUG org.asynchttpclient.netty.handler.HttpHandler - 

Request DefaultHttpRequest(decodeResult: success, version: HTTP/1.1)
POST /session HTTP/1.1
User-Agent: selenium/4.8.0 (java windows)
Content-Length: 1629
Content-Type: application/json; charset=utf-8
host: localhost:48143
accept: */*

Response DefaultHttpResponse(decodeResult: success, version: HTTP/1.1)
HTTP/1.1 200 OK
Content-Length: 857
Content-Type: application/json; charset=utf-8
cache-control: no-cache

10:56:28.805 [AsyncHttpClient-1-2] DEBUG org.asynchttpclient.netty.channel.ChannelManager - Adding key: http://localhost:48143 for channel [id: 0xecac08e3, L:/127.0.0.1:51920 - R:localhost/127.0.0.1:48143]
10:56:28.812 [AsyncHttpClient-1-3] DEBUG org.asynchttpclient.netty.channel.NettyConnectListener - Using new Channel '[id: 0xe5959319, L:/127.0.0.1:51928 - R:localhost/127.0.0.1:51922]' for 'GET' to '/json/version'
10:56:28.814 [AsyncHttpClient-1-3] DEBUG org.asynchttpclient.netty.handler.HttpHandler - 

Request DefaultFullHttpRequest(decodeResult: success, version: HTTP/1.1, content: EmptyByteBufBE)
GET /json/version HTTP/1.1
User-Agent: selenium/4.8.0 (java windows)
host: localhost:51922
accept: */*

Response DefaultHttpResponse(decodeResult: success, version: HTTP/1.1)
HTTP/1.1 200 OK
Content-Security-Policy: frame-ancestors 'none'
Content-Length: 422
Content-Type: application/json; charset=UTF-8

10:56:28.814 [AsyncHttpClient-1-3] DEBUG org.asynchttpclient.netty.channel.ChannelManager - Adding key: http://localhost:51922 for channel [id: 0xe5959319, L:/127.0.0.1:51928 - R:localhost/127.0.0.1:51922]
10:56:28.816 [AsyncHttpClient-1-4] DEBUG org.asynchttpclient.netty.channel.NettyConnectListener - Using new Channel '[id: 0xc0bbbde8, L:/127.0.0.1:51929 - R:localhost/127.0.0.1:51922]' for 'GET' to '/devtools/browser/a83e5630-2a48-4033-9dc0-e0990518318d'
10:56:28.817 [AsyncHttpClient-1-4] DEBUG org.asynchttpclient.netty.handler.WebSocketHandler - 

Request DefaultFullHttpRequest(decodeResult: success, version: HTTP/1.1, content: EmptyByteBufBE)
GET /devtools/browser/a83e5630-2a48-4033-9dc0-e0990518318d HTTP/1.1
upgrade: websocket
connection: upgrade
sec-websocket-key: xMV14uyS+Ed4GaTwC1HSug==
sec-websocket-version: 13
origin: http://localhost:51922
host: localhost:51922
accept: */*
user-agent: AHC/2.1

Response DefaultHttpResponse(decodeResult: success, version: HTTP/1.1)
HTTP/1.1 101 WebSocket Protocol Handshake
Upgrade: WebSocket
Connection: Upgrade
Sec-WebSocket-Accept: JGibAdY0PC3pOCAvld/BXKGf/MU=

10:56:28.821 [Forwarding get on session d976744674bcaf9032d7640c0a81ed2d to remote] DEBUG org.asynchttpclient.netty.request.NettyRequestSender - Using pooled Channel '[id: 0xecac08e3, L:/127.0.0.1:51920 - R:localhost/127.0.0.1:48143]' for 'POST' to 'http://localhost:48143/session/d976744674bcaf9032d7640c0a81ed2d/url'
10:56:28.822 [Forwarding get on session d976744674bcaf9032d7640c0a81ed2d to remote] DEBUG org.asynchttpclient.netty.request.NettyRequestSender - Using open Channel [id: 0xecac08e3, L:/127.0.0.1:51920 - R:localhost/127.0.0.1:48143] for POST '/session/d976744674bcaf9032d7640c0a81ed2d/url'
10:56:29.146 [AsyncHttpClient-1-1] DEBUG org.asynchttpclient.netty.channel.DefaultChannelPool - Entry count for : http://localhost:51922 : 1
10:56:30.238 [AsyncHttpClient-1-1] DEBUG org.asynchttpclient.netty.channel.DefaultChannelPool - Entry count for : http://localhost:51922 : 1
10:56:31.378 [AsyncHttpClient-1-1] DEBUG org.asynchttpclient.netty.channel.DefaultChannelPool - Entry count for : http://localhost:51922 : 1
10:56:31.528 [AsyncHttpClient-1-2] DEBUG org.asynchttpclient.netty.handler.HttpHandler - 

Request DefaultHttpRequest(decodeResult: success, version: HTTP/1.1)
POST /session/d976744674bcaf9032d7640c0a81ed2d/url HTTP/1.1
User-Agent: selenium/4.8.0 (java windows)
Content-Length: 56
Content-Type: application/json; charset=utf-8
host: localhost:48143
accept: */*

Response DefaultHttpResponse(decodeResult: success, version: HTTP/1.1)
HTTP/1.1 200 OK
Content-Length: 14
Content-Type: application/json; charset=utf-8
cache-control: no-cache

10:56:31.528 [AsyncHttpClient-1-2] DEBUG org.asynchttpclient.netty.channel.ChannelManager - Adding key: http://localhost:48143 for channel [id: 0xecac08e3, L:/127.0.0.1:51920 - R:localhost/127.0.0.1:48143]
10:56:31.537 [Forwarding setTimeout on session d976744674bcaf9032d7640c0a81ed2d to remote] DEBUG org.asynchttpclient.netty.request.NettyRequestSender - Using pooled Channel '[id: 0xecac08e3, L:/127.0.0.1:51920 - R:localhost/127.0.0.1:48143]' for 'POST' to 'http://localhost:48143/session/d976744674bcaf9032d7640c0a81ed2d/timeouts'
10:56:31.538 [Forwarding setTimeout on session d976744674bcaf9032d7640c0a81ed2d to remote] DEBUG org.asynchttpclient.netty.request.NettyRequestSender - Using open Channel [id: 0xecac08e3, L:/127.0.0.1:51920 - R:localhost/127.0.0.1:48143] for POST '/session/d976744674bcaf9032d7640c0a81ed2d/timeouts'
10:56:31.542 [AsyncHttpClient-1-2] DEBUG org.asynchttpclient.netty.handler.HttpHandler - 

Request DefaultHttpRequest(decodeResult: success, version: HTTP/1.1)
POST /session/d976744674bcaf9032d7640c0a81ed2d/timeouts HTTP/1.1
User-Agent: selenium/4.8.0 (java windows)
Content-Length: 22
Content-Type: application/json; charset=utf-8
host: localhost:48143
accept: */*

Response DefaultHttpResponse(decodeResult: success, version: HTTP/1.1)
HTTP/1.1 200 OK
Content-Length: 14
Content-Type: application/json; charset=utf-8
cache-control: no-cache

10:56:31.542 [AsyncHttpClient-1-2] DEBUG org.asynchttpclient.netty.channel.ChannelManager - Adding key: http://localhost:48143 for channel [id: 0xecac08e3, L:/127.0.0.1:51920 - R:localhost/127.0.0.1:48143]
10:56:31.550 [Forwarding getCurrentUrl on session d976744674bcaf9032d7640c0a81ed2d to remote] DEBUG org.asynchttpclient.netty.request.NettyRequestSender - Using pooled Channel '[id: 0xecac08e3, L:/127.0.0.1:51920 - R:localhost/127.0.0.1:48143]' for 'GET' to 'http://localhost:48143/session/d976744674bcaf9032d7640c0a81ed2d/url'
10:56:31.550 [Forwarding getCurrentUrl on session d976744674bcaf9032d7640c0a81ed2d to remote] DEBUG org.asynchttpclient.netty.request.NettyRequestSender - Using open Channel [id: 0xecac08e3, L:/127.0.0.1:51920 - R:localhost/127.0.0.1:48143] for GET '/session/d976744674bcaf9032d7640c0a81ed2d/url'
10:56:31.555 [AsyncHttpClient-1-2] DEBUG org.asynchttpclient.netty.handler.HttpHandler - 

Request DefaultFullHttpRequest(decodeResult: success, version: HTTP/1.1, content: EmptyByteBufBE)
GET /session/d976744674bcaf9032d7640c0a81ed2d/url HTTP/1.1
User-Agent: selenium/4.8.0 (java windows)
Cache-Control: no-cache
Content-Type: application/json; charset=utf-8
host: localhost:48143
accept: */*

Response DefaultHttpResponse(decodeResult: success, version: HTTP/1.1)
HTTP/1.1 200 OK
Content-Length: 38
Content-Type: application/json; charset=utf-8
cache-control: no-cache

10:56:31.556 [AsyncHttpClient-1-2] DEBUG org.asynchttpclient.netty.channel.ChannelManager - Adding key: http://localhost:48143 for channel [id: 0xecac08e3, L:/127.0.0.1:51920 - R:localhost/127.0.0.1:48143]
10:56:31.560 [Forwarding getCurrentUrl on session d976744674bcaf9032d7640c0a81ed2d to remote] DEBUG org.asynchttpclient.netty.request.NettyRequestSender - Using pooled Channel '[id: 0xecac08e3, L:/127.0.0.1:51920 - R:localhost/127.0.0.1:48143]' for 'GET' to 'http://localhost:48143/session/d976744674bcaf9032d7640c0a81ed2d/url'
10:56:31.560 [Forwarding getCurrentUrl on session d976744674bcaf9032d7640c0a81ed2d to remote] DEBUG org.asynchttpclient.netty.request.NettyRequestSender - Using open Channel [id: 0xecac08e3, L:/127.0.0.1:51920 - R:localhost/127.0.0.1:48143] for GET '/session/d976744674bcaf9032d7640c0a81ed2d/url'
10:56:31.565 [AsyncHttpClient-1-2] DEBUG org.asynchttpclient.netty.handler.HttpHandler - 

Request DefaultFullHttpRequest(decodeResult: success, version: HTTP/1.1, content: EmptyByteBufBE)
GET /session/d976744674bcaf9032d7640c0a81ed2d/url HTTP/1.1
User-Agent: selenium/4.8.0 (java windows)
Cache-Control: no-cache
Content-Type: application/json; charset=utf-8
host: localhost:48143
accept: */*

Response DefaultHttpResponse(decodeResult: success, version: HTTP/1.1)
HTTP/1.1 200 OK
Content-Length: 38
Content-Type: application/json; charset=utf-8
cache-control: no-cache

10:56:31.565 [AsyncHttpClient-1-2] DEBUG org.asynchttpclient.netty.channel.ChannelManager - Adding key: http://localhost:48143 for channel [id: 0xecac08e3, L:/127.0.0.1:51920 - R:localhost/127.0.0.1:48143]
10:56:31.569 [Forwarding findElement on session d976744674bcaf9032d7640c0a81ed2d to remote] DEBUG org.asynchttpclient.netty.request.NettyRequestSender - Using pooled Channel '[id: 0xecac08e3, L:/127.0.0.1:51920 - R:localhost/127.0.0.1:48143]' for 'POST' to 'http://localhost:48143/session/d976744674bcaf9032d7640c0a81ed2d/element'
10:56:31.569 [Forwarding findElement on session d976744674bcaf9032d7640c0a81ed2d to remote] DEBUG org.asynchttpclient.netty.request.NettyRequestSender - Using open Channel [id: 0xecac08e3, L:/127.0.0.1:51920 - R:localhost/127.0.0.1:48143] for POST '/session/d976744674bcaf9032d7640c0a81ed2d/element'
10:56:31.586 [AsyncHttpClient-1-2] DEBUG org.asynchttpclient.netty.handler.HttpHandler - 

Request DefaultHttpRequest(decodeResult: success, version: HTTP/1.1)
POST /session/d976744674bcaf9032d7640c0a81ed2d/element HTTP/1.1
User-Agent: selenium/4.8.0 (java windows)
Content-Length: 59
Content-Type: application/json; charset=utf-8
host: localhost:48143
accept: */*

Response DefaultHttpResponse(decodeResult: success, version: HTTP/1.1)
HTTP/1.1 200 OK
Content-Length: 88
Content-Type: application/json; charset=utf-8
cache-control: no-cache

10:56:31.586 [AsyncHttpClient-1-2] DEBUG org.asynchttpclient.netty.channel.ChannelManager - Adding key: http://localhost:48143 for channel [id: 0xecac08e3, L:/127.0.0.1:51920 - R:localhost/127.0.0.1:48143]
10:56:31.591 [Forwarding isElementDisplayed on session d976744674bcaf9032d7640c0a81ed2d to remote] DEBUG org.asynchttpclient.netty.request.NettyRequestSender - Using pooled Channel '[id: 0xecac08e3, L:/127.0.0.1:51920 - R:localhost/127.0.0.1:48143]' for 'POST' to 'http://localhost:48143/session/d976744674bcaf9032d7640c0a81ed2d/execute/sync'
10:56:31.591 [Forwarding isElementDisplayed on session d976744674bcaf9032d7640c0a81ed2d to remote] DEBUG org.asynchttpclient.netty.request.NettyRequestSender - Using open Channel [id: 0xecac08e3, L:/127.0.0.1:51920 - R:localhost/127.0.0.1:48143] for POST '/session/d976744674bcaf9032d7640c0a81ed2d/execute/sync'
10:56:31.607 [AsyncHttpClient-1-2] DEBUG org.asynchttpclient.netty.handler.HttpHandler - 

Request DefaultHttpRequest(decodeResult: success, version: HTTP/1.1)
POST /session/d976744674bcaf9032d7640c0a81ed2d/execute/sync HTTP/1.1
User-Agent: selenium/4.8.0 (java windows)
Content-Length: 48807
Content-Type: application/json; charset=utf-8
host: localhost:48143
accept: */*

Response DefaultHttpResponse(decodeResult: success, version: HTTP/1.1)
HTTP/1.1 200 OK
Content-Length: 14
Content-Type: application/json; charset=utf-8
cache-control: no-cache

10:56:31.607 [AsyncHttpClient-1-2] DEBUG org.asynchttpclient.netty.channel.ChannelManager - Adding key: http://localhost:48143 for channel [id: 0xecac08e3, L:/127.0.0.1:51920 - R:localhost/127.0.0.1:48143]
10:56:31.609 [Forwarding isElementDisplayed on session d976744674bcaf9032d7640c0a81ed2d to remote] DEBUG org.asynchttpclient.netty.request.NettyRequestSender - Using pooled Channel '[id: 0xecac08e3, L:/127.0.0.1:51920 - R:localhost/127.0.0.1:48143]' for 'POST' to 'http://localhost:48143/session/d976744674bcaf9032d7640c0a81ed2d/execute/sync'
10:56:31.609 [Forwarding isElementDisplayed on session d976744674bcaf9032d7640c0a81ed2d to remote] DEBUG org.asynchttpclient.netty.request.NettyRequestSender - Using open Channel [id: 0xecac08e3, L:/127.0.0.1:51920 - R:localhost/127.0.0.1:48143] for POST '/session/d976744674bcaf9032d7640c0a81ed2d/execute/sync'
10:56:31.624 [AsyncHttpClient-1-2] DEBUG org.asynchttpclient.netty.handler.HttpHandler - 

Request DefaultHttpRequest(decodeResult: success, version: HTTP/1.1)
POST /session/d976744674bcaf9032d7640c0a81ed2d/execute/sync HTTP/1.1
User-Agent: selenium/4.8.0 (java windows)
Content-Length: 48807
Content-Type: application/json; charset=utf-8
host: localhost:48143
accept: */*

Response DefaultHttpResponse(decodeResult: success, version: HTTP/1.1)
HTTP/1.1 200 OK
Content-Length: 14
Content-Type: application/json; charset=utf-8
cache-control: no-cache

10:56:31.625 [AsyncHttpClient-1-2] DEBUG org.asynchttpclient.netty.channel.ChannelManager - Adding key: http://localhost:48143 for channel [id: 0xecac08e3, L:/127.0.0.1:51920 - R:localhost/127.0.0.1:48143]
10:56:31.627 [main] DEBUG net.thucydides.core.steps.StepInterceptor - STEP DONE: onLoginPage
  &amp#27;[32mGiven &amp#27;[0m&amp#27;[32muser on login page&amp#27;[0m                                           &amp#27;[90m# starter.stepdefinitions.LoginSteps.userOnLoginPage()&amp#27;[0m
10:56:31.635 [main] DEBUG net.thucydides.core.steps.StepInterceptor - STARTING STEP: LoginSteps.userInputValidUsername - inputUserName
10:56:31.637 [Forwarding findElement on session d976744674bcaf9032d7640c0a81ed2d to remote] DEBUG org.asynchttpclient.netty.request.NettyRequestSender - Using pooled Channel '[id: 0xecac08e3, L:/127.0.0.1:51920 - R:localhost/127.0.0.1:48143]' for 'POST' to 'http://localhost:48143/session/d976744674bcaf9032d7640c0a81ed2d/element'
10:56:31.637 [Forwarding findElement on session d976744674bcaf9032d7640c0a81ed2d to remote] DEBUG org.asynchttpclient.netty.request.NettyRequestSender - Using open Channel [id: 0xecac08e3, L:/127.0.0.1:51920 - R:localhost/127.0.0.1:48143] for POST '/session/d976744674bcaf9032d7640c0a81ed2d/element'
10:56:31.647 [AsyncHttpClient-1-2] DEBUG org.asynchttpclient.netty.handler.HttpHandler - 

Request DefaultHttpRequest(decodeResult: success, version: HTTP/1.1)
POST /session/d976744674bcaf9032d7640c0a81ed2d/element HTTP/1.1
User-Agent: selenium/4.8.0 (java windows)
Content-Length: 56
Content-Type: application/json; charset=utf-8
host: localhost:48143
accept: */*

Response DefaultHttpResponse(decodeResult: success, version: HTTP/1.1)
HTTP/1.1 200 OK
Content-Length: 88
Content-Type: application/json; charset=utf-8
cache-control: no-cache

10:56:31.648 [AsyncHttpClient-1-2] DEBUG org.asynchttpclient.netty.channel.ChannelManager - Adding key: http://localhost:48143 for channel [id: 0xecac08e3, L:/127.0.0.1:51920 - R:localhost/127.0.0.1:48143]
10:56:31.649 [Forwarding clearElement on session d976744674bcaf9032d7640c0a81ed2d to remote] DEBUG org.asynchttpclient.netty.request.NettyRequestSender - Using pooled Channel '[id: 0xecac08e3, L:/127.0.0.1:51920 - R:localhost/127.0.0.1:48143]' for 'POST' to 'http://localhost:48143/session/d976744674bcaf9032d7640c0a81ed2d/element/71417190-fb50-4f54-b2d6-bf289ae897c3/clear'
10:56:31.649 [Forwarding clearElement on session d976744674bcaf9032d7640c0a81ed2d to remote] DEBUG org.asynchttpclient.netty.request.NettyRequestSender - Using open Channel [id: 0xecac08e3, L:/127.0.0.1:51920 - R:localhost/127.0.0.1:48143] for POST '/session/d976744674bcaf9032d7640c0a81ed2d/element/71417190-fb50-4f54-b2d6-bf289ae897c3/clear'
10:56:31.681 [AsyncHttpClient-1-2] DEBUG org.asynchttpclient.netty.handler.HttpHandler - 

Request DefaultHttpRequest(decodeResult: success, version: HTTP/1.1)
POST /session/d976744674bcaf9032d7640c0a81ed2d/element/71417190-fb50-4f54-b2d6-bf289ae897c3/clear HTTP/1.1
User-Agent: selenium/4.8.0 (java windows)
Content-Length: 50
Content-Type: application/json; charset=utf-8
host: localhost:48143
accept: */*

Response DefaultHttpResponse(decodeResult: success, version: HTTP/1.1)
HTTP/1.1 200 OK
Content-Length: 14
Content-Type: application/json; charset=utf-8
cache-control: no-cache

10:56:31.682 [AsyncHttpClient-1-2] DEBUG org.asynchttpclient.netty.channel.ChannelManager - Adding key: http://localhost:48143 for channel [id: 0xecac08e3, L:/127.0.0.1:51920 - R:localhost/127.0.0.1:48143]
10:56:31.684 [Forwarding sendKeysToElement on session d976744674bcaf9032d7640c0a81ed2d to remote] DEBUG org.asynchttpclient.netty.request.NettyRequestSender - Using pooled Channel '[id: 0xecac08e3, L:/127.0.0.1:51920 - R:localhost/127.0.0.1:48143]' for 'POST' to 'http://localhost:48143/session/d976744674bcaf9032d7640c0a81ed2d/element/71417190-fb50-4f54-b2d6-bf289ae897c3/value'
10:56:31.684 [Forwarding sendKeysToElement on session d976744674bcaf9032d7640c0a81ed2d to remote] DEBUG org.asynchttpclient.netty.request.NettyRequestSender - Using open Channel [id: 0xecac08e3, L:/127.0.0.1:51920 - R:localhost/127.0.0.1:48143] for POST '/session/d976744674bcaf9032d7640c0a81ed2d/element/71417190-fb50-4f54-b2d6-bf289ae897c3/value'
10:56:31.778 [AsyncHttpClient-1-2] DEBUG org.asynchttpclient.netty.handler.HttpHandler - 

Request DefaultHttpRequest(decodeResult: success, version: HTTP/1.1)
POST /session/d976744674bcaf9032d7640c0a81ed2d/element/71417190-fb50-4f54-b2d6-bf289ae897c3/value HTTP/1.1
User-Agent: selenium/4.8.0 (java windows)
Content-Length: 211
Content-Type: application/json; charset=utf-8
host: localhost:48143
accept: */*

Response DefaultHttpResponse(decodeResult: success, version: HTTP/1.1)
HTTP/1.1 200 OK
Content-Length: 14
Content-Type: application/json; charset=utf-8
cache-control: no-cache

10:56:31.779 [AsyncHttpClient-1-2] DEBUG org.asynchttpclient.netty.channel.ChannelManager - Adding key: http://localhost:48143 for channel [id: 0xecac08e3, L:/127.0.0.1:51920 - R:localhost/127.0.0.1:48143]
10:56:31.782 [main] DEBUG net.thucydides.core.steps.StepInterceptor - STEP DONE: inputUserName
  &amp#27;[32mWhen &amp#27;[0m&amp#27;[32muser input valid username&amp#27;[0m                                     &amp#27;[90m# starter.stepdefinitions.LoginSteps.userInputValidUsername()&amp#27;[0m
10:56:31.789 [main] DEBUG net.thucydides.core.steps.StepInterceptor - STARTING STEP: LoginSteps.userInputValidPassword - inputPassword
10:56:31.792 [Forwarding findElement on session d976744674bcaf9032d7640c0a81ed2d to remote] DEBUG org.asynchttpclient.netty.request.NettyRequestSender - Using pooled Channel '[id: 0xecac08e3, L:/127.0.0.1:51920 - R:localhost/127.0.0.1:48143]' for 'POST' to 'http://localhost:48143/session/d976744674bcaf9032d7640c0a81ed2d/element'
10:56:31.792 [Forwarding findElement on session d976744674bcaf9032d7640c0a81ed2d to remote] DEBUG org.asynchttpclient.netty.request.NettyRequestSender - Using open Channel [id: 0xecac08e3, L:/127.0.0.1:51920 - R:localhost/127.0.0.1:48143] for POST '/session/d976744674bcaf9032d7640c0a81ed2d/element'
10:56:31.803 [AsyncHttpClient-1-2] DEBUG org.asynchttpclient.netty.handler.HttpHandler - 

Request DefaultHttpRequest(decodeResult: success, version: HTTP/1.1)
POST /session/d976744674bcaf9032d7640c0a81ed2d/element HTTP/1.1
User-Agent: selenium/4.8.0 (java windows)
Content-Length: 53
Content-Type: application/json; charset=utf-8
host: localhost:48143
accept: */*

Response DefaultHttpResponse(decodeResult: success, version: HTTP/1.1)
HTTP/1.1 200 OK
Content-Length: 88
Content-Type: application/json; charset=utf-8
cache-control: no-cache

10:56:31.803 [AsyncHttpClient-1-2] DEBUG org.asynchttpclient.netty.channel.ChannelManager - Adding key: http://localhost:48143 for channel [id: 0xecac08e3, L:/127.0.0.1:51920 - R:localhost/127.0.0.1:48143]
10:56:31.805 [Forwarding clearElement on session d976744674bcaf9032d7640c0a81ed2d to remote] DEBUG org.asynchttpclient.netty.request.NettyRequestSender - Using pooled Channel '[id: 0xecac08e3, L:/127.0.0.1:51920 - R:localhost/127.0.0.1:48143]' for 'POST' to 'http://localhost:48143/session/d976744674bcaf9032d7640c0a81ed2d/element/02d1672b-745e-4cc9-a9a5-860113f1ae2c/clear'
10:56:31.805 [Forwarding clearElement on session d976744674bcaf9032d7640c0a81ed2d to remote] DEBUG org.asynchttpclient.netty.request.NettyRequestSender - Using open Channel [id: 0xecac08e3, L:/127.0.0.1:51920 - R:localhost/127.0.0.1:48143] for POST '/session/d976744674bcaf9032d7640c0a81ed2d/element/02d1672b-745e-4cc9-a9a5-860113f1ae2c/clear'
10:56:31.836 [AsyncHttpClient-1-2] DEBUG org.asynchttpclient.netty.handler.HttpHandler - 

Request DefaultHttpRequest(decodeResult: success, version: HTTP/1.1)
POST /session/d976744674bcaf9032d7640c0a81ed2d/element/02d1672b-745e-4cc9-a9a5-860113f1ae2c/clear HTTP/1.1
User-Agent: selenium/4.8.0 (java windows)
Content-Length: 50
Content-Type: application/json; charset=utf-8
host: localhost:48143
accept: */*

Response DefaultHttpResponse(decodeResult: success, version: HTTP/1.1)
HTTP/1.1 200 OK
Content-Length: 14
Content-Type: application/json; charset=utf-8
cache-control: no-cache

10:56:31.836 [AsyncHttpClient-1-2] DEBUG org.asynchttpclient.netty.channel.ChannelManager - Adding key: http://localhost:48143 for channel [id: 0xecac08e3, L:/127.0.0.1:51920 - R:localhost/127.0.0.1:48143]
10:56:31.838 [Forwarding sendKeysToElement on session d976744674bcaf9032d7640c0a81ed2d to remote] DEBUG org.asynchttpclient.netty.request.NettyRequestSender - Using pooled Channel '[id: 0xecac08e3, L:/127.0.0.1:51920 - R:localhost/127.0.0.1:48143]' for 'POST' to 'http://localhost:48143/session/d976744674bcaf9032d7640c0a81ed2d/element/02d1672b-745e-4cc9-a9a5-860113f1ae2c/value'
10:56:31.838 [Forwarding sendKeysToElement on session d976744674bcaf9032d7640c0a81ed2d to remote] DEBUG org.asynchttpclient.netty.request.NettyRequestSender - Using open Channel [id: 0xecac08e3, L:/127.0.0.1:51920 - R:localhost/127.0.0.1:48143] for POST '/session/d976744674bcaf9032d7640c0a81ed2d/element/02d1672b-745e-4cc9-a9a5-860113f1ae2c/value'
10:56:31.926 [AsyncHttpClient-1-2] DEBUG org.asynchttpclient.netty.handler.HttpHandler - 

Request DefaultHttpRequest(decodeResult: success, version: HTTP/1.1)
POST /session/d976744674bcaf9032d7640c0a81ed2d/element/02d1672b-745e-4cc9-a9a5-860113f1ae2c/value HTTP/1.1
User-Agent: selenium/4.8.0 (java windows)
Content-Length: 201
Content-Type: application/json; charset=utf-8
host: localhost:48143
accept: */*

Response DefaultHttpResponse(decodeResult: success, version: HTTP/1.1)
HTTP/1.1 200 OK
Content-Length: 14
Content-Type: application/json; charset=utf-8
cache-control: no-cache

10:56:31.926 [AsyncHttpClient-1-2] DEBUG org.asynchttpclient.netty.channel.ChannelManager - Adding key: http://localhost:48143 for channel [id: 0xecac08e3, L:/127.0.0.1:51920 - R:localhost/127.0.0.1:48143]
10:56:31.932 [main] DEBUG net.thucydides.core.steps.StepInterceptor - STEP DONE: inputPassword
  &amp#27;[32mAnd &amp#27;[0m&amp#27;[32muser input valid password&amp#27;[0m                                      &amp#27;[90m# starter.stepdefinitions.LoginSteps.userInputValidPassword()&amp#27;[0m
10:56:31.943 [main] DEBUG net.thucydides.core.steps.StepInterceptor - STARTING STEP: LoginSteps.userClickLoginButton - clickLoginButton
10:56:31.947 [Forwarding findElement on session d976744674bcaf9032d7640c0a81ed2d to remote] DEBUG org.asynchttpclient.netty.request.NettyRequestSender - Using pooled Channel '[id: 0xecac08e3, L:/127.0.0.1:51920 - R:localhost/127.0.0.1:48143]' for 'POST' to 'http://localhost:48143/session/d976744674bcaf9032d7640c0a81ed2d/element'
10:56:31.947 [Forwarding findElement on session d976744674bcaf9032d7640c0a81ed2d to remote] DEBUG org.asynchttpclient.netty.request.NettyRequestSender - Using open Channel [id: 0xecac08e3, L:/127.0.0.1:51920 - R:localhost/127.0.0.1:48143] for POST '/session/d976744674bcaf9032d7640c0a81ed2d/element'
10:56:31.954 [AsyncHttpClient-1-2] DEBUG org.asynchttpclient.netty.handler.HttpHandler - 

Request DefaultHttpRequest(decodeResult: success, version: HTTP/1.1)
POST /session/d976744674bcaf9032d7640c0a81ed2d/element HTTP/1.1
User-Agent: selenium/4.8.0 (java windows)
Content-Length: 59
Content-Type: application/json; charset=utf-8
host: localhost:48143
accept: */*

Response DefaultHttpResponse(decodeResult: success, version: HTTP/1.1)
HTTP/1.1 200 OK
Content-Length: 88
Content-Type: application/json; charset=utf-8
cache-control: no-cache

10:56:31.954 [AsyncHttpClient-1-2] DEBUG org.asynchttpclient.netty.channel.ChannelManager - Adding key: http://localhost:48143 for channel [id: 0xecac08e3, L:/127.0.0.1:51920 - R:localhost/127.0.0.1:48143]
10:56:31.956 [Forwarding getElementTagName on session d976744674bcaf9032d7640c0a81ed2d to remote] DEBUG org.asynchttpclient.netty.request.NettyRequestSender - Using pooled Channel '[id: 0xecac08e3, L:/127.0.0.1:51920 - R:localhost/127.0.0.1:48143]' for 'GET' to 'http://localhost:48143/session/d976744674bcaf9032d7640c0a81ed2d/element/b866774a-2099-4ce6-a66b-626da53564e5/name'
10:56:31.956 [Forwarding getElementTagName on session d976744674bcaf9032d7640c0a81ed2d to remote] DEBUG org.asynchttpclient.netty.request.NettyRequestSender - Using open Channel [id: 0xecac08e3, L:/127.0.0.1:51920 - R:localhost/127.0.0.1:48143] for GET '/session/d976744674bcaf9032d7640c0a81ed2d/element/b866774a-2099-4ce6-a66b-626da53564e5/name'
10:56:31.960 [AsyncHttpClient-1-2] DEBUG org.asynchttpclient.netty.handler.HttpHandler - 

Request DefaultFullHttpRequest(decodeResult: success, version: HTTP/1.1, content: EmptyByteBufBE)
GET /session/d976744674bcaf9032d7640c0a81ed2d/element/b866774a-2099-4ce6-a66b-626da53564e5/name HTTP/1.1
User-Agent: selenium/4.8.0 (java windows)
Cache-Control: no-cache
Content-Type: application/json; charset=utf-8
host: localhost:48143
accept: */*

Response DefaultHttpResponse(decodeResult: success, version: HTTP/1.1)
HTTP/1.1 200 OK
Content-Length: 17
Content-Type: application/json; charset=utf-8
cache-control: no-cache

10:56:31.960 [AsyncHttpClient-1-2] DEBUG org.asynchttpclient.netty.channel.ChannelManager - Adding key: http://localhost:48143 for channel [id: 0xecac08e3, L:/127.0.0.1:51920 - R:localhost/127.0.0.1:48143]
10:56:31.962 [Forwarding getElementTagName on session d976744674bcaf9032d7640c0a81ed2d to remote] DEBUG org.asynchttpclient.netty.request.NettyRequestSender - Using pooled Channel '[id: 0xecac08e3, L:/127.0.0.1:51920 - R:localhost/127.0.0.1:48143]' for 'GET' to 'http://localhost:48143/session/d976744674bcaf9032d7640c0a81ed2d/element/b866774a-2099-4ce6-a66b-626da53564e5/name'
10:56:31.962 [Forwarding getElementTagName on session d976744674bcaf9032d7640c0a81ed2d to remote] DEBUG org.asynchttpclient.netty.request.NettyRequestSender - Using open Channel [id: 0xecac08e3, L:/127.0.0.1:51920 - R:localhost/127.0.0.1:48143] for GET '/session/d976744674bcaf9032d7640c0a81ed2d/element/b866774a-2099-4ce6-a66b-626da53564e5/name'
10:56:31.965 [AsyncHttpClient-1-2] DEBUG org.asynchttpclient.netty.handler.HttpHandler - 

Request DefaultFullHttpRequest(decodeResult: success, version: HTTP/1.1, content: EmptyByteBufBE)
GET /session/d976744674bcaf9032d7640c0a81ed2d/element/b866774a-2099-4ce6-a66b-626da53564e5/name HTTP/1.1
User-Agent: selenium/4.8.0 (java windows)
Cache-Control: no-cache
Content-Type: application/json; charset=utf-8
host: localhost:48143
accept: */*

Response DefaultHttpResponse(decodeResult: success, version: HTTP/1.1)
HTTP/1.1 200 OK
Content-Length: 17
Content-Type: application/json; charset=utf-8
cache-control: no-cache

10:56:31.966 [AsyncHttpClient-1-2] DEBUG org.asynchttpclient.netty.channel.ChannelManager - Adding key: http://localhost:48143 for channel [id: 0xecac08e3, L:/127.0.0.1:51920 - R:localhost/127.0.0.1:48143]
10:56:31.968 [Forwarding isElementEnabled on session d976744674bcaf9032d7640c0a81ed2d to remote] DEBUG org.asynchttpclient.netty.request.NettyRequestSender - Using pooled Channel '[id: 0xecac08e3, L:/127.0.0.1:51920 - R:localhost/127.0.0.1:48143]' for 'GET' to 'http://localhost:48143/session/d976744674bcaf9032d7640c0a81ed2d/element/b866774a-2099-4ce6-a66b-626da53564e5/enabled'
10:56:31.968 [Forwarding isElementEnabled on session d976744674bcaf9032d7640c0a81ed2d to remote] DEBUG org.asynchttpclient.netty.request.NettyRequestSender - Using open Channel [id: 0xecac08e3, L:/127.0.0.1:51920 - R:localhost/127.0.0.1:48143] for GET '/session/d976744674bcaf9032d7640c0a81ed2d/element/b866774a-2099-4ce6-a66b-626da53564e5/enabled'
10:56:31.995 [AsyncHttpClient-1-2] DEBUG org.asynchttpclient.netty.handler.HttpHandler - 

Request DefaultFullHttpRequest(decodeResult: success, version: HTTP/1.1, content: EmptyByteBufBE)
GET /session/d976744674bcaf9032d7640c0a81ed2d/element/b866774a-2099-4ce6-a66b-626da53564e5/enabled HTTP/1.1
User-Agent: selenium/4.8.0 (java windows)
Cache-Control: no-cache
Content-Type: application/json; charset=utf-8
host: localhost:48143
accept: */*

Response DefaultHttpResponse(decodeResult: success, version: HTTP/1.1)
HTTP/1.1 200 OK
Content-Length: 14
Content-Type: application/json; charset=utf-8
cache-control: no-cache

10:56:31.996 [AsyncHttpClient-1-2] DEBUG org.asynchttpclient.netty.channel.ChannelManager - Adding key: http://localhost:48143 for channel [id: 0xecac08e3, L:/127.0.0.1:51920 - R:localhost/127.0.0.1:48143]
10:56:31.997 [Forwarding isElementEnabled on session d976744674bcaf9032d7640c0a81ed2d to remote] DEBUG org.asynchttpclient.netty.request.NettyRequestSender - Using pooled Channel '[id: 0xecac08e3, L:/127.0.0.1:51920 - R:localhost/127.0.0.1:48143]' for 'GET' to 'http://localhost:48143/session/d976744674bcaf9032d7640c0a81ed2d/element/b866774a-2099-4ce6-a66b-626da53564e5/enabled'
10:56:31.997 [Forwarding isElementEnabled on session d976744674bcaf9032d7640c0a81ed2d to remote] DEBUG org.asynchttpclient.netty.request.NettyRequestSender - Using open Channel [id: 0xecac08e3, L:/127.0.0.1:51920 - R:localhost/127.0.0.1:48143] for GET '/session/d976744674bcaf9032d7640c0a81ed2d/element/b866774a-2099-4ce6-a66b-626da53564e5/enabled'
10:56:32.004 [AsyncHttpClient-1-2] DEBUG org.asynchttpclient.netty.handler.HttpHandler - 

Request DefaultFullHttpRequest(decodeResult: success, version: HTTP/1.1, content: EmptyByteBufBE)
GET /session/d976744674bcaf9032d7640c0a81ed2d/element/b866774a-2099-4ce6-a66b-626da53564e5/enabled HTTP/1.1
User-Agent: selenium/4.8.0 (java windows)
Cache-Control: no-cache
Content-Type: application/json; charset=utf-8
host: localhost:48143
accept: */*

Response DefaultHttpResponse(decodeResult: success, version: HTTP/1.1)
HTTP/1.1 200 OK
Content-Length: 14
Content-Type: application/json; charset=utf-8
cache-control: no-cache

10:56:32.004 [AsyncHttpClient-1-2] DEBUG org.asynchttpclient.netty.channel.ChannelManager - Adding key: http://localhost:48143 for channel [id: 0xecac08e3, L:/127.0.0.1:51920 - R:localhost/127.0.0.1:48143]
10:56:32.006 [Forwarding findElement on session d976744674bcaf9032d7640c0a81ed2d to remote] DEBUG org.asynchttpclient.netty.request.NettyRequestSender - Using pooled Channel '[id: 0xecac08e3, L:/127.0.0.1:51920 - R:localhost/127.0.0.1:48143]' for 'POST' to 'http://localhost:48143/session/d976744674bcaf9032d7640c0a81ed2d/element'
10:56:32.006 [Forwarding findElement on session d976744674bcaf9032d7640c0a81ed2d to remote] DEBUG org.asynchttpclient.netty.request.NettyRequestSender - Using open Channel [id: 0xecac08e3, L:/127.0.0.1:51920 - R:localhost/127.0.0.1:48143] for POST '/session/d976744674bcaf9032d7640c0a81ed2d/element'
10:56:32.030 [AsyncHttpClient-1-2] DEBUG org.asynchttpclient.netty.handler.HttpHandler - 

Request DefaultHttpRequest(decodeResult: success, version: HTTP/1.1)
POST /session/d976744674bcaf9032d7640c0a81ed2d/element HTTP/1.1
User-Agent: selenium/4.8.0 (java windows)
Content-Length: 59
Content-Type: application/json; charset=utf-8
host: localhost:48143
accept: */*

Response DefaultHttpResponse(decodeResult: success, version: HTTP/1.1)
HTTP/1.1 200 OK
Content-Length: 88
Content-Type: application/json; charset=utf-8
cache-control: no-cache

10:56:32.031 [AsyncHttpClient-1-2] DEBUG org.asynchttpclient.netty.channel.ChannelManager - Adding key: http://localhost:48143 for channel [id: 0xecac08e3, L:/127.0.0.1:51920 - R:localhost/127.0.0.1:48143]
10:56:32.032 [Forwarding clickElement on session d976744674bcaf9032d7640c0a81ed2d to remote] DEBUG org.asynchttpclient.netty.request.NettyRequestSender - Using pooled Channel '[id: 0xecac08e3, L:/127.0.0.1:51920 - R:localhost/127.0.0.1:48143]' for 'POST' to 'http://localhost:48143/session/d976744674bcaf9032d7640c0a81ed2d/element/b866774a-2099-4ce6-a66b-626da53564e5/click'
10:56:32.032 [Forwarding clickElement on session d976744674bcaf9032d7640c0a81ed2d to remote] DEBUG org.asynchttpclient.netty.request.NettyRequestSender - Using open Channel [id: 0xecac08e3, L:/127.0.0.1:51920 - R:localhost/127.0.0.1:48143] for POST '/session/d976744674bcaf9032d7640c0a81ed2d/element/b866774a-2099-4ce6-a66b-626da53564e5/click'
10:56:32.150 [AsyncHttpClient-1-2] DEBUG org.asynchttpclient.netty.handler.HttpHandler - 

Request DefaultHttpRequest(decodeResult: success, version: HTTP/1.1)
POST /session/d976744674bcaf9032d7640c0a81ed2d/element/b866774a-2099-4ce6-a66b-626da53564e5/click HTTP/1.1
User-Agent: selenium/4.8.0 (java windows)
Content-Length: 50
Content-Type: application/json; charset=utf-8
host: localhost:48143
accept: */*

Response DefaultHttpResponse(decodeResult: success, version: HTTP/1.1)
HTTP/1.1 200 OK
Content-Length: 14
Content-Type: application/json; charset=utf-8
cache-control: no-cache

10:56:32.150 [AsyncHttpClient-1-2] DEBUG org.asynchttpclient.netty.channel.ChannelManager - Adding key: http://localhost:48143 for channel [id: 0xecac08e3, L:/127.0.0.1:51920 - R:localhost/127.0.0.1:48143]
10:56:32.153 [main] DEBUG net.thucydides.core.steps.StepInterceptor - STEP DONE: clickLoginButton
  &amp#27;[32mAnd &amp#27;[0m&amp#27;[32muser click login button&amp#27;[0m                                        &amp#27;[90m# starter.stepdefinitions.LoginSteps.userClickLoginButton()&amp#27;[0m
10:56:32.162 [main] DEBUG net.thucydides.core.steps.StepInterceptor - STARTING STEP: LoginSteps.userOnProductsPage - userOnProductPage
10:56:32.165 [Forwarding findElement on session d976744674bcaf9032d7640c0a81ed2d to remote] DEBUG org.asynchttpclient.netty.request.NettyRequestSender - Using pooled Channel '[id: 0xecac08e3, L:/127.0.0.1:51920 - R:localhost/127.0.0.1:48143]' for 'POST' to 'http://localhost:48143/session/d976744674bcaf9032d7640c0a81ed2d/element'
10:56:32.165 [Forwarding findElement on session d976744674bcaf9032d7640c0a81ed2d to remote] DEBUG org.asynchttpclient.netty.request.NettyRequestSender - Using open Channel [id: 0xecac08e3, L:/127.0.0.1:51920 - R:localhost/127.0.0.1:48143] for POST '/session/d976744674bcaf9032d7640c0a81ed2d/element'
10:56:32.179 [AsyncHttpClient-1-2] DEBUG org.asynchttpclient.netty.handler.HttpHandler - 

Request DefaultHttpRequest(decodeResult: success, version: HTTP/1.1)
POST /session/d976744674bcaf9032d7640c0a81ed2d/element HTTP/1.1
User-Agent: selenium/4.8.0 (java windows)
Content-Length: 72
Content-Type: application/json; charset=utf-8
host: localhost:48143
accept: */*

Response DefaultHttpResponse(decodeResult: success, version: HTTP/1.1)
HTTP/1.1 200 OK
Content-Length: 88
Content-Type: application/json; charset=utf-8
cache-control: no-cache

10:56:32.179 [AsyncHttpClient-1-2] DEBUG org.asynchttpclient.netty.channel.ChannelManager - Adding key: http://localhost:48143 for channel [id: 0xecac08e3, L:/127.0.0.1:51920 - R:localhost/127.0.0.1:48143]
10:56:32.182 [Forwarding isElementDisplayed on session d976744674bcaf9032d7640c0a81ed2d to remote] DEBUG org.asynchttpclient.netty.request.NettyRequestSender - Using pooled Channel '[id: 0xecac08e3, L:/127.0.0.1:51920 - R:localhost/127.0.0.1:48143]' for 'POST' to 'http://localhost:48143/session/d976744674bcaf9032d7640c0a81ed2d/execute/sync'
10:56:32.182 [Forwarding isElementDisplayed on session d976744674bcaf9032d7640c0a81ed2d to remote] DEBUG org.asynchttpclient.netty.request.NettyRequestSender - Using open Channel [id: 0xecac08e3, L:/127.0.0.1:51920 - R:localhost/127.0.0.1:48143] for POST '/session/d976744674bcaf9032d7640c0a81ed2d/execute/sync'
10:56:32.200 [AsyncHttpClient-1-2] DEBUG org.asynchttpclient.netty.handler.HttpHandler - 

Request DefaultHttpRequest(decodeResult: success, version: HTTP/1.1)
POST /session/d976744674bcaf9032d7640c0a81ed2d/execute/sync HTTP/1.1
User-Agent: selenium/4.8.0 (java windows)
Content-Length: 48807
Content-Type: application/json; charset=utf-8
host: localhost:48143
accept: */*

Response DefaultHttpResponse(decodeResult: success, version: HTTP/1.1)
HTTP/1.1 200 OK
Content-Length: 14
Content-Type: application/json; charset=utf-8
cache-control: no-cache

10:56:32.200 [AsyncHttpClient-1-2] DEBUG org.asynchttpclient.netty.channel.ChannelManager - Adding key: http://localhost:48143 for channel [id: 0xecac08e3, L:/127.0.0.1:51920 - R:localhost/127.0.0.1:48143]
10:56:32.202 [main] DEBUG net.thucydides.core.steps.StepInterceptor - STEP DONE: userOnProductPage
  &amp#27;[32mAnd &amp#27;[0m&amp#27;[32muser on products page&amp#27;[0m                                          &amp#27;[90m# starter.stepdefinitions.LoginSteps.userOnProductsPage()&amp#27;[0m
10:56:32.210 [main] DEBUG net.thucydides.core.steps.StepInterceptor - STARTING STEP: LoginSteps.userClickAddToCartButtonInOneProduct - clickAddToCartButtonOneProduct
10:56:32.214 [Forwarding findElement on session d976744674bcaf9032d7640c0a81ed2d to remote] DEBUG org.asynchttpclient.netty.request.NettyRequestSender - Using pooled Channel '[id: 0xecac08e3, L:/127.0.0.1:51920 - R:localhost/127.0.0.1:48143]' for 'POST' to 'http://localhost:48143/session/d976744674bcaf9032d7640c0a81ed2d/element'
10:56:32.214 [Forwarding findElement on session d976744674bcaf9032d7640c0a81ed2d to remote] DEBUG org.asynchttpclient.netty.request.NettyRequestSender - Using open Channel [id: 0xecac08e3, L:/127.0.0.1:51920 - R:localhost/127.0.0.1:48143] for POST '/session/d976744674bcaf9032d7640c0a81ed2d/element'
10:56:32.226 [AsyncHttpClient-1-2] DEBUG org.asynchttpclient.netty.handler.HttpHandler - 

Request DefaultHttpRequest(decodeResult: success, version: HTTP/1.1)
POST /session/d976744674bcaf9032d7640c0a81ed2d/element HTTP/1.1
User-Agent: selenium/4.8.0 (java windows)
Content-Length: 77
Content-Type: application/json; charset=utf-8
host: localhost:48143
accept: */*

Response DefaultHttpResponse(decodeResult: success, version: HTTP/1.1)
HTTP/1.1 200 OK
Content-Length: 88
Content-Type: application/json; charset=utf-8
cache-control: no-cache

10:56:32.226 [AsyncHttpClient-1-2] DEBUG org.asynchttpclient.netty.channel.ChannelManager - Adding key: http://localhost:48143 for channel [id: 0xecac08e3, L:/127.0.0.1:51920 - R:localhost/127.0.0.1:48143]
10:56:32.228 [Forwarding getElementTagName on session d976744674bcaf9032d7640c0a81ed2d to remote] DEBUG org.asynchttpclient.netty.request.NettyRequestSender - Using pooled Channel '[id: 0xecac08e3, L:/127.0.0.1:51920 - R:localhost/127.0.0.1:48143]' for 'GET' to 'http://localhost:48143/session/d976744674bcaf9032d7640c0a81ed2d/element/f1691dab-24e9-41a4-b798-ffde6a4bfaa8/name'
10:56:32.228 [Forwarding getElementTagName on session d976744674bcaf9032d7640c0a81ed2d to remote] DEBUG org.asynchttpclient.netty.request.NettyRequestSender - Using open Channel [id: 0xecac08e3, L:/127.0.0.1:51920 - R:localhost/127.0.0.1:48143] for GET '/session/d976744674bcaf9032d7640c0a81ed2d/element/f1691dab-24e9-41a4-b798-ffde6a4bfaa8/name'
10:56:32.232 [AsyncHttpClient-1-2] DEBUG org.asynchttpclient.netty.handler.HttpHandler - 

Request DefaultFullHttpRequest(decodeResult: success, version: HTTP/1.1, content: EmptyByteBufBE)
GET /session/d976744674bcaf9032d7640c0a81ed2d/element/f1691dab-24e9-41a4-b798-ffde6a4bfaa8/name HTTP/1.1
User-Agent: selenium/4.8.0 (java windows)
Cache-Control: no-cache
Content-Type: application/json; charset=utf-8
host: localhost:48143
accept: */*

Response DefaultHttpResponse(decodeResult: success, version: HTTP/1.1)
HTTP/1.1 200 OK
Content-Length: 18
Content-Type: application/json; charset=utf-8
cache-control: no-cache

10:56:32.232 [AsyncHttpClient-1-2] DEBUG org.asynchttpclient.netty.channel.ChannelManager - Adding key: http://localhost:48143 for channel [id: 0xecac08e3, L:/127.0.0.1:51920 - R:localhost/127.0.0.1:48143]
10:56:32.233 [Forwarding getElementTagName on session d976744674bcaf9032d7640c0a81ed2d to remote] DEBUG org.asynchttpclient.netty.request.NettyRequestSender - Using pooled Channel '[id: 0xecac08e3, L:/127.0.0.1:51920 - R:localhost/127.0.0.1:48143]' for 'GET' to 'http://localhost:48143/session/d976744674bcaf9032d7640c0a81ed2d/element/f1691dab-24e9-41a4-b798-ffde6a4bfaa8/name'
10:56:32.234 [Forwarding getElementTagName on session d976744674bcaf9032d7640c0a81ed2d to remote] DEBUG org.asynchttpclient.netty.request.NettyRequestSender - Using open Channel [id: 0xecac08e3, L:/127.0.0.1:51920 - R:localhost/127.0.0.1:48143] for GET '/session/d976744674bcaf9032d7640c0a81ed2d/element/f1691dab-24e9-41a4-b798-ffde6a4bfaa8/name'
10:56:32.237 [AsyncHttpClient-1-2] DEBUG org.asynchttpclient.netty.handler.HttpHandler - 

Request DefaultFullHttpRequest(decodeResult: success, version: HTTP/1.1, content: EmptyByteBufBE)
GET /session/d976744674bcaf9032d7640c0a81ed2d/element/f1691dab-24e9-41a4-b798-ffde6a4bfaa8/name HTTP/1.1
User-Agent: selenium/4.8.0 (java windows)
Cache-Control: no-cache
Content-Type: application/json; charset=utf-8
host: localhost:48143
accept: */*

Response DefaultHttpResponse(decodeResult: success, version: HTTP/1.1)
HTTP/1.1 200 OK
Content-Length: 18
Content-Type: application/json; charset=utf-8
cache-control: no-cache

10:56:32.237 [AsyncHttpClient-1-2] DEBUG org.asynchttpclient.netty.channel.ChannelManager - Adding key: http://localhost:48143 for channel [id: 0xecac08e3, L:/127.0.0.1:51920 - R:localhost/127.0.0.1:48143]
10:56:32.239 [Forwarding isElementEnabled on session d976744674bcaf9032d7640c0a81ed2d to remote] DEBUG org.asynchttpclient.netty.request.NettyRequestSender - Using pooled Channel '[id: 0xecac08e3, L:/127.0.0.1:51920 - R:localhost/127.0.0.1:48143]' for 'GET' to 'http://localhost:48143/session/d976744674bcaf9032d7640c0a81ed2d/element/f1691dab-24e9-41a4-b798-ffde6a4bfaa8/enabled'
10:56:32.239 [Forwarding isElementEnabled on session d976744674bcaf9032d7640c0a81ed2d to remote] DEBUG org.asynchttpclient.netty.request.NettyRequestSender - Using open Channel [id: 0xecac08e3, L:/127.0.0.1:51920 - R:localhost/127.0.0.1:48143] for GET '/session/d976744674bcaf9032d7640c0a81ed2d/element/f1691dab-24e9-41a4-b798-ffde6a4bfaa8/enabled'
10:56:32.249 [AsyncHttpClient-1-2] DEBUG org.asynchttpclient.netty.handler.HttpHandler - 

Request DefaultFullHttpRequest(decodeResult: success, version: HTTP/1.1, content: EmptyByteBufBE)
GET /session/d976744674bcaf9032d7640c0a81ed2d/element/f1691dab-24e9-41a4-b798-ffde6a4bfaa8/enabled HTTP/1.1
User-Agent: selenium/4.8.0 (java windows)
Cache-Control: no-cache
Content-Type: application/json; charset=utf-8
host: localhost:48143
accept: */*

Response DefaultHttpResponse(decodeResult: success, version: HTTP/1.1)
HTTP/1.1 200 OK
Content-Length: 14
Content-Type: application/json; charset=utf-8
cache-control: no-cache

10:56:32.249 [AsyncHttpClient-1-2] DEBUG org.asynchttpclient.netty.channel.ChannelManager - Adding key: http://localhost:48143 for channel [id: 0xecac08e3, L:/127.0.0.1:51920 - R:localhost/127.0.0.1:48143]
10:56:32.251 [Forwarding isElementEnabled on session d976744674bcaf9032d7640c0a81ed2d to remote] DEBUG org.asynchttpclient.netty.request.NettyRequestSender - Using pooled Channel '[id: 0xecac08e3, L:/127.0.0.1:51920 - R:localhost/127.0.0.1:48143]' for 'GET' to 'http://localhost:48143/session/d976744674bcaf9032d7640c0a81ed2d/element/f1691dab-24e9-41a4-b798-ffde6a4bfaa8/enabled'
10:56:32.251 [Forwarding isElementEnabled on session d976744674bcaf9032d7640c0a81ed2d to remote] DEBUG org.asynchttpclient.netty.request.NettyRequestSender - Using open Channel [id: 0xecac08e3, L:/127.0.0.1:51920 - R:localhost/127.0.0.1:48143] for GET '/session/d976744674bcaf9032d7640c0a81ed2d/element/f1691dab-24e9-41a4-b798-ffde6a4bfaa8/enabled'
10:56:32.255 [AsyncHttpClient-1-2] DEBUG org.asynchttpclient.netty.handler.HttpHandler - 

Request DefaultFullHttpRequest(decodeResult: success, version: HTTP/1.1, content: EmptyByteBufBE)
GET /session/d976744674bcaf9032d7640c0a81ed2d/element/f1691dab-24e9-41a4-b798-ffde6a4bfaa8/enabled HTTP/1.1
User-Agent: selenium/4.8.0 (java windows)
Cache-Control: no-cache
Content-Type: application/json; charset=utf-8
host: localhost:48143
accept: */*

Response DefaultHttpResponse(decodeResult: success, version: HTTP/1.1)
HTTP/1.1 200 OK
Content-Length: 14
Content-Type: application/json; charset=utf-8
cache-control: no-cache

10:56:32.256 [AsyncHttpClient-1-2] DEBUG org.asynchttpclient.netty.channel.ChannelManager - Adding key: http://localhost:48143 for channel [id: 0xecac08e3, L:/127.0.0.1:51920 - R:localhost/127.0.0.1:48143]
10:56:32.258 [Forwarding findElement on session d976744674bcaf9032d7640c0a81ed2d to remote] DEBUG org.asynchttpclient.netty.request.NettyRequestSender - Using pooled Channel '[id: 0xecac08e3, L:/127.0.0.1:51920 - R:localhost/127.0.0.1:48143]' for 'POST' to 'http://localhost:48143/session/d976744674bcaf9032d7640c0a81ed2d/element'
10:56:32.258 [Forwarding findElement on session d976744674bcaf9032d7640c0a81ed2d to remote] DEBUG org.asynchttpclient.netty.request.NettyRequestSender - Using open Channel [id: 0xecac08e3, L:/127.0.0.1:51920 - R:localhost/127.0.0.1:48143] for POST '/session/d976744674bcaf9032d7640c0a81ed2d/element'
10:56:32.264 [AsyncHttpClient-1-2] DEBUG org.asynchttpclient.netty.handler.HttpHandler - 

Request DefaultHttpRequest(decodeResult: success, version: HTTP/1.1)
POST /session/d976744674bcaf9032d7640c0a81ed2d/element HTTP/1.1
User-Agent: selenium/4.8.0 (java windows)
Content-Length: 77
Content-Type: application/json; charset=utf-8
host: localhost:48143
accept: */*

Response DefaultHttpResponse(decodeResult: success, version: HTTP/1.1)
HTTP/1.1 200 OK
Content-Length: 88
Content-Type: application/json; charset=utf-8
cache-control: no-cache

10:56:32.264 [AsyncHttpClient-1-2] DEBUG org.asynchttpclient.netty.channel.ChannelManager - Adding key: http://localhost:48143 for channel [id: 0xecac08e3, L:/127.0.0.1:51920 - R:localhost/127.0.0.1:48143]
10:56:32.265 [Forwarding clickElement on session d976744674bcaf9032d7640c0a81ed2d to remote] DEBUG org.asynchttpclient.netty.request.NettyRequestSender - Using pooled Channel '[id: 0xecac08e3, L:/127.0.0.1:51920 - R:localhost/127.0.0.1:48143]' for 'POST' to 'http://localhost:48143/session/d976744674bcaf9032d7640c0a81ed2d/element/f1691dab-24e9-41a4-b798-ffde6a4bfaa8/click'
10:56:32.265 [Forwarding clickElement on session d976744674bcaf9032d7640c0a81ed2d to remote] DEBUG org.asynchttpclient.netty.request.NettyRequestSender - Using open Channel [id: 0xecac08e3, L:/127.0.0.1:51920 - R:localhost/127.0.0.1:48143] for POST '/session/d976744674bcaf9032d7640c0a81ed2d/element/f1691dab-24e9-41a4-b798-ffde6a4bfaa8/click'
10:56:32.301 [AsyncHttpClient-1-2] DEBUG org.asynchttpclient.netty.handler.HttpHandler - 

Request DefaultHttpRequest(decodeResult: success, version: HTTP/1.1)
POST /session/d976744674bcaf9032d7640c0a81ed2d/element/f1691dab-24e9-41a4-b798-ffde6a4bfaa8/click HTTP/1.1
User-Agent: selenium/4.8.0 (java windows)
Content-Length: 50
Content-Type: application/json; charset=utf-8
host: localhost:48143
accept: */*

Response DefaultHttpResponse(decodeResult: success, version: HTTP/1.1)
HTTP/1.1 200 OK
Content-Length: 14
Content-Type: application/json; charset=utf-8
cache-control: no-cache

10:56:32.301 [AsyncHttpClient-1-2] DEBUG org.asynchttpclient.netty.channel.ChannelManager - Adding key: http://localhost:48143 for channel [id: 0xecac08e3, L:/127.0.0.1:51920 - R:localhost/127.0.0.1:48143]
10:56:32.305 [main] DEBUG net.thucydides.core.steps.StepInterceptor - STEP DONE: clickAddToCartButtonOneProduct
  &amp#27;[32mAnd &amp#27;[0m&amp#27;[32muser click add to cart button in one product&amp#27;[0m                   &amp#27;[90m# starter.stepdefinitions.LoginSteps.userClickAddToCartButtonInOneProduct()&amp#27;[0m
10:56:32.312 [main] DEBUG net.thucydides.core.steps.StepInterceptor - STARTING STEP: LoginSteps.userClickTheShoppingCart - userClickTheShoppingCart
10:56:32.315 [Forwarding findElement on session d976744674bcaf9032d7640c0a81ed2d to remote] DEBUG org.asynchttpclient.netty.request.NettyRequestSender - Using pooled Channel '[id: 0xecac08e3, L:/127.0.0.1:51920 - R:localhost/127.0.0.1:48143]' for 'POST' to 'http://localhost:48143/session/d976744674bcaf9032d7640c0a81ed2d/element'
10:56:32.315 [Forwarding findElement on session d976744674bcaf9032d7640c0a81ed2d to remote] DEBUG org.asynchttpclient.netty.request.NettyRequestSender - Using open Channel [id: 0xecac08e3, L:/127.0.0.1:51920 - R:localhost/127.0.0.1:48143] for POST '/session/d976744674bcaf9032d7640c0a81ed2d/element'
10:56:32.335 [AsyncHttpClient-1-2] DEBUG org.asynchttpclient.netty.handler.HttpHandler - 

Request DefaultHttpRequest(decodeResult: success, version: HTTP/1.1)
POST /session/d976744674bcaf9032d7640c0a81ed2d/element HTTP/1.1
User-Agent: selenium/4.8.0 (java windows)
Content-Length: 63
Content-Type: application/json; charset=utf-8
host: localhost:48143
accept: */*

Response DefaultHttpResponse(decodeResult: success, version: HTTP/1.1)
HTTP/1.1 200 OK
Content-Length: 88
Content-Type: application/json; charset=utf-8
cache-control: no-cache

10:56:32.335 [AsyncHttpClient-1-2] DEBUG org.asynchttpclient.netty.channel.ChannelManager - Adding key: http://localhost:48143 for channel [id: 0xecac08e3, L:/127.0.0.1:51920 - R:localhost/127.0.0.1:48143]
10:56:32.336 [Forwarding getElementTagName on session d976744674bcaf9032d7640c0a81ed2d to remote] DEBUG org.asynchttpclient.netty.request.NettyRequestSender - Using pooled Channel '[id: 0xecac08e3, L:/127.0.0.1:51920 - R:localhost/127.0.0.1:48143]' for 'GET' to 'http://localhost:48143/session/d976744674bcaf9032d7640c0a81ed2d/element/03673465-4d0e-4124-bf98-59f0bc629be3/name'
10:56:32.336 [Forwarding getElementTagName on session d976744674bcaf9032d7640c0a81ed2d to remote] DEBUG org.asynchttpclient.netty.request.NettyRequestSender - Using open Channel [id: 0xecac08e3, L:/127.0.0.1:51920 - R:localhost/127.0.0.1:48143] for GET '/session/d976744674bcaf9032d7640c0a81ed2d/element/03673465-4d0e-4124-bf98-59f0bc629be3/name'
10:56:32.340 [AsyncHttpClient-1-2] DEBUG org.asynchttpclient.netty.handler.HttpHandler - 

Request DefaultFullHttpRequest(decodeResult: success, version: HTTP/1.1, content: EmptyByteBufBE)
GET /session/d976744674bcaf9032d7640c0a81ed2d/element/03673465-4d0e-4124-bf98-59f0bc629be3/name HTTP/1.1
User-Agent: selenium/4.8.0 (java windows)
Cache-Control: no-cache
Content-Type: application/json; charset=utf-8
host: localhost:48143
accept: */*

Response DefaultHttpResponse(decodeResult: success, version: HTTP/1.1)
HTTP/1.1 200 OK
Content-Length: 16
Content-Type: application/json; charset=utf-8
cache-control: no-cache

10:56:32.340 [AsyncHttpClient-1-2] DEBUG org.asynchttpclient.netty.channel.ChannelManager - Adding key: http://localhost:48143 for channel [id: 0xecac08e3, L:/127.0.0.1:51920 - R:localhost/127.0.0.1:48143]
10:56:32.342 [Forwarding getElementTagName on session d976744674bcaf9032d7640c0a81ed2d to remote] DEBUG org.asynchttpclient.netty.request.NettyRequestSender - Using pooled Channel '[id: 0xecac08e3, L:/127.0.0.1:51920 - R:localhost/127.0.0.1:48143]' for 'GET' to 'http://localhost:48143/session/d976744674bcaf9032d7640c0a81ed2d/element/03673465-4d0e-4124-bf98-59f0bc629be3/name'
10:56:32.342 [Forwarding getElementTagName on session d976744674bcaf9032d7640c0a81ed2d to remote] DEBUG org.asynchttpclient.netty.request.NettyRequestSender - Using open Channel [id: 0xecac08e3, L:/127.0.0.1:51920 - R:localhost/127.0.0.1:48143] for GET '/session/d976744674bcaf9032d7640c0a81ed2d/element/03673465-4d0e-4124-bf98-59f0bc629be3/name'
10:56:32.349 [AsyncHttpClient-1-2] DEBUG org.asynchttpclient.netty.handler.HttpHandler - 

Request DefaultFullHttpRequest(decodeResult: success, version: HTTP/1.1, content: EmptyByteBufBE)
GET /session/d976744674bcaf9032d7640c0a81ed2d/element/03673465-4d0e-4124-bf98-59f0bc629be3/name HTTP/1.1
User-Agent: selenium/4.8.0 (java windows)
Cache-Control: no-cache
Content-Type: application/json; charset=utf-8
host: localhost:48143
accept: */*

Response DefaultHttpResponse(decodeResult: success, version: HTTP/1.1)
HTTP/1.1 200 OK
Content-Length: 16
Content-Type: application/json; charset=utf-8
cache-control: no-cache

10:56:32.350 [AsyncHttpClient-1-2] DEBUG org.asynchttpclient.netty.channel.ChannelManager - Adding key: http://localhost:48143 for channel [id: 0xecac08e3, L:/127.0.0.1:51920 - R:localhost/127.0.0.1:48143]
10:56:32.353 [Forwarding findElement on session d976744674bcaf9032d7640c0a81ed2d to remote] DEBUG org.asynchttpclient.netty.request.NettyRequestSender - Using pooled Channel '[id: 0xecac08e3, L:/127.0.0.1:51920 - R:localhost/127.0.0.1:48143]' for 'POST' to 'http://localhost:48143/session/d976744674bcaf9032d7640c0a81ed2d/element'
10:56:32.353 [Forwarding findElement on session d976744674bcaf9032d7640c0a81ed2d to remote] DEBUG org.asynchttpclient.netty.request.NettyRequestSender - Using open Channel [id: 0xecac08e3, L:/127.0.0.1:51920 - R:localhost/127.0.0.1:48143] for POST '/session/d976744674bcaf9032d7640c0a81ed2d/element'
10:56:32.360 [AsyncHttpClient-1-2] DEBUG org.asynchttpclient.netty.handler.HttpHandler - 

Request DefaultHttpRequest(decodeResult: success, version: HTTP/1.1)
POST /session/d976744674bcaf9032d7640c0a81ed2d/element HTTP/1.1
User-Agent: selenium/4.8.0 (java windows)
Content-Length: 63
Content-Type: application/json; charset=utf-8
host: localhost:48143
accept: */*

Response DefaultHttpResponse(decodeResult: success, version: HTTP/1.1)
HTTP/1.1 200 OK
Content-Length: 88
Content-Type: application/json; charset=utf-8
cache-control: no-cache

10:56:32.360 [AsyncHttpClient-1-2] DEBUG org.asynchttpclient.netty.channel.ChannelManager - Adding key: http://localhost:48143 for channel [id: 0xecac08e3, L:/127.0.0.1:51920 - R:localhost/127.0.0.1:48143]
10:56:32.362 [Forwarding clickElement on session d976744674bcaf9032d7640c0a81ed2d to remote] DEBUG org.asynchttpclient.netty.request.NettyRequestSender - Using pooled Channel '[id: 0xecac08e3, L:/127.0.0.1:51920 - R:localhost/127.0.0.1:48143]' for 'POST' to 'http://localhost:48143/session/d976744674bcaf9032d7640c0a81ed2d/element/03673465-4d0e-4124-bf98-59f0bc629be3/click'
10:56:32.362 [Forwarding clickElement on session d976744674bcaf9032d7640c0a81ed2d to remote] DEBUG org.asynchttpclient.netty.request.NettyRequestSender - Using open Channel [id: 0xecac08e3, L:/127.0.0.1:51920 - R:localhost/127.0.0.1:48143] for POST '/session/d976744674bcaf9032d7640c0a81ed2d/element/03673465-4d0e-4124-bf98-59f0bc629be3/click'
10:56:32.409 [AsyncHttpClient-1-2] DEBUG org.asynchttpclient.netty.handler.HttpHandler - 

Request DefaultHttpRequest(decodeResult: success, version: HTTP/1.1)
POST /session/d976744674bcaf9032d7640c0a81ed2d/element/03673465-4d0e-4124-bf98-59f0bc629be3/click HTTP/1.1
User-Agent: selenium/4.8.0 (java windows)
Content-Length: 50
Content-Type: application/json; charset=utf-8
host: localhost:48143
accept: */*

Response DefaultHttpResponse(decodeResult: success, version: HTTP/1.1)
HTTP/1.1 200 OK
Content-Length: 14
Content-Type: application/json; charset=utf-8
cache-control: no-cache

10:56:32.409 [AsyncHttpClient-1-2] DEBUG org.asynchttpclient.netty.channel.ChannelManager - Adding key: http://localhost:48143 for channel [id: 0xecac08e3, L:/127.0.0.1:51920 - R:localhost/127.0.0.1:48143]
10:56:32.412 [main] DEBUG net.thucydides.core.steps.StepInterceptor - STEP DONE: userClickTheShoppingCart
  &amp#27;[32mAnd &amp#27;[0m&amp#27;[32muser click the shopping cart&amp#27;[0m                                   &amp#27;[90m# starter.stepdefinitions.LoginSteps.userClickTheShoppingCart()&amp#27;[0m
10:56:32.421 [main] DEBUG net.thucydides.core.steps.StepInterceptor - STARTING STEP: LoginSteps.userToTheCheckoutPage - userToTheCheckoutPage
10:56:32.423 [Forwarding findElement on session d976744674bcaf9032d7640c0a81ed2d to remote] DEBUG org.asynchttpclient.netty.request.NettyRequestSender - Using pooled Channel '[id: 0xecac08e3, L:/127.0.0.1:51920 - R:localhost/127.0.0.1:48143]' for 'POST' to 'http://localhost:48143/session/d976744674bcaf9032d7640c0a81ed2d/element'
10:56:32.423 [Forwarding findElement on session d976744674bcaf9032d7640c0a81ed2d to remote] DEBUG org.asynchttpclient.netty.request.NettyRequestSender - Using open Channel [id: 0xecac08e3, L:/127.0.0.1:51920 - R:localhost/127.0.0.1:48143] for POST '/session/d976744674bcaf9032d7640c0a81ed2d/element'
10:56:32.434 [AsyncHttpClient-1-2] DEBUG org.asynchttpclient.netty.handler.HttpHandler - 

Request DefaultHttpRequest(decodeResult: success, version: HTTP/1.1)
POST /session/d976744674bcaf9032d7640c0a81ed2d/element HTTP/1.1
User-Agent: selenium/4.8.0 (java windows)
Content-Length: 73
Content-Type: application/json; charset=utf-8
host: localhost:48143
accept: */*

Response DefaultHttpResponse(decodeResult: success, version: HTTP/1.1)
HTTP/1.1 200 OK
Content-Length: 88
Content-Type: application/json; charset=utf-8
cache-control: no-cache

10:56:32.434 [AsyncHttpClient-1-2] DEBUG org.asynchttpclient.netty.channel.ChannelManager - Adding key: http://localhost:48143 for channel [id: 0xecac08e3, L:/127.0.0.1:51920 - R:localhost/127.0.0.1:48143]
10:56:32.436 [AsyncHttpClient-1-1] DEBUG org.asynchttpclient.netty.channel.DefaultChannelPool - Entry count for : http://localhost:51922 : 1
10:56:32.436 [AsyncHttpClient-1-1] DEBUG org.asynchttpclient.netty.channel.DefaultChannelPool - Entry count for : http://localhost:48143 : 1
10:56:32.437 [Forwarding isElementDisplayed on session d976744674bcaf9032d7640c0a81ed2d to remote] DEBUG org.asynchttpclient.netty.request.NettyRequestSender - Using pooled Channel '[id: 0xecac08e3, L:/127.0.0.1:51920 - R:localhost/127.0.0.1:48143]' for 'POST' to 'http://localhost:48143/session/d976744674bcaf9032d7640c0a81ed2d/execute/sync'
10:56:32.437 [Forwarding isElementDisplayed on session d976744674bcaf9032d7640c0a81ed2d to remote] DEBUG org.asynchttpclient.netty.request.NettyRequestSender - Using open Channel [id: 0xecac08e3, L:/127.0.0.1:51920 - R:localhost/127.0.0.1:48143] for POST '/session/d976744674bcaf9032d7640c0a81ed2d/execute/sync'
10:56:32.445 [AsyncHttpClient-1-2] DEBUG org.asynchttpclient.netty.handler.HttpHandler - 

Request DefaultHttpRequest(decodeResult: success, version: HTTP/1.1)
POST /session/d976744674bcaf9032d7640c0a81ed2d/execute/sync HTTP/1.1
User-Agent: selenium/4.8.0 (java windows)
Content-Length: 48807
Content-Type: application/json; charset=utf-8
host: localhost:48143
accept: */*

Response DefaultHttpResponse(decodeResult: success, version: HTTP/1.1)
HTTP/1.1 200 OK
Content-Length: 14
Content-Type: application/json; charset=utf-8
cache-control: no-cache

10:56:32.447 [AsyncHttpClient-1-2] DEBUG org.asynchttpclient.netty.channel.ChannelManager - Adding key: http://localhost:48143 for channel [id: 0xecac08e3, L:/127.0.0.1:51920 - R:localhost/127.0.0.1:48143]
10:56:32.448 [main] DEBUG net.thucydides.core.steps.StepInterceptor - STEP DONE: userToTheCheckoutPage
  &amp#27;[32mAnd &amp#27;[0m&amp#27;[32muser to the checkout page&amp#27;[0m                                      &amp#27;[90m# starter.stepdefinitions.LoginSteps.userToTheCheckoutPage()&amp#27;[0m
10:56:32.455 [main] DEBUG net.thucydides.core.steps.StepInterceptor - STARTING STEP: LoginSteps.userClickCheckoutButton - userClickCheckoutButton
10:56:32.458 [Forwarding findElement on session d976744674bcaf9032d7640c0a81ed2d to remote] DEBUG org.asynchttpclient.netty.request.NettyRequestSender - Using pooled Channel '[id: 0xecac08e3, L:/127.0.0.1:51920 - R:localhost/127.0.0.1:48143]' for 'POST' to 'http://localhost:48143/session/d976744674bcaf9032d7640c0a81ed2d/element'
10:56:32.458 [Forwarding findElement on session d976744674bcaf9032d7640c0a81ed2d to remote] DEBUG org.asynchttpclient.netty.request.NettyRequestSender - Using open Channel [id: 0xecac08e3, L:/127.0.0.1:51920 - R:localhost/127.0.0.1:48143] for POST '/session/d976744674bcaf9032d7640c0a81ed2d/element'
10:56:32.468 [AsyncHttpClient-1-2] DEBUG org.asynchttpclient.netty.handler.HttpHandler - 

Request DefaultHttpRequest(decodeResult: success, version: HTTP/1.1)
POST /session/d976744674bcaf9032d7640c0a81ed2d/element HTTP/1.1
User-Agent: selenium/4.8.0 (java windows)
Content-Length: 74
Content-Type: application/json; charset=utf-8
host: localhost:48143
accept: */*

Response DefaultHttpResponse(decodeResult: success, version: HTTP/1.1)
HTTP/1.1 200 OK
Content-Length: 88
Content-Type: application/json; charset=utf-8
cache-control: no-cache

10:56:32.468 [AsyncHttpClient-1-2] DEBUG org.asynchttpclient.netty.channel.ChannelManager - Adding key: http://localhost:48143 for channel [id: 0xecac08e3, L:/127.0.0.1:51920 - R:localhost/127.0.0.1:48143]
10:56:32.469 [Forwarding getElementTagName on session d976744674bcaf9032d7640c0a81ed2d to remote] DEBUG org.asynchttpclient.netty.request.NettyRequestSender - Using pooled Channel '[id: 0xecac08e3, L:/127.0.0.1:51920 - R:localhost/127.0.0.1:48143]' for 'GET' to 'http://localhost:48143/session/d976744674bcaf9032d7640c0a81ed2d/element/37ff2d64-6107-4ee5-a769-c048ab343e19/name'
10:56:32.470 [Forwarding getElementTagName on session d976744674bcaf9032d7640c0a81ed2d to remote] DEBUG org.asynchttpclient.netty.request.NettyRequestSender - Using open Channel [id: 0xecac08e3, L:/127.0.0.1:51920 - R:localhost/127.0.0.1:48143] for GET '/session/d976744674bcaf9032d7640c0a81ed2d/element/37ff2d64-6107-4ee5-a769-c048ab343e19/name'
10:56:32.473 [AsyncHttpClient-1-2] DEBUG org.asynchttpclient.netty.handler.HttpHandler - 

Request DefaultFullHttpRequest(decodeResult: success, version: HTTP/1.1, content: EmptyByteBufBE)
GET /session/d976744674bcaf9032d7640c0a81ed2d/element/37ff2d64-6107-4ee5-a769-c048ab343e19/name HTTP/1.1
User-Agent: selenium/4.8.0 (java windows)
Cache-Control: no-cache
Content-Type: application/json; charset=utf-8
host: localhost:48143
accept: */*

Response DefaultHttpResponse(decodeResult: success, version: HTTP/1.1)
HTTP/1.1 200 OK
Content-Length: 18
Content-Type: application/json; charset=utf-8
cache-control: no-cache

10:56:32.474 [AsyncHttpClient-1-2] DEBUG org.asynchttpclient.netty.channel.ChannelManager - Adding key: http://localhost:48143 for channel [id: 0xecac08e3, L:/127.0.0.1:51920 - R:localhost/127.0.0.1:48143]
10:56:32.475 [Forwarding getElementTagName on session d976744674bcaf9032d7640c0a81ed2d to remote] DEBUG org.asynchttpclient.netty.request.NettyRequestSender - Using pooled Channel '[id: 0xecac08e3, L:/127.0.0.1:51920 - R:localhost/127.0.0.1:48143]' for 'GET' to 'http://localhost:48143/session/d976744674bcaf9032d7640c0a81ed2d/element/37ff2d64-6107-4ee5-a769-c048ab343e19/name'
10:56:32.475 [Forwarding getElementTagName on session d976744674bcaf9032d7640c0a81ed2d to remote] DEBUG org.asynchttpclient.netty.request.NettyRequestSender - Using open Channel [id: 0xecac08e3, L:/127.0.0.1:51920 - R:localhost/127.0.0.1:48143] for GET '/session/d976744674bcaf9032d7640c0a81ed2d/element/37ff2d64-6107-4ee5-a769-c048ab343e19/name'
10:56:32.478 [AsyncHttpClient-1-2] DEBUG org.asynchttpclient.netty.handler.HttpHandler - 

Request DefaultFullHttpRequest(decodeResult: success, version: HTTP/1.1, content: EmptyByteBufBE)
GET /session/d976744674bcaf9032d7640c0a81ed2d/element/37ff2d64-6107-4ee5-a769-c048ab343e19/name HTTP/1.1
User-Agent: selenium/4.8.0 (java windows)
Cache-Control: no-cache
Content-Type: application/json; charset=utf-8
host: localhost:48143
accept: */*

Response DefaultHttpResponse(decodeResult: success, version: HTTP/1.1)
HTTP/1.1 200 OK
Content-Length: 18
Content-Type: application/json; charset=utf-8
cache-control: no-cache

10:56:32.479 [AsyncHttpClient-1-2] DEBUG org.asynchttpclient.netty.channel.ChannelManager - Adding key: http://localhost:48143 for channel [id: 0xecac08e3, L:/127.0.0.1:51920 - R:localhost/127.0.0.1:48143]
10:56:32.481 [Forwarding isElementEnabled on session d976744674bcaf9032d7640c0a81ed2d to remote] DEBUG org.asynchttpclient.netty.request.NettyRequestSender - Using pooled Channel '[id: 0xecac08e3, L:/127.0.0.1:51920 - R:localhost/127.0.0.1:48143]' for 'GET' to 'http://localhost:48143/session/d976744674bcaf9032d7640c0a81ed2d/element/37ff2d64-6107-4ee5-a769-c048ab343e19/enabled'
10:56:32.481 [Forwarding isElementEnabled on session d976744674bcaf9032d7640c0a81ed2d to remote] DEBUG org.asynchttpclient.netty.request.NettyRequestSender - Using open Channel [id: 0xecac08e3, L:/127.0.0.1:51920 - R:localhost/127.0.0.1:48143] for GET '/session/d976744674bcaf9032d7640c0a81ed2d/element/37ff2d64-6107-4ee5-a769-c048ab343e19/enabled'
10:56:32.489 [AsyncHttpClient-1-2] DEBUG org.asynchttpclient.netty.handler.HttpHandler - 

Request DefaultFullHttpRequest(decodeResult: success, version: HTTP/1.1, content: EmptyByteBufBE)
GET /session/d976744674bcaf9032d7640c0a81ed2d/element/37ff2d64-6107-4ee5-a769-c048ab343e19/enabled HTTP/1.1
User-Agent: selenium/4.8.0 (java windows)
Cache-Control: no-cache
Content-Type: application/json; charset=utf-8
host: localhost:48143
accept: */*

Response DefaultHttpResponse(decodeResult: success, version: HTTP/1.1)
HTTP/1.1 200 OK
Content-Length: 14
Content-Type: application/json; charset=utf-8
cache-control: no-cache

10:56:32.489 [AsyncHttpClient-1-2] DEBUG org.asynchttpclient.netty.channel.ChannelManager - Adding key: http://localhost:48143 for channel [id: 0xecac08e3, L:/127.0.0.1:51920 - R:localhost/127.0.0.1:48143]
10:56:32.490 [Forwarding isElementEnabled on session d976744674bcaf9032d7640c0a81ed2d to remote] DEBUG org.asynchttpclient.netty.request.NettyRequestSender - Using pooled Channel '[id: 0xecac08e3, L:/127.0.0.1:51920 - R:localhost/127.0.0.1:48143]' for 'GET' to 'http://localhost:48143/session/d976744674bcaf9032d7640c0a81ed2d/element/37ff2d64-6107-4ee5-a769-c048ab343e19/enabled'
10:56:32.491 [Forwarding isElementEnabled on session d976744674bcaf9032d7640c0a81ed2d to remote] DEBUG org.asynchttpclient.netty.request.NettyRequestSender - Using open Channel [id: 0xecac08e3, L:/127.0.0.1:51920 - R:localhost/127.0.0.1:48143] for GET '/session/d976744674bcaf9032d7640c0a81ed2d/element/37ff2d64-6107-4ee5-a769-c048ab343e19/enabled'
10:56:32.497 [AsyncHttpClient-1-2] DEBUG org.asynchttpclient.netty.handler.HttpHandler - 

Request DefaultFullHttpRequest(decodeResult: success, version: HTTP/1.1, content: EmptyByteBufBE)
GET /session/d976744674bcaf9032d7640c0a81ed2d/element/37ff2d64-6107-4ee5-a769-c048ab343e19/enabled HTTP/1.1
User-Agent: selenium/4.8.0 (java windows)
Cache-Control: no-cache
Content-Type: application/json; charset=utf-8
host: localhost:48143
accept: */*

Response DefaultHttpResponse(decodeResult: success, version: HTTP/1.1)
HTTP/1.1 200 OK
Content-Length: 14
Content-Type: application/json; charset=utf-8
cache-control: no-cache

10:56:32.497 [AsyncHttpClient-1-2] DEBUG org.asynchttpclient.netty.channel.ChannelManager - Adding key: http://localhost:48143 for channel [id: 0xecac08e3, L:/127.0.0.1:51920 - R:localhost/127.0.0.1:48143]
10:56:32.499 [Forwarding findElement on session d976744674bcaf9032d7640c0a81ed2d to remote] DEBUG org.asynchttpclient.netty.request.NettyRequestSender - Using pooled Channel '[id: 0xecac08e3, L:/127.0.0.1:51920 - R:localhost/127.0.0.1:48143]' for 'POST' to 'http://localhost:48143/session/d976744674bcaf9032d7640c0a81ed2d/element'
10:56:32.499 [Forwarding findElement on session d976744674bcaf9032d7640c0a81ed2d to remote] DEBUG org.asynchttpclient.netty.request.NettyRequestSender - Using open Channel [id: 0xecac08e3, L:/127.0.0.1:51920 - R:localhost/127.0.0.1:48143] for POST '/session/d976744674bcaf9032d7640c0a81ed2d/element'
10:56:32.505 [AsyncHttpClient-1-2] DEBUG org.asynchttpclient.netty.handler.HttpHandler - 

Request DefaultHttpRequest(decodeResult: success, version: HTTP/1.1)
POST /session/d976744674bcaf9032d7640c0a81ed2d/element HTTP/1.1
User-Agent: selenium/4.8.0 (java windows)
Content-Length: 74
Content-Type: application/json; charset=utf-8
host: localhost:48143
accept: */*

Response DefaultHttpResponse(decodeResult: success, version: HTTP/1.1)
HTTP/1.1 200 OK
Content-Length: 88
Content-Type: application/json; charset=utf-8
cache-control: no-cache

10:56:32.506 [AsyncHttpClient-1-2] DEBUG org.asynchttpclient.netty.channel.ChannelManager - Adding key: http://localhost:48143 for channel [id: 0xecac08e3, L:/127.0.0.1:51920 - R:localhost/127.0.0.1:48143]
10:56:32.508 [Forwarding clickElement on session d976744674bcaf9032d7640c0a81ed2d to remote] DEBUG org.asynchttpclient.netty.request.NettyRequestSender - Using pooled Channel '[id: 0xecac08e3, L:/127.0.0.1:51920 - R:localhost/127.0.0.1:48143]' for 'POST' to 'http://localhost:48143/session/d976744674bcaf9032d7640c0a81ed2d/element/37ff2d64-6107-4ee5-a769-c048ab343e19/click'
10:56:32.508 [Forwarding clickElement on session d976744674bcaf9032d7640c0a81ed2d to remote] DEBUG org.asynchttpclient.netty.request.NettyRequestSender - Using open Channel [id: 0xecac08e3, L:/127.0.0.1:51920 - R:localhost/127.0.0.1:48143] for POST '/session/d976744674bcaf9032d7640c0a81ed2d/element/37ff2d64-6107-4ee5-a769-c048ab343e19/click'
10:56:32.557 [AsyncHttpClient-1-2] DEBUG org.asynchttpclient.netty.handler.HttpHandler - 

Request DefaultHttpRequest(decodeResult: success, version: HTTP/1.1)
POST /session/d976744674bcaf9032d7640c0a81ed2d/element/37ff2d64-6107-4ee5-a769-c048ab343e19/click HTTP/1.1
User-Agent: selenium/4.8.0 (java windows)
Content-Length: 50
Content-Type: application/json; charset=utf-8
host: localhost:48143
accept: */*

Response DefaultHttpResponse(decodeResult: success, version: HTTP/1.1)
HTTP/1.1 200 OK
Content-Length: 14
Content-Type: application/json; charset=utf-8
cache-control: no-cache

10:56:32.557 [AsyncHttpClient-1-2] DEBUG org.asynchttpclient.netty.channel.ChannelManager - Adding key: http://localhost:48143 for channel [id: 0xecac08e3, L:/127.0.0.1:51920 - R:localhost/127.0.0.1:48143]
10:56:32.561 [main] DEBUG net.thucydides.core.steps.StepInterceptor - STEP DONE: userClickCheckoutButton
  &amp#27;[32mAnd &amp#27;[0m&amp#27;[32muser click checkout button&amp#27;[0m                                     &amp#27;[90m# starter.stepdefinitions.LoginSteps.userClickCheckoutButton()&amp#27;[0m
10:56:32.570 [main] DEBUG net.thucydides.core.steps.StepInterceptor - STARTING STEP: LoginSteps.userToThePersonalDataInformationPage - userToThePersonalDataInformationPage
10:56:32.572 [Forwarding findElement on session d976744674bcaf9032d7640c0a81ed2d to remote] DEBUG org.asynchttpclient.netty.request.NettyRequestSender - Using pooled Channel '[id: 0xecac08e3, L:/127.0.0.1:51920 - R:localhost/127.0.0.1:48143]' for 'POST' to 'http://localhost:48143/session/d976744674bcaf9032d7640c0a81ed2d/element'
10:56:32.572 [Forwarding findElement on session d976744674bcaf9032d7640c0a81ed2d to remote] DEBUG org.asynchttpclient.netty.request.NettyRequestSender - Using open Channel [id: 0xecac08e3, L:/127.0.0.1:51920 - R:localhost/127.0.0.1:48143] for POST '/session/d976744674bcaf9032d7640c0a81ed2d/element'
10:56:32.584 [AsyncHttpClient-1-2] DEBUG org.asynchttpclient.netty.handler.HttpHandler - 

Request DefaultHttpRequest(decodeResult: success, version: HTTP/1.1)
POST /session/d976744674bcaf9032d7640c0a81ed2d/element HTTP/1.1
User-Agent: selenium/4.8.0 (java windows)
Content-Length: 90
Content-Type: application/json; charset=utf-8
host: localhost:48143
accept: */*

Response DefaultHttpResponse(decodeResult: success, version: HTTP/1.1)
HTTP/1.1 200 OK
Content-Length: 88
Content-Type: application/json; charset=utf-8
cache-control: no-cache

10:56:32.584 [AsyncHttpClient-1-2] DEBUG org.asynchttpclient.netty.channel.ChannelManager - Adding key: http://localhost:48143 for channel [id: 0xecac08e3, L:/127.0.0.1:51920 - R:localhost/127.0.0.1:48143]
10:56:32.587 [Forwarding isElementDisplayed on session d976744674bcaf9032d7640c0a81ed2d to remote] DEBUG org.asynchttpclient.netty.request.NettyRequestSender - Using pooled Channel '[id: 0xecac08e3, L:/127.0.0.1:51920 - R:localhost/127.0.0.1:48143]' for 'POST' to 'http://localhost:48143/session/d976744674bcaf9032d7640c0a81ed2d/execute/sync'
10:56:32.587 [Forwarding isElementDisplayed on session d976744674bcaf9032d7640c0a81ed2d to remote] DEBUG org.asynchttpclient.netty.request.NettyRequestSender - Using open Channel [id: 0xecac08e3, L:/127.0.0.1:51920 - R:localhost/127.0.0.1:48143] for POST '/session/d976744674bcaf9032d7640c0a81ed2d/execute/sync'
10:56:32.598 [AsyncHttpClient-1-2] DEBUG org.asynchttpclient.netty.handler.HttpHandler - 

Request DefaultHttpRequest(decodeResult: success, version: HTTP/1.1)
POST /session/d976744674bcaf9032d7640c0a81ed2d/execute/sync HTTP/1.1
User-Agent: selenium/4.8.0 (java windows)
Content-Length: 48807
Content-Type: application/json; charset=utf-8
host: localhost:48143
accept: */*

Response DefaultHttpResponse(decodeResult: success, version: HTTP/1.1)
HTTP/1.1 200 OK
Content-Length: 14
Content-Type: application/json; charset=utf-8
cache-control: no-cache

10:56:32.598 [AsyncHttpClient-1-2] DEBUG org.asynchttpclient.netty.channel.ChannelManager - Adding key: http://localhost:48143 for channel [id: 0xecac08e3, L:/127.0.0.1:51920 - R:localhost/127.0.0.1:48143]
10:56:32.600 [main] DEBUG net.thucydides.core.steps.StepInterceptor - STEP DONE: userToThePersonalDataInformationPage
  &amp#27;[32mAnd &amp#27;[0m&amp#27;[32muser to the personal data information page&amp#27;[0m                     &amp#27;[90m# starter.stepdefinitions.LoginSteps.userToThePersonalDataInformationPage()&amp#27;[0m
10:56:32.607 [main] DEBUG net.thucydides.core.steps.StepInterceptor - STARTING STEP: LoginSteps.userFillFirstNameField - userFillFirstNameField
10:56:32.610 [Forwarding findElement on session d976744674bcaf9032d7640c0a81ed2d to remote] DEBUG org.asynchttpclient.netty.request.NettyRequestSender - Using pooled Channel '[id: 0xecac08e3, L:/127.0.0.1:51920 - R:localhost/127.0.0.1:48143]' for 'POST' to 'http://localhost:48143/session/d976744674bcaf9032d7640c0a81ed2d/element'
10:56:32.610 [Forwarding findElement on session d976744674bcaf9032d7640c0a81ed2d to remote] DEBUG org.asynchttpclient.netty.request.NettyRequestSender - Using open Channel [id: 0xecac08e3, L:/127.0.0.1:51920 - R:localhost/127.0.0.1:48143] for POST '/session/d976744674bcaf9032d7640c0a81ed2d/element'
10:56:32.620 [AsyncHttpClient-1-2] DEBUG org.asynchttpclient.netty.handler.HttpHandler - 

Request DefaultHttpRequest(decodeResult: success, version: HTTP/1.1)
POST /session/d976744674bcaf9032d7640c0a81ed2d/element HTTP/1.1
User-Agent: selenium/4.8.0 (java windows)
Content-Length: 57
Content-Type: application/json; charset=utf-8
host: localhost:48143
accept: */*

Response DefaultHttpResponse(decodeResult: success, version: HTTP/1.1)
HTTP/1.1 200 OK
Content-Length: 88
Content-Type: application/json; charset=utf-8
cache-control: no-cache

10:56:32.621 [AsyncHttpClient-1-2] DEBUG org.asynchttpclient.netty.channel.ChannelManager - Adding key: http://localhost:48143 for channel [id: 0xecac08e3, L:/127.0.0.1:51920 - R:localhost/127.0.0.1:48143]
10:56:32.622 [Forwarding clearElement on session d976744674bcaf9032d7640c0a81ed2d to remote] DEBUG org.asynchttpclient.netty.request.NettyRequestSender - Using pooled Channel '[id: 0xecac08e3, L:/127.0.0.1:51920 - R:localhost/127.0.0.1:48143]' for 'POST' to 'http://localhost:48143/session/d976744674bcaf9032d7640c0a81ed2d/element/23621812-90cb-4ec0-a801-4dc715b9a4c1/clear'
10:56:32.622 [Forwarding clearElement on session d976744674bcaf9032d7640c0a81ed2d to remote] DEBUG org.asynchttpclient.netty.request.NettyRequestSender - Using open Channel [id: 0xecac08e3, L:/127.0.0.1:51920 - R:localhost/127.0.0.1:48143] for POST '/session/d976744674bcaf9032d7640c0a81ed2d/element/23621812-90cb-4ec0-a801-4dc715b9a4c1/clear'
10:56:32.666 [AsyncHttpClient-1-2] DEBUG org.asynchttpclient.netty.handler.HttpHandler - 

Request DefaultHttpRequest(decodeResult: success, version: HTTP/1.1)
POST /session/d976744674bcaf9032d7640c0a81ed2d/element/23621812-90cb-4ec0-a801-4dc715b9a4c1/clear HTTP/1.1
User-Agent: selenium/4.8.0 (java windows)
Content-Length: 50
Content-Type: application/json; charset=utf-8
host: localhost:48143
accept: */*

Response DefaultHttpResponse(decodeResult: success, version: HTTP/1.1)
HTTP/1.1 200 OK
Content-Length: 14
Content-Type: application/json; charset=utf-8
cache-control: no-cache

10:56:32.666 [AsyncHttpClient-1-2] DEBUG org.asynchttpclient.netty.channel.ChannelManager - Adding key: http://localhost:48143 for channel [id: 0xecac08e3, L:/127.0.0.1:51920 - R:localhost/127.0.0.1:48143]
10:56:32.668 [Forwarding sendKeysToElement on session d976744674bcaf9032d7640c0a81ed2d to remote] DEBUG org.asynchttpclient.netty.request.NettyRequestSender - Using pooled Channel '[id: 0xecac08e3, L:/127.0.0.1:51920 - R:localhost/127.0.0.1:48143]' for 'POST' to 'http://localhost:48143/session/d976744674bcaf9032d7640c0a81ed2d/element/23621812-90cb-4ec0-a801-4dc715b9a4c1/value'
10:56:32.668 [Forwarding sendKeysToElement on session d976744674bcaf9032d7640c0a81ed2d to remote] DEBUG org.asynchttpclient.netty.request.NettyRequestSender - Using open Channel [id: 0xecac08e3, L:/127.0.0.1:51920 - R:localhost/127.0.0.1:48143] for POST '/session/d976744674bcaf9032d7640c0a81ed2d/element/23621812-90cb-4ec0-a801-4dc715b9a4c1/value'
10:56:32.732 [AsyncHttpClient-1-2] DEBUG org.asynchttpclient.netty.handler.HttpHandler - 

Request DefaultHttpRequest(decodeResult: success, version: HTTP/1.1)
POST /session/d976744674bcaf9032d7640c0a81ed2d/element/23621812-90cb-4ec0-a801-4dc715b9a4c1/value HTTP/1.1
User-Agent: selenium/4.8.0 (java windows)
Content-Length: 131
Content-Type: application/json; charset=utf-8
host: localhost:48143
accept: */*

Response DefaultHttpResponse(decodeResult: success, version: HTTP/1.1)
HTTP/1.1 200 OK
Content-Length: 14
Content-Type: application/json; charset=utf-8
cache-control: no-cache

10:56:32.732 [AsyncHttpClient-1-2] DEBUG org.asynchttpclient.netty.channel.ChannelManager - Adding key: http://localhost:48143 for channel [id: 0xecac08e3, L:/127.0.0.1:51920 - R:localhost/127.0.0.1:48143]
10:56:32.735 [main] DEBUG net.thucydides.core.steps.StepInterceptor - STEP DONE: userFillFirstNameField
  &amp#27;[32mAnd &amp#27;[0m&amp#27;[32muser fill first name field&amp#27;[0m                                     &amp#27;[90m# starter.stepdefinitions.LoginSteps.userFillFirstNameField()&amp#27;[0m
10:56:32.742 [main] DEBUG net.thucydides.core.steps.StepInterceptor - STARTING STEP: LoginSteps.userFillLastNameField - userFillLastNameField
10:56:32.744 [Forwarding findElement on session d976744674bcaf9032d7640c0a81ed2d to remote] DEBUG org.asynchttpclient.netty.request.NettyRequestSender - Using pooled Channel '[id: 0xecac08e3, L:/127.0.0.1:51920 - R:localhost/127.0.0.1:48143]' for 'POST' to 'http://localhost:48143/session/d976744674bcaf9032d7640c0a81ed2d/element'
10:56:32.744 [Forwarding findElement on session d976744674bcaf9032d7640c0a81ed2d to remote] DEBUG org.asynchttpclient.netty.request.NettyRequestSender - Using open Channel [id: 0xecac08e3, L:/127.0.0.1:51920 - R:localhost/127.0.0.1:48143] for POST '/session/d976744674bcaf9032d7640c0a81ed2d/element'
10:56:32.762 [AsyncHttpClient-1-2] DEBUG org.asynchttpclient.netty.handler.HttpHandler - 

Request DefaultHttpRequest(decodeResult: success, version: HTTP/1.1)
POST /session/d976744674bcaf9032d7640c0a81ed2d/element HTTP/1.1
User-Agent: selenium/4.8.0 (java windows)
Content-Length: 56
Content-Type: application/json; charset=utf-8
host: localhost:48143
accept: */*

Response DefaultHttpResponse(decodeResult: success, version: HTTP/1.1)
HTTP/1.1 200 OK
Content-Length: 88
Content-Type: application/json; charset=utf-8
cache-control: no-cache

10:56:32.762 [AsyncHttpClient-1-2] DEBUG org.asynchttpclient.netty.channel.ChannelManager - Adding key: http://localhost:48143 for channel [id: 0xecac08e3, L:/127.0.0.1:51920 - R:localhost/127.0.0.1:48143]
10:56:32.764 [Forwarding clearElement on session d976744674bcaf9032d7640c0a81ed2d to remote] DEBUG org.asynchttpclient.netty.request.NettyRequestSender - Using pooled Channel '[id: 0xecac08e3, L:/127.0.0.1:51920 - R:localhost/127.0.0.1:48143]' for 'POST' to 'http://localhost:48143/session/d976744674bcaf9032d7640c0a81ed2d/element/11fa7762-140f-4bb4-8980-40790d494f43/clear'
10:56:32.764 [Forwarding clearElement on session d976744674bcaf9032d7640c0a81ed2d to remote] DEBUG org.asynchttpclient.netty.request.NettyRequestSender - Using open Channel [id: 0xecac08e3, L:/127.0.0.1:51920 - R:localhost/127.0.0.1:48143] for POST '/session/d976744674bcaf9032d7640c0a81ed2d/element/11fa7762-140f-4bb4-8980-40790d494f43/clear'
10:56:32.793 [AsyncHttpClient-1-2] DEBUG org.asynchttpclient.netty.handler.HttpHandler - 

Request DefaultHttpRequest(decodeResult: success, version: HTTP/1.1)
POST /session/d976744674bcaf9032d7640c0a81ed2d/element/11fa7762-140f-4bb4-8980-40790d494f43/clear HTTP/1.1
User-Agent: selenium/4.8.0 (java windows)
Content-Length: 50
Content-Type: application/json; charset=utf-8
host: localhost:48143
accept: */*

Response DefaultHttpResponse(decodeResult: success, version: HTTP/1.1)
HTTP/1.1 200 OK
Content-Length: 14
Content-Type: application/json; charset=utf-8
cache-control: no-cache

10:56:32.793 [AsyncHttpClient-1-2] DEBUG org.asynchttpclient.netty.channel.ChannelManager - Adding key: http://localhost:48143 for channel [id: 0xecac08e3, L:/127.0.0.1:51920 - R:localhost/127.0.0.1:48143]
10:56:32.795 [Forwarding sendKeysToElement on session d976744674bcaf9032d7640c0a81ed2d to remote] DEBUG org.asynchttpclient.netty.request.NettyRequestSender - Using pooled Channel '[id: 0xecac08e3, L:/127.0.0.1:51920 - R:localhost/127.0.0.1:48143]' for 'POST' to 'http://localhost:48143/session/d976744674bcaf9032d7640c0a81ed2d/element/11fa7762-140f-4bb4-8980-40790d494f43/value'
10:56:32.795 [Forwarding sendKeysToElement on session d976744674bcaf9032d7640c0a81ed2d to remote] DEBUG org.asynchttpclient.netty.request.NettyRequestSender - Using open Channel [id: 0xecac08e3, L:/127.0.0.1:51920 - R:localhost/127.0.0.1:48143] for POST '/session/d976744674bcaf9032d7640c0a81ed2d/element/11fa7762-140f-4bb4-8980-40790d494f43/value'
10:56:32.877 [AsyncHttpClient-1-2] DEBUG org.asynchttpclient.netty.handler.HttpHandler - 

Request DefaultHttpRequest(decodeResult: success, version: HTTP/1.1)
POST /session/d976744674bcaf9032d7640c0a81ed2d/element/11fa7762-140f-4bb4-8980-40790d494f43/value HTTP/1.1
User-Agent: selenium/4.8.0 (java windows)
Content-Length: 151
Content-Type: application/json; charset=utf-8
host: localhost:48143
accept: */*

Response DefaultHttpResponse(decodeResult: success, version: HTTP/1.1)
HTTP/1.1 200 OK
Content-Length: 14
Content-Type: application/json; charset=utf-8
cache-control: no-cache

10:56:32.877 [AsyncHttpClient-1-2] DEBUG org.asynchttpclient.netty.channel.ChannelManager - Adding key: http://localhost:48143 for channel [id: 0xecac08e3, L:/127.0.0.1:51920 - R:localhost/127.0.0.1:48143]
10:56:32.881 [main] DEBUG net.thucydides.core.steps.StepInterceptor - STEP DONE: userFillLastNameField
  &amp#27;[32mAnd &amp#27;[0m&amp#27;[32muser fill last name field&amp#27;[0m                                      &amp#27;[90m# starter.stepdefinitions.LoginSteps.userFillLastNameField()&amp#27;[0m
10:56:32.888 [main] DEBUG net.thucydides.core.steps.StepInterceptor - STARTING STEP: LoginSteps.userFillPostalCodeField - userFillPostalCodeField
10:56:32.890 [Forwarding findElement on session d976744674bcaf9032d7640c0a81ed2d to remote] DEBUG org.asynchttpclient.netty.request.NettyRequestSender - Using pooled Channel '[id: 0xecac08e3, L:/127.0.0.1:51920 - R:localhost/127.0.0.1:48143]' for 'POST' to 'http://localhost:48143/session/d976744674bcaf9032d7640c0a81ed2d/element'
10:56:32.890 [Forwarding findElement on session d976744674bcaf9032d7640c0a81ed2d to remote] DEBUG org.asynchttpclient.netty.request.NettyRequestSender - Using open Channel [id: 0xecac08e3, L:/127.0.0.1:51920 - R:localhost/127.0.0.1:48143] for POST '/session/d976744674bcaf9032d7640c0a81ed2d/element'
10:56:32.900 [AsyncHttpClient-1-2] DEBUG org.asynchttpclient.netty.handler.HttpHandler - 

Request DefaultHttpRequest(decodeResult: success, version: HTTP/1.1)
POST /session/d976744674bcaf9032d7640c0a81ed2d/element HTTP/1.1
User-Agent: selenium/4.8.0 (java windows)
Content-Length: 58
Content-Type: application/json; charset=utf-8
host: localhost:48143
accept: */*

Response DefaultHttpResponse(decodeResult: success, version: HTTP/1.1)
HTTP/1.1 200 OK
Content-Length: 88
Content-Type: application/json; charset=utf-8
cache-control: no-cache

10:56:32.900 [AsyncHttpClient-1-2] DEBUG org.asynchttpclient.netty.channel.ChannelManager - Adding key: http://localhost:48143 for channel [id: 0xecac08e3, L:/127.0.0.1:51920 - R:localhost/127.0.0.1:48143]
10:56:32.902 [Forwarding clearElement on session d976744674bcaf9032d7640c0a81ed2d to remote] DEBUG org.asynchttpclient.netty.request.NettyRequestSender - Using pooled Channel '[id: 0xecac08e3, L:/127.0.0.1:51920 - R:localhost/127.0.0.1:48143]' for 'POST' to 'http://localhost:48143/session/d976744674bcaf9032d7640c0a81ed2d/element/1a96c2d1-e790-43d4-8010-1f78c0ea16f0/clear'
10:56:32.902 [Forwarding clearElement on session d976744674bcaf9032d7640c0a81ed2d to remote] DEBUG org.asynchttpclient.netty.request.NettyRequestSender - Using open Channel [id: 0xecac08e3, L:/127.0.0.1:51920 - R:localhost/127.0.0.1:48143] for POST '/session/d976744674bcaf9032d7640c0a81ed2d/element/1a96c2d1-e790-43d4-8010-1f78c0ea16f0/clear'
10:56:32.938 [AsyncHttpClient-1-2] DEBUG org.asynchttpclient.netty.handler.HttpHandler - 

Request DefaultHttpRequest(decodeResult: success, version: HTTP/1.1)
POST /session/d976744674bcaf9032d7640c0a81ed2d/element/1a96c2d1-e790-43d4-8010-1f78c0ea16f0/clear HTTP/1.1
User-Agent: selenium/4.8.0 (java windows)
Content-Length: 50
Content-Type: application/json; charset=utf-8
host: localhost:48143
accept: */*

Response DefaultHttpResponse(decodeResult: success, version: HTTP/1.1)
HTTP/1.1 200 OK
Content-Length: 14
Content-Type: application/json; charset=utf-8
cache-control: no-cache

10:56:32.939 [AsyncHttpClient-1-2] DEBUG org.asynchttpclient.netty.channel.ChannelManager - Adding key: http://localhost:48143 for channel [id: 0xecac08e3, L:/127.0.0.1:51920 - R:localhost/127.0.0.1:48143]
10:56:32.940 [Forwarding sendKeysToElement on session d976744674bcaf9032d7640c0a81ed2d to remote] DEBUG org.asynchttpclient.netty.request.NettyRequestSender - Using pooled Channel '[id: 0xecac08e3, L:/127.0.0.1:51920 - R:localhost/127.0.0.1:48143]' for 'POST' to 'http://localhost:48143/session/d976744674bcaf9032d7640c0a81ed2d/element/1a96c2d1-e790-43d4-8010-1f78c0ea16f0/value'
10:56:32.940 [Forwarding sendKeysToElement on session d976744674bcaf9032d7640c0a81ed2d to remote] DEBUG org.asynchttpclient.netty.request.NettyRequestSender - Using open Channel [id: 0xecac08e3, L:/127.0.0.1:51920 - R:localhost/127.0.0.1:48143] for POST '/session/d976744674bcaf9032d7640c0a81ed2d/element/1a96c2d1-e790-43d4-8010-1f78c0ea16f0/value'
10:56:33.010 [AsyncHttpClient-1-2] DEBUG org.asynchttpclient.netty.handler.HttpHandler - 

Request DefaultHttpRequest(decodeResult: success, version: HTTP/1.1)
POST /session/d976744674bcaf9032d7640c0a81ed2d/element/1a96c2d1-e790-43d4-8010-1f78c0ea16f0/value HTTP/1.1
User-Agent: selenium/4.8.0 (java windows)
Content-Length: 131
Content-Type: application/json; charset=utf-8
host: localhost:48143
accept: */*

Response DefaultHttpResponse(decodeResult: success, version: HTTP/1.1)
HTTP/1.1 200 OK
Content-Length: 14
Content-Type: application/json; charset=utf-8
cache-control: no-cache

10:56:33.010 [AsyncHttpClient-1-2] DEBUG org.asynchttpclient.netty.channel.ChannelManager - Adding key: http://localhost:48143 for channel [id: 0xecac08e3, L:/127.0.0.1:51920 - R:localhost/127.0.0.1:48143]
10:56:33.015 [main] DEBUG net.thucydides.core.steps.StepInterceptor - STEP DONE: userFillPostalCodeField
  &amp#27;[32mAnd &amp#27;[0m&amp#27;[32muser fill postal code field&amp#27;[0m                                    &amp#27;[90m# starter.stepdefinitions.LoginSteps.userFillPostalCodeField()&amp#27;[0m
10:56:33.022 [main] DEBUG net.thucydides.core.steps.StepInterceptor - STARTING STEP: LoginSteps.userClickContinueButton - userClickContinueButton
10:56:33.025 [Forwarding findElement on session d976744674bcaf9032d7640c0a81ed2d to remote] DEBUG org.asynchttpclient.netty.request.NettyRequestSender - Using pooled Channel '[id: 0xecac08e3, L:/127.0.0.1:51920 - R:localhost/127.0.0.1:48143]' for 'POST' to 'http://localhost:48143/session/d976744674bcaf9032d7640c0a81ed2d/element'
10:56:33.025 [Forwarding findElement on session d976744674bcaf9032d7640c0a81ed2d to remote] DEBUG org.asynchttpclient.netty.request.NettyRequestSender - Using open Channel [id: 0xecac08e3, L:/127.0.0.1:51920 - R:localhost/127.0.0.1:48143] for POST '/session/d976744674bcaf9032d7640c0a81ed2d/element'
10:56:33.035 [AsyncHttpClient-1-2] DEBUG org.asynchttpclient.netty.handler.HttpHandler - 

Request DefaultHttpRequest(decodeResult: success, version: HTTP/1.1)
POST /session/d976744674bcaf9032d7640c0a81ed2d/element HTTP/1.1
User-Agent: selenium/4.8.0 (java windows)
Content-Length: 53
Content-Type: application/json; charset=utf-8
host: localhost:48143
accept: */*

Response DefaultHttpResponse(decodeResult: success, version: HTTP/1.1)
HTTP/1.1 200 OK
Content-Length: 88
Content-Type: application/json; charset=utf-8
cache-control: no-cache

10:56:33.036 [AsyncHttpClient-1-2] DEBUG org.asynchttpclient.netty.channel.ChannelManager - Adding key: http://localhost:48143 for channel [id: 0xecac08e3, L:/127.0.0.1:51920 - R:localhost/127.0.0.1:48143]
10:56:33.038 [Forwarding getElementTagName on session d976744674bcaf9032d7640c0a81ed2d to remote] DEBUG org.asynchttpclient.netty.request.NettyRequestSender - Using pooled Channel '[id: 0xecac08e3, L:/127.0.0.1:51920 - R:localhost/127.0.0.1:48143]' for 'GET' to 'http://localhost:48143/session/d976744674bcaf9032d7640c0a81ed2d/element/a3607967-37e3-471d-8351-c88dd4a3b5f0/name'
10:56:33.038 [Forwarding getElementTagName on session d976744674bcaf9032d7640c0a81ed2d to remote] DEBUG org.asynchttpclient.netty.request.NettyRequestSender - Using open Channel [id: 0xecac08e3, L:/127.0.0.1:51920 - R:localhost/127.0.0.1:48143] for GET '/session/d976744674bcaf9032d7640c0a81ed2d/element/a3607967-37e3-471d-8351-c88dd4a3b5f0/name'
10:56:33.042 [AsyncHttpClient-1-2] DEBUG org.asynchttpclient.netty.handler.HttpHandler - 

Request DefaultFullHttpRequest(decodeResult: success, version: HTTP/1.1, content: EmptyByteBufBE)
GET /session/d976744674bcaf9032d7640c0a81ed2d/element/a3607967-37e3-471d-8351-c88dd4a3b5f0/name HTTP/1.1
User-Agent: selenium/4.8.0 (java windows)
Cache-Control: no-cache
Content-Type: application/json; charset=utf-8
host: localhost:48143
accept: */*

Response DefaultHttpResponse(decodeResult: success, version: HTTP/1.1)
HTTP/1.1 200 OK
Content-Length: 17
Content-Type: application/json; charset=utf-8
cache-control: no-cache

10:56:33.042 [AsyncHttpClient-1-2] DEBUG org.asynchttpclient.netty.channel.ChannelManager - Adding key: http://localhost:48143 for channel [id: 0xecac08e3, L:/127.0.0.1:51920 - R:localhost/127.0.0.1:48143]
10:56:33.045 [Forwarding getElementTagName on session d976744674bcaf9032d7640c0a81ed2d to remote] DEBUG org.asynchttpclient.netty.request.NettyRequestSender - Using pooled Channel '[id: 0xecac08e3, L:/127.0.0.1:51920 - R:localhost/127.0.0.1:48143]' for 'GET' to 'http://localhost:48143/session/d976744674bcaf9032d7640c0a81ed2d/element/a3607967-37e3-471d-8351-c88dd4a3b5f0/name'
10:56:33.045 [Forwarding getElementTagName on session d976744674bcaf9032d7640c0a81ed2d to remote] DEBUG org.asynchttpclient.netty.request.NettyRequestSender - Using open Channel [id: 0xecac08e3, L:/127.0.0.1:51920 - R:localhost/127.0.0.1:48143] for GET '/session/d976744674bcaf9032d7640c0a81ed2d/element/a3607967-37e3-471d-8351-c88dd4a3b5f0/name'
10:56:33.049 [AsyncHttpClient-1-2] DEBUG org.asynchttpclient.netty.handler.HttpHandler - 

Request DefaultFullHttpRequest(decodeResult: success, version: HTTP/1.1, content: EmptyByteBufBE)
GET /session/d976744674bcaf9032d7640c0a81ed2d/element/a3607967-37e3-471d-8351-c88dd4a3b5f0/name HTTP/1.1
User-Agent: selenium/4.8.0 (java windows)
Cache-Control: no-cache
Content-Type: application/json; charset=utf-8
host: localhost:48143
accept: */*

Response DefaultHttpResponse(decodeResult: success, version: HTTP/1.1)
HTTP/1.1 200 OK
Content-Length: 17
Content-Type: application/json; charset=utf-8
cache-control: no-cache

10:56:33.049 [AsyncHttpClient-1-2] DEBUG org.asynchttpclient.netty.channel.ChannelManager - Adding key: http://localhost:48143 for channel [id: 0xecac08e3, L:/127.0.0.1:51920 - R:localhost/127.0.0.1:48143]
10:56:33.051 [Forwarding isElementEnabled on session d976744674bcaf9032d7640c0a81ed2d to remote] DEBUG org.asynchttpclient.netty.request.NettyRequestSender - Using pooled Channel '[id: 0xecac08e3, L:/127.0.0.1:51920 - R:localhost/127.0.0.1:48143]' for 'GET' to 'http://localhost:48143/session/d976744674bcaf9032d7640c0a81ed2d/element/a3607967-37e3-471d-8351-c88dd4a3b5f0/enabled'
10:56:33.051 [Forwarding isElementEnabled on session d976744674bcaf9032d7640c0a81ed2d to remote] DEBUG org.asynchttpclient.netty.request.NettyRequestSender - Using open Channel [id: 0xecac08e3, L:/127.0.0.1:51920 - R:localhost/127.0.0.1:48143] for GET '/session/d976744674bcaf9032d7640c0a81ed2d/element/a3607967-37e3-471d-8351-c88dd4a3b5f0/enabled'
10:56:33.059 [AsyncHttpClient-1-2] DEBUG org.asynchttpclient.netty.handler.HttpHandler - 

Request DefaultFullHttpRequest(decodeResult: success, version: HTTP/1.1, content: EmptyByteBufBE)
GET /session/d976744674bcaf9032d7640c0a81ed2d/element/a3607967-37e3-471d-8351-c88dd4a3b5f0/enabled HTTP/1.1
User-Agent: selenium/4.8.0 (java windows)
Cache-Control: no-cache
Content-Type: application/json; charset=utf-8
host: localhost:48143
accept: */*

Response DefaultHttpResponse(decodeResult: success, version: HTTP/1.1)
HTTP/1.1 200 OK
Content-Length: 14
Content-Type: application/json; charset=utf-8
cache-control: no-cache

10:56:33.060 [AsyncHttpClient-1-2] DEBUG org.asynchttpclient.netty.channel.ChannelManager - Adding key: http://localhost:48143 for channel [id: 0xecac08e3, L:/127.0.0.1:51920 - R:localhost/127.0.0.1:48143]
10:56:33.061 [Forwarding isElementEnabled on session d976744674bcaf9032d7640c0a81ed2d to remote] DEBUG org.asynchttpclient.netty.request.NettyRequestSender - Using pooled Channel '[id: 0xecac08e3, L:/127.0.0.1:51920 - R:localhost/127.0.0.1:48143]' for 'GET' to 'http://localhost:48143/session/d976744674bcaf9032d7640c0a81ed2d/element/a3607967-37e3-471d-8351-c88dd4a3b5f0/enabled'
10:56:33.062 [Forwarding isElementEnabled on session d976744674bcaf9032d7640c0a81ed2d to remote] DEBUG org.asynchttpclient.netty.request.NettyRequestSender - Using open Channel [id: 0xecac08e3, L:/127.0.0.1:51920 - R:localhost/127.0.0.1:48143] for GET '/session/d976744674bcaf9032d7640c0a81ed2d/element/a3607967-37e3-471d-8351-c88dd4a3b5f0/enabled'
10:56:33.066 [AsyncHttpClient-1-2] DEBUG org.asynchttpclient.netty.handler.HttpHandler - 

Request DefaultFullHttpRequest(decodeResult: success, version: HTTP/1.1, content: EmptyByteBufBE)
GET /session/d976744674bcaf9032d7640c0a81ed2d/element/a3607967-37e3-471d-8351-c88dd4a3b5f0/enabled HTTP/1.1
User-Agent: selenium/4.8.0 (java windows)
Cache-Control: no-cache
Content-Type: application/json; charset=utf-8
host: localhost:48143
accept: */*

Response DefaultHttpResponse(decodeResult: success, version: HTTP/1.1)
HTTP/1.1 200 OK
Content-Length: 14
Content-Type: application/json; charset=utf-8
cache-control: no-cache

10:56:33.068 [AsyncHttpClient-1-2] DEBUG org.asynchttpclient.netty.channel.ChannelManager - Adding key: http://localhost:48143 for channel [id: 0xecac08e3, L:/127.0.0.1:51920 - R:localhost/127.0.0.1:48143]
10:56:33.071 [Forwarding findElement on session d976744674bcaf9032d7640c0a81ed2d to remote] DEBUG org.asynchttpclient.netty.request.NettyRequestSender - Using pooled Channel '[id: 0xecac08e3, L:/127.0.0.1:51920 - R:localhost/127.0.0.1:48143]' for 'POST' to 'http://localhost:48143/session/d976744674bcaf9032d7640c0a81ed2d/element'
10:56:33.071 [Forwarding findElement on session d976744674bcaf9032d7640c0a81ed2d to remote] DEBUG org.asynchttpclient.netty.request.NettyRequestSender - Using open Channel [id: 0xecac08e3, L:/127.0.0.1:51920 - R:localhost/127.0.0.1:48143] for POST '/session/d976744674bcaf9032d7640c0a81ed2d/element'
10:56:33.077 [AsyncHttpClient-1-2] DEBUG org.asynchttpclient.netty.handler.HttpHandler - 

Request DefaultHttpRequest(decodeResult: success, version: HTTP/1.1)
POST /session/d976744674bcaf9032d7640c0a81ed2d/element HTTP/1.1
User-Agent: selenium/4.8.0 (java windows)
Content-Length: 53
Content-Type: application/json; charset=utf-8
host: localhost:48143
accept: */*

Response DefaultHttpResponse(decodeResult: success, version: HTTP/1.1)
HTTP/1.1 200 OK
Content-Length: 88
Content-Type: application/json; charset=utf-8
cache-control: no-cache

10:56:33.077 [AsyncHttpClient-1-2] DEBUG org.asynchttpclient.netty.channel.ChannelManager - Adding key: http://localhost:48143 for channel [id: 0xecac08e3, L:/127.0.0.1:51920 - R:localhost/127.0.0.1:48143]
10:56:33.078 [Forwarding clickElement on session d976744674bcaf9032d7640c0a81ed2d to remote] DEBUG org.asynchttpclient.netty.request.NettyRequestSender - Using pooled Channel '[id: 0xecac08e3, L:/127.0.0.1:51920 - R:localhost/127.0.0.1:48143]' for 'POST' to 'http://localhost:48143/session/d976744674bcaf9032d7640c0a81ed2d/element/a3607967-37e3-471d-8351-c88dd4a3b5f0/click'
10:56:33.079 [Forwarding clickElement on session d976744674bcaf9032d7640c0a81ed2d to remote] DEBUG org.asynchttpclient.netty.request.NettyRequestSender - Using open Channel [id: 0xecac08e3, L:/127.0.0.1:51920 - R:localhost/127.0.0.1:48143] for POST '/session/d976744674bcaf9032d7640c0a81ed2d/element/a3607967-37e3-471d-8351-c88dd4a3b5f0/click'
10:56:33.135 [AsyncHttpClient-1-2] DEBUG org.asynchttpclient.netty.handler.HttpHandler - 

Request DefaultHttpRequest(decodeResult: success, version: HTTP/1.1)
POST /session/d976744674bcaf9032d7640c0a81ed2d/element/a3607967-37e3-471d-8351-c88dd4a3b5f0/click HTTP/1.1
User-Agent: selenium/4.8.0 (java windows)
Content-Length: 50
Content-Type: application/json; charset=utf-8
host: localhost:48143
accept: */*

Response DefaultHttpResponse(decodeResult: success, version: HTTP/1.1)
HTTP/1.1 200 OK
Content-Length: 14
Content-Type: application/json; charset=utf-8
cache-control: no-cache

10:56:33.135 [AsyncHttpClient-1-2] DEBUG org.asynchttpclient.netty.channel.ChannelManager - Adding key: http://localhost:48143 for channel [id: 0xecac08e3, L:/127.0.0.1:51920 - R:localhost/127.0.0.1:48143]
10:56:33.138 [main] DEBUG net.thucydides.core.steps.StepInterceptor - STEP DONE: userClickContinueButton
  &amp#27;[32mAnd &amp#27;[0m&amp#27;[32muser click continue button&amp#27;[0m                                     &amp#27;[90m# starter.stepdefinitions.LoginSteps.userClickContinueButton()&amp#27;[0m
10:56:33.148 [main] DEBUG net.thucydides.core.steps.StepInterceptor - STARTING STEP: LoginSteps.userOnTheOverviewCheckoutPage - userOnTheOverviewCheckoutPage
10:56:33.150 [Forwarding findElement on session d976744674bcaf9032d7640c0a81ed2d to remote] DEBUG org.asynchttpclient.netty.request.NettyRequestSender - Using pooled Channel '[id: 0xecac08e3, L:/127.0.0.1:51920 - R:localhost/127.0.0.1:48143]' for 'POST' to 'http://localhost:48143/session/d976744674bcaf9032d7640c0a81ed2d/element'
10:56:33.150 [Forwarding findElement on session d976744674bcaf9032d7640c0a81ed2d to remote] DEBUG org.asynchttpclient.netty.request.NettyRequestSender - Using open Channel [id: 0xecac08e3, L:/127.0.0.1:51920 - R:localhost/127.0.0.1:48143] for POST '/session/d976744674bcaf9032d7640c0a81ed2d/element'
10:56:33.160 [AsyncHttpClient-1-2] DEBUG org.asynchttpclient.netty.handler.HttpHandler - 

Request DefaultHttpRequest(decodeResult: success, version: HTTP/1.1)
POST /session/d976744674bcaf9032d7640c0a81ed2d/element HTTP/1.1
User-Agent: selenium/4.8.0 (java windows)
Content-Length: 82
Content-Type: application/json; charset=utf-8
host: localhost:48143
accept: */*

Response DefaultHttpResponse(decodeResult: success, version: HTTP/1.1)
HTTP/1.1 200 OK
Content-Length: 88
Content-Type: application/json; charset=utf-8
cache-control: no-cache

10:56:33.161 [AsyncHttpClient-1-2] DEBUG org.asynchttpclient.netty.channel.ChannelManager - Adding key: http://localhost:48143 for channel [id: 0xecac08e3, L:/127.0.0.1:51920 - R:localhost/127.0.0.1:48143]
10:56:33.165 [Forwarding isElementDisplayed on session d976744674bcaf9032d7640c0a81ed2d to remote] DEBUG org.asynchttpclient.netty.request.NettyRequestSender - Using pooled Channel '[id: 0xecac08e3, L:/127.0.0.1:51920 - R:localhost/127.0.0.1:48143]' for 'POST' to 'http://localhost:48143/session/d976744674bcaf9032d7640c0a81ed2d/execute/sync'
10:56:33.165 [Forwarding isElementDisplayed on session d976744674bcaf9032d7640c0a81ed2d to remote] DEBUG org.asynchttpclient.netty.request.NettyRequestSender - Using open Channel [id: 0xecac08e3, L:/127.0.0.1:51920 - R:localhost/127.0.0.1:48143] for POST '/session/d976744674bcaf9032d7640c0a81ed2d/execute/sync'
10:56:33.174 [AsyncHttpClient-1-2] DEBUG org.asynchttpclient.netty.handler.HttpHandler - 

Request DefaultHttpRequest(decodeResult: success, version: HTTP/1.1)
POST /session/d976744674bcaf9032d7640c0a81ed2d/execute/sync HTTP/1.1
User-Agent: selenium/4.8.0 (java windows)
Content-Length: 48807
Content-Type: application/json; charset=utf-8
host: localhost:48143
accept: */*

Response DefaultHttpResponse(decodeResult: success, version: HTTP/1.1)
HTTP/1.1 200 OK
Content-Length: 14
Content-Type: application/json; charset=utf-8
cache-control: no-cache

10:56:33.175 [AsyncHttpClient-1-2] DEBUG org.asynchttpclient.netty.channel.ChannelManager - Adding key: http://localhost:48143 for channel [id: 0xecac08e3, L:/127.0.0.1:51920 - R:localhost/127.0.0.1:48143]
10:56:33.176 [main] DEBUG net.thucydides.core.steps.StepInterceptor - STEP DONE: userOnTheOverviewCheckoutPage
  &amp#27;[32mAnd &amp#27;[0m&amp#27;[32muser on the overview checkout page&amp#27;[0m                             &amp#27;[90m# starter.stepdefinitions.LoginSteps.userOnTheOverviewCheckoutPage()&amp#27;[0m
10:56:33.184 [main] DEBUG net.thucydides.core.steps.StepInterceptor - STARTING STEP: LoginSteps.userGetThePriceTotal - userGetThePriceTotal
10:56:33.186 [Forwarding findElement on session d976744674bcaf9032d7640c0a81ed2d to remote] DEBUG org.asynchttpclient.netty.request.NettyRequestSender - Using pooled Channel '[id: 0xecac08e3, L:/127.0.0.1:51920 - R:localhost/127.0.0.1:48143]' for 'POST' to 'http://localhost:48143/session/d976744674bcaf9032d7640c0a81ed2d/element'
10:56:33.186 [Forwarding findElement on session d976744674bcaf9032d7640c0a81ed2d to remote] DEBUG org.asynchttpclient.netty.request.NettyRequestSender - Using open Channel [id: 0xecac08e3, L:/127.0.0.1:51920 - R:localhost/127.0.0.1:48143] for POST '/session/d976744674bcaf9032d7640c0a81ed2d/element'
10:56:33.196 [AsyncHttpClient-1-2] DEBUG org.asynchttpclient.netty.handler.HttpHandler - 

Request DefaultHttpRequest(decodeResult: success, version: HTTP/1.1)
POST /session/d976744674bcaf9032d7640c0a81ed2d/element HTTP/1.1
User-Agent: selenium/4.8.0 (java windows)
Content-Length: 71
Content-Type: application/json; charset=utf-8
host: localhost:48143
accept: */*

Response DefaultHttpResponse(decodeResult: success, version: HTTP/1.1)
HTTP/1.1 200 OK
Content-Length: 88
Content-Type: application/json; charset=utf-8
cache-control: no-cache

10:56:33.196 [AsyncHttpClient-1-2] DEBUG org.asynchttpclient.netty.channel.ChannelManager - Adding key: http://localhost:48143 for channel [id: 0xecac08e3, L:/127.0.0.1:51920 - R:localhost/127.0.0.1:48143]
10:56:33.199 [Forwarding isElementDisplayed on session d976744674bcaf9032d7640c0a81ed2d to remote] DEBUG org.asynchttpclient.netty.request.NettyRequestSender - Using pooled Channel '[id: 0xecac08e3, L:/127.0.0.1:51920 - R:localhost/127.0.0.1:48143]' for 'POST' to 'http://localhost:48143/session/d976744674bcaf9032d7640c0a81ed2d/execute/sync'
10:56:33.199 [Forwarding isElementDisplayed on session d976744674bcaf9032d7640c0a81ed2d to remote] DEBUG org.asynchttpclient.netty.request.NettyRequestSender - Using open Channel [id: 0xecac08e3, L:/127.0.0.1:51920 - R:localhost/127.0.0.1:48143] for POST '/session/d976744674bcaf9032d7640c0a81ed2d/execute/sync'
10:56:33.209 [AsyncHttpClient-1-2] DEBUG org.asynchttpclient.netty.handler.HttpHandler - 

Request DefaultHttpRequest(decodeResult: success, version: HTTP/1.1)
POST /session/d976744674bcaf9032d7640c0a81ed2d/execute/sync HTTP/1.1
User-Agent: selenium/4.8.0 (java windows)
Content-Length: 48807
Content-Type: application/json; charset=utf-8
host: localhost:48143
accept: */*

Response DefaultHttpResponse(decodeResult: success, version: HTTP/1.1)
HTTP/1.1 200 OK
Content-Length: 14
Content-Type: application/json; charset=utf-8
cache-control: no-cache

10:56:33.209 [AsyncHttpClient-1-2] DEBUG org.asynchttpclient.netty.channel.ChannelManager - Adding key: http://localhost:48143 for channel [id: 0xecac08e3, L:/127.0.0.1:51920 - R:localhost/127.0.0.1:48143]
10:56:33.210 [main] DEBUG net.thucydides.core.steps.StepInterceptor - STEP DONE: userGetThePriceTotal
  &amp#27;[32mAnd &amp#27;[0m&amp#27;[32muser get the price total&amp#27;[0m                                       &amp#27;[90m# starter.stepdefinitions.LoginSteps.userGetThePriceTotal()&amp#27;[0m
10:56:33.220 [main] DEBUG net.thucydides.core.steps.StepInterceptor - STARTING STEP: LoginSteps.userClickFinishButton - userClickFinishButton
10:56:33.223 [Forwarding findElement on session d976744674bcaf9032d7640c0a81ed2d to remote] DEBUG org.asynchttpclient.netty.request.NettyRequestSender - Using pooled Channel '[id: 0xecac08e3, L:/127.0.0.1:51920 - R:localhost/127.0.0.1:48143]' for 'POST' to 'http://localhost:48143/session/d976744674bcaf9032d7640c0a81ed2d/element'
10:56:33.223 [Forwarding findElement on session d976744674bcaf9032d7640c0a81ed2d to remote] DEBUG org.asynchttpclient.netty.request.NettyRequestSender - Using open Channel [id: 0xecac08e3, L:/127.0.0.1:51920 - R:localhost/127.0.0.1:48143] for POST '/session/d976744674bcaf9032d7640c0a81ed2d/element'
10:56:33.232 [AsyncHttpClient-1-2] DEBUG org.asynchttpclient.netty.handler.HttpHandler - 

Request DefaultHttpRequest(decodeResult: success, version: HTTP/1.1)
POST /session/d976744674bcaf9032d7640c0a81ed2d/element HTTP/1.1
User-Agent: selenium/4.8.0 (java windows)
Content-Length: 51
Content-Type: application/json; charset=utf-8
host: localhost:48143
accept: */*

Response DefaultHttpResponse(decodeResult: success, version: HTTP/1.1)
HTTP/1.1 200 OK
Content-Length: 88
Content-Type: application/json; charset=utf-8
cache-control: no-cache

10:56:33.232 [AsyncHttpClient-1-2] DEBUG org.asynchttpclient.netty.channel.ChannelManager - Adding key: http://localhost:48143 for channel [id: 0xecac08e3, L:/127.0.0.1:51920 - R:localhost/127.0.0.1:48143]
10:56:33.235 [Forwarding getElementTagName on session d976744674bcaf9032d7640c0a81ed2d to remote] DEBUG org.asynchttpclient.netty.request.NettyRequestSender - Using pooled Channel '[id: 0xecac08e3, L:/127.0.0.1:51920 - R:localhost/127.0.0.1:48143]' for 'GET' to 'http://localhost:48143/session/d976744674bcaf9032d7640c0a81ed2d/element/f2bf922f-99d9-48c4-80be-8b01532c7a70/name'
10:56:33.235 [Forwarding getElementTagName on session d976744674bcaf9032d7640c0a81ed2d to remote] DEBUG org.asynchttpclient.netty.request.NettyRequestSender - Using open Channel [id: 0xecac08e3, L:/127.0.0.1:51920 - R:localhost/127.0.0.1:48143] for GET '/session/d976744674bcaf9032d7640c0a81ed2d/element/f2bf922f-99d9-48c4-80be-8b01532c7a70/name'
10:56:33.240 [AsyncHttpClient-1-2] DEBUG org.asynchttpclient.netty.handler.HttpHandler - 

Request DefaultFullHttpRequest(decodeResult: success, version: HTTP/1.1, content: EmptyByteBufBE)
GET /session/d976744674bcaf9032d7640c0a81ed2d/element/f2bf922f-99d9-48c4-80be-8b01532c7a70/name HTTP/1.1
User-Agent: selenium/4.8.0 (java windows)
Cache-Control: no-cache
Content-Type: application/json; charset=utf-8
host: localhost:48143
accept: */*

Response DefaultHttpResponse(decodeResult: success, version: HTTP/1.1)
HTTP/1.1 200 OK
Content-Length: 18
Content-Type: application/json; charset=utf-8
cache-control: no-cache

10:56:33.240 [AsyncHttpClient-1-2] DEBUG org.asynchttpclient.netty.channel.ChannelManager - Adding key: http://localhost:48143 for channel [id: 0xecac08e3, L:/127.0.0.1:51920 - R:localhost/127.0.0.1:48143]
10:56:33.242 [Forwarding getElementTagName on session d976744674bcaf9032d7640c0a81ed2d to remote] DEBUG org.asynchttpclient.netty.request.NettyRequestSender - Using pooled Channel '[id: 0xecac08e3, L:/127.0.0.1:51920 - R:localhost/127.0.0.1:48143]' for 'GET' to 'http://localhost:48143/session/d976744674bcaf9032d7640c0a81ed2d/element/f2bf922f-99d9-48c4-80be-8b01532c7a70/name'
10:56:33.242 [Forwarding getElementTagName on session d976744674bcaf9032d7640c0a81ed2d to remote] DEBUG org.asynchttpclient.netty.request.NettyRequestSender - Using open Channel [id: 0xecac08e3, L:/127.0.0.1:51920 - R:localhost/127.0.0.1:48143] for GET '/session/d976744674bcaf9032d7640c0a81ed2d/element/f2bf922f-99d9-48c4-80be-8b01532c7a70/name'
10:56:33.245 [AsyncHttpClient-1-2] DEBUG org.asynchttpclient.netty.handler.HttpHandler - 

Request DefaultFullHttpRequest(decodeResult: success, version: HTTP/1.1, content: EmptyByteBufBE)
GET /session/d976744674bcaf9032d7640c0a81ed2d/element/f2bf922f-99d9-48c4-80be-8b01532c7a70/name HTTP/1.1
User-Agent: selenium/4.8.0 (java windows)
Cache-Control: no-cache
Content-Type: application/json; charset=utf-8
host: localhost:48143
accept: */*

Response DefaultHttpResponse(decodeResult: success, version: HTTP/1.1)
HTTP/1.1 200 OK
Content-Length: 18
Content-Type: application/json; charset=utf-8
cache-control: no-cache

10:56:33.245 [AsyncHttpClient-1-2] DEBUG org.asynchttpclient.netty.channel.ChannelManager - Adding key: http://localhost:48143 for channel [id: 0xecac08e3, L:/127.0.0.1:51920 - R:localhost/127.0.0.1:48143]
10:56:33.247 [Forwarding isElementEnabled on session d976744674bcaf9032d7640c0a81ed2d to remote] DEBUG org.asynchttpclient.netty.request.NettyRequestSender - Using pooled Channel '[id: 0xecac08e3, L:/127.0.0.1:51920 - R:localhost/127.0.0.1:48143]' for 'GET' to 'http://localhost:48143/session/d976744674bcaf9032d7640c0a81ed2d/element/f2bf922f-99d9-48c4-80be-8b01532c7a70/enabled'
10:56:33.247 [Forwarding isElementEnabled on session d976744674bcaf9032d7640c0a81ed2d to remote] DEBUG org.asynchttpclient.netty.request.NettyRequestSender - Using open Channel [id: 0xecac08e3, L:/127.0.0.1:51920 - R:localhost/127.0.0.1:48143] for GET '/session/d976744674bcaf9032d7640c0a81ed2d/element/f2bf922f-99d9-48c4-80be-8b01532c7a70/enabled'
10:56:33.255 [AsyncHttpClient-1-2] DEBUG org.asynchttpclient.netty.handler.HttpHandler - 

Request DefaultFullHttpRequest(decodeResult: success, version: HTTP/1.1, content: EmptyByteBufBE)
GET /session/d976744674bcaf9032d7640c0a81ed2d/element/f2bf922f-99d9-48c4-80be-8b01532c7a70/enabled HTTP/1.1
User-Agent: selenium/4.8.0 (java windows)
Cache-Control: no-cache
Content-Type: application/json; charset=utf-8
host: localhost:48143
accept: */*

Response DefaultHttpResponse(decodeResult: success, version: HTTP/1.1)
HTTP/1.1 200 OK
Content-Length: 14
Content-Type: application/json; charset=utf-8
cache-control: no-cache

10:56:33.255 [AsyncHttpClient-1-2] DEBUG org.asynchttpclient.netty.channel.ChannelManager - Adding key: http://localhost:48143 for channel [id: 0xecac08e3, L:/127.0.0.1:51920 - R:localhost/127.0.0.1:48143]
10:56:33.256 [Forwarding isElementEnabled on session d976744674bcaf9032d7640c0a81ed2d to remote] DEBUG org.asynchttpclient.netty.request.NettyRequestSender - Using pooled Channel '[id: 0xecac08e3, L:/127.0.0.1:51920 - R:localhost/127.0.0.1:48143]' for 'GET' to 'http://localhost:48143/session/d976744674bcaf9032d7640c0a81ed2d/element/f2bf922f-99d9-48c4-80be-8b01532c7a70/enabled'
10:56:33.256 [Forwarding isElementEnabled on session d976744674bcaf9032d7640c0a81ed2d to remote] DEBUG org.asynchttpclient.netty.request.NettyRequestSender - Using open Channel [id: 0xecac08e3, L:/127.0.0.1:51920 - R:localhost/127.0.0.1:48143] for GET '/session/d976744674bcaf9032d7640c0a81ed2d/element/f2bf922f-99d9-48c4-80be-8b01532c7a70/enabled'
10:56:33.261 [AsyncHttpClient-1-2] DEBUG org.asynchttpclient.netty.handler.HttpHandler - 

Request DefaultFullHttpRequest(decodeResult: success, version: HTTP/1.1, content: EmptyByteBufBE)
GET /session/d976744674bcaf9032d7640c0a81ed2d/element/f2bf922f-99d9-48c4-80be-8b01532c7a70/enabled HTTP/1.1
User-Agent: selenium/4.8.0 (java windows)
Cache-Control: no-cache
Content-Type: application/json; charset=utf-8
host: localhost:48143
accept: */*

Response DefaultHttpResponse(decodeResult: success, version: HTTP/1.1)
HTTP/1.1 200 OK
Content-Length: 14
Content-Type: application/json; charset=utf-8
cache-control: no-cache

10:56:33.261 [AsyncHttpClient-1-2] DEBUG org.asynchttpclient.netty.channel.ChannelManager - Adding key: http://localhost:48143 for channel [id: 0xecac08e3, L:/127.0.0.1:51920 - R:localhost/127.0.0.1:48143]
10:56:33.264 [Forwarding findElement on session d976744674bcaf9032d7640c0a81ed2d to remote] DEBUG org.asynchttpclient.netty.request.NettyRequestSender - Using pooled Channel '[id: 0xecac08e3, L:/127.0.0.1:51920 - R:localhost/127.0.0.1:48143]' for 'POST' to 'http://localhost:48143/session/d976744674bcaf9032d7640c0a81ed2d/element'
10:56:33.264 [Forwarding findElement on session d976744674bcaf9032d7640c0a81ed2d to remote] DEBUG org.asynchttpclient.netty.request.NettyRequestSender - Using open Channel [id: 0xecac08e3, L:/127.0.0.1:51920 - R:localhost/127.0.0.1:48143] for POST '/session/d976744674bcaf9032d7640c0a81ed2d/element'
10:56:33.272 [AsyncHttpClient-1-2] DEBUG org.asynchttpclient.netty.handler.HttpHandler - 

Request DefaultHttpRequest(decodeResult: success, version: HTTP/1.1)
POST /session/d976744674bcaf9032d7640c0a81ed2d/element HTTP/1.1
User-Agent: selenium/4.8.0 (java windows)
Content-Length: 51
Content-Type: application/json; charset=utf-8
host: localhost:48143
accept: */*

Response DefaultHttpResponse(decodeResult: success, version: HTTP/1.1)
HTTP/1.1 200 OK
Content-Length: 88
Content-Type: application/json; charset=utf-8
cache-control: no-cache

10:56:33.273 [AsyncHttpClient-1-2] DEBUG org.asynchttpclient.netty.channel.ChannelManager - Adding key: http://localhost:48143 for channel [id: 0xecac08e3, L:/127.0.0.1:51920 - R:localhost/127.0.0.1:48143]
10:56:33.274 [Forwarding clickElement on session d976744674bcaf9032d7640c0a81ed2d to remote] DEBUG org.asynchttpclient.netty.request.NettyRequestSender - Using pooled Channel '[id: 0xecac08e3, L:/127.0.0.1:51920 - R:localhost/127.0.0.1:48143]' for 'POST' to 'http://localhost:48143/session/d976744674bcaf9032d7640c0a81ed2d/element/f2bf922f-99d9-48c4-80be-8b01532c7a70/click'
10:56:33.274 [Forwarding clickElement on session d976744674bcaf9032d7640c0a81ed2d to remote] DEBUG org.asynchttpclient.netty.request.NettyRequestSender - Using open Channel [id: 0xecac08e3, L:/127.0.0.1:51920 - R:localhost/127.0.0.1:48143] for POST '/session/d976744674bcaf9032d7640c0a81ed2d/element/f2bf922f-99d9-48c4-80be-8b01532c7a70/click'
10:56:33.339 [AsyncHttpClient-1-2] DEBUG org.asynchttpclient.netty.handler.HttpHandler - 

Request DefaultHttpRequest(decodeResult: success, version: HTTP/1.1)
POST /session/d976744674bcaf9032d7640c0a81ed2d/element/f2bf922f-99d9-48c4-80be-8b01532c7a70/click HTTP/1.1
User-Agent: selenium/4.8.0 (java windows)
Content-Length: 50
Content-Type: application/json; charset=utf-8
host: localhost:48143
accept: */*

Response DefaultHttpResponse(decodeResult: success, version: HTTP/1.1)
HTTP/1.1 200 OK
Content-Length: 14
Content-Type: application/json; charset=utf-8
cache-control: no-cache

10:56:33.339 [AsyncHttpClient-1-2] DEBUG org.asynchttpclient.netty.channel.ChannelManager - Adding key: http://localhost:48143 for channel [id: 0xecac08e3, L:/127.0.0.1:51920 - R:localhost/127.0.0.1:48143]
10:56:33.342 [main] DEBUG net.thucydides.core.steps.StepInterceptor - STEP DONE: userClickFinishButton
  &amp#27;[32mAnd &amp#27;[0m&amp#27;[32muser click finish button&amp#27;[0m                                       &amp#27;[90m# starter.stepdefinitions.LoginSteps.userClickFinishButton()&amp#27;[0m
10:56:33.352 [main] DEBUG net.thucydides.core.steps.StepInterceptor - STARTING STEP: LoginSteps.userSuccessfullyCheckoutInOne - userSuccessfullyCheckoutInOne
10:56:33.355 [Forwarding findElement on session d976744674bcaf9032d7640c0a81ed2d to remote] DEBUG org.asynchttpclient.netty.request.NettyRequestSender - Using pooled Channel '[id: 0xecac08e3, L:/127.0.0.1:51920 - R:localhost/127.0.0.1:48143]' for 'POST' to 'http://localhost:48143/session/d976744674bcaf9032d7640c0a81ed2d/element'
10:56:33.355 [Forwarding findElement on session d976744674bcaf9032d7640c0a81ed2d to remote] DEBUG org.asynchttpclient.netty.request.NettyRequestSender - Using open Channel [id: 0xecac08e3, L:/127.0.0.1:51920 - R:localhost/127.0.0.1:48143] for POST '/session/d976744674bcaf9032d7640c0a81ed2d/element'
10:56:33.366 [AsyncHttpClient-1-2] DEBUG org.asynchttpclient.netty.handler.HttpHandler - 

Request DefaultHttpRequest(decodeResult: success, version: HTTP/1.1)
POST /session/d976744674bcaf9032d7640c0a81ed2d/element HTTP/1.1
User-Agent: selenium/4.8.0 (java windows)
Content-Length: 87
Content-Type: application/json; charset=utf-8
host: localhost:48143
accept: */*

Response DefaultHttpResponse(decodeResult: success, version: HTTP/1.1)
HTTP/1.1 200 OK
Content-Length: 88
Content-Type: application/json; charset=utf-8
cache-control: no-cache

10:56:33.366 [AsyncHttpClient-1-2] DEBUG org.asynchttpclient.netty.channel.ChannelManager - Adding key: http://localhost:48143 for channel [id: 0xecac08e3, L:/127.0.0.1:51920 - R:localhost/127.0.0.1:48143]
10:56:33.367 [Forwarding getElementText on session d976744674bcaf9032d7640c0a81ed2d to remote] DEBUG org.asynchttpclient.netty.request.NettyRequestSender - Using pooled Channel '[id: 0xecac08e3, L:/127.0.0.1:51920 - R:localhost/127.0.0.1:48143]' for 'GET' to 'http://localhost:48143/session/d976744674bcaf9032d7640c0a81ed2d/element/e83a9e7a-9005-4d00-9979-ed388f32d2a0/text'
10:56:33.367 [Forwarding getElementText on session d976744674bcaf9032d7640c0a81ed2d to remote] DEBUG org.asynchttpclient.netty.request.NettyRequestSender - Using open Channel [id: 0xecac08e3, L:/127.0.0.1:51920 - R:localhost/127.0.0.1:48143] for GET '/session/d976744674bcaf9032d7640c0a81ed2d/element/e83a9e7a-9005-4d00-9979-ed388f32d2a0/text'
10:56:33.380 [AsyncHttpClient-1-2] DEBUG org.asynchttpclient.netty.handler.HttpHandler - 

Request DefaultFullHttpRequest(decodeResult: success, version: HTTP/1.1, content: EmptyByteBufBE)
GET /session/d976744674bcaf9032d7640c0a81ed2d/element/e83a9e7a-9005-4d00-9979-ed388f32d2a0/text HTTP/1.1
User-Agent: selenium/4.8.0 (java windows)
Cache-Control: no-cache
Content-Type: application/json; charset=utf-8
host: localhost:48143
accept: */*

Response DefaultHttpResponse(decodeResult: success, version: HTTP/1.1)
HTTP/1.1 200 OK
Content-Length: 37
Content-Type: application/json; charset=utf-8
cache-control: no-cache

10:56:33.380 [AsyncHttpClient-1-2] DEBUG org.asynchttpclient.netty.channel.ChannelManager - Adding key: http://localhost:48143 for channel [id: 0xecac08e3, L:/127.0.0.1:51920 - R:localhost/127.0.0.1:48143]
10:56:33.382 [main] DEBUG net.thucydides.core.steps.StepInterceptor - STEP DONE: userSuccessfullyCheckoutInOne
  &amp#27;[32mThen &amp#27;[0m&amp#27;[32muser successfully checkout in one &amp#27;[0m&amp#27;[32m&amp#27;[1m"Thank you for your order!"&amp#27;[0m &amp#27;[90m# starter.stepdefinitions.LoginSteps.userSuccessfullyCheckoutInOne(java.lang.String)&amp#27;[0m
10:56:33.385 [main] INFO  - 
  _____   ___   ___   _____     ___     _     ___   ___   ___   ___  
 |_   _| | __| / __| |_   _|   | _ \   /_\   / __| / __| | __| |   \ 
   | |   | _|  \__ \   | |     |  _/  / _ \  \__ \ \__ \ | _|  | |) |
   |_|   |___| |___/   |_|     |_|   /_/ \_\ |___/ |___/ |___| |___/ 

as user i can checkout my cart
----------------------------------------------------------------------
10:56:33.386 [AsyncHttpClient-1-4] DEBUG org.asynchttpclient.netty.handler.WebSocketHandler - Channel Closed: [id: 0xc0bbbde8, L:/127.0.0.1:51929 ! R:localhost/127.0.0.1:51922] with attribute NettyResponseFuture{currentRetry=0,
	isDone=1,
	isCancelled=0,
	asyncHandler=org.asynchttpclient.ws.WebSocketUpgradeHandler@7ac6bf9c,
	nettyRequest=org.asynchttpclient.netty.request.NettyRequest@419ae754,
	future=java.util.concurrent.CompletableFuture@59f73789[Completed normally],
	uri=ws://localhost:51922/devtools/browser/a83e5630-2a48-4033-9dc0-e0990518318d,
	keepAlive=true,
	redirectCount=0,
	timeoutsHolder=null,
	inAuth=0,
	touch=1680926188817}
10:56:33.387 [AsyncHttpClient-1-4] DEBUG org.asynchttpclient.netty.channel.ChannelManager - Closing Channel [id: 0xc0bbbde8, L:/127.0.0.1:51929 ! R:localhost/127.0.0.1:51922] 
10:56:33.388 [Driver Command Executor] DEBUG org.asynchttpclient.netty.request.NettyRequestSender - Using pooled Channel '[id: 0xecac08e3, L:/127.0.0.1:51920 - R:localhost/127.0.0.1:48143]' for 'DELETE' to 'http://localhost:48143/session/d976744674bcaf9032d7640c0a81ed2d'
10:56:33.389 [Driver Command Executor] DEBUG org.asynchttpclient.netty.request.NettyRequestSender - Using open Channel [id: 0xecac08e3, L:/127.0.0.1:51920 - R:localhost/127.0.0.1:48143] for DELETE '/session/d976744674bcaf9032d7640c0a81ed2d'
10:56:33.544 [AsyncHttpClient-1-1] DEBUG org.asynchttpclient.netty.channel.DefaultChannelPool - Entry count for : http://localhost:51922 : 1
10:56:33.723 [AsyncHttpClient-1-3] DEBUG org.asynchttpclient.netty.handler.HttpHandler - Unexpected I/O exception on channel [id: 0xe5959319, L:/127.0.0.1:51928 - R:localhost/127.0.0.1:51922]
java.io.IOException: An existing connection was forcibly closed by the remote host
	at sun.nio.ch.SocketDispatcher.read0(Native Method)
	at sun.nio.ch.SocketDispatcher.read(SocketDispatcher.java:43)
	at sun.nio.ch.IOUtil.readIntoNativeBuffer(IOUtil.java:223)
	at sun.nio.ch.IOUtil.read(IOUtil.java:192)
	at sun.nio.ch.SocketChannelImpl.read(SocketChannelImpl.java:378)
	at io.netty.buffer.PooledByteBuf.setBytes(PooledByteBuf.java:259)
	at io.netty.buffer.AbstractByteBuf.writeBytes(AbstractByteBuf.java:1132)
	at io.netty.channel.socket.nio.NioSocketChannel.doReadBytes(NioSocketChannel.java:357)
	at io.netty.channel.nio.AbstractNioByteChannel$NioByteUnsafe.read(AbstractNioByteChannel.java:151)
	at io.netty.channel.nio.NioEventLoop.processSelectedKey(NioEventLoop.java:788)
	at io.netty.channel.nio.NioEventLoop.processSelectedKeysOptimized(NioEventLoop.java:724)
	at io.netty.channel.nio.NioEventLoop.processSelectedKeys(NioEventLoop.java:650)
	at io.netty.channel.nio.NioEventLoop.run(NioEventLoop.java:562)
	at io.netty.util.concurrent.SingleThreadEventExecutor$4.run(SingleThreadEventExecutor.java:997)
	at io.netty.util.internal.ThreadExecutorMap$2.run(ThreadExecutorMap.java:74)
	at io.netty.util.concurrent.FastThreadLocalRunnable.run(FastThreadLocalRunnable.java:30)
	at java.lang.Thread.run(Thread.java:750)
10:56:33.723 [AsyncHttpClient-1-3] DEBUG org.asynchttpclient.netty.channel.ChannelManager - Closing Channel [id: 0xe5959319, L:/127.0.0.1:51928 - R:localhost/127.0.0.1:51922] 
10:56:33.723 [AsyncHttpClient-1-3] DEBUG org.asynchttpclient.netty.handler.HttpHandler - Channel Closed: [id: 0xe5959319, L:/127.0.0.1:51928 ! R:localhost/127.0.0.1:51922] with attribute DISCARD
10:56:33.737 [AsyncHttpClient-1-2] DEBUG org.asynchttpclient.netty.handler.HttpHandler - 

Request DefaultFullHttpRequest(decodeResult: success, version: HTTP/1.1, content: EmptyByteBufBE)
DELETE /session/d976744674bcaf9032d7640c0a81ed2d HTTP/1.1
User-Agent: selenium/4.8.0 (java windows)
Content-Type: application/json; charset=utf-8
host: localhost:48143
accept: */*

Response DefaultHttpResponse(decodeResult: success, version: HTTP/1.1)
HTTP/1.1 200 OK
Content-Length: 14
Content-Type: application/json; charset=utf-8
cache-control: no-cache

10:56:33.737 [AsyncHttpClient-1-2] DEBUG org.asynchttpclient.netty.channel.ChannelManager - Adding key: http://localhost:48143 for channel [id: 0xecac08e3, L:/127.0.0.1:51920 - R:localhost/127.0.0.1:48143]
10:56:33.805 [AsyncHttpClient-1-2] DEBUG org.asynchttpclient.netty.handler.HttpHandler - Channel Closed: [id: 0xecac08e3, L:/127.0.0.1:51920 ! R:localhost/127.0.0.1:48143] with attribute DISCARD
]]></system-out>
    <system-err><![CDATA[Starting ChromeDriver 112.0.5615.49 (bd2a7bcb881c11e8cfe3078709382934e3916914-refs/branch-heads/5615@{#936}) on port 48143
Only local connections are allowed.
Please see https://chromedriver.chromium.org/security-considerations for suggestions on keeping ChromeDriver safe.
ChromeDriver was started successfully.
Apr 08, 2023 10:56:28 AM org.openqa.selenium.devtools.CdpVersionFinder findNearestMatch
WARNING: Unable to find an exact match for CDP version 112, so returning the closest version found: 109
]]></system-err>
  </testcase>
  <testcase name="as user i can not checkout my cart" classname="As a user" time="8.457">
    <system-out><![CDATA[
@NegativeOverviewCheckout
Scenario: as user i can not checkout my cart                    &amp#27;[90m# src/test/resources/features/web/Login.feature:64&amp#27;[0m
10:56:34.385 [main] INFO io.cucumber.core.plugin.SerenityReporter - Running feature from file:///E:/SEMESTER%20VI/ALTA/web-automation-saucedemo/src/test/resources/features/web/Login.feature
10:56:34.387 [main] INFO  - 
  _____   ___   ___   _____     ___   _____     _     ___   _____   ___   ___  
 |_   _| | __| / __| |_   _|   / __| |_   _|   /_\   | _ \ |_   _| | __| |   \ 
   | |   | _|  \__ \   | |     \__ \   | |    / _ \  |   /   | |   | _|  | |) |
   |_|   |___| |___/   |_|     |___/   |_|   /_/ \_\ |_|_\   |_|   |___| |___/ 

as user i can not checkout my cart(as-a-user;as-user-i-can-not-checkout-my-cart)
--------------------------------------------------------------------------------
10:56:34.406 [main] DEBUG net.thucydides.core.steps.StepInterceptor - STARTING STEP: LoginSteps.userOnLoginPage - onLoginPage
10:56:34.628 [main] INFO net.serenitybdd.core.webdriver.driverproviders.ChromeDriverProvider - Starting Chrome driver instance with capabilities:
10:56:34.628 [main] INFO net.serenitybdd.core.webdriver.driverproviders.ChromeDriverProvider - Capabilities {acceptInsecureCerts: true, browserName: chrome, goog:chromeOptions: {args: [remote-allow-origins=*, test-type, no-sandbox, ignore-certificate-errors, start-maximized, incognito, disable-infobars, disable-gpu, disable-default-apps, disable-popup-blocking, remote-allow-origins=*, test-type, no-sandbox, ignore-certificate-errors, start-maximized, incognito, disable-infobars, disable-gpu, disable-default-apps, disable-popup-blocking], extensions: []}}
10:56:34.637 [AsyncHttpClient-1-1] DEBUG org.asynchttpclient.netty.channel.DefaultChannelPool - Entry count for : http://localhost:51922 : 1
10:56:34.637 [AsyncHttpClient-1-1] DEBUG org.asynchttpclient.netty.channel.DefaultChannelPool - Entry count for : http://localhost:48143 : 1
10:56:34.637 [AsyncHttpClient-1-1] DEBUG org.asynchttpclient.netty.channel.DefaultChannelPool - Adding Candidate expired Channel [id: 0xe5959319, L:/127.0.0.1:51928 ! R:localhost/127.0.0.1:51922] isIdleTimeoutExpired=false isRemotelyClosed=true isTtlExpired=false
10:56:34.637 [AsyncHttpClient-1-1] DEBUG org.asynchttpclient.netty.channel.DefaultChannelPool - Closing Idle Channel [id: 0xe5959319, L:/127.0.0.1:51928 ! R:localhost/127.0.0.1:51922]
10:56:34.637 [AsyncHttpClient-1-1] DEBUG org.asynchttpclient.netty.channel.DefaultChannelPool - Adding Candidate expired Channel [id: 0xecac08e3, L:/127.0.0.1:51920 ! R:localhost/127.0.0.1:48143] isIdleTimeoutExpired=false isRemotelyClosed=true isTtlExpired=false
10:56:34.637 [AsyncHttpClient-1-1] DEBUG org.asynchttpclient.netty.channel.DefaultChannelPool - Closing Idle Channel [id: 0xecac08e3, L:/127.0.0.1:51920 ! R:localhost/127.0.0.1:48143]
10:56:34.637 [AsyncHttpClient-1-1] DEBUG org.asynchttpclient.netty.channel.DefaultChannelPool - Closed 2 connections out of 2 in 0 ms
10:56:35.546 [AsyncHttpClient-1-5] DEBUG org.asynchttpclient.netty.channel.NettyConnectListener - Using new Channel '[id: 0x8ba06b9b, L:/127.0.0.1:51945 - R:localhost/127.0.0.1:3351]' for 'POST' to '/session'
10:56:37.542 [AsyncHttpClient-1-5] DEBUG org.asynchttpclient.netty.handler.HttpHandler - 

Request DefaultHttpRequest(decodeResult: success, version: HTTP/1.1)
POST /session HTTP/1.1
User-Agent: selenium/4.8.0 (java windows)
Content-Length: 1629
Content-Type: application/json; charset=utf-8
host: localhost:3351
accept: */*

Response DefaultHttpResponse(decodeResult: success, version: HTTP/1.1)
HTTP/1.1 200 OK
Content-Length: 855
Content-Type: application/json; charset=utf-8
cache-control: no-cache

10:56:37.542 [AsyncHttpClient-1-5] DEBUG org.asynchttpclient.netty.channel.ChannelManager - Adding key: http://localhost:3351 for channel [id: 0x8ba06b9b, L:/127.0.0.1:51945 - R:localhost/127.0.0.1:3351]
10:56:37.569 [AsyncHttpClient-1-2] DEBUG org.asynchttpclient.netty.channel.NettyConnectListener - Using new Channel '[id: 0x68493b53, L:/127.0.0.1:51952 - R:localhost/127.0.0.1:51946]' for 'GET' to '/json/version'
10:56:37.570 [AsyncHttpClient-1-2] DEBUG org.asynchttpclient.netty.handler.HttpHandler - 

Request DefaultFullHttpRequest(decodeResult: success, version: HTTP/1.1, content: EmptyByteBufBE)
GET /json/version HTTP/1.1
User-Agent: selenium/4.8.0 (java windows)
host: localhost:51946
accept: */*

Response DefaultHttpResponse(decodeResult: success, version: HTTP/1.1)
HTTP/1.1 200 OK
Content-Security-Policy: frame-ancestors 'none'
Content-Length: 422
Content-Type: application/json; charset=UTF-8

10:56:37.570 [AsyncHttpClient-1-2] DEBUG org.asynchttpclient.netty.channel.ChannelManager - Adding key: http://localhost:51946 for channel [id: 0x68493b53, L:/127.0.0.1:51952 - R:localhost/127.0.0.1:51946]
10:56:37.588 [AsyncHttpClient-1-3] DEBUG org.asynchttpclient.netty.channel.NettyConnectListener - Using new Channel '[id: 0x72c206e0, L:/127.0.0.1:51953 - R:localhost/127.0.0.1:51946]' for 'GET' to '/devtools/browser/725507fb-9f45-49d3-8b7b-80a6b180d1d3'
10:56:37.589 [AsyncHttpClient-1-3] DEBUG org.asynchttpclient.netty.handler.WebSocketHandler - 

Request DefaultFullHttpRequest(decodeResult: success, version: HTTP/1.1, content: EmptyByteBufBE)
GET /devtools/browser/725507fb-9f45-49d3-8b7b-80a6b180d1d3 HTTP/1.1
upgrade: websocket
connection: upgrade
sec-websocket-key: uSNFZhGuU0c10BkFNHMvtQ==
sec-websocket-version: 13
origin: http://localhost:51946
host: localhost:51946
accept: */*
user-agent: AHC/2.1

Response DefaultHttpResponse(decodeResult: success, version: HTTP/1.1)
HTTP/1.1 101 WebSocket Protocol Handshake
Upgrade: WebSocket
Connection: Upgrade
Sec-WebSocket-Accept: /B8b5nGS+swKz8H1PqK10E5/Meg=

10:56:37.600 [Forwarding get on session af33ce73ac963d11290f2ced7bdf10cf to remote] DEBUG org.asynchttpclient.netty.request.NettyRequestSender - Using pooled Channel '[id: 0x8ba06b9b, L:/127.0.0.1:51945 - R:localhost/127.0.0.1:3351]' for 'POST' to 'http://localhost:3351/session/af33ce73ac963d11290f2ced7bdf10cf/url'
10:56:37.600 [Forwarding get on session af33ce73ac963d11290f2ced7bdf10cf to remote] DEBUG org.asynchttpclient.netty.request.NettyRequestSender - Using open Channel [id: 0x8ba06b9b, L:/127.0.0.1:51945 - R:localhost/127.0.0.1:3351] for POST '/session/af33ce73ac963d11290f2ced7bdf10cf/url'
10:56:38.023 [AsyncHttpClient-1-1] DEBUG org.asynchttpclient.netty.channel.DefaultChannelPool - Entry count for : http://localhost:51946 : 1
10:56:39.041 [AsyncHttpClient-1-1] DEBUG org.asynchttpclient.netty.channel.DefaultChannelPool - Entry count for : http://localhost:51946 : 1
10:56:40.144 [AsyncHttpClient-1-1] DEBUG org.asynchttpclient.netty.channel.DefaultChannelPool - Entry count for : http://localhost:51946 : 1
10:56:40.424 [AsyncHttpClient-1-5] DEBUG org.asynchttpclient.netty.handler.HttpHandler - 

Request DefaultHttpRequest(decodeResult: success, version: HTTP/1.1)
POST /session/af33ce73ac963d11290f2ced7bdf10cf/url HTTP/1.1
User-Agent: selenium/4.8.0 (java windows)
Content-Length: 56
Content-Type: application/json; charset=utf-8
host: localhost:3351
accept: */*

Response DefaultHttpResponse(decodeResult: success, version: HTTP/1.1)
HTTP/1.1 200 OK
Content-Length: 14
Content-Type: application/json; charset=utf-8
cache-control: no-cache

10:56:40.424 [AsyncHttpClient-1-5] DEBUG org.asynchttpclient.netty.channel.ChannelManager - Adding key: http://localhost:3351 for channel [id: 0x8ba06b9b, L:/127.0.0.1:51945 - R:localhost/127.0.0.1:3351]
10:56:40.426 [Forwarding setTimeout on session af33ce73ac963d11290f2ced7bdf10cf to remote] DEBUG org.asynchttpclient.netty.request.NettyRequestSender - Using pooled Channel '[id: 0x8ba06b9b, L:/127.0.0.1:51945 - R:localhost/127.0.0.1:3351]' for 'POST' to 'http://localhost:3351/session/af33ce73ac963d11290f2ced7bdf10cf/timeouts'
10:56:40.427 [Forwarding setTimeout on session af33ce73ac963d11290f2ced7bdf10cf to remote] DEBUG org.asynchttpclient.netty.request.NettyRequestSender - Using open Channel [id: 0x8ba06b9b, L:/127.0.0.1:51945 - R:localhost/127.0.0.1:3351] for POST '/session/af33ce73ac963d11290f2ced7bdf10cf/timeouts'
10:56:40.428 [AsyncHttpClient-1-5] DEBUG org.asynchttpclient.netty.handler.HttpHandler - 

Request DefaultHttpRequest(decodeResult: success, version: HTTP/1.1)
POST /session/af33ce73ac963d11290f2ced7bdf10cf/timeouts HTTP/1.1
User-Agent: selenium/4.8.0 (java windows)
Content-Length: 22
Content-Type: application/json; charset=utf-8
host: localhost:3351
accept: */*

Response DefaultHttpResponse(decodeResult: success, version: HTTP/1.1)
HTTP/1.1 200 OK
Content-Length: 14
Content-Type: application/json; charset=utf-8
cache-control: no-cache

10:56:40.428 [AsyncHttpClient-1-5] DEBUG org.asynchttpclient.netty.channel.ChannelManager - Adding key: http://localhost:3351 for channel [id: 0x8ba06b9b, L:/127.0.0.1:51945 - R:localhost/127.0.0.1:3351]
10:56:40.432 [Forwarding getCurrentUrl on session af33ce73ac963d11290f2ced7bdf10cf to remote] DEBUG org.asynchttpclient.netty.request.NettyRequestSender - Using pooled Channel '[id: 0x8ba06b9b, L:/127.0.0.1:51945 - R:localhost/127.0.0.1:3351]' for 'GET' to 'http://localhost:3351/session/af33ce73ac963d11290f2ced7bdf10cf/url'
10:56:40.433 [Forwarding getCurrentUrl on session af33ce73ac963d11290f2ced7bdf10cf to remote] DEBUG org.asynchttpclient.netty.request.NettyRequestSender - Using open Channel [id: 0x8ba06b9b, L:/127.0.0.1:51945 - R:localhost/127.0.0.1:3351] for GET '/session/af33ce73ac963d11290f2ced7bdf10cf/url'
10:56:40.437 [AsyncHttpClient-1-5] DEBUG org.asynchttpclient.netty.handler.HttpHandler - 

Request DefaultFullHttpRequest(decodeResult: success, version: HTTP/1.1, content: EmptyByteBufBE)
GET /session/af33ce73ac963d11290f2ced7bdf10cf/url HTTP/1.1
User-Agent: selenium/4.8.0 (java windows)
Cache-Control: no-cache
Content-Type: application/json; charset=utf-8
host: localhost:3351
accept: */*

Response DefaultHttpResponse(decodeResult: success, version: HTTP/1.1)
HTTP/1.1 200 OK
Content-Length: 38
Content-Type: application/json; charset=utf-8
cache-control: no-cache

10:56:40.437 [AsyncHttpClient-1-5] DEBUG org.asynchttpclient.netty.channel.ChannelManager - Adding key: http://localhost:3351 for channel [id: 0x8ba06b9b, L:/127.0.0.1:51945 - R:localhost/127.0.0.1:3351]
10:56:40.440 [Forwarding getCurrentUrl on session af33ce73ac963d11290f2ced7bdf10cf to remote] DEBUG org.asynchttpclient.netty.request.NettyRequestSender - Using pooled Channel '[id: 0x8ba06b9b, L:/127.0.0.1:51945 - R:localhost/127.0.0.1:3351]' for 'GET' to 'http://localhost:3351/session/af33ce73ac963d11290f2ced7bdf10cf/url'
10:56:40.440 [Forwarding getCurrentUrl on session af33ce73ac963d11290f2ced7bdf10cf to remote] DEBUG org.asynchttpclient.netty.request.NettyRequestSender - Using open Channel [id: 0x8ba06b9b, L:/127.0.0.1:51945 - R:localhost/127.0.0.1:3351] for GET '/session/af33ce73ac963d11290f2ced7bdf10cf/url'
10:56:40.446 [AsyncHttpClient-1-5] DEBUG org.asynchttpclient.netty.handler.HttpHandler - 

Request DefaultFullHttpRequest(decodeResult: success, version: HTTP/1.1, content: EmptyByteBufBE)
GET /session/af33ce73ac963d11290f2ced7bdf10cf/url HTTP/1.1
User-Agent: selenium/4.8.0 (java windows)
Cache-Control: no-cache
Content-Type: application/json; charset=utf-8
host: localhost:3351
accept: */*

Response DefaultHttpResponse(decodeResult: success, version: HTTP/1.1)
HTTP/1.1 200 OK
Content-Length: 38
Content-Type: application/json; charset=utf-8
cache-control: no-cache

10:56:40.447 [AsyncHttpClient-1-5] DEBUG org.asynchttpclient.netty.channel.ChannelManager - Adding key: http://localhost:3351 for channel [id: 0x8ba06b9b, L:/127.0.0.1:51945 - R:localhost/127.0.0.1:3351]
10:56:40.453 [Forwarding findElement on session af33ce73ac963d11290f2ced7bdf10cf to remote] DEBUG org.asynchttpclient.netty.request.NettyRequestSender - Using pooled Channel '[id: 0x8ba06b9b, L:/127.0.0.1:51945 - R:localhost/127.0.0.1:3351]' for 'POST' to 'http://localhost:3351/session/af33ce73ac963d11290f2ced7bdf10cf/element'
10:56:40.453 [Forwarding findElement on session af33ce73ac963d11290f2ced7bdf10cf to remote] DEBUG org.asynchttpclient.netty.request.NettyRequestSender - Using open Channel [id: 0x8ba06b9b, L:/127.0.0.1:51945 - R:localhost/127.0.0.1:3351] for POST '/session/af33ce73ac963d11290f2ced7bdf10cf/element'
10:56:40.466 [AsyncHttpClient-1-5] DEBUG org.asynchttpclient.netty.handler.HttpHandler - 

Request DefaultHttpRequest(decodeResult: success, version: HTTP/1.1)
POST /session/af33ce73ac963d11290f2ced7bdf10cf/element HTTP/1.1
User-Agent: selenium/4.8.0 (java windows)
Content-Length: 59
Content-Type: application/json; charset=utf-8
host: localhost:3351
accept: */*

Response DefaultHttpResponse(decodeResult: success, version: HTTP/1.1)
HTTP/1.1 200 OK
Content-Length: 88
Content-Type: application/json; charset=utf-8
cache-control: no-cache

10:56:40.466 [AsyncHttpClient-1-5] DEBUG org.asynchttpclient.netty.channel.ChannelManager - Adding key: http://localhost:3351 for channel [id: 0x8ba06b9b, L:/127.0.0.1:51945 - R:localhost/127.0.0.1:3351]
10:56:40.470 [Forwarding isElementDisplayed on session af33ce73ac963d11290f2ced7bdf10cf to remote] DEBUG org.asynchttpclient.netty.request.NettyRequestSender - Using pooled Channel '[id: 0x8ba06b9b, L:/127.0.0.1:51945 - R:localhost/127.0.0.1:3351]' for 'POST' to 'http://localhost:3351/session/af33ce73ac963d11290f2ced7bdf10cf/execute/sync'
10:56:40.470 [Forwarding isElementDisplayed on session af33ce73ac963d11290f2ced7bdf10cf to remote] DEBUG org.asynchttpclient.netty.request.NettyRequestSender - Using open Channel [id: 0x8ba06b9b, L:/127.0.0.1:51945 - R:localhost/127.0.0.1:3351] for POST '/session/af33ce73ac963d11290f2ced7bdf10cf/execute/sync'
10:56:40.496 [AsyncHttpClient-1-5] DEBUG org.asynchttpclient.netty.handler.HttpHandler - 

Request DefaultHttpRequest(decodeResult: success, version: HTTP/1.1)
POST /session/af33ce73ac963d11290f2ced7bdf10cf/execute/sync HTTP/1.1
User-Agent: selenium/4.8.0 (java windows)
Content-Length: 48807
Content-Type: application/json; charset=utf-8
host: localhost:3351
accept: */*

Response DefaultHttpResponse(decodeResult: success, version: HTTP/1.1)
HTTP/1.1 200 OK
Content-Length: 14
Content-Type: application/json; charset=utf-8
cache-control: no-cache

10:56:40.496 [AsyncHttpClient-1-5] DEBUG org.asynchttpclient.netty.channel.ChannelManager - Adding key: http://localhost:3351 for channel [id: 0x8ba06b9b, L:/127.0.0.1:51945 - R:localhost/127.0.0.1:3351]
10:56:40.499 [Forwarding isElementDisplayed on session af33ce73ac963d11290f2ced7bdf10cf to remote] DEBUG org.asynchttpclient.netty.request.NettyRequestSender - Using pooled Channel '[id: 0x8ba06b9b, L:/127.0.0.1:51945 - R:localhost/127.0.0.1:3351]' for 'POST' to 'http://localhost:3351/session/af33ce73ac963d11290f2ced7bdf10cf/execute/sync'
10:56:40.499 [Forwarding isElementDisplayed on session af33ce73ac963d11290f2ced7bdf10cf to remote] DEBUG org.asynchttpclient.netty.request.NettyRequestSender - Using open Channel [id: 0x8ba06b9b, L:/127.0.0.1:51945 - R:localhost/127.0.0.1:3351] for POST '/session/af33ce73ac963d11290f2ced7bdf10cf/execute/sync'
10:56:40.514 [AsyncHttpClient-1-5] DEBUG org.asynchttpclient.netty.handler.HttpHandler - 

Request DefaultHttpRequest(decodeResult: success, version: HTTP/1.1)
POST /session/af33ce73ac963d11290f2ced7bdf10cf/execute/sync HTTP/1.1
User-Agent: selenium/4.8.0 (java windows)
Content-Length: 48807
Content-Type: application/json; charset=utf-8
host: localhost:3351
accept: */*

Response DefaultHttpResponse(decodeResult: success, version: HTTP/1.1)
HTTP/1.1 200 OK
Content-Length: 14
Content-Type: application/json; charset=utf-8
cache-control: no-cache

10:56:40.514 [AsyncHttpClient-1-5] DEBUG org.asynchttpclient.netty.channel.ChannelManager - Adding key: http://localhost:3351 for channel [id: 0x8ba06b9b, L:/127.0.0.1:51945 - R:localhost/127.0.0.1:3351]
10:56:40.517 [main] DEBUG net.thucydides.core.steps.StepInterceptor - STEP DONE: onLoginPage
  &amp#27;[32mGiven &amp#27;[0m&amp#27;[32muser on login page&amp#27;[0m                                      &amp#27;[90m# starter.stepdefinitions.LoginSteps.userOnLoginPage()&amp#27;[0m
10:56:40.526 [main] DEBUG net.thucydides.core.steps.StepInterceptor - STARTING STEP: LoginSteps.userInputValidUsername - inputUserName
10:56:40.529 [Forwarding findElement on session af33ce73ac963d11290f2ced7bdf10cf to remote] DEBUG org.asynchttpclient.netty.request.NettyRequestSender - Using pooled Channel '[id: 0x8ba06b9b, L:/127.0.0.1:51945 - R:localhost/127.0.0.1:3351]' for 'POST' to 'http://localhost:3351/session/af33ce73ac963d11290f2ced7bdf10cf/element'
10:56:40.529 [Forwarding findElement on session af33ce73ac963d11290f2ced7bdf10cf to remote] DEBUG org.asynchttpclient.netty.request.NettyRequestSender - Using open Channel [id: 0x8ba06b9b, L:/127.0.0.1:51945 - R:localhost/127.0.0.1:3351] for POST '/session/af33ce73ac963d11290f2ced7bdf10cf/element'
10:56:40.539 [AsyncHttpClient-1-5] DEBUG org.asynchttpclient.netty.handler.HttpHandler - 

Request DefaultHttpRequest(decodeResult: success, version: HTTP/1.1)
POST /session/af33ce73ac963d11290f2ced7bdf10cf/element HTTP/1.1
User-Agent: selenium/4.8.0 (java windows)
Content-Length: 56
Content-Type: application/json; charset=utf-8
host: localhost:3351
accept: */*

Response DefaultHttpResponse(decodeResult: success, version: HTTP/1.1)
HTTP/1.1 200 OK
Content-Length: 88
Content-Type: application/json; charset=utf-8
cache-control: no-cache

10:56:40.539 [AsyncHttpClient-1-5] DEBUG org.asynchttpclient.netty.channel.ChannelManager - Adding key: http://localhost:3351 for channel [id: 0x8ba06b9b, L:/127.0.0.1:51945 - R:localhost/127.0.0.1:3351]
10:56:40.540 [Forwarding clearElement on session af33ce73ac963d11290f2ced7bdf10cf to remote] DEBUG org.asynchttpclient.netty.request.NettyRequestSender - Using pooled Channel '[id: 0x8ba06b9b, L:/127.0.0.1:51945 - R:localhost/127.0.0.1:3351]' for 'POST' to 'http://localhost:3351/session/af33ce73ac963d11290f2ced7bdf10cf/element/a5775fa7-c353-4395-9a45-00812938e2ac/clear'
10:56:40.540 [Forwarding clearElement on session af33ce73ac963d11290f2ced7bdf10cf to remote] DEBUG org.asynchttpclient.netty.request.NettyRequestSender - Using open Channel [id: 0x8ba06b9b, L:/127.0.0.1:51945 - R:localhost/127.0.0.1:3351] for POST '/session/af33ce73ac963d11290f2ced7bdf10cf/element/a5775fa7-c353-4395-9a45-00812938e2ac/clear'
10:56:40.594 [AsyncHttpClient-1-5] DEBUG org.asynchttpclient.netty.handler.HttpHandler - 

Request DefaultHttpRequest(decodeResult: success, version: HTTP/1.1)
POST /session/af33ce73ac963d11290f2ced7bdf10cf/element/a5775fa7-c353-4395-9a45-00812938e2ac/clear HTTP/1.1
User-Agent: selenium/4.8.0 (java windows)
Content-Length: 50
Content-Type: application/json; charset=utf-8
host: localhost:3351
accept: */*

Response DefaultHttpResponse(decodeResult: success, version: HTTP/1.1)
HTTP/1.1 200 OK
Content-Length: 14
Content-Type: application/json; charset=utf-8
cache-control: no-cache

10:56:40.594 [AsyncHttpClient-1-5] DEBUG org.asynchttpclient.netty.channel.ChannelManager - Adding key: http://localhost:3351 for channel [id: 0x8ba06b9b, L:/127.0.0.1:51945 - R:localhost/127.0.0.1:3351]
10:56:40.596 [Forwarding sendKeysToElement on session af33ce73ac963d11290f2ced7bdf10cf to remote] DEBUG org.asynchttpclient.netty.request.NettyRequestSender - Using pooled Channel '[id: 0x8ba06b9b, L:/127.0.0.1:51945 - R:localhost/127.0.0.1:3351]' for 'POST' to 'http://localhost:3351/session/af33ce73ac963d11290f2ced7bdf10cf/element/a5775fa7-c353-4395-9a45-00812938e2ac/value'
10:56:40.596 [Forwarding sendKeysToElement on session af33ce73ac963d11290f2ced7bdf10cf to remote] DEBUG org.asynchttpclient.netty.request.NettyRequestSender - Using open Channel [id: 0x8ba06b9b, L:/127.0.0.1:51945 - R:localhost/127.0.0.1:3351] for POST '/session/af33ce73ac963d11290f2ced7bdf10cf/element/a5775fa7-c353-4395-9a45-00812938e2ac/value'
10:56:40.713 [AsyncHttpClient-1-5] DEBUG org.asynchttpclient.netty.handler.HttpHandler - 

Request DefaultHttpRequest(decodeResult: success, version: HTTP/1.1)
POST /session/af33ce73ac963d11290f2ced7bdf10cf/element/a5775fa7-c353-4395-9a45-00812938e2ac/value HTTP/1.1
User-Agent: selenium/4.8.0 (java windows)
Content-Length: 211
Content-Type: application/json; charset=utf-8
host: localhost:3351
accept: */*

Response DefaultHttpResponse(decodeResult: success, version: HTTP/1.1)
HTTP/1.1 200 OK
Content-Length: 14
Content-Type: application/json; charset=utf-8
cache-control: no-cache

10:56:40.713 [AsyncHttpClient-1-5] DEBUG org.asynchttpclient.netty.channel.ChannelManager - Adding key: http://localhost:3351 for channel [id: 0x8ba06b9b, L:/127.0.0.1:51945 - R:localhost/127.0.0.1:3351]
10:56:40.718 [main] DEBUG net.thucydides.core.steps.StepInterceptor - STEP DONE: inputUserName
  &amp#27;[32mWhen &amp#27;[0m&amp#27;[32muser input valid username&amp#27;[0m                                &amp#27;[90m# starter.stepdefinitions.LoginSteps.userInputValidUsername()&amp#27;[0m
10:56:40.728 [main] DEBUG net.thucydides.core.steps.StepInterceptor - STARTING STEP: LoginSteps.userInputValidPassword - inputPassword
10:56:40.732 [Forwarding findElement on session af33ce73ac963d11290f2ced7bdf10cf to remote] DEBUG org.asynchttpclient.netty.request.NettyRequestSender - Using pooled Channel '[id: 0x8ba06b9b, L:/127.0.0.1:51945 - R:localhost/127.0.0.1:3351]' for 'POST' to 'http://localhost:3351/session/af33ce73ac963d11290f2ced7bdf10cf/element'
10:56:40.732 [Forwarding findElement on session af33ce73ac963d11290f2ced7bdf10cf to remote] DEBUG org.asynchttpclient.netty.request.NettyRequestSender - Using open Channel [id: 0x8ba06b9b, L:/127.0.0.1:51945 - R:localhost/127.0.0.1:3351] for POST '/session/af33ce73ac963d11290f2ced7bdf10cf/element'
10:56:40.745 [AsyncHttpClient-1-5] DEBUG org.asynchttpclient.netty.handler.HttpHandler - 

Request DefaultHttpRequest(decodeResult: success, version: HTTP/1.1)
POST /session/af33ce73ac963d11290f2ced7bdf10cf/element HTTP/1.1
User-Agent: selenium/4.8.0 (java windows)
Content-Length: 53
Content-Type: application/json; charset=utf-8
host: localhost:3351
accept: */*

Response DefaultHttpResponse(decodeResult: success, version: HTTP/1.1)
HTTP/1.1 200 OK
Content-Length: 88
Content-Type: application/json; charset=utf-8
cache-control: no-cache

10:56:40.745 [AsyncHttpClient-1-5] DEBUG org.asynchttpclient.netty.channel.ChannelManager - Adding key: http://localhost:3351 for channel [id: 0x8ba06b9b, L:/127.0.0.1:51945 - R:localhost/127.0.0.1:3351]
10:56:40.747 [Forwarding clearElement on session af33ce73ac963d11290f2ced7bdf10cf to remote] DEBUG org.asynchttpclient.netty.request.NettyRequestSender - Using pooled Channel '[id: 0x8ba06b9b, L:/127.0.0.1:51945 - R:localhost/127.0.0.1:3351]' for 'POST' to 'http://localhost:3351/session/af33ce73ac963d11290f2ced7bdf10cf/element/7a51eda8-3e28-43ba-96e1-6b6237b5f0a7/clear'
10:56:40.747 [Forwarding clearElement on session af33ce73ac963d11290f2ced7bdf10cf to remote] DEBUG org.asynchttpclient.netty.request.NettyRequestSender - Using open Channel [id: 0x8ba06b9b, L:/127.0.0.1:51945 - R:localhost/127.0.0.1:3351] for POST '/session/af33ce73ac963d11290f2ced7bdf10cf/element/7a51eda8-3e28-43ba-96e1-6b6237b5f0a7/clear'
10:56:40.783 [AsyncHttpClient-1-5] DEBUG org.asynchttpclient.netty.handler.HttpHandler - 

Request DefaultHttpRequest(decodeResult: success, version: HTTP/1.1)
POST /session/af33ce73ac963d11290f2ced7bdf10cf/element/7a51eda8-3e28-43ba-96e1-6b6237b5f0a7/clear HTTP/1.1
User-Agent: selenium/4.8.0 (java windows)
Content-Length: 50
Content-Type: application/json; charset=utf-8
host: localhost:3351
accept: */*

Response DefaultHttpResponse(decodeResult: success, version: HTTP/1.1)
HTTP/1.1 200 OK
Content-Length: 14
Content-Type: application/json; charset=utf-8
cache-control: no-cache

10:56:40.783 [AsyncHttpClient-1-5] DEBUG org.asynchttpclient.netty.channel.ChannelManager - Adding key: http://localhost:3351 for channel [id: 0x8ba06b9b, L:/127.0.0.1:51945 - R:localhost/127.0.0.1:3351]
10:56:40.785 [Forwarding sendKeysToElement on session af33ce73ac963d11290f2ced7bdf10cf to remote] DEBUG org.asynchttpclient.netty.request.NettyRequestSender - Using pooled Channel '[id: 0x8ba06b9b, L:/127.0.0.1:51945 - R:localhost/127.0.0.1:3351]' for 'POST' to 'http://localhost:3351/session/af33ce73ac963d11290f2ced7bdf10cf/element/7a51eda8-3e28-43ba-96e1-6b6237b5f0a7/value'
10:56:40.785 [Forwarding sendKeysToElement on session af33ce73ac963d11290f2ced7bdf10cf to remote] DEBUG org.asynchttpclient.netty.request.NettyRequestSender - Using open Channel [id: 0x8ba06b9b, L:/127.0.0.1:51945 - R:localhost/127.0.0.1:3351] for POST '/session/af33ce73ac963d11290f2ced7bdf10cf/element/7a51eda8-3e28-43ba-96e1-6b6237b5f0a7/value'
10:56:40.857 [AsyncHttpClient-1-5] DEBUG org.asynchttpclient.netty.handler.HttpHandler - 

Request DefaultHttpRequest(decodeResult: success, version: HTTP/1.1)
POST /session/af33ce73ac963d11290f2ced7bdf10cf/element/7a51eda8-3e28-43ba-96e1-6b6237b5f0a7/value HTTP/1.1
User-Agent: selenium/4.8.0 (java windows)
Content-Length: 201
Content-Type: application/json; charset=utf-8
host: localhost:3351
accept: */*

Response DefaultHttpResponse(decodeResult: success, version: HTTP/1.1)
HTTP/1.1 200 OK
Content-Length: 14
Content-Type: application/json; charset=utf-8
cache-control: no-cache

10:56:40.857 [AsyncHttpClient-1-5] DEBUG org.asynchttpclient.netty.channel.ChannelManager - Adding key: http://localhost:3351 for channel [id: 0x8ba06b9b, L:/127.0.0.1:51945 - R:localhost/127.0.0.1:3351]
10:56:40.861 [main] DEBUG net.thucydides.core.steps.StepInterceptor - STEP DONE: inputPassword
  &amp#27;[32mAnd &amp#27;[0m&amp#27;[32muser input valid password&amp#27;[0m                                 &amp#27;[90m# starter.stepdefinitions.LoginSteps.userInputValidPassword()&amp#27;[0m
10:56:40.880 [main] DEBUG net.thucydides.core.steps.StepInterceptor - STARTING STEP: LoginSteps.userClickLoginButton - clickLoginButton
10:56:40.882 [Forwarding findElement on session af33ce73ac963d11290f2ced7bdf10cf to remote] DEBUG org.asynchttpclient.netty.request.NettyRequestSender - Using pooled Channel '[id: 0x8ba06b9b, L:/127.0.0.1:51945 - R:localhost/127.0.0.1:3351]' for 'POST' to 'http://localhost:3351/session/af33ce73ac963d11290f2ced7bdf10cf/element'
10:56:40.882 [Forwarding findElement on session af33ce73ac963d11290f2ced7bdf10cf to remote] DEBUG org.asynchttpclient.netty.request.NettyRequestSender - Using open Channel [id: 0x8ba06b9b, L:/127.0.0.1:51945 - R:localhost/127.0.0.1:3351] for POST '/session/af33ce73ac963d11290f2ced7bdf10cf/element'
10:56:40.888 [AsyncHttpClient-1-5] DEBUG org.asynchttpclient.netty.handler.HttpHandler - 

Request DefaultHttpRequest(decodeResult: success, version: HTTP/1.1)
POST /session/af33ce73ac963d11290f2ced7bdf10cf/element HTTP/1.1
User-Agent: selenium/4.8.0 (java windows)
Content-Length: 59
Content-Type: application/json; charset=utf-8
host: localhost:3351
accept: */*

Response DefaultHttpResponse(decodeResult: success, version: HTTP/1.1)
HTTP/1.1 200 OK
Content-Length: 88
Content-Type: application/json; charset=utf-8
cache-control: no-cache

10:56:40.888 [AsyncHttpClient-1-5] DEBUG org.asynchttpclient.netty.channel.ChannelManager - Adding key: http://localhost:3351 for channel [id: 0x8ba06b9b, L:/127.0.0.1:51945 - R:localhost/127.0.0.1:3351]
10:56:40.890 [Forwarding getElementTagName on session af33ce73ac963d11290f2ced7bdf10cf to remote] DEBUG org.asynchttpclient.netty.request.NettyRequestSender - Using pooled Channel '[id: 0x8ba06b9b, L:/127.0.0.1:51945 - R:localhost/127.0.0.1:3351]' for 'GET' to 'http://localhost:3351/session/af33ce73ac963d11290f2ced7bdf10cf/element/5c6f91a2-d134-4831-9285-4d6563ef538c/name'
10:56:40.890 [Forwarding getElementTagName on session af33ce73ac963d11290f2ced7bdf10cf to remote] DEBUG org.asynchttpclient.netty.request.NettyRequestSender - Using open Channel [id: 0x8ba06b9b, L:/127.0.0.1:51945 - R:localhost/127.0.0.1:3351] for GET '/session/af33ce73ac963d11290f2ced7bdf10cf/element/5c6f91a2-d134-4831-9285-4d6563ef538c/name'
10:56:40.895 [AsyncHttpClient-1-5] DEBUG org.asynchttpclient.netty.handler.HttpHandler - 

Request DefaultFullHttpRequest(decodeResult: success, version: HTTP/1.1, content: EmptyByteBufBE)
GET /session/af33ce73ac963d11290f2ced7bdf10cf/element/5c6f91a2-d134-4831-9285-4d6563ef538c/name HTTP/1.1
User-Agent: selenium/4.8.0 (java windows)
Cache-Control: no-cache
Content-Type: application/json; charset=utf-8
host: localhost:3351
accept: */*

Response DefaultHttpResponse(decodeResult: success, version: HTTP/1.1)
HTTP/1.1 200 OK
Content-Length: 17
Content-Type: application/json; charset=utf-8
cache-control: no-cache

10:56:40.895 [AsyncHttpClient-1-5] DEBUG org.asynchttpclient.netty.channel.ChannelManager - Adding key: http://localhost:3351 for channel [id: 0x8ba06b9b, L:/127.0.0.1:51945 - R:localhost/127.0.0.1:3351]
10:56:40.897 [Forwarding getElementTagName on session af33ce73ac963d11290f2ced7bdf10cf to remote] DEBUG org.asynchttpclient.netty.request.NettyRequestSender - Using pooled Channel '[id: 0x8ba06b9b, L:/127.0.0.1:51945 - R:localhost/127.0.0.1:3351]' for 'GET' to 'http://localhost:3351/session/af33ce73ac963d11290f2ced7bdf10cf/element/5c6f91a2-d134-4831-9285-4d6563ef538c/name'
10:56:40.897 [Forwarding getElementTagName on session af33ce73ac963d11290f2ced7bdf10cf to remote] DEBUG org.asynchttpclient.netty.request.NettyRequestSender - Using open Channel [id: 0x8ba06b9b, L:/127.0.0.1:51945 - R:localhost/127.0.0.1:3351] for GET '/session/af33ce73ac963d11290f2ced7bdf10cf/element/5c6f91a2-d134-4831-9285-4d6563ef538c/name'
10:56:40.900 [AsyncHttpClient-1-5] DEBUG org.asynchttpclient.netty.handler.HttpHandler - 

Request DefaultFullHttpRequest(decodeResult: success, version: HTTP/1.1, content: EmptyByteBufBE)
GET /session/af33ce73ac963d11290f2ced7bdf10cf/element/5c6f91a2-d134-4831-9285-4d6563ef538c/name HTTP/1.1
User-Agent: selenium/4.8.0 (java windows)
Cache-Control: no-cache
Content-Type: application/json; charset=utf-8
host: localhost:3351
accept: */*

Response DefaultHttpResponse(decodeResult: success, version: HTTP/1.1)
HTTP/1.1 200 OK
Content-Length: 17
Content-Type: application/json; charset=utf-8
cache-control: no-cache

10:56:40.900 [AsyncHttpClient-1-5] DEBUG org.asynchttpclient.netty.channel.ChannelManager - Adding key: http://localhost:3351 for channel [id: 0x8ba06b9b, L:/127.0.0.1:51945 - R:localhost/127.0.0.1:3351]
10:56:40.903 [Forwarding isElementEnabled on session af33ce73ac963d11290f2ced7bdf10cf to remote] DEBUG org.asynchttpclient.netty.request.NettyRequestSender - Using pooled Channel '[id: 0x8ba06b9b, L:/127.0.0.1:51945 - R:localhost/127.0.0.1:3351]' for 'GET' to 'http://localhost:3351/session/af33ce73ac963d11290f2ced7bdf10cf/element/5c6f91a2-d134-4831-9285-4d6563ef538c/enabled'
10:56:40.903 [Forwarding isElementEnabled on session af33ce73ac963d11290f2ced7bdf10cf to remote] DEBUG org.asynchttpclient.netty.request.NettyRequestSender - Using open Channel [id: 0x8ba06b9b, L:/127.0.0.1:51945 - R:localhost/127.0.0.1:3351] for GET '/session/af33ce73ac963d11290f2ced7bdf10cf/element/5c6f91a2-d134-4831-9285-4d6563ef538c/enabled'
10:56:40.910 [AsyncHttpClient-1-5] DEBUG org.asynchttpclient.netty.handler.HttpHandler - 

Request DefaultFullHttpRequest(decodeResult: success, version: HTTP/1.1, content: EmptyByteBufBE)
GET /session/af33ce73ac963d11290f2ced7bdf10cf/element/5c6f91a2-d134-4831-9285-4d6563ef538c/enabled HTTP/1.1
User-Agent: selenium/4.8.0 (java windows)
Cache-Control: no-cache
Content-Type: application/json; charset=utf-8
host: localhost:3351
accept: */*

Response DefaultHttpResponse(decodeResult: success, version: HTTP/1.1)
HTTP/1.1 200 OK
Content-Length: 14
Content-Type: application/json; charset=utf-8
cache-control: no-cache

10:56:40.911 [AsyncHttpClient-1-5] DEBUG org.asynchttpclient.netty.channel.ChannelManager - Adding key: http://localhost:3351 for channel [id: 0x8ba06b9b, L:/127.0.0.1:51945 - R:localhost/127.0.0.1:3351]
10:56:40.912 [Forwarding isElementEnabled on session af33ce73ac963d11290f2ced7bdf10cf to remote] DEBUG org.asynchttpclient.netty.request.NettyRequestSender - Using pooled Channel '[id: 0x8ba06b9b, L:/127.0.0.1:51945 - R:localhost/127.0.0.1:3351]' for 'GET' to 'http://localhost:3351/session/af33ce73ac963d11290f2ced7bdf10cf/element/5c6f91a2-d134-4831-9285-4d6563ef538c/enabled'
10:56:40.912 [Forwarding isElementEnabled on session af33ce73ac963d11290f2ced7bdf10cf to remote] DEBUG org.asynchttpclient.netty.request.NettyRequestSender - Using open Channel [id: 0x8ba06b9b, L:/127.0.0.1:51945 - R:localhost/127.0.0.1:3351] for GET '/session/af33ce73ac963d11290f2ced7bdf10cf/element/5c6f91a2-d134-4831-9285-4d6563ef538c/enabled'
10:56:40.917 [AsyncHttpClient-1-5] DEBUG org.asynchttpclient.netty.handler.HttpHandler - 

Request DefaultFullHttpRequest(decodeResult: success, version: HTTP/1.1, content: EmptyByteBufBE)
GET /session/af33ce73ac963d11290f2ced7bdf10cf/element/5c6f91a2-d134-4831-9285-4d6563ef538c/enabled HTTP/1.1
User-Agent: selenium/4.8.0 (java windows)
Cache-Control: no-cache
Content-Type: application/json; charset=utf-8
host: localhost:3351
accept: */*

Response DefaultHttpResponse(decodeResult: success, version: HTTP/1.1)
HTTP/1.1 200 OK
Content-Length: 14
Content-Type: application/json; charset=utf-8
cache-control: no-cache

10:56:40.917 [AsyncHttpClient-1-5] DEBUG org.asynchttpclient.netty.channel.ChannelManager - Adding key: http://localhost:3351 for channel [id: 0x8ba06b9b, L:/127.0.0.1:51945 - R:localhost/127.0.0.1:3351]
10:56:40.919 [Forwarding findElement on session af33ce73ac963d11290f2ced7bdf10cf to remote] DEBUG org.asynchttpclient.netty.request.NettyRequestSender - Using pooled Channel '[id: 0x8ba06b9b, L:/127.0.0.1:51945 - R:localhost/127.0.0.1:3351]' for 'POST' to 'http://localhost:3351/session/af33ce73ac963d11290f2ced7bdf10cf/element'
10:56:40.919 [Forwarding findElement on session af33ce73ac963d11290f2ced7bdf10cf to remote] DEBUG org.asynchttpclient.netty.request.NettyRequestSender - Using open Channel [id: 0x8ba06b9b, L:/127.0.0.1:51945 - R:localhost/127.0.0.1:3351] for POST '/session/af33ce73ac963d11290f2ced7bdf10cf/element'
10:56:40.926 [AsyncHttpClient-1-5] DEBUG org.asynchttpclient.netty.handler.HttpHandler - 

Request DefaultHttpRequest(decodeResult: success, version: HTTP/1.1)
POST /session/af33ce73ac963d11290f2ced7bdf10cf/element HTTP/1.1
User-Agent: selenium/4.8.0 (java windows)
Content-Length: 59
Content-Type: application/json; charset=utf-8
host: localhost:3351
accept: */*

Response DefaultHttpResponse(decodeResult: success, version: HTTP/1.1)
HTTP/1.1 200 OK
Content-Length: 88
Content-Type: application/json; charset=utf-8
cache-control: no-cache

10:56:40.926 [AsyncHttpClient-1-5] DEBUG org.asynchttpclient.netty.channel.ChannelManager - Adding key: http://localhost:3351 for channel [id: 0x8ba06b9b, L:/127.0.0.1:51945 - R:localhost/127.0.0.1:3351]
10:56:40.927 [Forwarding clickElement on session af33ce73ac963d11290f2ced7bdf10cf to remote] DEBUG org.asynchttpclient.netty.request.NettyRequestSender - Using pooled Channel '[id: 0x8ba06b9b, L:/127.0.0.1:51945 - R:localhost/127.0.0.1:3351]' for 'POST' to 'http://localhost:3351/session/af33ce73ac963d11290f2ced7bdf10cf/element/5c6f91a2-d134-4831-9285-4d6563ef538c/click'
10:56:40.927 [Forwarding clickElement on session af33ce73ac963d11290f2ced7bdf10cf to remote] DEBUG org.asynchttpclient.netty.request.NettyRequestSender - Using open Channel [id: 0x8ba06b9b, L:/127.0.0.1:51945 - R:localhost/127.0.0.1:3351] for POST '/session/af33ce73ac963d11290f2ced7bdf10cf/element/5c6f91a2-d134-4831-9285-4d6563ef538c/click'
10:56:41.053 [AsyncHttpClient-1-5] DEBUG org.asynchttpclient.netty.handler.HttpHandler - 

Request DefaultHttpRequest(decodeResult: success, version: HTTP/1.1)
POST /session/af33ce73ac963d11290f2ced7bdf10cf/element/5c6f91a2-d134-4831-9285-4d6563ef538c/click HTTP/1.1
User-Agent: selenium/4.8.0 (java windows)
Content-Length: 50
Content-Type: application/json; charset=utf-8
host: localhost:3351
accept: */*

Response DefaultHttpResponse(decodeResult: success, version: HTTP/1.1)
HTTP/1.1 200 OK
Content-Length: 14
Content-Type: application/json; charset=utf-8
cache-control: no-cache

10:56:41.053 [AsyncHttpClient-1-5] DEBUG org.asynchttpclient.netty.channel.ChannelManager - Adding key: http://localhost:3351 for channel [id: 0x8ba06b9b, L:/127.0.0.1:51945 - R:localhost/127.0.0.1:3351]
10:56:41.056 [main] DEBUG net.thucydides.core.steps.StepInterceptor - STEP DONE: clickLoginButton
  &amp#27;[32mAnd &amp#27;[0m&amp#27;[32muser click login button&amp#27;[0m                                   &amp#27;[90m# starter.stepdefinitions.LoginSteps.userClickLoginButton()&amp#27;[0m
10:56:41.069 [main] DEBUG net.thucydides.core.steps.StepInterceptor - STARTING STEP: LoginSteps.userOnProductsPage - userOnProductPage
10:56:41.074 [Forwarding findElement on session af33ce73ac963d11290f2ced7bdf10cf to remote] DEBUG org.asynchttpclient.netty.request.NettyRequestSender - Using pooled Channel '[id: 0x8ba06b9b, L:/127.0.0.1:51945 - R:localhost/127.0.0.1:3351]' for 'POST' to 'http://localhost:3351/session/af33ce73ac963d11290f2ced7bdf10cf/element'
10:56:41.074 [Forwarding findElement on session af33ce73ac963d11290f2ced7bdf10cf to remote] DEBUG org.asynchttpclient.netty.request.NettyRequestSender - Using open Channel [id: 0x8ba06b9b, L:/127.0.0.1:51945 - R:localhost/127.0.0.1:3351] for POST '/session/af33ce73ac963d11290f2ced7bdf10cf/element'
10:56:41.088 [AsyncHttpClient-1-5] DEBUG org.asynchttpclient.netty.handler.HttpHandler - 

Request DefaultHttpRequest(decodeResult: success, version: HTTP/1.1)
POST /session/af33ce73ac963d11290f2ced7bdf10cf/element HTTP/1.1
User-Agent: selenium/4.8.0 (java windows)
Content-Length: 72
Content-Type: application/json; charset=utf-8
host: localhost:3351
accept: */*

Response DefaultHttpResponse(decodeResult: success, version: HTTP/1.1)
HTTP/1.1 200 OK
Content-Length: 88
Content-Type: application/json; charset=utf-8
cache-control: no-cache

10:56:41.088 [AsyncHttpClient-1-5] DEBUG org.asynchttpclient.netty.channel.ChannelManager - Adding key: http://localhost:3351 for channel [id: 0x8ba06b9b, L:/127.0.0.1:51945 - R:localhost/127.0.0.1:3351]
10:56:41.091 [Forwarding isElementDisplayed on session af33ce73ac963d11290f2ced7bdf10cf to remote] DEBUG org.asynchttpclient.netty.request.NettyRequestSender - Using pooled Channel '[id: 0x8ba06b9b, L:/127.0.0.1:51945 - R:localhost/127.0.0.1:3351]' for 'POST' to 'http://localhost:3351/session/af33ce73ac963d11290f2ced7bdf10cf/execute/sync'
10:56:41.091 [Forwarding isElementDisplayed on session af33ce73ac963d11290f2ced7bdf10cf to remote] DEBUG org.asynchttpclient.netty.request.NettyRequestSender - Using open Channel [id: 0x8ba06b9b, L:/127.0.0.1:51945 - R:localhost/127.0.0.1:3351] for POST '/session/af33ce73ac963d11290f2ced7bdf10cf/execute/sync'
10:56:41.106 [AsyncHttpClient-1-5] DEBUG org.asynchttpclient.netty.handler.HttpHandler - 

Request DefaultHttpRequest(decodeResult: success, version: HTTP/1.1)
POST /session/af33ce73ac963d11290f2ced7bdf10cf/execute/sync HTTP/1.1
User-Agent: selenium/4.8.0 (java windows)
Content-Length: 48807
Content-Type: application/json; charset=utf-8
host: localhost:3351
accept: */*

Response DefaultHttpResponse(decodeResult: success, version: HTTP/1.1)
HTTP/1.1 200 OK
Content-Length: 14
Content-Type: application/json; charset=utf-8
cache-control: no-cache

10:56:41.106 [AsyncHttpClient-1-5] DEBUG org.asynchttpclient.netty.channel.ChannelManager - Adding key: http://localhost:3351 for channel [id: 0x8ba06b9b, L:/127.0.0.1:51945 - R:localhost/127.0.0.1:3351]
10:56:41.108 [main] DEBUG net.thucydides.core.steps.StepInterceptor - STEP DONE: userOnProductPage
  &amp#27;[32mAnd &amp#27;[0m&amp#27;[32muser on products page&amp#27;[0m                                     &amp#27;[90m# starter.stepdefinitions.LoginSteps.userOnProductsPage()&amp#27;[0m
10:56:41.115 [main] DEBUG net.thucydides.core.steps.StepInterceptor - STARTING STEP: LoginSteps.userClickAddToCartButtonInOneProduct - clickAddToCartButtonOneProduct
10:56:41.118 [Forwarding findElement on session af33ce73ac963d11290f2ced7bdf10cf to remote] DEBUG org.asynchttpclient.netty.request.NettyRequestSender - Using pooled Channel '[id: 0x8ba06b9b, L:/127.0.0.1:51945 - R:localhost/127.0.0.1:3351]' for 'POST' to 'http://localhost:3351/session/af33ce73ac963d11290f2ced7bdf10cf/element'
10:56:41.118 [Forwarding findElement on session af33ce73ac963d11290f2ced7bdf10cf to remote] DEBUG org.asynchttpclient.netty.request.NettyRequestSender - Using open Channel [id: 0x8ba06b9b, L:/127.0.0.1:51945 - R:localhost/127.0.0.1:3351] for POST '/session/af33ce73ac963d11290f2ced7bdf10cf/element'
10:56:41.128 [AsyncHttpClient-1-5] DEBUG org.asynchttpclient.netty.handler.HttpHandler - 

Request DefaultHttpRequest(decodeResult: success, version: HTTP/1.1)
POST /session/af33ce73ac963d11290f2ced7bdf10cf/element HTTP/1.1
User-Agent: selenium/4.8.0 (java windows)
Content-Length: 77
Content-Type: application/json; charset=utf-8
host: localhost:3351
accept: */*

Response DefaultHttpResponse(decodeResult: success, version: HTTP/1.1)
HTTP/1.1 200 OK
Content-Length: 88
Content-Type: application/json; charset=utf-8
cache-control: no-cache

10:56:41.128 [AsyncHttpClient-1-5] DEBUG org.asynchttpclient.netty.channel.ChannelManager - Adding key: http://localhost:3351 for channel [id: 0x8ba06b9b, L:/127.0.0.1:51945 - R:localhost/127.0.0.1:3351]
10:56:41.131 [Forwarding getElementTagName on session af33ce73ac963d11290f2ced7bdf10cf to remote] DEBUG org.asynchttpclient.netty.request.NettyRequestSender - Using pooled Channel '[id: 0x8ba06b9b, L:/127.0.0.1:51945 - R:localhost/127.0.0.1:3351]' for 'GET' to 'http://localhost:3351/session/af33ce73ac963d11290f2ced7bdf10cf/element/4bc2f3f9-5599-4708-96dd-6fb1dee391ba/name'
10:56:41.131 [Forwarding getElementTagName on session af33ce73ac963d11290f2ced7bdf10cf to remote] DEBUG org.asynchttpclient.netty.request.NettyRequestSender - Using open Channel [id: 0x8ba06b9b, L:/127.0.0.1:51945 - R:localhost/127.0.0.1:3351] for GET '/session/af33ce73ac963d11290f2ced7bdf10cf/element/4bc2f3f9-5599-4708-96dd-6fb1dee391ba/name'
10:56:41.134 [AsyncHttpClient-1-5] DEBUG org.asynchttpclient.netty.handler.HttpHandler - 

Request DefaultFullHttpRequest(decodeResult: success, version: HTTP/1.1, content: EmptyByteBufBE)
GET /session/af33ce73ac963d11290f2ced7bdf10cf/element/4bc2f3f9-5599-4708-96dd-6fb1dee391ba/name HTTP/1.1
User-Agent: selenium/4.8.0 (java windows)
Cache-Control: no-cache
Content-Type: application/json; charset=utf-8
host: localhost:3351
accept: */*

Response DefaultHttpResponse(decodeResult: success, version: HTTP/1.1)
HTTP/1.1 200 OK
Content-Length: 18
Content-Type: application/json; charset=utf-8
cache-control: no-cache

10:56:41.135 [AsyncHttpClient-1-5] DEBUG org.asynchttpclient.netty.channel.ChannelManager - Adding key: http://localhost:3351 for channel [id: 0x8ba06b9b, L:/127.0.0.1:51945 - R:localhost/127.0.0.1:3351]
10:56:41.136 [Forwarding getElementTagName on session af33ce73ac963d11290f2ced7bdf10cf to remote] DEBUG org.asynchttpclient.netty.request.NettyRequestSender - Using pooled Channel '[id: 0x8ba06b9b, L:/127.0.0.1:51945 - R:localhost/127.0.0.1:3351]' for 'GET' to 'http://localhost:3351/session/af33ce73ac963d11290f2ced7bdf10cf/element/4bc2f3f9-5599-4708-96dd-6fb1dee391ba/name'
10:56:41.136 [Forwarding getElementTagName on session af33ce73ac963d11290f2ced7bdf10cf to remote] DEBUG org.asynchttpclient.netty.request.NettyRequestSender - Using open Channel [id: 0x8ba06b9b, L:/127.0.0.1:51945 - R:localhost/127.0.0.1:3351] for GET '/session/af33ce73ac963d11290f2ced7bdf10cf/element/4bc2f3f9-5599-4708-96dd-6fb1dee391ba/name'
10:56:41.139 [AsyncHttpClient-1-5] DEBUG org.asynchttpclient.netty.handler.HttpHandler - 

Request DefaultFullHttpRequest(decodeResult: success, version: HTTP/1.1, content: EmptyByteBufBE)
GET /session/af33ce73ac963d11290f2ced7bdf10cf/element/4bc2f3f9-5599-4708-96dd-6fb1dee391ba/name HTTP/1.1
User-Agent: selenium/4.8.0 (java windows)
Cache-Control: no-cache
Content-Type: application/json; charset=utf-8
host: localhost:3351
accept: */*

Response DefaultHttpResponse(decodeResult: success, version: HTTP/1.1)
HTTP/1.1 200 OK
Content-Length: 18
Content-Type: application/json; charset=utf-8
cache-control: no-cache

10:56:41.139 [AsyncHttpClient-1-5] DEBUG org.asynchttpclient.netty.channel.ChannelManager - Adding key: http://localhost:3351 for channel [id: 0x8ba06b9b, L:/127.0.0.1:51945 - R:localhost/127.0.0.1:3351]
10:56:41.141 [Forwarding isElementEnabled on session af33ce73ac963d11290f2ced7bdf10cf to remote] DEBUG org.asynchttpclient.netty.request.NettyRequestSender - Using pooled Channel '[id: 0x8ba06b9b, L:/127.0.0.1:51945 - R:localhost/127.0.0.1:3351]' for 'GET' to 'http://localhost:3351/session/af33ce73ac963d11290f2ced7bdf10cf/element/4bc2f3f9-5599-4708-96dd-6fb1dee391ba/enabled'
10:56:41.141 [Forwarding isElementEnabled on session af33ce73ac963d11290f2ced7bdf10cf to remote] DEBUG org.asynchttpclient.netty.request.NettyRequestSender - Using open Channel [id: 0x8ba06b9b, L:/127.0.0.1:51945 - R:localhost/127.0.0.1:3351] for GET '/session/af33ce73ac963d11290f2ced7bdf10cf/element/4bc2f3f9-5599-4708-96dd-6fb1dee391ba/enabled'
10:56:41.149 [AsyncHttpClient-1-5] DEBUG org.asynchttpclient.netty.handler.HttpHandler - 

Request DefaultFullHttpRequest(decodeResult: success, version: HTTP/1.1, content: EmptyByteBufBE)
GET /session/af33ce73ac963d11290f2ced7bdf10cf/element/4bc2f3f9-5599-4708-96dd-6fb1dee391ba/enabled HTTP/1.1
User-Agent: selenium/4.8.0 (java windows)
Cache-Control: no-cache
Content-Type: application/json; charset=utf-8
host: localhost:3351
accept: */*

Response DefaultHttpResponse(decodeResult: success, version: HTTP/1.1)
HTTP/1.1 200 OK
Content-Length: 14
Content-Type: application/json; charset=utf-8
cache-control: no-cache

10:56:41.149 [AsyncHttpClient-1-5] DEBUG org.asynchttpclient.netty.channel.ChannelManager - Adding key: http://localhost:3351 for channel [id: 0x8ba06b9b, L:/127.0.0.1:51945 - R:localhost/127.0.0.1:3351]
10:56:41.150 [Forwarding isElementEnabled on session af33ce73ac963d11290f2ced7bdf10cf to remote] DEBUG org.asynchttpclient.netty.request.NettyRequestSender - Using pooled Channel '[id: 0x8ba06b9b, L:/127.0.0.1:51945 - R:localhost/127.0.0.1:3351]' for 'GET' to 'http://localhost:3351/session/af33ce73ac963d11290f2ced7bdf10cf/element/4bc2f3f9-5599-4708-96dd-6fb1dee391ba/enabled'
10:56:41.150 [Forwarding isElementEnabled on session af33ce73ac963d11290f2ced7bdf10cf to remote] DEBUG org.asynchttpclient.netty.request.NettyRequestSender - Using open Channel [id: 0x8ba06b9b, L:/127.0.0.1:51945 - R:localhost/127.0.0.1:3351] for GET '/session/af33ce73ac963d11290f2ced7bdf10cf/element/4bc2f3f9-5599-4708-96dd-6fb1dee391ba/enabled'
10:56:41.155 [AsyncHttpClient-1-5] DEBUG org.asynchttpclient.netty.handler.HttpHandler - 

Request DefaultFullHttpRequest(decodeResult: success, version: HTTP/1.1, content: EmptyByteBufBE)
GET /session/af33ce73ac963d11290f2ced7bdf10cf/element/4bc2f3f9-5599-4708-96dd-6fb1dee391ba/enabled HTTP/1.1
User-Agent: selenium/4.8.0 (java windows)
Cache-Control: no-cache
Content-Type: application/json; charset=utf-8
host: localhost:3351
accept: */*

Response DefaultHttpResponse(decodeResult: success, version: HTTP/1.1)
HTTP/1.1 200 OK
Content-Length: 14
Content-Type: application/json; charset=utf-8
cache-control: no-cache

10:56:41.155 [AsyncHttpClient-1-5] DEBUG org.asynchttpclient.netty.channel.ChannelManager - Adding key: http://localhost:3351 for channel [id: 0x8ba06b9b, L:/127.0.0.1:51945 - R:localhost/127.0.0.1:3351]
10:56:41.157 [Forwarding findElement on session af33ce73ac963d11290f2ced7bdf10cf to remote] DEBUG org.asynchttpclient.netty.request.NettyRequestSender - Using pooled Channel '[id: 0x8ba06b9b, L:/127.0.0.1:51945 - R:localhost/127.0.0.1:3351]' for 'POST' to 'http://localhost:3351/session/af33ce73ac963d11290f2ced7bdf10cf/element'
10:56:41.157 [Forwarding findElement on session af33ce73ac963d11290f2ced7bdf10cf to remote] DEBUG org.asynchttpclient.netty.request.NettyRequestSender - Using open Channel [id: 0x8ba06b9b, L:/127.0.0.1:51945 - R:localhost/127.0.0.1:3351] for POST '/session/af33ce73ac963d11290f2ced7bdf10cf/element'
10:56:41.163 [AsyncHttpClient-1-5] DEBUG org.asynchttpclient.netty.handler.HttpHandler - 

Request DefaultHttpRequest(decodeResult: success, version: HTTP/1.1)
POST /session/af33ce73ac963d11290f2ced7bdf10cf/element HTTP/1.1
User-Agent: selenium/4.8.0 (java windows)
Content-Length: 77
Content-Type: application/json; charset=utf-8
host: localhost:3351
accept: */*

Response DefaultHttpResponse(decodeResult: success, version: HTTP/1.1)
HTTP/1.1 200 OK
Content-Length: 88
Content-Type: application/json; charset=utf-8
cache-control: no-cache

10:56:41.163 [AsyncHttpClient-1-5] DEBUG org.asynchttpclient.netty.channel.ChannelManager - Adding key: http://localhost:3351 for channel [id: 0x8ba06b9b, L:/127.0.0.1:51945 - R:localhost/127.0.0.1:3351]
10:56:41.165 [Forwarding clickElement on session af33ce73ac963d11290f2ced7bdf10cf to remote] DEBUG org.asynchttpclient.netty.request.NettyRequestSender - Using pooled Channel '[id: 0x8ba06b9b, L:/127.0.0.1:51945 - R:localhost/127.0.0.1:3351]' for 'POST' to 'http://localhost:3351/session/af33ce73ac963d11290f2ced7bdf10cf/element/4bc2f3f9-5599-4708-96dd-6fb1dee391ba/click'
10:56:41.165 [Forwarding clickElement on session af33ce73ac963d11290f2ced7bdf10cf to remote] DEBUG org.asynchttpclient.netty.request.NettyRequestSender - Using open Channel [id: 0x8ba06b9b, L:/127.0.0.1:51945 - R:localhost/127.0.0.1:3351] for POST '/session/af33ce73ac963d11290f2ced7bdf10cf/element/4bc2f3f9-5599-4708-96dd-6fb1dee391ba/click'
10:56:41.200 [AsyncHttpClient-1-5] DEBUG org.asynchttpclient.netty.handler.HttpHandler - 

Request DefaultHttpRequest(decodeResult: success, version: HTTP/1.1)
POST /session/af33ce73ac963d11290f2ced7bdf10cf/element/4bc2f3f9-5599-4708-96dd-6fb1dee391ba/click HTTP/1.1
User-Agent: selenium/4.8.0 (java windows)
Content-Length: 50
Content-Type: application/json; charset=utf-8
host: localhost:3351
accept: */*

Response DefaultHttpResponse(decodeResult: success, version: HTTP/1.1)
HTTP/1.1 200 OK
Content-Length: 14
Content-Type: application/json; charset=utf-8
cache-control: no-cache

10:56:41.200 [AsyncHttpClient-1-5] DEBUG org.asynchttpclient.netty.channel.ChannelManager - Adding key: http://localhost:3351 for channel [id: 0x8ba06b9b, L:/127.0.0.1:51945 - R:localhost/127.0.0.1:3351]
10:56:41.203 [main] DEBUG net.thucydides.core.steps.StepInterceptor - STEP DONE: clickAddToCartButtonOneProduct
  &amp#27;[32mAnd &amp#27;[0m&amp#27;[32muser click add to cart button in one product&amp#27;[0m              &amp#27;[90m# starter.stepdefinitions.LoginSteps.userClickAddToCartButtonInOneProduct()&amp#27;[0m
10:56:41.210 [main] DEBUG net.thucydides.core.steps.StepInterceptor - STARTING STEP: LoginSteps.userClickTheShoppingCart - userClickTheShoppingCart
10:56:41.214 [Forwarding findElement on session af33ce73ac963d11290f2ced7bdf10cf to remote] DEBUG org.asynchttpclient.netty.request.NettyRequestSender - Using pooled Channel '[id: 0x8ba06b9b, L:/127.0.0.1:51945 - R:localhost/127.0.0.1:3351]' for 'POST' to 'http://localhost:3351/session/af33ce73ac963d11290f2ced7bdf10cf/element'
10:56:41.214 [Forwarding findElement on session af33ce73ac963d11290f2ced7bdf10cf to remote] DEBUG org.asynchttpclient.netty.request.NettyRequestSender - Using open Channel [id: 0x8ba06b9b, L:/127.0.0.1:51945 - R:localhost/127.0.0.1:3351] for POST '/session/af33ce73ac963d11290f2ced7bdf10cf/element'
10:56:41.237 [AsyncHttpClient-1-5] DEBUG org.asynchttpclient.netty.handler.HttpHandler - 

Request DefaultHttpRequest(decodeResult: success, version: HTTP/1.1)
POST /session/af33ce73ac963d11290f2ced7bdf10cf/element HTTP/1.1
User-Agent: selenium/4.8.0 (java windows)
Content-Length: 63
Content-Type: application/json; charset=utf-8
host: localhost:3351
accept: */*

Response DefaultHttpResponse(decodeResult: success, version: HTTP/1.1)
HTTP/1.1 200 OK
Content-Length: 88
Content-Type: application/json; charset=utf-8
cache-control: no-cache

10:56:41.237 [AsyncHttpClient-1-5] DEBUG org.asynchttpclient.netty.channel.ChannelManager - Adding key: http://localhost:3351 for channel [id: 0x8ba06b9b, L:/127.0.0.1:51945 - R:localhost/127.0.0.1:3351]
10:56:41.238 [Forwarding getElementTagName on session af33ce73ac963d11290f2ced7bdf10cf to remote] DEBUG org.asynchttpclient.netty.request.NettyRequestSender - Using pooled Channel '[id: 0x8ba06b9b, L:/127.0.0.1:51945 - R:localhost/127.0.0.1:3351]' for 'GET' to 'http://localhost:3351/session/af33ce73ac963d11290f2ced7bdf10cf/element/823e4189-1c1b-42a7-8ff3-1646c0e95519/name'
10:56:41.238 [Forwarding getElementTagName on session af33ce73ac963d11290f2ced7bdf10cf to remote] DEBUG org.asynchttpclient.netty.request.NettyRequestSender - Using open Channel [id: 0x8ba06b9b, L:/127.0.0.1:51945 - R:localhost/127.0.0.1:3351] for GET '/session/af33ce73ac963d11290f2ced7bdf10cf/element/823e4189-1c1b-42a7-8ff3-1646c0e95519/name'
10:56:41.241 [AsyncHttpClient-1-1] DEBUG org.asynchttpclient.netty.channel.DefaultChannelPool - Entry count for : http://localhost:51946 : 1
10:56:41.243 [AsyncHttpClient-1-5] DEBUG org.asynchttpclient.netty.handler.HttpHandler - 

Request DefaultFullHttpRequest(decodeResult: success, version: HTTP/1.1, content: EmptyByteBufBE)
GET /session/af33ce73ac963d11290f2ced7bdf10cf/element/823e4189-1c1b-42a7-8ff3-1646c0e95519/name HTTP/1.1
User-Agent: selenium/4.8.0 (java windows)
Cache-Control: no-cache
Content-Type: application/json; charset=utf-8
host: localhost:3351
accept: */*

Response DefaultHttpResponse(decodeResult: success, version: HTTP/1.1)
HTTP/1.1 200 OK
Content-Length: 16
Content-Type: application/json; charset=utf-8
cache-control: no-cache

10:56:41.243 [AsyncHttpClient-1-5] DEBUG org.asynchttpclient.netty.channel.ChannelManager - Adding key: http://localhost:3351 for channel [id: 0x8ba06b9b, L:/127.0.0.1:51945 - R:localhost/127.0.0.1:3351]
10:56:41.244 [Forwarding getElementTagName on session af33ce73ac963d11290f2ced7bdf10cf to remote] DEBUG org.asynchttpclient.netty.request.NettyRequestSender - Using pooled Channel '[id: 0x8ba06b9b, L:/127.0.0.1:51945 - R:localhost/127.0.0.1:3351]' for 'GET' to 'http://localhost:3351/session/af33ce73ac963d11290f2ced7bdf10cf/element/823e4189-1c1b-42a7-8ff3-1646c0e95519/name'
10:56:41.245 [Forwarding getElementTagName on session af33ce73ac963d11290f2ced7bdf10cf to remote] DEBUG org.asynchttpclient.netty.request.NettyRequestSender - Using open Channel [id: 0x8ba06b9b, L:/127.0.0.1:51945 - R:localhost/127.0.0.1:3351] for GET '/session/af33ce73ac963d11290f2ced7bdf10cf/element/823e4189-1c1b-42a7-8ff3-1646c0e95519/name'
10:56:41.248 [AsyncHttpClient-1-5] DEBUG org.asynchttpclient.netty.handler.HttpHandler - 

Request DefaultFullHttpRequest(decodeResult: success, version: HTTP/1.1, content: EmptyByteBufBE)
GET /session/af33ce73ac963d11290f2ced7bdf10cf/element/823e4189-1c1b-42a7-8ff3-1646c0e95519/name HTTP/1.1
User-Agent: selenium/4.8.0 (java windows)
Cache-Control: no-cache
Content-Type: application/json; charset=utf-8
host: localhost:3351
accept: */*

Response DefaultHttpResponse(decodeResult: success, version: HTTP/1.1)
HTTP/1.1 200 OK
Content-Length: 16
Content-Type: application/json; charset=utf-8
cache-control: no-cache

10:56:41.248 [AsyncHttpClient-1-5] DEBUG org.asynchttpclient.netty.channel.ChannelManager - Adding key: http://localhost:3351 for channel [id: 0x8ba06b9b, L:/127.0.0.1:51945 - R:localhost/127.0.0.1:3351]
10:56:41.250 [Forwarding findElement on session af33ce73ac963d11290f2ced7bdf10cf to remote] DEBUG org.asynchttpclient.netty.request.NettyRequestSender - Using pooled Channel '[id: 0x8ba06b9b, L:/127.0.0.1:51945 - R:localhost/127.0.0.1:3351]' for 'POST' to 'http://localhost:3351/session/af33ce73ac963d11290f2ced7bdf10cf/element'
10:56:41.250 [Forwarding findElement on session af33ce73ac963d11290f2ced7bdf10cf to remote] DEBUG org.asynchttpclient.netty.request.NettyRequestSender - Using open Channel [id: 0x8ba06b9b, L:/127.0.0.1:51945 - R:localhost/127.0.0.1:3351] for POST '/session/af33ce73ac963d11290f2ced7bdf10cf/element'
10:56:41.256 [AsyncHttpClient-1-5] DEBUG org.asynchttpclient.netty.handler.HttpHandler - 

Request DefaultHttpRequest(decodeResult: success, version: HTTP/1.1)
POST /session/af33ce73ac963d11290f2ced7bdf10cf/element HTTP/1.1
User-Agent: selenium/4.8.0 (java windows)
Content-Length: 63
Content-Type: application/json; charset=utf-8
host: localhost:3351
accept: */*

Response DefaultHttpResponse(decodeResult: success, version: HTTP/1.1)
HTTP/1.1 200 OK
Content-Length: 88
Content-Type: application/json; charset=utf-8
cache-control: no-cache

10:56:41.256 [AsyncHttpClient-1-5] DEBUG org.asynchttpclient.netty.channel.ChannelManager - Adding key: http://localhost:3351 for channel [id: 0x8ba06b9b, L:/127.0.0.1:51945 - R:localhost/127.0.0.1:3351]
10:56:41.257 [Forwarding clickElement on session af33ce73ac963d11290f2ced7bdf10cf to remote] DEBUG org.asynchttpclient.netty.request.NettyRequestSender - Using pooled Channel '[id: 0x8ba06b9b, L:/127.0.0.1:51945 - R:localhost/127.0.0.1:3351]' for 'POST' to 'http://localhost:3351/session/af33ce73ac963d11290f2ced7bdf10cf/element/823e4189-1c1b-42a7-8ff3-1646c0e95519/click'
10:56:41.258 [Forwarding clickElement on session af33ce73ac963d11290f2ced7bdf10cf to remote] DEBUG org.asynchttpclient.netty.request.NettyRequestSender - Using open Channel [id: 0x8ba06b9b, L:/127.0.0.1:51945 - R:localhost/127.0.0.1:3351] for POST '/session/af33ce73ac963d11290f2ced7bdf10cf/element/823e4189-1c1b-42a7-8ff3-1646c0e95519/click'
10:56:41.305 [AsyncHttpClient-1-5] DEBUG org.asynchttpclient.netty.handler.HttpHandler - 

Request DefaultHttpRequest(decodeResult: success, version: HTTP/1.1)
POST /session/af33ce73ac963d11290f2ced7bdf10cf/element/823e4189-1c1b-42a7-8ff3-1646c0e95519/click HTTP/1.1
User-Agent: selenium/4.8.0 (java windows)
Content-Length: 50
Content-Type: application/json; charset=utf-8
host: localhost:3351
accept: */*

Response DefaultHttpResponse(decodeResult: success, version: HTTP/1.1)
HTTP/1.1 200 OK
Content-Length: 14
Content-Type: application/json; charset=utf-8
cache-control: no-cache

10:56:41.305 [AsyncHttpClient-1-5] DEBUG org.asynchttpclient.netty.channel.ChannelManager - Adding key: http://localhost:3351 for channel [id: 0x8ba06b9b, L:/127.0.0.1:51945 - R:localhost/127.0.0.1:3351]
10:56:41.308 [main] DEBUG net.thucydides.core.steps.StepInterceptor - STEP DONE: userClickTheShoppingCart
  &amp#27;[32mAnd &amp#27;[0m&amp#27;[32muser click the shopping cart&amp#27;[0m                              &amp#27;[90m# starter.stepdefinitions.LoginSteps.userClickTheShoppingCart()&amp#27;[0m
10:56:41.316 [main] DEBUG net.thucydides.core.steps.StepInterceptor - STARTING STEP: LoginSteps.userToTheCheckoutPage - userToTheCheckoutPage
10:56:41.318 [Forwarding findElement on session af33ce73ac963d11290f2ced7bdf10cf to remote] DEBUG org.asynchttpclient.netty.request.NettyRequestSender - Using pooled Channel '[id: 0x8ba06b9b, L:/127.0.0.1:51945 - R:localhost/127.0.0.1:3351]' for 'POST' to 'http://localhost:3351/session/af33ce73ac963d11290f2ced7bdf10cf/element'
10:56:41.319 [Forwarding findElement on session af33ce73ac963d11290f2ced7bdf10cf to remote] DEBUG org.asynchttpclient.netty.request.NettyRequestSender - Using open Channel [id: 0x8ba06b9b, L:/127.0.0.1:51945 - R:localhost/127.0.0.1:3351] for POST '/session/af33ce73ac963d11290f2ced7bdf10cf/element'
10:56:41.329 [AsyncHttpClient-1-5] DEBUG org.asynchttpclient.netty.handler.HttpHandler - 

Request DefaultHttpRequest(decodeResult: success, version: HTTP/1.1)
POST /session/af33ce73ac963d11290f2ced7bdf10cf/element HTTP/1.1
User-Agent: selenium/4.8.0 (java windows)
Content-Length: 73
Content-Type: application/json; charset=utf-8
host: localhost:3351
accept: */*

Response DefaultHttpResponse(decodeResult: success, version: HTTP/1.1)
HTTP/1.1 200 OK
Content-Length: 88
Content-Type: application/json; charset=utf-8
cache-control: no-cache

10:56:41.329 [AsyncHttpClient-1-5] DEBUG org.asynchttpclient.netty.channel.ChannelManager - Adding key: http://localhost:3351 for channel [id: 0x8ba06b9b, L:/127.0.0.1:51945 - R:localhost/127.0.0.1:3351]
10:56:41.332 [Forwarding isElementDisplayed on session af33ce73ac963d11290f2ced7bdf10cf to remote] DEBUG org.asynchttpclient.netty.request.NettyRequestSender - Using pooled Channel '[id: 0x8ba06b9b, L:/127.0.0.1:51945 - R:localhost/127.0.0.1:3351]' for 'POST' to 'http://localhost:3351/session/af33ce73ac963d11290f2ced7bdf10cf/execute/sync'
10:56:41.332 [Forwarding isElementDisplayed on session af33ce73ac963d11290f2ced7bdf10cf to remote] DEBUG org.asynchttpclient.netty.request.NettyRequestSender - Using open Channel [id: 0x8ba06b9b, L:/127.0.0.1:51945 - R:localhost/127.0.0.1:3351] for POST '/session/af33ce73ac963d11290f2ced7bdf10cf/execute/sync'
10:56:41.341 [AsyncHttpClient-1-5] DEBUG org.asynchttpclient.netty.handler.HttpHandler - 

Request DefaultHttpRequest(decodeResult: success, version: HTTP/1.1)
POST /session/af33ce73ac963d11290f2ced7bdf10cf/execute/sync HTTP/1.1
User-Agent: selenium/4.8.0 (java windows)
Content-Length: 48807
Content-Type: application/json; charset=utf-8
host: localhost:3351
accept: */*

Response DefaultHttpResponse(decodeResult: success, version: HTTP/1.1)
HTTP/1.1 200 OK
Content-Length: 14
Content-Type: application/json; charset=utf-8
cache-control: no-cache

10:56:41.341 [AsyncHttpClient-1-5] DEBUG org.asynchttpclient.netty.channel.ChannelManager - Adding key: http://localhost:3351 for channel [id: 0x8ba06b9b, L:/127.0.0.1:51945 - R:localhost/127.0.0.1:3351]
10:56:41.344 [main] DEBUG net.thucydides.core.steps.StepInterceptor - STEP DONE: userToTheCheckoutPage
  &amp#27;[32mAnd &amp#27;[0m&amp#27;[32muser to the checkout page&amp#27;[0m                                 &amp#27;[90m# starter.stepdefinitions.LoginSteps.userToTheCheckoutPage()&amp#27;[0m
10:56:41.351 [main] DEBUG net.thucydides.core.steps.StepInterceptor - STARTING STEP: LoginSteps.userClickCheckoutButton - userClickCheckoutButton
10:56:41.354 [Forwarding findElement on session af33ce73ac963d11290f2ced7bdf10cf to remote] DEBUG org.asynchttpclient.netty.request.NettyRequestSender - Using pooled Channel '[id: 0x8ba06b9b, L:/127.0.0.1:51945 - R:localhost/127.0.0.1:3351]' for 'POST' to 'http://localhost:3351/session/af33ce73ac963d11290f2ced7bdf10cf/element'
10:56:41.354 [Forwarding findElement on session af33ce73ac963d11290f2ced7bdf10cf to remote] DEBUG org.asynchttpclient.netty.request.NettyRequestSender - Using open Channel [id: 0x8ba06b9b, L:/127.0.0.1:51945 - R:localhost/127.0.0.1:3351] for POST '/session/af33ce73ac963d11290f2ced7bdf10cf/element'
10:56:41.364 [AsyncHttpClient-1-5] DEBUG org.asynchttpclient.netty.handler.HttpHandler - 

Request DefaultHttpRequest(decodeResult: success, version: HTTP/1.1)
POST /session/af33ce73ac963d11290f2ced7bdf10cf/element HTTP/1.1
User-Agent: selenium/4.8.0 (java windows)
Content-Length: 74
Content-Type: application/json; charset=utf-8
host: localhost:3351
accept: */*

Response DefaultHttpResponse(decodeResult: success, version: HTTP/1.1)
HTTP/1.1 200 OK
Content-Length: 88
Content-Type: application/json; charset=utf-8
cache-control: no-cache

10:56:41.364 [AsyncHttpClient-1-5] DEBUG org.asynchttpclient.netty.channel.ChannelManager - Adding key: http://localhost:3351 for channel [id: 0x8ba06b9b, L:/127.0.0.1:51945 - R:localhost/127.0.0.1:3351]
10:56:41.366 [Forwarding getElementTagName on session af33ce73ac963d11290f2ced7bdf10cf to remote] DEBUG org.asynchttpclient.netty.request.NettyRequestSender - Using pooled Channel '[id: 0x8ba06b9b, L:/127.0.0.1:51945 - R:localhost/127.0.0.1:3351]' for 'GET' to 'http://localhost:3351/session/af33ce73ac963d11290f2ced7bdf10cf/element/13fecd15-bfd6-4c06-8a00-b64e85a1130d/name'
10:56:41.366 [Forwarding getElementTagName on session af33ce73ac963d11290f2ced7bdf10cf to remote] DEBUG org.asynchttpclient.netty.request.NettyRequestSender - Using open Channel [id: 0x8ba06b9b, L:/127.0.0.1:51945 - R:localhost/127.0.0.1:3351] for GET '/session/af33ce73ac963d11290f2ced7bdf10cf/element/13fecd15-bfd6-4c06-8a00-b64e85a1130d/name'
10:56:41.370 [AsyncHttpClient-1-5] DEBUG org.asynchttpclient.netty.handler.HttpHandler - 

Request DefaultFullHttpRequest(decodeResult: success, version: HTTP/1.1, content: EmptyByteBufBE)
GET /session/af33ce73ac963d11290f2ced7bdf10cf/element/13fecd15-bfd6-4c06-8a00-b64e85a1130d/name HTTP/1.1
User-Agent: selenium/4.8.0 (java windows)
Cache-Control: no-cache
Content-Type: application/json; charset=utf-8
host: localhost:3351
accept: */*

Response DefaultHttpResponse(decodeResult: success, version: HTTP/1.1)
HTTP/1.1 200 OK
Content-Length: 18
Content-Type: application/json; charset=utf-8
cache-control: no-cache

10:56:41.371 [AsyncHttpClient-1-5] DEBUG org.asynchttpclient.netty.channel.ChannelManager - Adding key: http://localhost:3351 for channel [id: 0x8ba06b9b, L:/127.0.0.1:51945 - R:localhost/127.0.0.1:3351]
10:56:41.375 [Forwarding getElementTagName on session af33ce73ac963d11290f2ced7bdf10cf to remote] DEBUG org.asynchttpclient.netty.request.NettyRequestSender - Using pooled Channel '[id: 0x8ba06b9b, L:/127.0.0.1:51945 - R:localhost/127.0.0.1:3351]' for 'GET' to 'http://localhost:3351/session/af33ce73ac963d11290f2ced7bdf10cf/element/13fecd15-bfd6-4c06-8a00-b64e85a1130d/name'
10:56:41.375 [Forwarding getElementTagName on session af33ce73ac963d11290f2ced7bdf10cf to remote] DEBUG org.asynchttpclient.netty.request.NettyRequestSender - Using open Channel [id: 0x8ba06b9b, L:/127.0.0.1:51945 - R:localhost/127.0.0.1:3351] for GET '/session/af33ce73ac963d11290f2ced7bdf10cf/element/13fecd15-bfd6-4c06-8a00-b64e85a1130d/name'
10:56:41.378 [AsyncHttpClient-1-5] DEBUG org.asynchttpclient.netty.handler.HttpHandler - 

Request DefaultFullHttpRequest(decodeResult: success, version: HTTP/1.1, content: EmptyByteBufBE)
GET /session/af33ce73ac963d11290f2ced7bdf10cf/element/13fecd15-bfd6-4c06-8a00-b64e85a1130d/name HTTP/1.1
User-Agent: selenium/4.8.0 (java windows)
Cache-Control: no-cache
Content-Type: application/json; charset=utf-8
host: localhost:3351
accept: */*

Response DefaultHttpResponse(decodeResult: success, version: HTTP/1.1)
HTTP/1.1 200 OK
Content-Length: 18
Content-Type: application/json; charset=utf-8
cache-control: no-cache

10:56:41.379 [AsyncHttpClient-1-5] DEBUG org.asynchttpclient.netty.channel.ChannelManager - Adding key: http://localhost:3351 for channel [id: 0x8ba06b9b, L:/127.0.0.1:51945 - R:localhost/127.0.0.1:3351]
10:56:41.382 [Forwarding isElementEnabled on session af33ce73ac963d11290f2ced7bdf10cf to remote] DEBUG org.asynchttpclient.netty.request.NettyRequestSender - Using pooled Channel '[id: 0x8ba06b9b, L:/127.0.0.1:51945 - R:localhost/127.0.0.1:3351]' for 'GET' to 'http://localhost:3351/session/af33ce73ac963d11290f2ced7bdf10cf/element/13fecd15-bfd6-4c06-8a00-b64e85a1130d/enabled'
10:56:41.382 [Forwarding isElementEnabled on session af33ce73ac963d11290f2ced7bdf10cf to remote] DEBUG org.asynchttpclient.netty.request.NettyRequestSender - Using open Channel [id: 0x8ba06b9b, L:/127.0.0.1:51945 - R:localhost/127.0.0.1:3351] for GET '/session/af33ce73ac963d11290f2ced7bdf10cf/element/13fecd15-bfd6-4c06-8a00-b64e85a1130d/enabled'
10:56:41.393 [AsyncHttpClient-1-5] DEBUG org.asynchttpclient.netty.handler.HttpHandler - 

Request DefaultFullHttpRequest(decodeResult: success, version: HTTP/1.1, content: EmptyByteBufBE)
GET /session/af33ce73ac963d11290f2ced7bdf10cf/element/13fecd15-bfd6-4c06-8a00-b64e85a1130d/enabled HTTP/1.1
User-Agent: selenium/4.8.0 (java windows)
Cache-Control: no-cache
Content-Type: application/json; charset=utf-8
host: localhost:3351
accept: */*

Response DefaultHttpResponse(decodeResult: success, version: HTTP/1.1)
HTTP/1.1 200 OK
Content-Length: 14
Content-Type: application/json; charset=utf-8
cache-control: no-cache

10:56:41.393 [AsyncHttpClient-1-5] DEBUG org.asynchttpclient.netty.channel.ChannelManager - Adding key: http://localhost:3351 for channel [id: 0x8ba06b9b, L:/127.0.0.1:51945 - R:localhost/127.0.0.1:3351]
10:56:41.394 [Forwarding isElementEnabled on session af33ce73ac963d11290f2ced7bdf10cf to remote] DEBUG org.asynchttpclient.netty.request.NettyRequestSender - Using pooled Channel '[id: 0x8ba06b9b, L:/127.0.0.1:51945 - R:localhost/127.0.0.1:3351]' for 'GET' to 'http://localhost:3351/session/af33ce73ac963d11290f2ced7bdf10cf/element/13fecd15-bfd6-4c06-8a00-b64e85a1130d/enabled'
10:56:41.394 [Forwarding isElementEnabled on session af33ce73ac963d11290f2ced7bdf10cf to remote] DEBUG org.asynchttpclient.netty.request.NettyRequestSender - Using open Channel [id: 0x8ba06b9b, L:/127.0.0.1:51945 - R:localhost/127.0.0.1:3351] for GET '/session/af33ce73ac963d11290f2ced7bdf10cf/element/13fecd15-bfd6-4c06-8a00-b64e85a1130d/enabled'
10:56:41.400 [AsyncHttpClient-1-5] DEBUG org.asynchttpclient.netty.handler.HttpHandler - 

Request DefaultFullHttpRequest(decodeResult: success, version: HTTP/1.1, content: EmptyByteBufBE)
GET /session/af33ce73ac963d11290f2ced7bdf10cf/element/13fecd15-bfd6-4c06-8a00-b64e85a1130d/enabled HTTP/1.1
User-Agent: selenium/4.8.0 (java windows)
Cache-Control: no-cache
Content-Type: application/json; charset=utf-8
host: localhost:3351
accept: */*

Response DefaultHttpResponse(decodeResult: success, version: HTTP/1.1)
HTTP/1.1 200 OK
Content-Length: 14
Content-Type: application/json; charset=utf-8
cache-control: no-cache

10:56:41.400 [AsyncHttpClient-1-5] DEBUG org.asynchttpclient.netty.channel.ChannelManager - Adding key: http://localhost:3351 for channel [id: 0x8ba06b9b, L:/127.0.0.1:51945 - R:localhost/127.0.0.1:3351]
10:56:41.402 [Forwarding findElement on session af33ce73ac963d11290f2ced7bdf10cf to remote] DEBUG org.asynchttpclient.netty.request.NettyRequestSender - Using pooled Channel '[id: 0x8ba06b9b, L:/127.0.0.1:51945 - R:localhost/127.0.0.1:3351]' for 'POST' to 'http://localhost:3351/session/af33ce73ac963d11290f2ced7bdf10cf/element'
10:56:41.402 [Forwarding findElement on session af33ce73ac963d11290f2ced7bdf10cf to remote] DEBUG org.asynchttpclient.netty.request.NettyRequestSender - Using open Channel [id: 0x8ba06b9b, L:/127.0.0.1:51945 - R:localhost/127.0.0.1:3351] for POST '/session/af33ce73ac963d11290f2ced7bdf10cf/element'
10:56:41.409 [AsyncHttpClient-1-5] DEBUG org.asynchttpclient.netty.handler.HttpHandler - 

Request DefaultHttpRequest(decodeResult: success, version: HTTP/1.1)
POST /session/af33ce73ac963d11290f2ced7bdf10cf/element HTTP/1.1
User-Agent: selenium/4.8.0 (java windows)
Content-Length: 74
Content-Type: application/json; charset=utf-8
host: localhost:3351
accept: */*

Response DefaultHttpResponse(decodeResult: success, version: HTTP/1.1)
HTTP/1.1 200 OK
Content-Length: 88
Content-Type: application/json; charset=utf-8
cache-control: no-cache

10:56:41.409 [AsyncHttpClient-1-5] DEBUG org.asynchttpclient.netty.channel.ChannelManager - Adding key: http://localhost:3351 for channel [id: 0x8ba06b9b, L:/127.0.0.1:51945 - R:localhost/127.0.0.1:3351]
10:56:41.410 [Forwarding clickElement on session af33ce73ac963d11290f2ced7bdf10cf to remote] DEBUG org.asynchttpclient.netty.request.NettyRequestSender - Using pooled Channel '[id: 0x8ba06b9b, L:/127.0.0.1:51945 - R:localhost/127.0.0.1:3351]' for 'POST' to 'http://localhost:3351/session/af33ce73ac963d11290f2ced7bdf10cf/element/13fecd15-bfd6-4c06-8a00-b64e85a1130d/click'
10:56:41.410 [Forwarding clickElement on session af33ce73ac963d11290f2ced7bdf10cf to remote] DEBUG org.asynchttpclient.netty.request.NettyRequestSender - Using open Channel [id: 0x8ba06b9b, L:/127.0.0.1:51945 - R:localhost/127.0.0.1:3351] for POST '/session/af33ce73ac963d11290f2ced7bdf10cf/element/13fecd15-bfd6-4c06-8a00-b64e85a1130d/click'
10:56:41.477 [AsyncHttpClient-1-5] DEBUG org.asynchttpclient.netty.handler.HttpHandler - 

Request DefaultHttpRequest(decodeResult: success, version: HTTP/1.1)
POST /session/af33ce73ac963d11290f2ced7bdf10cf/element/13fecd15-bfd6-4c06-8a00-b64e85a1130d/click HTTP/1.1
User-Agent: selenium/4.8.0 (java windows)
Content-Length: 50
Content-Type: application/json; charset=utf-8
host: localhost:3351
accept: */*

Response DefaultHttpResponse(decodeResult: success, version: HTTP/1.1)
HTTP/1.1 200 OK
Content-Length: 14
Content-Type: application/json; charset=utf-8
cache-control: no-cache

10:56:41.477 [AsyncHttpClient-1-5] DEBUG org.asynchttpclient.netty.channel.ChannelManager - Adding key: http://localhost:3351 for channel [id: 0x8ba06b9b, L:/127.0.0.1:51945 - R:localhost/127.0.0.1:3351]
10:56:41.481 [main] DEBUG net.thucydides.core.steps.StepInterceptor - STEP DONE: userClickCheckoutButton
  &amp#27;[32mAnd &amp#27;[0m&amp#27;[32muser click checkout button&amp#27;[0m                                &amp#27;[90m# starter.stepdefinitions.LoginSteps.userClickCheckoutButton()&amp#27;[0m
10:56:41.489 [main] DEBUG net.thucydides.core.steps.StepInterceptor - STARTING STEP: LoginSteps.userToThePersonalDataInformationPage - userToThePersonalDataInformationPage
10:56:41.492 [Forwarding findElement on session af33ce73ac963d11290f2ced7bdf10cf to remote] DEBUG org.asynchttpclient.netty.request.NettyRequestSender - Using pooled Channel '[id: 0x8ba06b9b, L:/127.0.0.1:51945 - R:localhost/127.0.0.1:3351]' for 'POST' to 'http://localhost:3351/session/af33ce73ac963d11290f2ced7bdf10cf/element'
10:56:41.492 [Forwarding findElement on session af33ce73ac963d11290f2ced7bdf10cf to remote] DEBUG org.asynchttpclient.netty.request.NettyRequestSender - Using open Channel [id: 0x8ba06b9b, L:/127.0.0.1:51945 - R:localhost/127.0.0.1:3351] for POST '/session/af33ce73ac963d11290f2ced7bdf10cf/element'
10:56:41.531 [AsyncHttpClient-1-5] DEBUG org.asynchttpclient.netty.handler.HttpHandler - 

Request DefaultHttpRequest(decodeResult: success, version: HTTP/1.1)
POST /session/af33ce73ac963d11290f2ced7bdf10cf/element HTTP/1.1
User-Agent: selenium/4.8.0 (java windows)
Content-Length: 90
Content-Type: application/json; charset=utf-8
host: localhost:3351
accept: */*

Response DefaultHttpResponse(decodeResult: success, version: HTTP/1.1)
HTTP/1.1 200 OK
Content-Length: 88
Content-Type: application/json; charset=utf-8
cache-control: no-cache

10:56:41.531 [AsyncHttpClient-1-5] DEBUG org.asynchttpclient.netty.channel.ChannelManager - Adding key: http://localhost:3351 for channel [id: 0x8ba06b9b, L:/127.0.0.1:51945 - R:localhost/127.0.0.1:3351]
10:56:41.534 [Forwarding isElementDisplayed on session af33ce73ac963d11290f2ced7bdf10cf to remote] DEBUG org.asynchttpclient.netty.request.NettyRequestSender - Using pooled Channel '[id: 0x8ba06b9b, L:/127.0.0.1:51945 - R:localhost/127.0.0.1:3351]' for 'POST' to 'http://localhost:3351/session/af33ce73ac963d11290f2ced7bdf10cf/execute/sync'
10:56:41.534 [Forwarding isElementDisplayed on session af33ce73ac963d11290f2ced7bdf10cf to remote] DEBUG org.asynchttpclient.netty.request.NettyRequestSender - Using open Channel [id: 0x8ba06b9b, L:/127.0.0.1:51945 - R:localhost/127.0.0.1:3351] for POST '/session/af33ce73ac963d11290f2ced7bdf10cf/execute/sync'
10:56:41.544 [AsyncHttpClient-1-5] DEBUG org.asynchttpclient.netty.handler.HttpHandler - 

Request DefaultHttpRequest(decodeResult: success, version: HTTP/1.1)
POST /session/af33ce73ac963d11290f2ced7bdf10cf/execute/sync HTTP/1.1
User-Agent: selenium/4.8.0 (java windows)
Content-Length: 48807
Content-Type: application/json; charset=utf-8
host: localhost:3351
accept: */*

Response DefaultHttpResponse(decodeResult: success, version: HTTP/1.1)
HTTP/1.1 200 OK
Content-Length: 14
Content-Type: application/json; charset=utf-8
cache-control: no-cache

10:56:41.544 [AsyncHttpClient-1-5] DEBUG org.asynchttpclient.netty.channel.ChannelManager - Adding key: http://localhost:3351 for channel [id: 0x8ba06b9b, L:/127.0.0.1:51945 - R:localhost/127.0.0.1:3351]
10:56:41.546 [main] DEBUG net.thucydides.core.steps.StepInterceptor - STEP DONE: userToThePersonalDataInformationPage
  &amp#27;[32mAnd &amp#27;[0m&amp#27;[32muser to the personal data information page&amp#27;[0m                &amp#27;[90m# starter.stepdefinitions.LoginSteps.userToThePersonalDataInformationPage()&amp#27;[0m
10:56:41.554 [main] DEBUG net.thucydides.core.steps.StepInterceptor - STARTING STEP: LoginSteps.userFillFirstNameField - userFillFirstNameField
10:56:41.557 [Forwarding findElement on session af33ce73ac963d11290f2ced7bdf10cf to remote] DEBUG org.asynchttpclient.netty.request.NettyRequestSender - Using pooled Channel '[id: 0x8ba06b9b, L:/127.0.0.1:51945 - R:localhost/127.0.0.1:3351]' for 'POST' to 'http://localhost:3351/session/af33ce73ac963d11290f2ced7bdf10cf/element'
10:56:41.557 [Forwarding findElement on session af33ce73ac963d11290f2ced7bdf10cf to remote] DEBUG org.asynchttpclient.netty.request.NettyRequestSender - Using open Channel [id: 0x8ba06b9b, L:/127.0.0.1:51945 - R:localhost/127.0.0.1:3351] for POST '/session/af33ce73ac963d11290f2ced7bdf10cf/element'
10:56:41.567 [AsyncHttpClient-1-5] DEBUG org.asynchttpclient.netty.handler.HttpHandler - 

Request DefaultHttpRequest(decodeResult: success, version: HTTP/1.1)
POST /session/af33ce73ac963d11290f2ced7bdf10cf/element HTTP/1.1
User-Agent: selenium/4.8.0 (java windows)
Content-Length: 57
Content-Type: application/json; charset=utf-8
host: localhost:3351
accept: */*

Response DefaultHttpResponse(decodeResult: success, version: HTTP/1.1)
HTTP/1.1 200 OK
Content-Length: 88
Content-Type: application/json; charset=utf-8
cache-control: no-cache

10:56:41.567 [AsyncHttpClient-1-5] DEBUG org.asynchttpclient.netty.channel.ChannelManager - Adding key: http://localhost:3351 for channel [id: 0x8ba06b9b, L:/127.0.0.1:51945 - R:localhost/127.0.0.1:3351]
10:56:41.568 [Forwarding clearElement on session af33ce73ac963d11290f2ced7bdf10cf to remote] DEBUG org.asynchttpclient.netty.request.NettyRequestSender - Using pooled Channel '[id: 0x8ba06b9b, L:/127.0.0.1:51945 - R:localhost/127.0.0.1:3351]' for 'POST' to 'http://localhost:3351/session/af33ce73ac963d11290f2ced7bdf10cf/element/7766faec-dcc2-4044-886d-55fb811b1af8/clear'
10:56:41.568 [Forwarding clearElement on session af33ce73ac963d11290f2ced7bdf10cf to remote] DEBUG org.asynchttpclient.netty.request.NettyRequestSender - Using open Channel [id: 0x8ba06b9b, L:/127.0.0.1:51945 - R:localhost/127.0.0.1:3351] for POST '/session/af33ce73ac963d11290f2ced7bdf10cf/element/7766faec-dcc2-4044-886d-55fb811b1af8/clear'
10:56:41.599 [AsyncHttpClient-1-5] DEBUG org.asynchttpclient.netty.handler.HttpHandler - 

Request DefaultHttpRequest(decodeResult: success, version: HTTP/1.1)
POST /session/af33ce73ac963d11290f2ced7bdf10cf/element/7766faec-dcc2-4044-886d-55fb811b1af8/clear HTTP/1.1
User-Agent: selenium/4.8.0 (java windows)
Content-Length: 50
Content-Type: application/json; charset=utf-8
host: localhost:3351
accept: */*

Response DefaultHttpResponse(decodeResult: success, version: HTTP/1.1)
HTTP/1.1 200 OK
Content-Length: 14
Content-Type: application/json; charset=utf-8
cache-control: no-cache

10:56:41.599 [AsyncHttpClient-1-5] DEBUG org.asynchttpclient.netty.channel.ChannelManager - Adding key: http://localhost:3351 for channel [id: 0x8ba06b9b, L:/127.0.0.1:51945 - R:localhost/127.0.0.1:3351]
10:56:41.601 [Forwarding sendKeysToElement on session af33ce73ac963d11290f2ced7bdf10cf to remote] DEBUG org.asynchttpclient.netty.request.NettyRequestSender - Using pooled Channel '[id: 0x8ba06b9b, L:/127.0.0.1:51945 - R:localhost/127.0.0.1:3351]' for 'POST' to 'http://localhost:3351/session/af33ce73ac963d11290f2ced7bdf10cf/element/7766faec-dcc2-4044-886d-55fb811b1af8/value'
10:56:41.601 [Forwarding sendKeysToElement on session af33ce73ac963d11290f2ced7bdf10cf to remote] DEBUG org.asynchttpclient.netty.request.NettyRequestSender - Using open Channel [id: 0x8ba06b9b, L:/127.0.0.1:51945 - R:localhost/127.0.0.1:3351] for POST '/session/af33ce73ac963d11290f2ced7bdf10cf/element/7766faec-dcc2-4044-886d-55fb811b1af8/value'
10:56:41.674 [AsyncHttpClient-1-5] DEBUG org.asynchttpclient.netty.handler.HttpHandler - 

Request DefaultHttpRequest(decodeResult: success, version: HTTP/1.1)
POST /session/af33ce73ac963d11290f2ced7bdf10cf/element/7766faec-dcc2-4044-886d-55fb811b1af8/value HTTP/1.1
User-Agent: selenium/4.8.0 (java windows)
Content-Length: 131
Content-Type: application/json; charset=utf-8
host: localhost:3351
accept: */*

Response DefaultHttpResponse(decodeResult: success, version: HTTP/1.1)
HTTP/1.1 200 OK
Content-Length: 14
Content-Type: application/json; charset=utf-8
cache-control: no-cache

10:56:41.674 [AsyncHttpClient-1-5] DEBUG org.asynchttpclient.netty.channel.ChannelManager - Adding key: http://localhost:3351 for channel [id: 0x8ba06b9b, L:/127.0.0.1:51945 - R:localhost/127.0.0.1:3351]
10:56:41.677 [main] DEBUG net.thucydides.core.steps.StepInterceptor - STEP DONE: userFillFirstNameField
  &amp#27;[32mAnd &amp#27;[0m&amp#27;[32muser fill first name field&amp#27;[0m                                &amp#27;[90m# starter.stepdefinitions.LoginSteps.userFillFirstNameField()&amp#27;[0m
10:56:41.685 [main] DEBUG net.thucydides.core.steps.StepInterceptor - STARTING STEP: LoginSteps.userClickContinueButton - userClickContinueButton
10:56:41.688 [Forwarding findElement on session af33ce73ac963d11290f2ced7bdf10cf to remote] DEBUG org.asynchttpclient.netty.request.NettyRequestSender - Using pooled Channel '[id: 0x8ba06b9b, L:/127.0.0.1:51945 - R:localhost/127.0.0.1:3351]' for 'POST' to 'http://localhost:3351/session/af33ce73ac963d11290f2ced7bdf10cf/element'
10:56:41.688 [Forwarding findElement on session af33ce73ac963d11290f2ced7bdf10cf to remote] DEBUG org.asynchttpclient.netty.request.NettyRequestSender - Using open Channel [id: 0x8ba06b9b, L:/127.0.0.1:51945 - R:localhost/127.0.0.1:3351] for POST '/session/af33ce73ac963d11290f2ced7bdf10cf/element'
10:56:41.700 [AsyncHttpClient-1-5] DEBUG org.asynchttpclient.netty.handler.HttpHandler - 

Request DefaultHttpRequest(decodeResult: success, version: HTTP/1.1)
POST /session/af33ce73ac963d11290f2ced7bdf10cf/element HTTP/1.1
User-Agent: selenium/4.8.0 (java windows)
Content-Length: 53
Content-Type: application/json; charset=utf-8
host: localhost:3351
accept: */*

Response DefaultHttpResponse(decodeResult: success, version: HTTP/1.1)
HTTP/1.1 200 OK
Content-Length: 88
Content-Type: application/json; charset=utf-8
cache-control: no-cache

10:56:41.700 [AsyncHttpClient-1-5] DEBUG org.asynchttpclient.netty.channel.ChannelManager - Adding key: http://localhost:3351 for channel [id: 0x8ba06b9b, L:/127.0.0.1:51945 - R:localhost/127.0.0.1:3351]
10:56:41.702 [Forwarding getElementTagName on session af33ce73ac963d11290f2ced7bdf10cf to remote] DEBUG org.asynchttpclient.netty.request.NettyRequestSender - Using pooled Channel '[id: 0x8ba06b9b, L:/127.0.0.1:51945 - R:localhost/127.0.0.1:3351]' for 'GET' to 'http://localhost:3351/session/af33ce73ac963d11290f2ced7bdf10cf/element/cd7fd36d-013b-4086-8e8b-691d5584a547/name'
10:56:41.702 [Forwarding getElementTagName on session af33ce73ac963d11290f2ced7bdf10cf to remote] DEBUG org.asynchttpclient.netty.request.NettyRequestSender - Using open Channel [id: 0x8ba06b9b, L:/127.0.0.1:51945 - R:localhost/127.0.0.1:3351] for GET '/session/af33ce73ac963d11290f2ced7bdf10cf/element/cd7fd36d-013b-4086-8e8b-691d5584a547/name'
10:56:41.709 [AsyncHttpClient-1-5] DEBUG org.asynchttpclient.netty.handler.HttpHandler - 

Request DefaultFullHttpRequest(decodeResult: success, version: HTTP/1.1, content: EmptyByteBufBE)
GET /session/af33ce73ac963d11290f2ced7bdf10cf/element/cd7fd36d-013b-4086-8e8b-691d5584a547/name HTTP/1.1
User-Agent: selenium/4.8.0 (java windows)
Cache-Control: no-cache
Content-Type: application/json; charset=utf-8
host: localhost:3351
accept: */*

Response DefaultHttpResponse(decodeResult: success, version: HTTP/1.1)
HTTP/1.1 200 OK
Content-Length: 17
Content-Type: application/json; charset=utf-8
cache-control: no-cache

10:56:41.709 [AsyncHttpClient-1-5] DEBUG org.asynchttpclient.netty.channel.ChannelManager - Adding key: http://localhost:3351 for channel [id: 0x8ba06b9b, L:/127.0.0.1:51945 - R:localhost/127.0.0.1:3351]
10:56:41.711 [Forwarding getElementTagName on session af33ce73ac963d11290f2ced7bdf10cf to remote] DEBUG org.asynchttpclient.netty.request.NettyRequestSender - Using pooled Channel '[id: 0x8ba06b9b, L:/127.0.0.1:51945 - R:localhost/127.0.0.1:3351]' for 'GET' to 'http://localhost:3351/session/af33ce73ac963d11290f2ced7bdf10cf/element/cd7fd36d-013b-4086-8e8b-691d5584a547/name'
10:56:41.711 [Forwarding getElementTagName on session af33ce73ac963d11290f2ced7bdf10cf to remote] DEBUG org.asynchttpclient.netty.request.NettyRequestSender - Using open Channel [id: 0x8ba06b9b, L:/127.0.0.1:51945 - R:localhost/127.0.0.1:3351] for GET '/session/af33ce73ac963d11290f2ced7bdf10cf/element/cd7fd36d-013b-4086-8e8b-691d5584a547/name'
10:56:41.715 [AsyncHttpClient-1-5] DEBUG org.asynchttpclient.netty.handler.HttpHandler - 

Request DefaultFullHttpRequest(decodeResult: success, version: HTTP/1.1, content: EmptyByteBufBE)
GET /session/af33ce73ac963d11290f2ced7bdf10cf/element/cd7fd36d-013b-4086-8e8b-691d5584a547/name HTTP/1.1
User-Agent: selenium/4.8.0 (java windows)
Cache-Control: no-cache
Content-Type: application/json; charset=utf-8
host: localhost:3351
accept: */*

Response DefaultHttpResponse(decodeResult: success, version: HTTP/1.1)
HTTP/1.1 200 OK
Content-Length: 17
Content-Type: application/json; charset=utf-8
cache-control: no-cache

10:56:41.715 [AsyncHttpClient-1-5] DEBUG org.asynchttpclient.netty.channel.ChannelManager - Adding key: http://localhost:3351 for channel [id: 0x8ba06b9b, L:/127.0.0.1:51945 - R:localhost/127.0.0.1:3351]
10:56:41.719 [Forwarding isElementEnabled on session af33ce73ac963d11290f2ced7bdf10cf to remote] DEBUG org.asynchttpclient.netty.request.NettyRequestSender - Using pooled Channel '[id: 0x8ba06b9b, L:/127.0.0.1:51945 - R:localhost/127.0.0.1:3351]' for 'GET' to 'http://localhost:3351/session/af33ce73ac963d11290f2ced7bdf10cf/element/cd7fd36d-013b-4086-8e8b-691d5584a547/enabled'
10:56:41.719 [Forwarding isElementEnabled on session af33ce73ac963d11290f2ced7bdf10cf to remote] DEBUG org.asynchttpclient.netty.request.NettyRequestSender - Using open Channel [id: 0x8ba06b9b, L:/127.0.0.1:51945 - R:localhost/127.0.0.1:3351] for GET '/session/af33ce73ac963d11290f2ced7bdf10cf/element/cd7fd36d-013b-4086-8e8b-691d5584a547/enabled'
10:56:41.726 [AsyncHttpClient-1-5] DEBUG org.asynchttpclient.netty.handler.HttpHandler - 

Request DefaultFullHttpRequest(decodeResult: success, version: HTTP/1.1, content: EmptyByteBufBE)
GET /session/af33ce73ac963d11290f2ced7bdf10cf/element/cd7fd36d-013b-4086-8e8b-691d5584a547/enabled HTTP/1.1
User-Agent: selenium/4.8.0 (java windows)
Cache-Control: no-cache
Content-Type: application/json; charset=utf-8
host: localhost:3351
accept: */*

Response DefaultHttpResponse(decodeResult: success, version: HTTP/1.1)
HTTP/1.1 200 OK
Content-Length: 14
Content-Type: application/json; charset=utf-8
cache-control: no-cache

10:56:41.726 [AsyncHttpClient-1-5] DEBUG org.asynchttpclient.netty.channel.ChannelManager - Adding key: http://localhost:3351 for channel [id: 0x8ba06b9b, L:/127.0.0.1:51945 - R:localhost/127.0.0.1:3351]
10:56:41.728 [Forwarding isElementEnabled on session af33ce73ac963d11290f2ced7bdf10cf to remote] DEBUG org.asynchttpclient.netty.request.NettyRequestSender - Using pooled Channel '[id: 0x8ba06b9b, L:/127.0.0.1:51945 - R:localhost/127.0.0.1:3351]' for 'GET' to 'http://localhost:3351/session/af33ce73ac963d11290f2ced7bdf10cf/element/cd7fd36d-013b-4086-8e8b-691d5584a547/enabled'
10:56:41.728 [Forwarding isElementEnabled on session af33ce73ac963d11290f2ced7bdf10cf to remote] DEBUG org.asynchttpclient.netty.request.NettyRequestSender - Using open Channel [id: 0x8ba06b9b, L:/127.0.0.1:51945 - R:localhost/127.0.0.1:3351] for GET '/session/af33ce73ac963d11290f2ced7bdf10cf/element/cd7fd36d-013b-4086-8e8b-691d5584a547/enabled'
10:56:41.732 [AsyncHttpClient-1-5] DEBUG org.asynchttpclient.netty.handler.HttpHandler - 

Request DefaultFullHttpRequest(decodeResult: success, version: HTTP/1.1, content: EmptyByteBufBE)
GET /session/af33ce73ac963d11290f2ced7bdf10cf/element/cd7fd36d-013b-4086-8e8b-691d5584a547/enabled HTTP/1.1
User-Agent: selenium/4.8.0 (java windows)
Cache-Control: no-cache
Content-Type: application/json; charset=utf-8
host: localhost:3351
accept: */*

Response DefaultHttpResponse(decodeResult: success, version: HTTP/1.1)
HTTP/1.1 200 OK
Content-Length: 14
Content-Type: application/json; charset=utf-8
cache-control: no-cache

10:56:41.733 [AsyncHttpClient-1-5] DEBUG org.asynchttpclient.netty.channel.ChannelManager - Adding key: http://localhost:3351 for channel [id: 0x8ba06b9b, L:/127.0.0.1:51945 - R:localhost/127.0.0.1:3351]
10:56:41.735 [Forwarding findElement on session af33ce73ac963d11290f2ced7bdf10cf to remote] DEBUG org.asynchttpclient.netty.request.NettyRequestSender - Using pooled Channel '[id: 0x8ba06b9b, L:/127.0.0.1:51945 - R:localhost/127.0.0.1:3351]' for 'POST' to 'http://localhost:3351/session/af33ce73ac963d11290f2ced7bdf10cf/element'
10:56:41.735 [Forwarding findElement on session af33ce73ac963d11290f2ced7bdf10cf to remote] DEBUG org.asynchttpclient.netty.request.NettyRequestSender - Using open Channel [id: 0x8ba06b9b, L:/127.0.0.1:51945 - R:localhost/127.0.0.1:3351] for POST '/session/af33ce73ac963d11290f2ced7bdf10cf/element'
10:56:41.741 [AsyncHttpClient-1-5] DEBUG org.asynchttpclient.netty.handler.HttpHandler - 

Request DefaultHttpRequest(decodeResult: success, version: HTTP/1.1)
POST /session/af33ce73ac963d11290f2ced7bdf10cf/element HTTP/1.1
User-Agent: selenium/4.8.0 (java windows)
Content-Length: 53
Content-Type: application/json; charset=utf-8
host: localhost:3351
accept: */*

Response DefaultHttpResponse(decodeResult: success, version: HTTP/1.1)
HTTP/1.1 200 OK
Content-Length: 88
Content-Type: application/json; charset=utf-8
cache-control: no-cache

10:56:41.741 [AsyncHttpClient-1-5] DEBUG org.asynchttpclient.netty.channel.ChannelManager - Adding key: http://localhost:3351 for channel [id: 0x8ba06b9b, L:/127.0.0.1:51945 - R:localhost/127.0.0.1:3351]
10:56:41.742 [Forwarding clickElement on session af33ce73ac963d11290f2ced7bdf10cf to remote] DEBUG org.asynchttpclient.netty.request.NettyRequestSender - Using pooled Channel '[id: 0x8ba06b9b, L:/127.0.0.1:51945 - R:localhost/127.0.0.1:3351]' for 'POST' to 'http://localhost:3351/session/af33ce73ac963d11290f2ced7bdf10cf/element/cd7fd36d-013b-4086-8e8b-691d5584a547/click'
10:56:41.742 [Forwarding clickElement on session af33ce73ac963d11290f2ced7bdf10cf to remote] DEBUG org.asynchttpclient.netty.request.NettyRequestSender - Using open Channel [id: 0x8ba06b9b, L:/127.0.0.1:51945 - R:localhost/127.0.0.1:3351] for POST '/session/af33ce73ac963d11290f2ced7bdf10cf/element/cd7fd36d-013b-4086-8e8b-691d5584a547/click'
10:56:41.795 [AsyncHttpClient-1-5] DEBUG org.asynchttpclient.netty.handler.HttpHandler - 

Request DefaultHttpRequest(decodeResult: success, version: HTTP/1.1)
POST /session/af33ce73ac963d11290f2ced7bdf10cf/element/cd7fd36d-013b-4086-8e8b-691d5584a547/click HTTP/1.1
User-Agent: selenium/4.8.0 (java windows)
Content-Length: 50
Content-Type: application/json; charset=utf-8
host: localhost:3351
accept: */*

Response DefaultHttpResponse(decodeResult: success, version: HTTP/1.1)
HTTP/1.1 200 OK
Content-Length: 14
Content-Type: application/json; charset=utf-8
cache-control: no-cache

10:56:41.795 [AsyncHttpClient-1-5] DEBUG org.asynchttpclient.netty.channel.ChannelManager - Adding key: http://localhost:3351 for channel [id: 0x8ba06b9b, L:/127.0.0.1:51945 - R:localhost/127.0.0.1:3351]
10:56:41.798 [main] DEBUG net.thucydides.core.steps.StepInterceptor - STEP DONE: userClickContinueButton
  &amp#27;[32mAnd &amp#27;[0m&amp#27;[32muser click continue button&amp#27;[0m                                &amp#27;[90m# starter.stepdefinitions.LoginSteps.userClickContinueButton()&amp#27;[0m
10:56:41.806 [main] DEBUG net.thucydides.core.steps.StepInterceptor - STARTING STEP: LoginSteps.userGetAnErrorMessage - userGetAnErrorMessage
10:56:41.808 [Forwarding findElement on session af33ce73ac963d11290f2ced7bdf10cf to remote] DEBUG org.asynchttpclient.netty.request.NettyRequestSender - Using pooled Channel '[id: 0x8ba06b9b, L:/127.0.0.1:51945 - R:localhost/127.0.0.1:3351]' for 'POST' to 'http://localhost:3351/session/af33ce73ac963d11290f2ced7bdf10cf/element'
10:56:41.808 [Forwarding findElement on session af33ce73ac963d11290f2ced7bdf10cf to remote] DEBUG org.asynchttpclient.netty.request.NettyRequestSender - Using open Channel [id: 0x8ba06b9b, L:/127.0.0.1:51945 - R:localhost/127.0.0.1:3351] for POST '/session/af33ce73ac963d11290f2ced7bdf10cf/element'
10:56:41.819 [AsyncHttpClient-1-5] DEBUG org.asynchttpclient.netty.handler.HttpHandler - 

Request DefaultHttpRequest(decodeResult: success, version: HTTP/1.1)
POST /session/af33ce73ac963d11290f2ced7bdf10cf/element HTTP/1.1
User-Agent: selenium/4.8.0 (java windows)
Content-Length: 71
Content-Type: application/json; charset=utf-8
host: localhost:3351
accept: */*

Response DefaultHttpResponse(decodeResult: success, version: HTTP/1.1)
HTTP/1.1 200 OK
Content-Length: 88
Content-Type: application/json; charset=utf-8
cache-control: no-cache

10:56:41.819 [AsyncHttpClient-1-5] DEBUG org.asynchttpclient.netty.channel.ChannelManager - Adding key: http://localhost:3351 for channel [id: 0x8ba06b9b, L:/127.0.0.1:51945 - R:localhost/127.0.0.1:3351]
10:56:41.820 [Forwarding getElementText on session af33ce73ac963d11290f2ced7bdf10cf to remote] DEBUG org.asynchttpclient.netty.request.NettyRequestSender - Using pooled Channel '[id: 0x8ba06b9b, L:/127.0.0.1:51945 - R:localhost/127.0.0.1:3351]' for 'GET' to 'http://localhost:3351/session/af33ce73ac963d11290f2ced7bdf10cf/element/e0862007-0f19-4019-9376-3bd30358f7a4/text'
10:56:41.820 [Forwarding getElementText on session af33ce73ac963d11290f2ced7bdf10cf to remote] DEBUG org.asynchttpclient.netty.request.NettyRequestSender - Using open Channel [id: 0x8ba06b9b, L:/127.0.0.1:51945 - R:localhost/127.0.0.1:3351] for GET '/session/af33ce73ac963d11290f2ced7bdf10cf/element/e0862007-0f19-4019-9376-3bd30358f7a4/text'
10:56:41.833 [AsyncHttpClient-1-5] DEBUG org.asynchttpclient.netty.handler.HttpHandler - 

Request DefaultFullHttpRequest(decodeResult: success, version: HTTP/1.1, content: EmptyByteBufBE)
GET /session/af33ce73ac963d11290f2ced7bdf10cf/element/e0862007-0f19-4019-9376-3bd30358f7a4/text HTTP/1.1
User-Agent: selenium/4.8.0 (java windows)
Cache-Control: no-cache
Content-Type: application/json; charset=utf-8
host: localhost:3351
accept: */*

Response DefaultHttpResponse(decodeResult: success, version: HTTP/1.1)
HTTP/1.1 200 OK
Content-Length: 40
Content-Type: application/json; charset=utf-8
cache-control: no-cache

10:56:41.833 [AsyncHttpClient-1-5] DEBUG org.asynchttpclient.netty.channel.ChannelManager - Adding key: http://localhost:3351 for channel [id: 0x8ba06b9b, L:/127.0.0.1:51945 - R:localhost/127.0.0.1:3351]
10:56:41.835 [main] DEBUG net.thucydides.core.steps.StepInterceptor - STEP DONE: userGetAnErrorMessage
  &amp#27;[32mThen &amp#27;[0m&amp#27;[32muser get an error message &amp#27;[0m&amp#27;[32m&amp#27;[1m"Error: Last Name is required"&amp#27;[0m &amp#27;[90m# starter.stepdefinitions.LoginSteps.userGetAnErrorMessage(java.lang.String)&amp#27;[0m
10:56:41.838 [main] INFO  - 
  _____   ___   ___   _____     ___     _     ___   ___   ___   ___  
 |_   _| | __| / __| |_   _|   | _ \   /_\   / __| / __| | __| |   \ 
   | |   | _|  \__ \   | |     |  _/  / _ \  \__ \ \__ \ | _|  | |) |
   |_|   |___| |___/   |_|     |_|   /_/ \_\ |___/ |___/ |___| |___/ 

as user i can not checkout my cart
----------------------------------------------------------------------
10:56:41.839 [AsyncHttpClient-1-3] DEBUG org.asynchttpclient.netty.handler.WebSocketHandler - Channel Closed: [id: 0x72c206e0, L:/127.0.0.1:51953 ! R:localhost/127.0.0.1:51946] with attribute NettyResponseFuture{currentRetry=0,
	isDone=1,
	isCancelled=0,
	asyncHandler=org.asynchttpclient.ws.WebSocketUpgradeHandler@52ac89b3,
	nettyRequest=org.asynchttpclient.netty.request.NettyRequest@2befa923,
	future=java.util.concurrent.CompletableFuture@705dc449[Completed normally],
	uri=ws://localhost:51946/devtools/browser/725507fb-9f45-49d3-8b7b-80a6b180d1d3,
	keepAlive=true,
	redirectCount=0,
	timeoutsHolder=null,
	inAuth=0,
	touch=1680926197589}
10:56:41.839 [AsyncHttpClient-1-3] DEBUG org.asynchttpclient.netty.channel.ChannelManager - Closing Channel [id: 0x72c206e0, L:/127.0.0.1:51953 ! R:localhost/127.0.0.1:51946] 
10:56:41.840 [Driver Command Executor] DEBUG org.asynchttpclient.netty.request.NettyRequestSender - Using pooled Channel '[id: 0x8ba06b9b, L:/127.0.0.1:51945 - R:localhost/127.0.0.1:3351]' for 'DELETE' to 'http://localhost:3351/session/af33ce73ac963d11290f2ced7bdf10cf'
10:56:41.840 [Driver Command Executor] DEBUG org.asynchttpclient.netty.request.NettyRequestSender - Using open Channel [id: 0x8ba06b9b, L:/127.0.0.1:51945 - R:localhost/127.0.0.1:3351] for DELETE '/session/af33ce73ac963d11290f2ced7bdf10cf'
10:56:42.218 [AsyncHttpClient-1-2] DEBUG org.asynchttpclient.netty.handler.HttpHandler - Unexpected I/O exception on channel [id: 0x68493b53, L:/127.0.0.1:51952 - R:localhost/127.0.0.1:51946]
java.io.IOException: An existing connection was forcibly closed by the remote host
	at sun.nio.ch.SocketDispatcher.read0(Native Method)
	at sun.nio.ch.SocketDispatcher.read(SocketDispatcher.java:43)
	at sun.nio.ch.IOUtil.readIntoNativeBuffer(IOUtil.java:223)
	at sun.nio.ch.IOUtil.read(IOUtil.java:192)
	at sun.nio.ch.SocketChannelImpl.read(SocketChannelImpl.java:378)
	at io.netty.buffer.PooledByteBuf.setBytes(PooledByteBuf.java:259)
	at io.netty.buffer.AbstractByteBuf.writeBytes(AbstractByteBuf.java:1132)
	at io.netty.channel.socket.nio.NioSocketChannel.doReadBytes(NioSocketChannel.java:357)
	at io.netty.channel.nio.AbstractNioByteChannel$NioByteUnsafe.read(AbstractNioByteChannel.java:151)
	at io.netty.channel.nio.NioEventLoop.processSelectedKey(NioEventLoop.java:788)
	at io.netty.channel.nio.NioEventLoop.processSelectedKeysOptimized(NioEventLoop.java:724)
	at io.netty.channel.nio.NioEventLoop.processSelectedKeys(NioEventLoop.java:650)
	at io.netty.channel.nio.NioEventLoop.run(NioEventLoop.java:562)
	at io.netty.util.concurrent.SingleThreadEventExecutor$4.run(SingleThreadEventExecutor.java:997)
	at io.netty.util.internal.ThreadExecutorMap$2.run(ThreadExecutorMap.java:74)
	at io.netty.util.concurrent.FastThreadLocalRunnable.run(FastThreadLocalRunnable.java:30)
	at java.lang.Thread.run(Thread.java:750)
10:56:42.218 [AsyncHttpClient-1-2] DEBUG org.asynchttpclient.netty.channel.ChannelManager - Closing Channel [id: 0x68493b53, L:/127.0.0.1:51952 - R:localhost/127.0.0.1:51946] 
10:56:42.218 [AsyncHttpClient-1-2] DEBUG org.asynchttpclient.netty.handler.HttpHandler - Channel Closed: [id: 0x68493b53, L:/127.0.0.1:51952 ! R:localhost/127.0.0.1:51946] with attribute DISCARD
10:56:42.234 [AsyncHttpClient-1-5] DEBUG org.asynchttpclient.netty.handler.HttpHandler - 

Request DefaultFullHttpRequest(decodeResult: success, version: HTTP/1.1, content: EmptyByteBufBE)
DELETE /session/af33ce73ac963d11290f2ced7bdf10cf HTTP/1.1
User-Agent: selenium/4.8.0 (java windows)
Content-Type: application/json; charset=utf-8
host: localhost:3351
accept: */*

Response DefaultHttpResponse(decodeResult: success, version: HTTP/1.1)
HTTP/1.1 200 OK
Content-Length: 14
Content-Type: application/json; charset=utf-8
cache-control: no-cache

10:56:42.234 [AsyncHttpClient-1-5] DEBUG org.asynchttpclient.netty.channel.ChannelManager - Adding key: http://localhost:3351 for channel [id: 0x8ba06b9b, L:/127.0.0.1:51945 - R:localhost/127.0.0.1:3351]
10:56:42.302 [AsyncHttpClient-1-5] DEBUG org.asynchttpclient.netty.handler.HttpHandler - Channel Closed: [id: 0x8ba06b9b, L:/127.0.0.1:51945 ! R:localhost/127.0.0.1:3351] with attribute DISCARD
10:56:42.335 [AsyncHttpClient-1-1] DEBUG org.asynchttpclient.netty.channel.DefaultChannelPool - Entry count for : http://localhost:3351 : 1
10:56:42.335 [AsyncHttpClient-1-1] DEBUG org.asynchttpclient.netty.channel.DefaultChannelPool - Entry count for : http://localhost:51946 : 1
10:56:42.335 [AsyncHttpClient-1-1] DEBUG org.asynchttpclient.netty.channel.DefaultChannelPool - Adding Candidate expired Channel [id: 0x8ba06b9b, L:/127.0.0.1:51945 ! R:localhost/127.0.0.1:3351] isIdleTimeoutExpired=false isRemotelyClosed=true isTtlExpired=false
10:56:42.335 [AsyncHttpClient-1-1] DEBUG org.asynchttpclient.netty.channel.DefaultChannelPool - Closing Idle Channel [id: 0x8ba06b9b, L:/127.0.0.1:51945 ! R:localhost/127.0.0.1:3351]
10:56:42.335 [AsyncHttpClient-1-1] DEBUG org.asynchttpclient.netty.channel.DefaultChannelPool - Adding Candidate expired Channel [id: 0x68493b53, L:/127.0.0.1:51952 ! R:localhost/127.0.0.1:51946] isIdleTimeoutExpired=false isRemotelyClosed=true isTtlExpired=false
10:56:42.335 [AsyncHttpClient-1-1] DEBUG org.asynchttpclient.netty.channel.DefaultChannelPool - Closing Idle Channel [id: 0x68493b53, L:/127.0.0.1:51952 ! R:localhost/127.0.0.1:51946]
10:56:42.335 [AsyncHttpClient-1-1] DEBUG org.asynchttpclient.netty.channel.DefaultChannelPool - Closed 2 connections out of 2 in 0 ms
]]></system-out>
    <system-err><![CDATA[Starting ChromeDriver 112.0.5615.49 (bd2a7bcb881c11e8cfe3078709382934e3916914-refs/branch-heads/5615@{#936}) on port 3351
Only local connections are allowed.
Please see https://chromedriver.chromium.org/security-considerations for suggestions on keeping ChromeDriver safe.
ChromeDriver was started successfully.
Apr 08, 2023 10:56:37 AM org.openqa.selenium.devtools.CdpVersionFinder findNearestMatch
WARNING: Unable to find an exact match for CDP version 112, so returning the closest version found: 109
]]></system-err>
  </testcase>
</testsuite>